database0.sqlite passed integrity check
network_membership missing
active_period missing
toast_sample missing
packet missing
log_record missing
node_status missing
cookie_table missing
toast_connection missing
bacon_sample missing
toast_disconnection missing
sensor_connection missing
phoenix_reference missing
sensor_sample missing
bacon_settings missing
base_reference missing
last_bs missing
last_ap missing
last_connection missing
last_status missing
last_disconnection missing
DBQ database0.sqlite
DBQ database0.sqlite
selection:  []
Channel maps {}
Note: mouse wheel not implemented on Mac OS
PROG 1599777070.70 Network Discovery Started
serial@/dev/tty.usbserial-AE01BDNV:115200
DatabaseMissing() discoverThread
PROG 1599777071.97 Could not connect to base station.
      Make sure you've selected the right device and make sure
      it has been set up as a base station.
     PROG 1599777071.97 Download finished: 0/0 identified nodes contacted
Exception in thread discoverThread:
Traceback (most recent call last):
  File "/opt/anaconda3/envs/TinyOS/lib/python2.7/threading.py", line 801, in __bootstrap_inner
    self.run()
  File "/opt/anaconda3/envs/TinyOS/lib/python2.7/threading.py", line 754, in run
    self.__target(*self.__args, **self.__kwargs)
  File "/Users/jianingfang/Desktop/tinyos-main-1/apps/breakfast/tools/Life/tools/dashboard/ControlFrame.py", line 496, in discoverRunner
    requestMissing=False)
  File "/Users/jianingfang/Desktop/tinyos-main-1/apps/breakfast/tools/Life/tools/cx/CXController.py", line 123, in download
    d = Dispatcher(packetSource, db, configMap=configMap, configFile=configFile)
  File "/Users/jianingfang/Desktop/tinyos-main-1/apps/breakfast/tools/Life/tools/cx/CXController.py", line 96, in __init__
    raise Exception("Connected mote did not respond to ID request (has it been set up as a BaseStation?")
Exception: Connected mote did not respond to ID request (has it been set up as a BaseStation?

selection:  []
Channel maps {}
