database0.sqlite passed integrity check
network_membership OK
active_period OK
toast_sample OK
packet OK
log_record OK
node_status OK
cookie_table OK
toast_connection OK
bacon_sample OK
toast_disconnection OK
sensor_connection OK
phoenix_reference OK
sensor_sample OK
bacon_settings OK
base_reference OK
last_bs OK
last_ap OK
last_connection OK
last_status OK
last_disconnection OK
DBQ database0.sqlite
DBQ database0.sqlite
selection:  []
(2, 614400, 0, 0)
(8, 614400, 0, 0)
(18, 614400, 0, 0)
(17, 614400, 0, 0)
(0, 30720, 0, 2)
(1, 614400, 0, 0)
Channel maps {0: {0: ['0x0400000000000002', '0x0400000000000008', '0x0400000000000012', '0x0400000000000011', '0x0400000000000001'], 2: ['0x0400000000000000']}}
0x0400000000000008 0 0x0500000000000008
0x0400000000000011 0 0x0500000000000011
0x0400000000000012 0 0x0600000000000012
Note: mouse wheel not implemented on Mac OS
PROG 1599789528.20 Router Download Started
serial@/dev/tty.Bluetooth-Incoming-Port:115200
DatabaseMissing() downloadThread
PROG 1599789531.47 Could not connect to base station.
      Make sure you've selected the right device and make sure
      it has been set up as a base station.
     PROG 1599789531.48 Download finished: 0/0 identified nodes contacted
Exception in thread downloadThread:
Traceback (most recent call last):
  File "/opt/anaconda3/envs/TinyOS/lib/python2.7/threading.py", line 801, in __bootstrap_inner
    self.run()
  File "/opt/anaconda3/envs/TinyOS/lib/python2.7/threading.py", line 754, in run
    self.__target(*self.__args, **self.__kwargs)
  File "/Users/jianingfang/Desktop/tinyos-main-1/apps/breakfast/tools/Life/tools/dashboard/ControlFrame.py", line 485, in routerDownloadRunner
    requestMissing=True)
  File "/Users/jianingfang/Desktop/tinyos-main-1/apps/breakfast/tools/Life/tools/cx/CXController.py", line 123, in download
    d = Dispatcher(packetSource, db, configMap=configMap, configFile=configFile)
  File "/Users/jianingfang/Desktop/tinyos-main-1/apps/breakfast/tools/Life/tools/cx/CXController.py", line 96, in __init__
    raise Exception("Connected mote did not respond to ID request (has it been set up as a BaseStation?")
Exception: Connected mote did not respond to ID request (has it been set up as a BaseStation?

selection:  []
(2, 614400, 0, 0)
(8, 614400, 0, 0)
(18, 614400, 0, 0)
(17, 614400, 0, 0)
(0, 30720, 0, 2)
(1, 614400, 0, 0)
Channel maps {0: {0: ['0x0400000000000002', '0x0400000000000008', '0x0400000000000012', '0x0400000000000011', '0x0400000000000001'], 2: ['0x0400000000000000']}}
0x0400000000000008 0 0x0500000000000008
0x0400000000000011 0 0x0500000000000011
0x0400000000000012 0 0x0600000000000012
PROG 1599789535.72 Patch Download Started
patch download 0
serial@/dev/tty.usbserial-AE01BDNV:115200
DatabaseMissing() downloadThread
receive fwd status 2
ns 0: pi 1024 if 1 md 10 -> 327680
ns 1: pi 1024 if 1 md 5 -> 163840
ns 2: pi 1024 if 1 md 5 -> 163840
Setting MDR to  1000
receive fwd status 2
Wakeup start 1599789538.05
ACK 0
receive fwd status 2
receive fwd status 2
receive fwd status 2
receive fwd status 2
receive fwd status 2
receive fwd status 2
REF 1599789538.06 0 1081 1951 0 [17, 18, 1, 2, 8]
Status Message <CxStatus> 
  [distance=0x0]
  [dataPending=0x0]
  [bw=0x2]
  [wakeupRC=0x439]
  [wakeupTS=0x79f]
  [pushCookie=0x0]
  [writeCookie=0x0]
  [missingLength=0x0]
  [subnetChannel=0x0]
  [sampleInterval=0x7800]
  [role=0x2]
  [barcode=0x0 0x0 0x0 0x0 0x0 0x0 0x0 0x4 ]
  [neighbors=0x11 0x12 0x1 0x2 0x8 0xffff 0xffff 0xffff 0xffff 0xffff 0xffff 0xffff 0xffff 0xffff 0xffff 0xffff ]

PROG 1599789543.49 Contacted 0 (5 neighbors). 0 queued, 0 in current request
2 elapsed, commit
receive fwd status 2
receive eos Message <CxEosReport> 
  [owner=0x0]
  [status=0x1]

PROG 1599789544.80  Node 0 transfer completed
Skip BS pseudo cookie
REF 1599789538.06 17 10 22124832 1 [18, 1, 2, 8]
Status Message <CxStatus> 
  [distance=0x1]
  [dataPending=0x1]
  [bw=0x2]
  [wakeupRC=0xa]
  [wakeupTS=0x1519920]
  [pushCookie=0x89a]
  [writeCookie=0xa88]
  [missingLength=0x0]
  [subnetChannel=0x0]
  [sampleInterval=0x96000]
  [role=0x0]
  [barcode=0x11 0x0 0x0 0x0 0x0 0x0 0x0 0x4 ]
  [neighbors=0x12 0x1 0x2 0x8 0xffff 0xffff 0xffff 0xffff 0xffff 0xffff 0xffff 0xffff 0xffff 0xffff 0xffff 0xffff ]

PROG 1599789545.08 Contacted 11 (4 neighbors). 494 queued, 0 in current request
RPR rx from 17 len 24 nc 2222 records 1
Database.insertRecord() 17 2202 2222 19 18 [10, 0, 87, 165, 215, 0, 17, 0, 0, 0, 0, 0, 0, 5, 86, 9, 89, 1]
RPR rx from 17 len 80 nc 2286 records 4
Database.insertRecord() 17 2222 2236 13 20 [10, 0, 79, 144, 216, 0, 19, 12, 121, 1, 13, 5]
Decoded Bacon Sample [0xa, 0x0, 0x4f, 0x90, 0xd8, 0x0, 0x13, 0xc, 0x79, 0x1, 0xd, 0x5] to [0x11, 0x8ae, 0xa, 0xd8904f, 0xc13, 0x179, 0x50d]
Database.insertRecord() 17 2236 2256 19 18 [10, 0, 87, 5, 225, 0, 17, 0, 0, 0, 0, 0, 0, 5, 82, 9, 100, 1]
Database.insertRecord() 17 2256 2272 15 22 [2, 0, 10, 0, 130, 6, 251, 52, 225, 0, 37, 82, 190, 0]
Decoded Phoenix Ref [0x2, 0x0, 0xa, 0x0, 0x82, 0x6, 0xfb, 0x34, 0xe1, 0x0, 0x25, 0x52, 0xbe, 0x0] to [0x11, 0x8d0, 0x2, 0xa, 0x682, 0xe134fb, 0xbe5225]
Database.insertRecord() 17 2272 2286 13 20 [10, 0, 79, 240, 225, 0, 20, 12, 119, 1, 13, 5]
Decoded Bacon Sample [0xa, 0x0, 0x4f, 0xf0, 0xe1, 0x0, 0x14, 0xc, 0x77, 0x1, 0xd, 0x5] to [0x11, 0x8e0, 0xa, 0xe1f04f, 0xc14, 0x177, 0x50d]
receive fwd status 2
RPR rx from 17 len 84 nc 2354 records 4
Database.insertRecord() 17 2286 2306 19 18 [10, 0, 87, 101, 234, 0, 17, 0, 0, 0, 0, 0, 0, 5, 78, 9, 93, 1]
Database.insertRecord() 17 2306 2320 13 20 [10, 0, 79, 80, 235, 0, 22, 12, 115, 1, 15, 5]
Decoded Bacon Sample [0xa, 0x0, 0x4f, 0x50, 0xeb, 0x0, 0x16, 0xc, 0x73, 0x1, 0xf, 0x5] to [0x11, 0x902, 0xa, 0xeb504f, 0xc16, 0x173, 0x50f]
Database.insertRecord() 17 2320 2340 19 18 [10, 0, 87, 197, 243, 0, 17, 0, 0, 0, 0, 0, 0, 5, 75, 9, 115, 1]
Database.insertRecord() 17 2340 2354 13 20 [10, 0, 79, 176, 244, 0, 19, 12, 93, 1, 15, 5]
Decoded Bacon Sample [0xa, 0x0, 0x4f, 0xb0, 0xf4, 0x0, 0x13, 0xc, 0x5d, 0x1, 0xf, 0x5] to [0x11, 0x924, 0xa, 0xf4b04f, 0xc13, 0x15d, 0x50f]
RPR rx from 17 len 84 nc 2422 records 4
Database.insertRecord() 17 2354 2374 19 18 [10, 0, 87, 37, 253, 0, 17, 0, 0, 0, 0, 0, 0, 5, 722 elapsed, commit
, 9, 94, 1]
Database.insertRecord() 17 2374 2388 13 20 [10, 0, 79, 16, 254, 0, 23, 12, 122, 1, 16, 5]
Decoded Bacon Sample [0xa, 0x0, 0x4f, 0x10, 0xfe, 0x0, 0x17, 0xc, 0x7a, 0x1, 0x10, 0x5] to [0x11, 0x946, 0xa, 0xfe104f, 0xc17, 0x17a, 0x510]
Database.insertRecord() 17 2388 2408 19 18 [10, 0, 87, 133, 6, 1, 17, 0, 0, 0, 0, 0, 0, 5, 71, 9, 92, 1]
Database.insertRecord() 17 2408 2422 13 20 [10, 0, 79, 112, 7, 1, 17, 12, 122, 1, 16, 5]
Decoded Bacon Sample [0xa, 0x0, 0x4f, 0x70, 0x7, 0x1, 0x11, 0xc, 0x7a, 0x1, 0x10, 0x5] to [0x11, 0x968, 0xa, 0x107704f, 0xc11, 0x17a, 0x510]
RPR rx from 17 len 86 nc 2492 records 4
Database.insertRecord() 17 2422 2442 19 18 [10, 0, 87, 229, 15, 1, 17, 0, 0, 0, 0, 0, 0, 5, 68, 9, 84, 1]
Database.insertRecord() 17 2442 2456 13 20 [10, 0, 79, 208, 16, 1, 24, 12, 107, 1, 17, 5]
Decoded Bacon Sample [0xa, 0x0, 0x4f, 0xd0, 0x10, 0x1, 0x18, 0xc, 0x6b, 0x1, 0x11, 0x5] to [0x11, 0x98a, 0xa, 0x110d04f, 0xc18, 0x16b, 0x511]
Database.insertRecord() 17 2456 2476 19 18 [10, 0, 87, 69, 25, 1, 17, 0, 0, 0, 0, 0, 0, 5, 67, 9, 113, 1]
Database.insertRecord() 17 2476 2492 15 22 [8, 0, 10, 0, 7, 0, 49, 117, 25, 1, 110, 19, 182, 0]
Decoded Phoenix Ref [0x8, 0x0, 0xa, 0x0, 0x7, 0x0, 0x31, 0x75, 0x19, 0x1, 0x6e, 0x13, 0xb6, 0x0] to [0x11, 0x9ac, 0x8, 0xa, 0x7, 0x1197531, 0xb6136e]
RPR rx from 17 len 84 nc 2560 records 4
Database.insertRecord() 17 2492 2506 13 20 [10, 0, 79, 48, 26, 1, 20, 12, 88, 1, 18, 5]
Decoded Bacon Sample [0xa, 0x0, 0x4f, 0x30, 0x1a, 0x1, 0x14, 0xc, 0x58, 0x1, 0x12, 0x5] to [0x11, 0x9bc, 0xa, 0x11a304f, 0xc14, 0x158, 0x512]
Database.insertRecord() 17 2506 2526 19 18 [10, 0, 87, 165, 34, 1, 17, 0, 0, 0, 0, 0, 0, 5, 66, 9, 91, 1]
Database.insertRecord() 17 2526 2540 13 20 [10, 0, 79, 144, 35, 1, 23, 12, 90, 1, 19, 5]
Decoded Bacon Sample [0xa, 0x0, 0x4f, 0x90, 0x23, 0x1, 0x17, 0xc, 0x5a, 0x1, 0x13, 0x5] to [0x11, 0x9de, 0xa, 0x123904f, 0xc17, 0x15a, 0x513]
Database.insertRecord() 17 2540 2560 19 18 [10, 0, 87, 5, 44, 1, 17, 0, 0, 0, 0, 0, 0, 5, 64, 9, 110, 1]
RPR rx from 17 len 84 nc 2628 records 4
Database.insertRecord() 17 2560 2574 13 20 [10, 0, 79, 240, 44, 1, 26, 12, 132, 1, 19, 5]
Decoded Bacon Sample [0xa, 0x0, 0x4f, 0xf0, 0x2c, 0x1, 0x1a, 0xc, 0x84, 0x1, 0x13, 0x5] to [0x11, 0xa00, 0xa, 0x12cf04f, 0xc1a, 0x184, 0x513]
Database.insertRecord() 17 2574 2594 19 18 [10, 0, 87, 101, 53, 1, 17, 0, 0, 0, 0, 0, 0, 5, 63, 9, 98, 1]
Database.insertRecord() 17 2594 2608 13 20 [10, 0, 79, 80, 54, 1, 22, 12, 122, 1, 18, 5]
Decoded Bacon Sample [0xa, 0x0, 0x4f, 0x50, 0x36, 0x1, 0x16, 0xc, 0x7a, 0x1, 0x12, 0x5] to [0x11, 0xa22, 0xa, 0x136504f, 0xc16, 0x17a, 0x512]
Database.insertRecord() 17 2608 2628 19 18 [10, 0, 87, 197, 62, 1, 17, 0, 0, 0, 0, 0, 0, 5, 62, 9, 84, 1]
RPR rx from 17 len 84 nc 2696 records 4
Database.insertRecord() 17 2628 2642 13 20 [10, 0, 79, 176, 63, 1, 20, 12, 96, 1, 19, 5]
Decoded Bacon Sample [0xa, 0x0, 0x4f, 0xb0, 0x3f, 0x1, 0x14, 0xc, 0x60, 0x1, 0x13, 0x5] to [0x11, 0xa44, 0xa, 0x13fb04f, 0xc14, 0x160, 0x513]
Database.insertRecord() 17 2642 2662 19 18 [10, 0, 87, 37, 72, 1, 17, 0, 0, 0, 0, 0, 0, 5, 60, 9, 84, 1]
Database.insertRecord() 17 2662 2676 13 20 [10, 0, 79, 16, 73, 1, 19, 12, 127, 1, 20, 5]
Decoded Bacon Sample [0xa, 0x0, 0x4f, 0x10, 0x49, 0x1, 0x13, 0xc, 0x7f, 0x1, 0x14, 0x5] to [0x11, 0xa66, 0xa, 0x149104f, 0xc13, 0x17f, 0x514]
Database.insertRecord() 17 2676 2696 19 18 [10, 0, 87, 133, 81, 1, 17, 0, 0, 0, 0, 0, 0, 5, 59, 9, 94, 1]
receive eos Message <CxEosReport> 
  [owner=0x11]
  [status=0x1]

receive fwd status 2
PROG 1599789546.27  Node 11 transfer completed
REC 17 no gap
REF 1599789538.06 18 2 19136100 1 [1, 2, 8]
Status Message <CxStatus> 
  [distance=0x1]
  [dataPending=0x1]
  [bw=0x2]
  [wakeupRC=0x2]
  [wakeupTS=0x123fe64]
  [pushCookie=0x40e]
  [writeCookie=0x6d6]
  [missingLength=0x0]
  [subnetChannel=0x0]
  [sampleInterval=0x96000]
  [role=0x0]
  [barcode=0x12 0x0 0x0 0x0 0x0 0x0 0x0 0x4 ]
  [neighbors=0x1 0x2 0x8 0xffff 0xffff 0xffff 0xffff 0xffff 0xffff 0xffff 0xffff 0xffff 0xffff 0xffff 0xffff 0xffff ]

PROG 1599789546.64 Contacted 12 (3 neighbors). 712 queued, 0 in current request
RPR rx from 18 len 20 nc 1054 records 1
Database.insertRecord() 18 1038 1054 15 16 [2, 0, 84, 195, 168, 0, 18, 0, 0, 0, 0, 0, 0, 6]
RPR rx from 18 len 36 nc 1082 records 2
Database.insertRecord() 18 1054 1068 13 20 [2, 0, 79, 176, 169, 0, 245, 11, 250, 1, 16, 5]
Decoded Bacon Sample [0x2, 0x0, 0x4f, 0xb0, 0xa9, 0x0, 0xf5, 0xb, 0xfa, 0x1, 0x10, 0x5] to [0x12, 0x41e, 0x2, 0xa9b04f, 0xbf5, 0x1fa, 0x510]
Database.insertRecord() 18 1068 1082 13 20 [2, 0, 79, 16, 179, 0, 47, 11, 14, 2, 148, 6]
Decoded Bacon Sample [0x2, 0x0, 0x4f, 0x10, 0xb3, 0x0, 0x2f, 0xb, 0xe, 0x2, 0x94, 0x6] to [0x12, 0x42c, 0x2, 0xb3104f, 0xb2f, 0x20e, 0x694]
RPR rx from 18 len 76 nc 1154 records 1
Database.insertRecord() 18 1082 1154 71 17 [2, 0, 92, 133, 187, 0, 94, 48, 2, 2, 14, 0, 3, 2, 139, 141, 8, 16, 0, 128, 0, 0, 206, 127, 146, 11, 191, 13, 52, 128, 241, 6, 63, 8, 4, 8, 18, 0, 0, 0, 0, 0, 0, 6, 5, 24, 32, 0, 18, 33, 0, 18, 20, 0, 2, 0, 0, 0, 0, 0, 0, 0, 0, 0, 0, 0, 0, 0, 0, 0]
Toast Connection raw: ['0x2', '0x0', '0x5c', '0x85', '0xbb', '0x0', '0x5e', '0x30', '0x2', '0x2', '0xe', '0x0', '0x3', '0x2', '0x8b', '0x8d', '0x8', '0x10', '0x0', '0x80', '0x0', '0x0', '0xce', '0x7f', '0x92', '0xb', '0xbf', '0xd', '0x34', '0x80', '0xf1', '0x6', '0x3f', '0x8', '0x4', '0x8', '0x12', '0x0', '0x0', '0x0', '0x0', '0x0', '0x0', '0x6', '0x5', '0x18', '0x20', '0x0', '0x12', '0x21', '0x0', '0x12', '0x14', '0x0', '0x2', '0x0', '0x0', '0x0', '0x0', '0x0', '0x0', '0x0', '0x0', '0x0', '0x0', '0x0', '0x0', '0x0', '0x0', '0x0']
Toast Connection unpacked: 18 1082 2 12289372 ['0x5e', '0x30', '0x2', '0x2', '0xe', '0x0', '0x3', '0x2', '0x8b', '0x8d', '0x8', '0x10', '0x0', '0x80', '0x0', '0x0', '0xce', '0x7f', '0x92', '0xb', '0xbf', '0xd', '0x34', '0x80', '0xf1', '0x6', '0x3f', '0x8', '0x4', '0x8', '0x12', '0x0', '0x0', '0x0', '0x0', '0x0', '0x0', '0x6', '0x5', '0x18', '0x20', '0x0', '0x12', '0x21', '0x0', '0x12', '0x14', '0x0', '0x2', '0x0', '0x0', '0x0', '0x0', '0x0', '0x0', '0x0', '0x0', '0x0', '0x0', '0x0', '0x0', '0x0', '0x0', '0x0']
next (t,l,v) 0x2 2 0xe 0x0
next (t,l,v) 0x3 2 0x8b 0x8d
next (t,l,v) 0x8 16 0x0 0x80 0x0 0x0 0xce 0x7f 0x92 0xb 0xbf 0xd 0x34 0x80 0xf1 0x6 0x3f 0x8
next (t,l,v) 0x4 8 0x12 0x0 0x0 0x0 0x0 0x0 0x0 0x6
next (t,l,v) 0x5 24 0x20 0x0 0x12 0x21 0x0 0x12 0x14 0x0 0x2 0x0 0x0 0x0 0x0 0x0 0x0 0x0 0x0 0x0 0x0 0x0 0x0 0x0 0x0 0x0
RPR rx from 18 len 82 nc 1220 records 4
Database.insertRecord() 18 1154 1176 21 18 [2, 0, 103, 133, 187, 0, 18, 0, 0, 0, 0, 0, 0, 6, 56, 9, 147, 9, 100, 1]
Database.insertRecord() 18 1176 1190 13 20 [2, 0, 79, 112, 188, 0, 253, 11, 209, 1, 17, 5]
Decoded Bacon Sample [0x2, 0x0, 0x4f, 0x70, 0xbc, 0x0, 0xfd, 0xb, 0xd1, 0x1, 0x11, 0x5] to [0x12, 0x498, 0x2, 0xbc704f, 0xbfd, 0x1d1, 0x511]
Database.insertRecord() 18 1190 1206 15 16 [2, 0, 84, 227, 196, 0, 18, 0, 0, 0, 0, 0, 0, 6]
Database.insertRecord() 18 1206 1220 13 20 [2, 0, 79, 208, 197, 0, 255, 11, 245, 1, 16, 5]
Decoded Bacon Sample [0x2, 0x0, 0x4f, 0xd0, 0xc5, 0x0, 0xff, 0xb, 0xf5, 0x1, 0x10, 0x5] to [0x12, 0x4b6, 0x2, 0xc5d04f, 0xbff, 0x1f5, 0x510]
RPR rx from 18 len 36 nc 1248 records 2
Database.insertRecord() 18 1220 1234 13 20 [2, 0, 79, 48, 207, 0, 255, 11, 248, 1, 16, 5]
Decoded Bacon Sample [0x2, 0x0, 0x4f, 0x30, 0xcf, 0x0, 0xff, 0xb, 0xf8, 0x1, 0x10, 0x5] to [0x12, 0x4c4, 0x2, 0xcf304f, 0xbff, 0x1f8, 0x510]
Database.insertRecord() 18 1234 1248 13 20 [2, 0, 79, 144, 216, 0, 251, 11, 163, 1, 17, 5]
Decoded Bacon Sample [0x2, 0x0, 0x4f, 0x90, 0xd8, 0x0, 0xfb, 0xb, 0xa3, 0x1, 0x11, 0x5] to [0x12, 0x4d2, 0x2, 0xd8904f, 0xbfb, 0x1a3, 0x511]
RPR rx from 18 len 76 nc 1320 records 1
Database.insertRecord() 18 1248 1320 71 17 [2, 0, 92, 5, 225, 0, 94, 48, 2, 2, 14, 0, 3, 2, 139, 141, 8, 16, 0, 128, 0, 0, 206, 127, 146, 11, 191, 13, 52, 128, 241, 6, 63, 8, 4, 8, 18, 0, 0, 0, 0, 0, 0, 6, 5, 24, 32, 0, 18, 33, 0, 18, 20, 0, 2, 0, 0, 0, 0, 0, 0, 0, 0, 0, 0, 0, 0, 0, 0, 0]
Toast Connection raw: ['0x2', '0x0', '0x5c', '0x5', '0xe1', '0x0', '0x5e', '0x30', '0x2', '0x2', '0xe', '0x0', '0x3', '0x2', '0x8b', '0x8d', '0x8', '0x10', '0x0', '0x80', '0x0', '0x0', '0xce', '0x7f', '0x92', '0xb', '0xbf', '0xd', '0x34', '0x80', '0xf1', '0x6', '0x3f', '0x8', '0x4', '0x8', '0x12', '0x0', '0x0', '0x0', '0x0', '0x0', '0x0', '0x6', '0x5', '0x18', '0x20', '0x0', '0x12', '0x21', '0x0', '0x12', '0x14', '0x0', '0x2', '0x0', '0x0', '0x0', '0x0', '0x0', '0x0', '0x0', '0x0', '0x0', '0x0', '0x0', '0x0', '0x0', '0x0', '0x0']
Toast Connection unpacked: 18 1248 2 14746972 ['0x5e', '0x30', '0x2', '0x2', '0xe', '0x0', '0x3', '0x2', '0x8b', '0x8d', '0x8', '0x10', '0x0', '0x80', '0x0', '0x0', '0xce', '0x7f', '0x92', '0xb', '0xbf', '0xd', '0x34', '0x80', '0xf1', '0x6', '0x3f', '0x8', '0x4', '0x8', '0x12', '0x0', '0x0', '0x0', '0x0', '0x0', '0x0', '0x6', '0x5', '0x18', '0x20', '0x0', '0x12', '0x21', '0x0', '0x12', '0x14', '0x0', '0x2', '0x0', '0x0', '0x0', '0x0', '0x0', '0x0', '0x0', '0x0', '0x0', '0x0', '0x0', '0x0', '0x0', '0x0', '0x0']
next (t,l,v) 0x2 2 0xe 0x0
next (t,l,v) 0x3 2 0x8b 0x8d
next (t,l,v) 0x8 16 0x0 0x80 0x0 0x0 0xce 0x7f 0x92 0xb 0xbf 0xd 0x34 0x80 0xf1 0x6 0x3f 0x8
next (t,l,v) 0x4 8 0x12 0x0 0x0 0x0 0x0 0x0 0x0 0x6
next (t,l,v) 0x5 24 0x20 0x0 0x12 0x21 0x0 0x12 0x14 0x0 0x2 0x0 0x0 0x0 0x0 0x0 0x0 0x0 0x0 0x0 0x0 0x0 0x0 0x0 0x0 0x0
receive fwd status 2
RPR rx from 18 len 64 nc 1372 records 3
Database.insertRecord() 18 1320 1342 21 18 [2, 0, 103, 5, 225, 0, 18, 0, 0, 0, 0, 0, 0, 6, 55, 9, 146, 9, 104, 1]
Database.insertRecord() 18 1342 1358 15 22 [17, 0, 2, 0, 10, 0, 227, 55, 225, 0, 229, 210, 14, 1]
Decoded Phoenix Ref [0x11, 0x0, 0x2, 0x0, 0xa, 0x0, 0xe3, 0x37, 0xe1, 0x0, 0xe5, 0xd2, 0xe, 0x1] to [0x12, 0x53e, 0x11, 0x2, 0xa, 0xe137e3, 0x10ed2e5]
Database.insertRecord() 18 1358 1372 13 20 [2, 0, 79, 240, 225, 0, 0, 12, 245, 1, 16, 5]
Decoded Bacon Sample [0x2, 0x0, 0x4f, 0xf0, 0xe1, 0x0, 0x0, 0xc, 0xf5, 0x1, 0x10, 0x5] to [0x12, 0x54e, 0x2, 0xe1f04f, 0xc00, 0x1f5, 0x510]
RPR rx from 18 len 82 nc 1438 records 4
Database.insertRecord() 18 1372 1394 21 18 [2, 0, 90, 101, 234, 0, 18, 0, 0, 0, 0, 0, 0, 6, 55, 9, 146, 9, 104, 1]
Database.insertRecord() 18 1394 1408 13 20 [2, 0, 79, 80, 235, 0, 162, 10, 209, 1, 16, 5]
Decoded Bacon Sample [0x2, 0x0, 0x4f, 0x50, 0xeb, 0x0, 0xa2, 0xa, 0xd1, 0x1, 0x10, 0x5] to [0x12, 0x572, 0x2, 0xeb504f, 0xaa2, 0x1d1, 0x510]
Database.insertRecord() 18 1408 1424 15 16 [2, 0, 84, 195, 243, 0, 18, 0, 0, 0, 0, 0, 0, 6]
Database.insertRecord() 18 1424 1438 13 20 [2, 0, 79, 176, 244, 0, 0, 12, 237, 1, 17, 5]
Decoded Bacon Sample [0x2, 0x0, 0x4f, 0xb0, 0xf4, 0x0, 0x0, 0xc, 0xed, 0x1, 0x11, 0x5] to [0x12, 0x590, 0x2, 0xf4b04f, 0xc00, 0x1ed, 0x511]
RPR rx from 18 len 18 nc 1452 records 1
Database.insertRecord() 18 1438 1452 13 20 [2, 0, 79, 16, 254, 0, 2, 12, 220, 1, 18, 5]
Decoded Bacon Sample [0x2, 0x0, 0x4f, 0x10, 0xfe, 0x0, 0x2, 0xc, 0xdc, 0x1, 0x12, 0x5] to [0x12, 0x59e, 0x2, 0xfe104f, 0xc02, 0x1dc, 0x512]
RPR rx from 18 len 76 nc 1524 records 1
Database.insertRecord() 18 1452 1524 71 17 [2, 0, 92, 133, 6, 1, 94, 48, 2, 2, 14, 0, 3, 2, 139, 141, 8, 16, 0, 128, 0, 0, 206, 127, 146, 11, 191, 13, 52, 128, 241, 6, 63, 8, 4, 8, 18, 0, 0, 0, 0, 0, 0, 2 elapsed, commit
6, 5, 24, 32, 0, 18, 33, 0, 18, 20, 0, 2, 0, 0, 0, 0, 0, 0, 0, 0, 0, 0, 0, 0, 0, 0, 0]
Toast Connection raw: ['0x2', '0x0', '0x5c', '0x85', '0x6', '0x1', '0x5e', '0x30', '0x2', '0x2', '0xe', '0x0', '0x3', '0x2', '0x8b', '0x8d', '0x8', '0x10', '0x0', '0x80', '0x0', '0x0', '0xce', '0x7f', '0x92', '0xb', '0xbf', '0xd', '0x34', '0x80', '0xf1', '0x6', '0x3f', '0x8', '0x4', '0x8', '0x12', '0x0', '0x0', '0x0', '0x0', '0x0', '0x0', '0x6', '0x5', '0x18', '0x20', '0x0', '0x12', '0x21', '0x0', '0x12', '0x14', '0x0', '0x2', '0x0', '0x0', '0x0', '0x0', '0x0', '0x0', '0x0', '0x0', '0x0', '0x0', '0x0', '0x0', '0x0', '0x0', '0x0']
Toast Connection unpacked: 18 1452 2 17204572 ['0x5e', '0x30', '0x2', '0x2', '0xe', '0x0', '0x3', '0x2', '0x8b', '0x8d', '0x8', '0x10', '0x0', '0x80', '0x0', '0x0', '0xce', '0x7f', '0x92', '0xb', '0xbf', '0xd', '0x34', '0x80', '0xf1', '0x6', '0x3f', '0x8', '0x4', '0x8', '0x12', '0x0', '0x0', '0x0', '0x0', '0x0', '0x0', '0x6', '0x5', '0x18', '0x20', '0x0', '0x12', '0x21', '0x0', '0x12', '0x14', '0x0', '0x2', '0x0', '0x0', '0x0', '0x0', '0x0', '0x0', '0x0', '0x0', '0x0', '0x0', '0x0', '0x0', '0x0', '0x0', '0x0']
next (t,l,v) 0x2 2 0xe 0x0
next (t,l,v) 0x3 2 0x8b 0x8d
next (t,l,v) 0x8 16 0x0 0x80 0x0 0x0 0xce 0x7f 0x92 0xb 0xbf 0xd 0x34 0x80 0xf1 0x6 0x3f 0x8
next (t,l,v) 0x4 8 0x12 0x0 0x0 0x0 0x0 0x0 0x0 0x6
next (t,l,v) 0x5 24 0x20 0x0 0x12 0x21 0x0 0x12 0x14 0x0 0x2 0x0 0x0 0x0 0x0 0x0 0x0 0x0 0x0 0x0 0x0 0x0 0x0 0x0 0x0 0x0
RPR rx from 18 len 82 nc 1590 records 4
Database.insertRecord() 18 1524 1546 21 18 [2, 0, 103, 133, 6, 1, 18, 0, 0, 0, 0, 0, 0, 6, 52, 9, 146, 9, 103, 1]
Database.insertRecord() 18 1546 1560 13 20 [2, 0, 79, 112, 7, 1, 0, 12, 222, 1, 18, 5]
Decoded Bacon Sample [0x2, 0x0, 0x4f, 0x70, 0x7, 0x1, 0x0, 0xc, 0xde, 0x1, 0x12, 0x5] to [0x12, 0x60a, 0x2, 0x107704f, 0xc00, 0x1de, 0x512]
Database.insertRecord() 18 1560 1576 15 16 [2, 0, 84, 227, 15, 1, 18, 0, 0, 0, 0, 0, 0, 6]
Database.insertRecord() 18 1576 1590 13 20 [2, 0, 79, 208, 16, 1, 246, 11, 211, 1, 18, 5]
Decoded Bacon Sample [0x2, 0x0, 0x4f, 0xd0, 0x10, 0x1, 0xf6, 0xb, 0xd3, 0x1, 0x12, 0x5] to [0x12, 0x628, 0x2, 0x110d04f, 0xbf6, 0x1d3, 0x512]
receive eos Message <CxEosReport> 
  [owner=0x12]
  [status=0x2]

PROG 1599789547.86  Node 12 transfer continues
REF 1599789538.06 1 35 20877066 1 [2, 8]
Status Message <CxStatus> 
  [distance=0x1]
  [dataPending=0x1]
  [bw=0x2]
  [wakeupRC=0x23]
  [wakeupTS=0x13e8f0a]
  [pushCookie=0x26ad]
  [writeCookie=0x28a1]
  [missingLength=0x0]
  [subnetChannel=0x0]
  [sampleInterval=0x96000]
  [role=0x0]
  [barcode=0x1 0x0 0x0 0x0 0x0 0x0 0x0 0x4 ]
  [neighbors=0x2 0x8 0xffff 0xffff 0xffff 0xffff 0xffff 0xffff 0xffff 0xffff 0xffff 0xffff 0xffff 0xffff 0xffff 0xffff ]

PROG 1599789548.24 Contacted 1 (2 neighbors). 500 queued, 0 in current request
receive fwd status 2
receive fwd status 2
receive eos Message <CxEosReport> 
  [owner=0x1]
  [status=0x1]

PROG 1599789549.43  Node 1 transfer completed
REC 1 no gap
REF 1599789538.06 2 1666 19839472 1 [8]
Status Message <CxStatus> 
  [distance=0x1]
  [dataPending=0x1]
  [bw=0x2]
  [wakeupRC=0x682]
  [wakeupTS=0x12eb9f0]
  [pushCookie=0x167b8]
  [writeCookie=0x1688e]
  [missingLength=0x0]
  [subnetChannel=0x0]
  [sampleInterval=0x96000]
  [role=0x0]
  [barcode=0x2 0x0 0x0 0x0 0x0 0x0 0x0 0x4 ]
  [neighbors=0x8 0xffff 0xffff 0xffff 0xffff 0xffff 0xffff 0xffff 0xffff 0xffff 0xffff 0xffff 0xffff 0xffff 0xffff 0xffff ]

PROG 1599789549.76 Contacted 2 (1 neighbors). 214 queued, 0 in current request
2 elapsed, commit
RPR rx from 2 len 18 nc 92102 records 1
Database.insertRecord() 2 92088 92102 13 20 [130, 6, 76, 112, 188, 0, 252, 11, 79, 3, 4, 5]
Decoded Bacon Sample [0x82, 0x6, 0x4c, 0x70, 0xbc, 0x0, 0xfc, 0xb, 0x4f, 0x3, 0x4, 0x5] to [0x2, 0x167b8, 0x682, 0xbc704c, 0xbfc, 0x34f, 0x504]
RPR rx from 2 len 74 nc 92160 records 4
Database.insertRecord() 2 92102 92116 13 20 [130, 6, 76, 208, 197, 0, 244, 11, 86, 3, 5, 5]
Decoded Bacon Sample [0x82, 0x6, 0x4c, 0xd0, 0xc5, 0x0, 0xf4, 0xb, 0x56, 0x3, 0x5, 0x5] to [0x2, 0x167c6, 0x682, 0xc5d04c, 0xbf4, 0x356, 0x505]
Database.insertRecord() 2 92116 92130 13 20 [130, 6, 76, 48, 207, 0, 254, 11, 97, 3, 7, 5]
Decoded Bacon Sample [0x82, 0x6, 0x4c, 0x30, 0xcf, 0x0, 0xfe, 0xb, 0x61, 0x3, 0x7, 0x5] to [0x2, 0x167d4, 0x682, 0xcf304c, 0xbfe, 0x361, 0x507]
Database.insertRecord() 2 92130 92144 13 20 [130, 6, 76, 144, 216, 0, 250, 11, 94, 3, 8, 5]
Decoded Bacon Sample [0x82, 0x6, 0x4c, 0x90, 0xd8, 0x0, 0xfa, 0xb, 0x5e, 0x3, 0x8, 0x5] to [0x2, 0x167e2, 0x682, 0xd8904c, 0xbfa, 0x35e, 0x508]
Database.insertRecord() 2 92144 92160 15 22 [1, 0, 130, 6, 35, 0, 107, 46, 225, 0, 209, 10, 241, 0]
Decoded Phoenix Ref [0x1, 0x0, 0x82, 0x6, 0x23, 0x0, 0x6b, 0x2e, 0xe1, 0x0, 0xd1, 0xa, 0xf1, 0x0] to [0x2, 0x167f0, 0x1, 0x682, 0x23, 0xe12e6b, 0xf10ad1]
RPR rx from 2 len 72 nc 92216 records 4
Database.insertRecord() 2 92160 92174 13 20 [130, 6, 76, 240, 225, 0, 244, 11, 109, 3, 9, 5]
Decoded Bacon Sample [0x82, 0x6, 0x4c, 0xf0, 0xe1, 0x0, 0xf4, 0xb, 0x6d, 0x3, 0x9, 0x5] to [0x2, 0x16800, 0x682, 0xe1f04c, 0xbf4, 0x36d, 0x509]
Database.insertRecord() 2 92174 92188 13 20 [130, 6, 76, 80, 235, 0, 249, 11, 75, 3, 9, 5]
Decoded Bacon Sample [0x82, 0x6, 0x4c, 0x50, 0xeb, 0x0, 0xf9, 0xb, 0x4b, 0x3, 0x9, 0x5] to [0x2, 0x1680e, 0x682, 0xeb504c, 0xbf9, 0x34b, 0x509]
Database.insertRecord() 2 92188 92202 13 20 [130, 6, 76, 176, 244, 0, 255, 11, 69, 3, 9, 5]
Decoded Bacon Sample [0x82, 0x6, 0x4c, 0xb0, 0xf4, 0x0, 0xff, 0xb, 0x45, 0x3, 0x9, 0x5] to [0x2, 0x1681c, 0x682, 0xf4b04c, 0xbff, 0x345, 0x509]
Database.insertRecord() 2 92202 92216 13 20 [130, 6, 76, 16, 254, 0, 242, 11, 87, 3, 10, 5]
Decoded Bacon Sample [0x82, 0x6, 0x4c, 0x10, 0xfe, 0x0, 0xf2, 0xb, 0x57, 0x3, 0xa, 0x5] to [0x2, 0x1682a, 0x682, 0xfe104c, 0xbf2, 0x357, 0x50a]
RPR rx from 2 len 74 nc 92274 records 4
Database.insertRecord() 2 92216 92230 13 20 [130, 6, 76, 112, 7, 1, 253, 11, 114, 3, 12, 5]
Decoded Bacon Sample [0x82, 0x6, 0x4c, 0x70, 0x7, 0x1, 0xfd, 0xb, 0x72, 0x3, 0xc, 0x5] to [0x2, 0x16838, 0x682, 0x107704c, 0xbfd, 0x372, 0x50c]
Database.insertRecord() 2 92230 92244 13 20 [130, 6, 76, 208, 16, 1, 248, 11, 105, 3, 10, 5]
Decoded Bacon Sample [0x82, 0x6, 0x4c, 0xd0, 0x10, 0x1, 0xf8, 0xb, 0x69, 0x3, 0xa, 0x5] to [0x2, 0x16846, 0x682, 0x110d04c, 0xbf8, 0x369, 0x50a]
Database.insertRecord() 2 92244 92260 15 22 [8, 0, 130, 6, 7, 0, 105, 112, 25, 1, 108, 241, 216, 0]
Decoded Phoenix Ref [0x8, 0x0, 0x82, 0x6, 0x7, 0x0, 0x69, 0x70, 0x19, 0x1, 0x6c, 0xf1, 0xd8, 0x0] to [0x2, 0x16854, 0x8, 0x682, 0x7, 0x1197069, 0xd8f16c]
Database.insertRecord() 2 92260 92274 13 20 [130, 6, 76, 48, 26, 1, 253, 11, 62, 3, 12, 5]
Decoded Bacon Sample [0x82, 0x6, 0x4c, 0x30, 0x1a, 0x1, 0xfd, 0xb, 0x3e, 0x3, 0xc, 0x5] to [0x2, 0x16864, 0x682, 0x11a304c, 0xbfd, 0x33e, 0x50c]
receive fwd status 2
RPR rx from 2 len 36 nc 92302 records 2
Database.insertRecord() 2 92274 92288 13 20 [130, 6, 76, 144, 35, 1, 250, 11, 78, 3, 12, 5]
Decoded Bacon Sample [0x82, 0x6, 0x4c, 0x90, 0x23, 0x1, 0xfa, 0xb, 0x4e, 0x3, 0xc, 0x5] to [0x2, 0x16872, 0x682, 0x123904c, 0xbfa, 0x34e, 0x50c]
Database.insertRecord() 2 92288 92302 13 20 [130, 6, 76, 240, 44, 1, 251, 11, 78, 3, 12, 5]
Decoded Bacon Sample [0x82, 0x6, 0x4c, 0xf0, 0x2c, 0x1, 0xfb, 0xb, 0x4e, 0x3, 0xc, 0x5] to [0x2, 0x16880, 0x682, 0x12cf04c, 0xbfb, 0x34e, 0x50c]
receive eos Message <CxEosReport> 
  [owner=0x2]
  [status=0x1]

PROG 1599789550.94  Node 2 transfer completed
REC 2 no gap
receive fwd status 2
REF 1599789538.06 8 7 15612670 1 []
Status Message <CxStatus> 
  [distance=0x1]
  [dataPending=0x1]
  [bw=0x2]
  [wakeupRC=0x7]
  [wakeupTS=0xee3afe]
  [pushCookie=0x62e]
  [writeCookie=0x870]
  [missingLength=0x0]
  [subnetChannel=0x0]
  [sampleInterval=0x96000]
  [role=0x0]
  [barcode=0x8 0x0 0x0 0x0 0x0 0x0 0x0 0x4 ]
  [neighbors=0xffff 0xffff 0xffff 0xffff 0xffff 0xffff 0xffff 0xffff 0xffff 0xffff 0xffff 0xffff 0xffff 0xffff 0xffff 0xffff ]

PROG 1599789551.39 Contacted 8 (0 neighbors). 578 queued, 0 in current request
RPR rx from 8 len 32 nc 1610 records 1
Database.insertRecord() 8 1582 1610 27 18 [7, 0, 97, 229, 121, 0, 8, 0, 0, 0, 0, 0, 0, 5, 100, 1, 59, 1, 64, 1, 82, 1, 93, 1, 32, 9]
RPR rx from 8 len 68 nc 1666 records 3
Database.insertRecord() 8 1610 1624 13 20 [7, 0, 77, 208, 122, 0, 14, 12, 89, 2, 11, 5]
Decoded Bacon Sample [0x7, 0x0, 0x4d, 0xd0, 0x7a, 0x0, 0xe, 0xc, 0x59, 0x2, 0xb, 0x5] to [0x8, 0x64a, 0x7, 0x7ad04d, 0xc0e, 0x259, 0x50b]
Database.insertRecord() 8 1624 1652 27 18 [7, 0, 97, 69, 131, 0, 8, 0, 0, 0, 0, 0, 0, 5, 94, 1, 60, 1, 69, 1, 82, 1, 81, 1, 32, 9]
Database.insertRecord() 8 1652 1666 13 20 [7, 0, 77, 48, 132, 0, 16, 12, 29, 2, 14, 5]
Decoded Bacon Sample [0x7, 0x0, 0x4d, 0x30, 0x84, 0x0, 0x10, 0xc, 0x1d, 0x2, 0xe, 0x5] to [0x8, 0x674, 0x7, 0x84304d, 0xc10, 0x21d, 0x50e]
RPR rx from 8 len 82 nc 1736 records 3
Database.insertRecord() 8 1666 1694 27 18 [7, 0, 98, 165, 140, 0, 8, 0, 0, 0, 0, 0, 0, 5, 90, 1, 59, 1, 62, 1, 79, 1, 94, 1, 30, 9]
Database.insertRecord() 8 1694 1708 13 20 [7, 0, 77, 144, 141, 0, 18, 12, 39, 2, 13, 5]
Decoded Bacon Sample [0x7, 0x0, 0x4d, 0x90, 0x8d, 0x0, 0x12, 0xc, 0x27, 0x2, 0xd, 0x5] to [0x8, 0x69e, 0x7, 0x8d904d, 0xc12, 0x227, 0x50d]
Database.insertRecord() 8 1708 1736 27 18 [7, 0, 97, 5, 150, 0, 8, 0, 0, 0, 0, 0, 0, 5, 96, 1, 60, 1, 62, 1, 78, 1, 96, 1, 31, 9]
RPR rx from 8 len 68 nc 1792 records 3
Database.insertRecord() 8 1736 1750 13 20 [7, 0, 77, 240, 150, 0, 19, 12, 46, 2, 13, 5]
Decoded Bacon Sample [0x7, 0x0, 0x4d, 0xf0, 0x96, 0x0, 0x13, 0xc, 0x2e, 0x2, 0xd, 0x5] to [0x8, 0x6c8, 0x7, 0x96f04d, 0xc13, 0x22e, 0x50d]
Database.insertRecord() 8 1750 1778 27 18 [7, 0, 97, 101, 159, 0, 8, 0, 0, 0, 0, 0, 0, 5, 57, 1, 58, 1, 62, 1, 83, 1, 81, 1, 29, 9]
Database.insertRecord() 8 1778 1792 13 20 [7, 0, 77, 80, 160, 0, 18, 12, 66, 2, 13, 5]
Decoded Bacon Sample [0x7, 0x0, 0x4d, 0x50, 0xa0, 0x0, 0x12, 0xc, 0x42, 0x2, 0xd, 0x5] to [0x8, 0x6f2, 0x7, 0xa0504d, 0xc12, 0x242, 0x50d]
2 elapsed, commit
RPR rx from 8 len 70 nc 1850 records 3
Database.insertRecord() 8 1792 1820 27 18 [7, 0, 97, 197, 168, 0, 8, 0, 0, 0, 0, 0, 0, 5, 60, 1, 61, 1, 69, 1, 76, 1, 92, 1, 29, 9]
Database.insertRecord() 8 1820 1836 15 22 [1, 0, 7, 0, 35, 0, 235, 238, 168, 0, 183, 73, 249, 0]
Decoded Phoenix Ref [0x1, 0x0, 0x7, 0x0, 0x23, 0x0, 0xeb, 0xee, 0xa8, 0x0, 0xb7, 0x49, 0xf9, 0x0] to [0x8, 0x71c, 0x1, 0x7, 0x23, 0xa8eeeb, 0xf949b7]
Database.insertRecord() 8 1836 1850 13 20 [7, 0, 77, 176, 169, 0, 15, 12, 79, 2, 15, 5]
Decoded Bacon Sample [0x7, 0x0, 0x4d, 0xb0, 0xa9, 0x0, 0xf, 0xc, 0x4f, 0x2, 0xf, 0x5] to [0x8, 0x72c, 0x7, 0xa9b04d, 0xc0f, 0x24f, 0x50f]
RPR rx from 8 len 82 nc 1920 records 3
Database.insertRecord() 8 1850 1878 27 18 [7, 0, 97, 37, 178, 0, 8, 0, 0, 0, 0, 0, 0, 5, 98, 1, 60, 1, 62, 1, 77, 1, 81, 1, 29, 9]
Database.insertRecord() 8 1878 1892 13 20 [7, 0, 77, 16, 179, 0, 19, 12, 61, 2, 15, 5]
Decoded Bacon Sample [0x7, 0x0, 0x4d, 0x10, 0xb3, 0x0, 0x13, 0xc, 0x3d, 0x2, 0xf, 0x5] to [0x8, 0x756, 0x7, 0xb3104d, 0xc13, 0x23d, 0x50f]
Database.insertRecord() 8 1892 1920 27 18 [7, 0, 97, 133, 187, 0, 8, 0, 0, 0, 0, 0, 0, 5, 58, 1, 59, 1, 67, 1, 78, 1, 86, 1, 27, 9]
RPR rx from 8 len 68 nc 1976 records 3
Database.insertRecord() 8 1920 1934 13 20 [7, 0, 77, 112, 188, 0, 16, 12, 39, 2, 14, 5]
Decoded Bacon Sample [0x7, 0x0, 0x4d, 0x70, 0xbc, 0x0, 0x10, 0xc, 0x27, 0x2, 0xe, 0x5] to [0x8, 0x780, 0x7, 0xbc704d, 0xc10, 0x227, 0x50e]
Database.insertRecord() 8 1934 1962 27 18 [7, 0, 97, 229, 196, 0, 8, 0, 0, 0, 0, 0, 0, 5, 59, 1, 58, 1, 67, 1, 75, 1, 90, 1, 28, 9]
Database.insertRecord() 8 1962 1976 13 20 [7, 0, 77, 208, 197, 0, 20, 12, 80, 2, 15, 5]
Decoded Bacon Sample [0x7, 0x0, 0x4d, 0xd0, 0xc5, 0x0, 0x14, 0xc, 0x50, 0x2, 0xf, 0x5] to [0x8, 0x7aa, 0x7, 0xc5d04d, 0xc14, 0x250, 0x50f]
RPR rx from 8 len 82 nc 2046 records 3
Database.insertRecord() 8 1976 2004 27 18 [7, 0, 97, 69, 206, 0, 8, 0, 0, 0, 0, 0, 0, 5, 89, 1, 61, 1, 67, 1, 80, 1, 83, 1, 25, 9]
Database.insertRecord() 8 2004 2018 13 20 [7, 0, 77, 48, 207, 0, 19, 12, 52, 2, 15, 5]
Decoded Bacon Sample [0x7, 0x0, 0x4d, 0x30, 0xcf, 0x0, 0x13, 0xc, 0x34, 0x2, 0xf, 0x5] to [0x8, 0x7d4, 0x7, 0xcf304d, 0xc13, 0x234, 0x50f]
Database.insertRecord() 8 2018 2046 27 18 [7, 0, 97, 165, 215, 0, 8, 0, 0, 0, 0, 0, 0, 5, 94, 1, 61, 1, 66, 1, 83, 1, 81, 1, 24, 9]
RPR rx from 8 len 70 nc 2104 records 3
Database.insertRecord() 8 2046 2060 13 20 [7, 0, 77, 144, 216, 0, 17, 12, 66, 2, 15, 5]
Decoded Bacon Sample [0x7, 0x0, 0x4d, 0x90, 0xd8, 0x0, 0x11, 0xc, 0x42, 0x2, 0xf, 0x5] to [0x8, 0x7fe, 0x7, 0xd8904d, 0xc11, 0x242, 0x50f]
Database.insertRecord() 8 2060 2088 27 18 [7, 0, 97, 5, 225, 0, 8, 0, 0, 0, 0, 0, 0, 5, 73, 1, 60, 1, 69, 1, 76, 1, 82, 1, 22, 9]
Database.insertRecord() 8 2088 2104 15 22 [2, 0, 7, 0, 130, 6, 114, 47, 225, 0, 110, 174, 33, 1]
Decoded Phoenix Ref [0x2, 0x0, 0x7, 0x0, 0x82, 0x6, 0x72, 0x2f, 0xe1, 0x0, 0x6e, 0xae, 0x21, 0x1] to [0x8, 0x828, 0x2, 0x7, 0x682, 0xe12f72, 0x121ae6e]
RPR rx from 8 len 68 nc 2160 records 3
Database.insertRecord() 8 2104 2118 13 20 [7, 0, 77, 240, 225, 0, 18, 12, 42, 2, 15, 5]
Decoded Bacon Sample [0x7, 0x0, 0x4d, 0xf0, 0xe1, 0x0, 0x12, 0xc, 0x2a, 0x2, 0xf, 0x5] to [0x8, 0x838, 0x7, 0xe1f04d, 0xc12, 0x22a, 0x50f]
Database.insertRecord() 8 2118 2146 27 18 [7, 0, 97, 101, 234, 0, 8, 0, 0, 0, 0, 0, 0, 5, 70, 1, 59, 1, 62, 1, 80, 1, 85, 1, 20, 9]
Database.insertRecord() 8 2146 2160 13 20 [7, 0, 77, 80, 235, 0, 20, 12, 40, 2, 16, 5]
Decoded Bacon Sample [0x7, 0x0, 0x4d, 0x50, 0xeb, 0x0, 0x14, 0xc, 0x28, 0x2, 0x10, 0x5] to [0x8, 0x862, 0x7, 0xeb504d, 0xc14, 0x228, 0x510]
receive fwd status 2
receive eos Message <CxEosReport> 
  [owner=0x8]
  [status=0x1]

PROG 1599789552.56  Node 8 transfer completed
REC 8 no gap
REF 1599789538.06 18 2 19136100 1 [1, 2, 8]
Status Message <CxStatus> 
  [distance=0x1]
  [dataPending=0x1]
  [bw=0x2]
  [wakeupRC=0x2]
  [wakeupTS=0x123fe64]
  [pushCookie=0x636]
  [writeCookie=0x6d6]
  [missingLength=0x0]
  [subnetChannel=0x0]
  [sampleInterval=0x96000]
  [role=0x0]
  [barcode=0x12 0x0 0x0 0x0 0x0 0x0 0x0 0x4 ]
  [neighbors=0x1 0x2 0x8 0xffff 0xffff 0xffff 0xffff 0xffff 0xffff 0xffff 0xffff 0xffff 0xffff 0xffff 0xffff 0xffff ]

PROG 1599789552.93 Contacted 12 (3 neighbors). 160 queued, 0 in current request
RPR rx from 18 len 76 nc 1662 records 1
Database.insertRecord() 18 1590 1662 71 17 [2, 0, 92, 69, 25, 1, 94, 48, 2, 2, 14, 0, 3, 2, 139, 141, 8, 16, 0, 128, 0, 0, 206, 127, 146, 11, 191, 13, 52, 128, 241, 6, 63, 8, 4, 8, 18, 0, 0, 0, 0, 0, 0, 6, 5, 24, 32, 0, 18, 33, 0, 18, 20, 0, 2, 0, 0, 0, 0, 0, 0, 0, 0, 0, 0, 0, 0, 0, 0, 0]
Toast Connection raw: ['0x2', '0x0', '0x5c', '0x45', '0x19', '0x1', '0x5e', '0x30', '0x2', '0x2', '0xe', '0x0', '0x3', '0x2', '0x8b', '0x8d', '0x8', '0x10', '0x0', '0x80', '0x0', '0x0', '0xce', '0x7f', '0x92', '0xb', '0xbf', '0xd', '0x34', '0x80', '0xf1', '0x6', '0x3f', '0x8', '0x4', '0x8', '0x12', '0x0', '0x0', '0x0', '0x0', '0x0', '0x0', '0x6', '0x5', '0x18', '0x20', '0x0', '0x12', '0x21', '0x0', '0x12', '0x14', '0x0', '0x2', '0x0', '0x0', '0x0', '0x0', '0x0', '0x0', '0x0', '0x0', '0x0', '0x0', '0x0', '0x0', '0x0', '0x0', '0x0']
Toast Connection unpacked: 18 1590 2 18433372 ['0x5e', '0x30', '0x2', '0x2', '0xe', '0x0', '0x3', '0x2', '0x8b', '0x8d', '0x8', '0x10', '0x0', '0x80', '0x0', '0x0', '0xce', '0x7f', '0x92', '0xb', '0xbf', '0xd', '0x34', '0x80', '0xf1', '0x6', '0x3f', '0x8', '0x4', '0x8', '0x12', '0x0', '0x0', '0x0', '0x0', '0x0', '0x0', '0x6', '0x5', '0x18', '0x20', '0x0', '0x12', '0x21', '0x0', '0x12', '0x14', '0x0', '0x2', '0x0', '0x0', '0x0', '0x0', '0x0', '0x0', '0x0', '0x0', '0x0', '0x0', '0x0', '0x0', '0x0', '0x0', '0x0']
next (t,l,v) 0x2 2 0xe 0x0
next (t,l,v) 0x3 2 0x8b 0x8d
next (t,l,v) 0x8 16 0x0 0x80 0x0 0x0 0xce 0x7f 0x92 0xb 0xbf 0xd 0x34 0x80 0xf1 0x6 0x3f 0x8
next (t,l,v) 0x4 8 0x12 0x0 0x0 0x0 0x0 0x0 0x0 0x6
next (t,l,v) 0x5 24 0x20 0x0 0x12 0x21 0x0 0x12 0x14 0x0 0x2 0x0 0x0 0x0 0x0 0x0 0x0 0x0 0x0 0x0 0x0 0x0 0x0 0x0 0x0 0x0
RPR rx from 18 len 64 nc 1714 records 3
Database.insertRecord() 18 1662 1684 21 18 [2, 0, 103, 69, 25, 1, 18, 0, 0, 0, 0, 0, 0, 6, 49, 9, 146, 9, 103, 1]
Database.insertRecord() 18 1684 1700 15 22 [17, 0, 2, 0, 10, 0, 57, 120, 25, 1, 47, 19, 71, 1]
Decoded Phoenix Ref [0x11, 0x0, 0x2, 0x0, 0xa, 0x0, 0x39, 0x78, 0x19, 0x1, 0x2f, 0x13, 0x47, 0x1] to [0x12, 0x694, 0x11, 0x2, 0xa, 0x1197839, 0x147132f]
Database.insertRecord() 18 1700 1714 13 20 [2, 0, 79, 48, 26, 1, 3, 12, 203, 1, 20, 5]
Decoded Bacon Sample [0x2, 0x0, 0x4f, 0x30, 0x1a, 0x1, 0x3, 0xc, 0xcb, 0x1, 0x14, 0x5] to [0x12, 0x6a4, 0x2, 0x11a304f, 0xc03, 0x1cb, 0x514]
RPR rx from 18 len 44 nc 1750 records 2
Database.insertRecord() 18 1714 1736 21 18 [2, 0, 90, 165, 34, 1, 18, 0, 0, 0, 0, 0, 0, 6, 48, 9, 147, 9, 102, 1]
Database.insertRecord() 18 1736 1750 13 20 [2, 0, 79, 144, 35, 1, 253, 11, 210, 1, 19, 5]
Decoded Bacon Sample [0x2, 0x0, 0x4f, 0x90, 0x23, 0x1, 0xfd, 0xb, 0xd2, 0x1, 0x13, 0x5] to [0x12, 0x6c8, 0x2, 0x123904f, 0xbfd, 0x1d2, 0x513]
receive fwd status 2
receive eos Message <CxEosReport> 
  [owner=0x12]
  [status=0x1]

PROG 1599789554.07  Node 12 transfer completed
REC 18 no gap
receive fwd status 2
REF 1599789538.06 0 1081 1951 0 [17, 18, 1, 2, 8]
Status Message <CxStatus> 
  [distance=0x0]
  [dataPending=0x0]
  [bw=0x2]
  [wakeupRC=0x439]
  [wakeupTS=0x79f]
  [pushCookie=0x0]
  [writeCookie=0x0]
  [missingLength=0x0]
  [subnetChannel=0x0]
  [sampleInterval=0x7800]
  [role=0x2]
  [barcode=0x0 0x0 0x0 0x0 0x0 0x0 0x0 0x4 ]
  [neighbors=0x11 0x12 0x1 0x2 0x8 0xffff 0xffff 0xffff 0xffff 0xffff 0xffff 0xffff 0xffff 0xffff 0xffff 0xffff ]

PROG 1599789554.42 Contacted 0 (5 neighbors). 0 queued, 0 in current request
2 elapsed, commit
receive fwd status 2
receive eos Message <CxEosReport> 
  [owner=0x0]
  [status=0x1]

PROG 1599789555.62  Node 0 transfer completed
Skip BS pseudo cookie
REF 1599789538.06 0 1081 1951 0 [17, 18, 1, 2, 8]
Status Message <CxStatus> 
  [distance=0x0]
  [dataPending=0x0]
  [bw=0x2]
  [wakeupRC=0x439]
  [wakeupTS=0x79f]
  [pushCookie=0x0]
  [writeCookie=0x0]
  [missingLength=0x0]
  [subnetChannel=0x0]
  [sampleInterval=0x7800]
  [role=0x2]
  [barcode=0x0 0x0 0x0 0x0 0x0 0x0 0x0 0x4 ]
  [neighbors=0x11 0x12 0x1 0x2 0x8 0xffff 0xffff 0xffff 0xffff 0xffff 0xffff 0xffff 0xffff 0xffff 0xffff 0xffff ]

PROG 1599789555.96 Contacted 0 (5 neighbors). 0 queued, 0 in current request
receive fwd status 2
receive eos Message <CxEosReport> 
  [owner=0x0]
  [status=0x1]

PROG 1599789557.22  Node 0 transfer completed
Skip BS pseudo cookie
receive fwd status 2
REF 1599789538.06 0 1081 1951 0 [17, 18, 1, 2, 8]
Status Message <CxStatus> 
  [distance=0x0]
  [dataPending=0x0]
  [bw=0x2]
  [wakeupRC=0x439]
  [wakeupTS=0x79f]
  [pushCookie=0x0]
  [writeCookie=0x0]
  [missingLength=0x0]
  [subnetChannel=0x0]
  [sampleInterval=0x7800]
  [role=0x2]
  [barcode=0x0 0x0 0x0 0x0 0x0 0x0 0x0 0x4 ]
  [neighbors=0x11 0x12 0x1 0x2 0x8 0xffff 0xffff 0xffff 0xffff 0xffff 0xffff 0xffff 0xffff 0xffff 0xffff 0xffff ]

PROG 1599789557.53 Contacted 0 (5 neighbors). 0 queued, 0 in current request
2 elapsed, commit
receive fwd status 2
RPR rx from 0 len 91 nc 61770 records 1
Database.insertRecord() 0 61683 61770 86 25 [0, 0, 1, 0, 4, 57, 0, 0, 7, 159, 0, 0, 0, 17, 0, 18, 0, 1, 0, 2, 0, 8, 255, 255, 255, 255, 255, 255, 255, 255, 255, 255, 255, 255, 255, 255, 255, 255, 255, 255, 255, 255, 255, 255, 255, 255, 255, 255, 255, 255, 255, 255, 255, 255, 255, 255, 255, 255, 255, 255, 0, 1, 1, 1, 1, 1, 255, 255, 255, 255, 255, 255, 255, 255, 255, 255, 255, 255, 255, 255, 255, 255, 255, 255, 255]
FINISHED
receive eos Message <CxEosReport> 
  [owner=0x0]
  [status=0x1]

PROG 1599789558.91  Node 0 transfer completed
Skip BS pseudo cookie
Cleaning up
clearing
receive fwd status 2
Clearing RX Queue
QUEUE CLEARED
cleared
finished
waiting for db stop
synchronous stop
explicit close
explicit closedb stopped

done for real
PROG 1599789560.37 Finished.
PROG 1599789560.38 Download finished: 6/6 identified nodes contacted
selection:  []
(17, 614400, 0, 0)
(8, 614400, 0, 0)
(1, 614400, 0, 0)
(2, 614400, 0, 0)
(0, 30720, 0, 2)
(18, 614400, 0, 0)
Channel maps {0: {0: ['0x0400000000000011', '0x0400000000000008', '0x0400000000000001', '0x0400000000000002', '0x0400000000000012'], 2: ['0x0400000000000000']}}
0x0400000000000008 0 0x0500000000000008
0x0400000000000011 0 0x0500000000000011
0x0400000000000012 0 0x0600000000000012
delete insert object, signal stop
Exception in thread dbInsert (most likely raised during interpreter shutdown):