database0.sqlite passed integrity check
network_membership OK
active_period OK
toast_sample OK
packet OK
log_record OK
node_status OK
cookie_table OK
toast_connection OK
bacon_sample OK
toast_disconnection OK
sensor_connection OK
phoenix_reference OK
sensor_sample OK
bacon_settings OK
base_reference OK
last_bs OK
last_ap OK
last_connection OK
last_status OK
last_disconnection OK
DBQ database0.sqlite
DBQ database0.sqlite
selection:  []
(2, 614400, 0, 0)
(8, 614400, 0, 0)
(18, 614400, 0, 0)
(17, 614400, 0, 0)
(0, 30720, 0, 2)
(1, 614400, 0, 0)
Channel maps {0: {0: ['0x0400000000000002', '0x0400000000000008', '0x0400000000000012', '0x0400000000000011', '0x0400000000000001'], 2: ['0x0400000000000000']}}
0x0400000000000008 0 0x0500000000000008
0x0400000000000011 0 0x0500000000000011
0x0400000000000012 0 0x0600000000000012
Note: mouse wheel not implemented on Mac OS
PROG 1599837552.69 Patch Download Started
patch download 0
serial@/dev/tty.usbserial-AE01BDNV:115200
DatabaseMissing() downloadThread
receive fwd status 2
ns 0: pi 1024 if 1 md 10 -> 327680
ns 1: pi 1024 if 1 md 5 -> 163840
ns 2: pi 1024 if 1 md 5 -> 163840
Setting MDR to  1000
receive fwd status 2
Wakeup start 1599837555.02
ACK 0
receive fwd status 2
receive fwd status 2
receive fwd status 2
receive fwd status 2
receive fwd status 2
receive fwd status 2
REF 1599837555.02 0 1090 1966 0 [8, 17, 18, 1, 2]
Status Message <CxStatus> 
  [distance=0x0]
  [dataPending=0x0]
  [bw=0x2]
  [wakeupRC=0x442]
  [wakeupTS=0x7ae]
  [pushCookie=0x0]
  [writeCookie=0x0]
  [missingLength=0x0]
  [subnetChannel=0x0]
  [sampleInterval=0x7800]
  [role=0x2]
  [barcode=0x0 0x0 0x0 0x0 0x0 0x0 0x0 0x4 ]
  [neighbors=0x8 0x11 0x12 0x1 0x2 0xffff 0xffff 0xffff 0xffff 0xffff 0xffff 0xffff 0xffff 0xffff 0xffff 0xffff ]

PROG 1599837560.40 Contacted 0 (5 neighbors). 0 queued, 0 in current request
2 elapsed, commit
receive fwd status 2
receive eos Message <CxEosReport> 
  [owner=0x0]
  [status=0x1]

PROG 1599837561.68  Node 0 transfer completed
Skip BS pseudo cookie
REF 1599837555.02 8 7 64780239 1 [17, 18, 1, 2]
Status Message <CxStatus> 
  [distance=0x1]
  [dataPending=0x1]
  [bw=0x2]
  [wakeupRC=0x7]
  [wakeupTS=0x3dc77cf]
  [pushCookie=0x14ee]
  [writeCookie=0x1678]
  [missingLength=0x0]
  [subnetChannel=0x0]
  [sampleInterval=0x96000]
  [role=0x0]
  [barcode=0x8 0x0 0x0 0x0 0x0 0x0 0x0 0x4 ]
  [neighbors=0x11 0x12 0x1 0x2 0xffff 0xffff 0xffff 0xffff 0xffff 0xffff 0xffff 0xffff 0xffff 0xffff 0xffff 0xffff ]

PROG 1599837562.06 Contacted 8 (4 neighbors). 394 queued, 0 in current request
RPR rx from 8 len 32 nc 5386 records 1
Database.insertRecord() 8 5358 5386 27 18 [7, 0, 97, 101, 141, 3, 8, 0, 0, 0, 0, 0, 0, 5, 58, 1, 62, 1, 68, 1, 83, 1, 91, 1, 249, 8]
receive fwd status 2
RPR rx from 8 len 68 nc 5442 records 3
Database.insertRecord() 8 5386 5400 13 20 [7, 0, 77, 80, 142, 3, 11, 12, 8, 5, 23, 5]
Decoded Bacon Sample [0x7, 0x0, 0x4d, 0x50, 0x8e, 0x3, 0xb, 0xc, 0x8, 0x5, 0x17, 0x5] to [0x8, 0x150a, 0x7, 0x38e504d, 0xc0b, 0x508, 0x517]
Database.insertRecord() 8 5400 5428 27 18 [7, 0, 97, 197, 150, 3, 8, 0, 0, 0, 0, 0, 0, 5, 60, 1, 61, 1, 64, 1, 82, 1, 85, 1, 243, 8]
Database.insertRecord() 8 5428 5442 13 20 [7, 0, 77, 176, 151, 3, 16, 12, 28, 5, 24, 5]
Decoded Bacon Sample [0x7, 0x0, 0x4d, 0xb0, 0x97, 0x3, 0x10, 0xc, 0x1c, 0x5, 0x18, 0x5] to [0x8, 0x1534, 0x7, 0x397b04d, 0xc10, 0x51c, 0x518]
RPR rx from 8 len 82 nc 5512 records 3
Database.insertRecord() 8 5442 5470 27 18 [7, 0, 97, 37, 160, 3, 8, 0, 0, 0, 0, 0, 0, 5, 73, 1, 63, 1, 61, 1, 79, 1, 83, 1, 240, 8]
Database.insertRecord() 8 5470 5484 13 20 [7, 0, 77, 16, 161, 3, 15, 12, 70, 5, 25, 5]
Decoded Bacon Sample [0x7, 0x0, 0x4d, 0x10, 0xa1, 0x3, 0xf, 0xc, 0x46, 0x5, 0x19, 0x5] to [0x8, 0x155e, 0x7, 0x3a1104d, 0xc0f, 0x546, 0x519]
Database.insertRecord() 8 5484 5512 27 18 [7, 0, 97, 133, 169, 3, 8, 0, 0, 0, 0, 0, 0, 5, 59, 1, 63, 1, 69, 1, 79, 1, 82, 1, 239, 8]
RPR rx from 8 len 68 nc 5568 records 32 elapsed, commit
Database.insertRecord()
 8 5512 5526 13 20 [7, 0, 77, 112, 170, 3, 18, 12, 206, 3, 27, 5]
Decoded Bacon Sample [0x7, 0x0, 0x4d, 0x70, 0xaa, 0x3, 0x12, 0xc, 0xce, 0x3, 0x1b, 0x5] to [0x8, 0x1588, 0x7, 0x3aa704d, 0xc12, 0x3ce, 0x51b]
Database.insertRecord() 8 5526 5554 27 18 [7, 0, 97, 229, 178, 3, 8, 0, 0, 0, 0, 0, 0, 5, 68, 1, 62, 1, 61, 1, 82, 1, 83, 1, 236, 8]
Database.insertRecord() 8 5554 5568 13 20 [7, 0, 77, 208, 179, 3, 18, 12, 48, 3, 27, 5]
Decoded Bacon Sample [0x7, 0x0, 0x4d, 0xd0, 0xb3, 0x3, 0x12, 0xc, 0x30, 0x3, 0x1b, 0x5] to [0x8, 0x15b2, 0x7, 0x3b3d04d, 0xc12, 0x330, 0x51b]
RPR rx from 8 len 70 nc 5626 records 3
Database.insertRecord() 8 5568 5596 27 18 [7, 0, 97, 69, 188, 3, 8, 0, 0, 0, 0, 0, 0, 5, 61, 1, 61, 1, 61, 1, 80, 1, 83, 1, 235, 8]
Database.insertRecord() 8 5596 5612 15 22 [2, 0, 7, 0, 130, 6, 162, 118, 188, 3, 71, 246, 252, 3]
Decoded Phoenix Ref [0x2, 0x0, 0x7, 0x0, 0x82, 0x6, 0xa2, 0x76, 0xbc, 0x3, 0x47, 0xf6, 0xfc, 0x3] to [0x8, 0x15dc, 0x2, 0x7, 0x682, 0x3bc76a2, 0x3fcf647]
Database.insertRecord() 8 5612 5626 13 20 [7, 0, 77, 48, 189, 3, 21, 12, 231, 3, 25, 5]
Decoded Bacon Sample [0x7, 0x0, 0x4d, 0x30, 0xbd, 0x3, 0x15, 0xc, 0xe7, 0x3, 0x19, 0x5] to [0x8, 0x15ec, 0x7, 0x3bd304d, 0xc15, 0x3e7, 0x519]
RPR rx from 8 len 82 nc 5696 records 3
Database.insertRecord() 8 5626 5654 27 18 [7, 0, 97, 165, 197, 3, 8, 0, 0, 0, 0, 0, 0, 5, 99, 1, 63, 1, 63, 1, 81, 1, 85, 1, 237, 8]
Database.insertRecord() 8 5654 5668 13 20 [7, 0, 77, 144, 198, 3, 18, 12, 238, 1, 25, 5]
Decoded Bacon Sample [0x7, 0x0, 0x4d, 0x90, 0xc6, 0x3, 0x12, 0xc, 0xee, 0x1, 0x19, 0x5] to [0x8, 0x1616, 0x7, 0x3c6904d, 0xc12, 0x1ee, 0x519]
Database.insertRecord() 8 5668 5696 27 18 [7, 0, 97, 5, 207, 3, 8, 0, 0, 0, 0, 0, 0, 5, 59, 1, 62, 1, 69, 1, 82, 1, 86, 1, 244, 8]
RPR rx from 8 len 68 nc 5752 records 3
Database.insertRecord() 8 5696 5710 13 20 [7, 0, 77, 240, 207, 3, 7, 12, 170, 1, 22, 5]
Decoded Bacon Sample [0x7, 0x0, 0x4d, 0xf0, 0xcf, 0x3, 0x7, 0xc, 0xaa, 0x1, 0x16, 0x5] to [0x8, 0x1640, 0x7, 0x3cff04d, 0xc07, 0x1aa, 0x516]
Database.insertRecord() 8 5710 5738 27 18 [7, 0, 97, 101, 216, 3, 8, 0, 0, 0, 0, 0, 0, 5, 79, 1, 61, 1, 69, 1, 78, 1, 92, 1, 248, 8]
Database.insertRecord() 8 5738 5752 13 20 [7, 0, 77, 80, 217, 3, 16, 12, 210, 2, 21, 5]
Decoded Bacon Sample [0x7, 0x0, 0x4d, 0x50, 0xd9, 0x3, 0x10, 0xc, 0xd2, 0x2, 0x15, 0x5] to [0x8, 0x166a, 0x7, 0x3d9504d, 0xc10, 0x2d2, 0x515]
receive eos Message <CxEosReport> 
  [owner=0x8]
  [status=0x1]

receive fwd status 2
PROG 1599837563.23  Node 8 transfer completed
REC 8 no gap
REF 1599837555.02 17 10 71293587 1 [18, 1, 2]
Status Message <CxStatus> 
  [distance=0x1]
  [dataPending=0x1]
  [bw=0x2]
  [wakeupRC=0xa]
  [wakeupTS=0x43fda93]
  [pushCookie=0x14a4]
  [writeCookie=0x160a]
  [missingLength=0x0]
  [subnetChannel=0x0]
  [sampleInterval=0x96000]
  [role=0x0]
  [barcode=0x11 0x0 0x0 0x0 0x0 0x0 0x0 0x4 ]
  [neighbors=0x12 0x1 0x2 0xffff 0xffff 0xffff 0xffff 0xffff 0xffff 0xffff 0xffff 0xffff 0xffff 0xffff 0xffff 0xffff ]

PROG 1599837563.67 Contacted 11 (3 neighbors). 358 queued, 0 in current request
RPR rx from 17 len 24 nc 5304 records 1
Database.insertRecord() 17 5284 5304 19 18 [10, 0, 87, 37, 235, 3, 17, 0, 0, 0, 0, 0, 0, 5, 34, 9, 111, 1]
RPR rx from 17 len 80 nc 5368 records 4
Database.insertRecord() 17 5304 5318 13 20 [10, 0, 79, 16, 236, 3, 8, 12, 55, 7, 41, 6]
Decoded Bacon Sample [0xa, 0x0, 0x4f, 0x10, 0xec, 0x3, 0x8, 0xc, 0x37, 0x7, 0x29, 0x6] to [0x11, 0x14b8, 0xa, 0x3ec104f, 0xc08, 0x737, 0x629]
Database.insertRecord() 17 5318 5338 19 18 [10, 0, 87, 133, 244, 3, 17, 0, 0, 0, 0, 0, 0, 5, 19, 9, 111, 1]
Database.insertRecord() 17 5338 5354 15 22 [8, 0, 10, 0, 7, 0, 90, 191, 244, 3, 78, 93, 145, 3]
Decoded Phoenix Ref [0x8, 0x0, 0xa, 0x0, 0x7, 0x0, 0x5a, 0xbf, 0xf4, 0x3, 0x4e, 0x5d, 0x91, 0x3] to [0x11, 0x14da, 0x8, 0xa, 0x7, 0x3f4bf5a, 0x3915d4e]
Database.insertRecord() 17 5354 5368 13 20 [10, 0, 79, 112, 245, 3, 8, 12, 34, 7, 36, 5]
Decoded Bacon Sample [0xa, 0x0, 0x4f, 0x70, 0xf5, 0x3, 0x8, 0xc, 0x22, 0x7, 0x24, 0x5] to [0x11, 0x14ea, 0xa, 0x3f5704f, 0xc08, 0x722, 0x524]
RPR rx from 17 len 84 nc 5436 records 4
Database.insertRecord() 17 5368 5388 19 18 [10, 0, 87, 229, 253, 3, 17, 0, 0, 0, 0, 0, 0, 5, 4, 9, 85, 1]
Database.insertRecord() 17 5388 5402 13 20 [10, 0, 79, 208, 254, 3, 25, 12, 56, 7, 40, 5]
Decoded Bacon Sample [0xa, 0x0, 0x4f, 0xd0, 0xfe, 0x3, 0x19, 0xc, 0x38, 0x7, 0x28, 0x5] to [0x11, 0x150c, 0xa, 0x3fed04f, 0xc19, 0x738, 0x528]
Database.insertRecord() 17 5402 5422 19 18 [10, 0, 87, 69, 7, 4, 17, 0, 0, 0, 0, 0, 0, 5, 1, 9, 89, 1]
Database.insertRecord() 17 5422 5436 13 20 [10, 0, 79, 48, 8, 4, 17, 12, 70, 7, 38, 5]
Decoded Bacon Sample [0xa, 0x0, 0x4f, 0x30, 0x8, 0x4, 0x11, 0xc, 0x46, 0x7, 0x26, 0x5] to [0x11, 0x152e, 0xa, 0x408304f, 0xc11, 0x746, 0x526]
RPR rx from 17 len 84 nc 5504 records 4
Database.insertRecord() 17 5436 5456 19 18 [10, 0, 87, 165, 16, 4, 17, 0, 0, 0, 0, 0, 0, 5, 252, 8, 85, 1]
Database.insertRecord() 17 5456 5470 13 20 [10, 0, 79, 144, 17, 4, 25, 12, 65, 7, 40, 5]
Decoded Bacon Sample [0xa, 0x0, 0x4f, 0x90, 0x11, 0x4, 0x19, 0xc, 0x41, 0x7, 0x28, 0x5] to [0x11, 0x1550, 0xa, 0x411904f, 0xc19, 0x741, 0x528]
Database.insertRecord() 17 5470 5490 19 18 [10, 0, 87, 5, 26, 4, 17, 0, 0, 0, 0, 0, 0, 5, 254, 8, 91, 1]
Database.insertRecord() 17 5490 5504 13 20 [10, 0, 79, 240, 26, 4, 18, 12, 172, 5, 40, 5]
Decoded Bacon Sample [0xa, 0x0, 0x4f, 0xf0, 0x1a, 0x4, 0x12, 0xc, 0xac, 0x5, 0x28, 0x5] to [0x11, 0x1572, 0xa, 0x41af04f, 0xc12, 0x5ac, 0x528]
RPR rx from 17 len 86 nc 5574 records 4
Database.insertRecord() 17 5504 5524 19 18 [10, 0, 87, 101, 35, 4, 17, 0, 0, 0, 0, 0, 0, 5, 3, 9, 110, 1]
Database.insertRecord() 17 5524 5538 13 20 [10, 0, 79, 80, 36, 4, 29, 12, 39, 5, 37, 5]
Decoded Bacon Sample [0xa, 0x0, 0x4f, 0x50, 0x24, 0x4, 0x1d, 0xc, 0x27, 0x5, 0x25, 0x5] to [0x11, 0x1594, 0xa, 0x424504f, 0xc1d, 0x527, 0x525]
Database.insertRecord() 17 5538 5558 19 18 [10, 0, 87, 197, 44, 4, 17, 0, 0, 0, 0, 0, 0, 5, 10, 9, 94, 1]
Database.insertRecord() 17 5558 5574 15 22 [1, 0, 10, 0, 35, 0, 31, 0, 45, 4, 173, 167, 25, 4]
Decoded Phoenix Ref [0x1, 0x0, 0xa, 0x0, 0x23, 0x0, 0x1f, 0x0, 0x2d, 0x4, 0xad, 0xa7, 0x19, 0x4] to [0x11, 0x15b6, 0x1, 0xa, 0x23, 0x42d001f, 0x419a7ad]
receive fwd status 2
RPR rx from 17 len 84 nc 5642 records 4
Database.insertRecord() 17 5574 5588 13 20 [10, 0, 79, 176, 45, 4, 25, 12, 160, 4, 34, 5]
Decoded Bacon Sample [0xa, 0x0, 0x4f, 0xb0, 0x2d, 0x4, 0x19, 0xc, 0xa0, 0x4, 0x22, 0x5] to [0x11, 0x15c6, 0xa, 0x42db04f, 0xc19, 0x4a0, 0x522]
Database.insertRecord() 17 5588 5608 19 18 [10, 0, 87, 37, 54, 4, 17, 0, 0, 0, 0, 0, 0, 5, 18, 9, 85, 1]
Database.insertRecord() 17 5608 5622 13 20 [10, 0, 79, 16, 55, 4, 26, 12, 190, 4, 31, 5]
Decoded Bacon Sample [0xa, 0x0, 0x4f, 0x10, 0x37, 0x4, 0x1a, 0xc, 0xbe, 0x4, 0x1f, 0x5] to [0x11, 0x15e8, 0xa, 0x437104f, 0xc1a, 0x4be, 0x51f]
Database.insertRecord() 17 5622 5642 19 18 [10, 0, 87, 133, 63, 4, 17, 0, 0, 0, 0, 0, 0, 5, 22, 9, 85, 1]
receive eos Message <CxEosReport> 
  [owner=0x11]
  [status=0x1]

PROG 1599837564.83  Node 11 transfer completed
REC 17 no gap
REF 1599837555.02 18 2 68305148 1 [1, 2]
Status Message <CxStatus> 
  [distance=0x1]
  [dataPending=0x1]
  [bw=0x2]
  [wakeupRC=0x2]
  [wakeupTS=0x41240fc]
  [pushCookie=0x138c]
  [writeCookie=0x1572]
  [missingLength=0x0]
  [subnetChannel=0x0]
  [sampleInterval=0x96000]
  [role=0x0]
  [barcode=0x12 0x0 0x0 0x0 0x0 0x0 0x0 0x4 ]
  [neighbors=0x1 0x2 0xffff 0xffff 0xffff 0xffff 0xffff 0xffff 0xffff 0xffff 0xffff 0xffff 0xffff 0xffff 0xffff 0xffff ]

PROG 1599837565.21 Contacted 12 (2 neighbors). 486 queued, 0 in current request
receive fwd status 2
2 elapsed, commit
RPR rx from 18 len 18 nc 5018 records 1
Database.insertRecord() 18 5004 5018 13 20 [2, 0, 79, 48, 189, 3, 229, 11, 242, 5, 247, 5]
Decoded Bacon Sample [0x2, 0x0, 0x4f, 0x30, 0xbd, 0x3, 0xe5, 0xb, 0xf2, 0x5, 0xf7, 0x5] to [0x12, 0x138c, 0x2, 0x3bd304f, 0xbe5, 0x5f2, 0x5f7]
RPR rx from 18 len 82 nc 5084 records 4
Database.insertRecord() 18 5018 5040 21 18 [2, 0, 90, 165, 197, 3, 18, 0, 0, 0, 0, 0, 0, 6, 9, 9, 146, 9, 95, 1]
Database.insertRecord() 18 5040 5054 13 20 [2, 0, 79, 144, 198, 3, 2, 12, 231, 5, 29, 5]
Decoded Bacon Sample [0x2, 0x0, 0x4f, 0x90, 0xc6, 0x3, 0x2, 0xc, 0xe7, 0x5, 0x1d, 0x5] to [0x12, 0x13b0, 0x2, 0x3c6904f, 0xc02, 0x5e7, 0x51d]
Database.insertRecord() 18 5054 5070 15 16 [2, 0, 84, 3, 207, 3, 18, 0, 0, 0, 0, 0, 0, 6]
Database.insertRecord() 18 5070 5084 13 20 [2, 0, 79, 240, 207, 3, 10, 12, 44, 6, 32, 5]
Decoded Bacon Sample [0x2, 0x0, 0x4f, 0xf0, 0xcf, 0x3, 0xa, 0xc, 0x2c, 0x6, 0x20, 0x5] to [0x12, 0x13ce, 0x2, 0x3cff04f, 0xc0a, 0x62c, 0x520]
RPR rx from 18 len 76 nc 5156 records 1
Database.insertRecord() 18 5084 5156 71 17 [2, 0, 92, 101, 216, 3, 94, 48, 2, 2, 14, 0, 3, 2, 139, 141, 8, 16, 0, 128, 0, 0, 206, 127, 146, 11, 191, 13, 52, 128, 241, 6, 63, 8, 4, 8, 18, 0, 0, 0, 0, 0, 0, 6, 5, 24, 32, 0, 18, 33, 0, 18, 20, 0, 2, 0, 0, 0, 0, 0, 0, 0, 0, 0, 0, 0, 0, 0, 0, 0]
Toast Connection raw: ['0x2', '0x0', '0x5c', '0x65', '0xd8', '0x3', '0x5e', '0x30', '0x2', '0x2', '0xe', '0x0', '0x3', '0x2', '0x8b', '0x8d', '0x8', '0x10', '0x0', '0x80', '0x0', '0x0', '0xce', '0x7f', '0x92', '0xb', '0xbf', '0xd', '0x34', '0x80', '0xf1', '0x6', '0x3f', '0x8', '0x4', '0x8', '0x12', '0x0', '0x0', '0x0', '0x0', '0x0', '0x0', '0x6', '0x5', '0x18', '0x20', '0x0', '0x12', '0x21', '0x0', '0x12', '0x14', '0x0', '0x2', '0x0', '0x0', '0x0', '0x0', '0x0', '0x0', '0x0', '0x0', '0x0', '0x0', '0x0', '0x0', '0x0', '0x0', '0x0']
Toast Connection unpacked: 18 5084 2 64513372 ['0x5e', '0x30', '0x2', '0x2', '0xe', '0x0', '0x3', '0x2', '0x8b', '0x8d', '0x8', '0x10', '0x0', '0x80', '0x0', '0x0', '0xce', '0x7f', '0x92', '0xb', '0xbf', '0xd', '0x34', '0x80', '0xf1', '0x6', '0x3f', '0x8', '0x4', '0x8', '0x12', '0x0', '0x0', '0x0', '0x0', '0x0', '0x0', '0x6', '0x5', '0x18', '0x20', '0x0', '0x12', '0x21', '0x0', '0x12', '0x14', '0x0', '0x2', '0x0', '0x0', '0x0', '0x0', '0x0', '0x0', '0x0', '0x0', '0x0', '0x0', '0x0', '0x0', '0x0', '0x0', '0x0']
next (t,l,v) 0x2 2 0xe 0x0
next (t,l,v) 0x3 2 0x8b 0x8d
next (t,l,v) 0x8 16 0x0 0x80 0x0 0x0 0xce 0x7f 0x92 0xb 0xbf 0xd 0x34 0x80 0xf1 0x6 0x3f 0x8
next (t,l,v) 0x4 8 0x12 0x0 0x0 0x0 0x0 0x0 0x0 0x6
next (t,l,v) 0x5 24 0x20 0x0 0x12 0x21 0x0 0x12 0x14 0x0 0x2 0x0 0x0 0x0 0x0 0x0 0x0 0x0 0x0 0x0 0x0 0x0 0x0 0x0 0x0 0x0
RPR rx from 18 len 82 nc 5222 records 4
Database.insertRecord() 18 5156 5178 21 18 [2, 0, 103, 101, 216, 3, 18, 0, 0, 0, 0, 0, 0, 6, 244, 8, 148, 9, 102, 1]
Database.insertRecord() 18 5178 5192 13 20 [2, 0, 79, 80, 217, 3, 13, 12, 214, 5, 32, 5]
Decoded Bacon Sample [0x2, 0x0, 0x4f, 0x50, 0xd9, 0x3, 0xd, 0xc, 0xd6, 0x5, 0x20, 0x5] to [0x12, 0x143a, 0x2, 0x3d9504f, 0xc0d, 0x5d6, 0x520]
Database.insertRecord() 18 5192 5208 15 16 [2, 0, 84, 195, 225, 3, 18, 0, 0, 0, 0, 0, 0, 6]
Database.insertRecord() 18 5208 5222 13 20 [2, 0, 79, 176, 226, 3, 14, 12, 14, 5, 35, 5]
Decoded Bacon Sample [0x2, 0x0, 0x4f, 0xb0, 0xe2, 0x3, 0xe, 0xc, 0xe, 0x5, 0x23, 0x5] to [0x12, 0x1458, 0x2, 0x3e2b04f, 0xc0e, 0x50e, 0x523]
RPR rx from 18 len 76 nc 5294 records 1
Database.insertRecord() 18 5222 5294 71 17 [2, 0, 92, 37, 235, 3, 94, 48, 2, 2, 14, 0, 3, 2, 139, 141, 8, 16, 0, 128, 0, 0, 206, 127, 146, 11, 191, 13, 52, 128, 241, 6, 63, 8, 4, 8, 18, 0, 0, 0, 0, 0, 0, 6, 5, 24, 32, 0, 18, 33, 0, 18, 20, 0, 2, 0, 0, 0, 0, 0, 0, 0, 0, 0, 0, 0, 0, 0, 0, 0]
Toast Connection raw: ['0x2', '0x0', '0x5c', '0x25', '0xeb', '0x3', '0x5e', '0x30', '0x2', '0x2', '0xe', '0x0', '0x3', '0x2', '0x8b', '0x8d', '0x8', '0x10', '0x0', '0x80', '0x0', '0x0', '0xce', '0x7f', '0x92', '0xb', '0xbf', '0xd', '0x34', '0x80', '0xf1', '0x6', '0x3f', '0x8', '0x4', '0x8', '0x12', '0x0', '0x0', '0x0', '0x0', '0x0', '0x0', '0x6', '0x5', '0x18', '0x20', '0x0', '0x12', '0x21', '0x0', '0x12', '0x14', '0x0', '0x2', '0x0', '0x0', '0x0', '0x0', '0x0', '0x0', '0x0', '0x0', '0x0', '0x0', '0x0', '0x0', '0x0', '0x0', '0x0']
Toast Connection unpacked: 18 5222 2 65742172 ['0x5e', '0x30', '0x2', '0x2', '0xe', '0x0', '0x3', '0x2', '0x8b', '0x8d', '0x8', '0x10', '0x0', '0x80', '0x0', '0x0', '0xce', '0x7f', '0x92', '0xb', '0xbf', '0xd', '0x34', '0x80', '0xf1', '0x6', '0x3f', '0x8', '0x4', '0x8', '0x12', '0x0', '0x0', '0x0', '0x0', '0x0', '0x0', '0x6', '0x5', '0x18', '0x20', '0x0', '0x12', '0x21', '0x0', '0x12', '0x14', '0x0', '0x2', '0x0', '0x0', '0x0', '0x0', '0x0', '0x0', '0x0', '0x0', '0x0', '0x0', '0x0', '0x0', '0x0', '0x0', '0x0']
next (t,l,v) 0x2 2 0xe 0x0
next (t,l,v) 0x3 2 0x8b 0x8d
next (t,l,v) 0x8 16 0x0 0x80 0x0 0x0 0xce 0x7f 0x92 0xb 0xbf 0xd 0x34 0x80 0xf1 0x6 0x3f 0x8
next (t,l,v) 0x4 8 0x12 0x0 0x0 0x0 0x0 0x0 0x0 0x6
next (t,l,v) 0x5 24 0x20 0x0 0x12 0x21 0x0 0x12 0x14 0x0 0x2 0x0 0x0 0x0 0x0 0x0 0x0 0x0 0x0 0x0 0x0 0x0 0x0 0x0 0x0 0x0
RPR rx from 18 len 70 nc 5352 records 3
Database.insertRecord() 18 5294 5316 21 18 [2, 0, 103, 37, 235, 3, 18, 0, 0, 0, 0, 0, 0, 6, 247, 8, 147, 9, 99, 1]
Database.insertRecord() 18 5316 5330 13 20 [2, 0, 79, 16, 236, 3, 12, 12, 227, 4, 32, 5]
Decoded Bacon Sample [0x2, 0x0, 0x4f, 0x10, 0xec, 0x3, 0xc, 0xc, 0xe3, 0x4, 0x20, 0x5] to [0x12, 0x14c4, 0x2, 0x3ec104f, 0xc0c, 0x4e3, 0x520]
Database.insertRecord() 18 5330 5352 21 18 [2, 0, 90, 133, 244, 3, 18, 0, 0, 0, 0, 0, 0, 6, 254, 8, 146, 9, 103, 1]
RPR rx from 18 len 82 nc 5418 records 4
Database.insertRecord() 18 5352 5368 15 22 [2, 0, 2, 0, 130, 6, 73, 190, 244, 3, 57, 118, 255, 3]
Decoded Phoenix Ref [0x2, 0x0, 0x2, 0x0, 0x82, 0x6, 0x49, 0xbe, 0xf4, 0x3, 0x39, 0x76, 0xff, 0x3] to [0x12, 0x14e8, 0x2, 0x2, 0x682, 0x3f4be49, 0x3ff7639]
Database.insertRecord() 18 5368 5382 13 20 [2, 0, 79, 112, 245, 3, 14, 12, 2, 4, 32, 5]
Decoded Bacon Sample [0x2, 0x0, 0x4f, 0x70, 0xf5, 0x3, 0xe, 0xc, 0x2, 0x4, 0x20, 0x5] to [0x12, 0x14f8, 0x2, 0x3f5704f, 0xc0e, 0x402, 0x520]
Database.insertRecord() 18 5382 5404 21 18 [2, 0, 90, 229, 253, 3, 18, 0, 0, 0, 0, 0, 0, 6, 6, 9, 146, 9, 96, 1]
Database.insertRecord() 18 5404 5418 13 20 [2, 0, 79, 208, 254, 3, 12, 12, 12, 3, 31, 5]
Decoded Bacon Sample [0x2, 0x0, 0x4f, 0xd0, 0xfe, 0x3, 0xc, 0xc, 0xc, 0x3, 0x1f, 0x5] to [0x12, 0x151c, 0x2, 0x3fed04f, 0xc0c, 0x30c, 0x51f]
RPR rx from 18 len 70 nc 5476 records 3
Database.insertRecord() 18 5418 5440 21 18 [2, 0, 90, 69, 7, 4, 18, 0, 0, 0, 0, 0, 0, 6, 13, 9, 147, 9, 94, 1]
Database.insertRecord() 18 5440 5454 13 20 [2, 0, 79, 48, 8, 4, 254, 11, 236, 2, 28, 5]
Decoded Bacon Sample [0x2, 0x0, 0x4f, 0x30, 0x8, 0x4, 0xfe, 0xb, 0xec, 0x2, 0x1c, 0x5] to [0x12, 0x1540, 0x2, 0x408304f, 0xbfe, 0x2ec, 0x51c]
Database.insertRecord() 18 5454 5476 21 18 [2, 0, 90, 165, 16, 4, 18, 0, 0, 0, 0, 0, 0, 6, 19, 9, 146, 9, 101, 1]
RPR rx from 18 len 18 nc 5490 records 1
Database.insertRecord() 18 5476 5490 13 20 [2, 0, 79, 144, 17, 4, 12, 12, 138, 4, 27, 5]
Decoded Bacon Sample [0x2, 0x0, 0x4f, 0x90, 0x11, 0x4, 0xc, 0xc, 0x8a, 0x4, 0x1b, 0x5] to [0x12, 0x1564, 0x2, 0x411904f, 0xc0c, 0x48a, 0x51b]
receive fwd status 2
receive eos Message <CxEosReport> 
  [owner=0x12]
  [status=0x1]

PROG 1599837566.35  Node 12 transfer completed
REC 18 no gap
REF 1599837555.02 1 35 70025600 1 [2]
Status Message <CxStatus> 
  [distance=0x1]
  [dataPending=0x1]
  [bw=0x2]
  [wakeupRC=0x23]
  [wakeupTS=0x42c8180]
  [pushCookie=0x33ac]
  [writeCookie=0x34ea]
  [missingLength=0x0]
  [subnetChannel=0x0]
  [sampleInterval=0x96000]
  [role=0x0]
  [barcode=0x1 0x0 0x0 0x0 0x0 0x0 0x0 0x4 ]
  [neighbors=0x2 0xffff 0xffff 0xffff 0xffff 0xffff 0xffff 0xffff 0xffff 0xffff 0xffff 0xffff 0xffff 0xffff 0xffff 0xffff ]

PROG 1599837566.73 Contacted 1 (1 neighbors). 318 queued, 0 in current request
RPR rx from 1 len 18 nc 13242 records 1
Database.insertRecord() 1 13228 13242 13 20 [35, 0, 78, 80, 217, 3, 12, 12, 156, 1, 11, 5]
Decoded Bacon Sample [0x23, 0x0, 0x4e, 0x50, 0xd9, 0x3, 0xc, 0xc, 0x9c, 0x1, 0xb, 0x5] to [0x1, 0x33ac, 0x23, 0x3d9504e, 0xc0c, 0x19c, 0x50b]
receive fwd status 2
receive eos Message <CxEosReport> 
  [owner=0x1]
  [status=0x1]

PROG 1599837567.97  Node 1 transfer completed
REC 1 check gap 12490
PROG 1599837567.97 Node 1 request 289 (missing: 1584)
TXQ PUT (<tinyos.packet.SerialSource.SerialSource instance at 0x10658cc80>, 1, <tools.cx.messages.CxRecordRequestMsg.CxRecordRequestMsg instance at 0x1095b39b0>)
REC 1 requesting 289 at 12490 from 1 (attempt 1)
TXQ SW TX 1 2 0
receive fwd status 1
receive fwd status 1
REF 1599837555.02 2 1666 69007935 1 []
Status Message <CxStatus> 
  [distance=0x1]
  [dataPending=0x1]
  [bw=0x2]
  [wakeupRC=0x682]
  [wakeupTS=0x41cfa3f]
  [pushCookie=0x16d20]
  [writeCookie=0x16dae]
  [missingLength=0x0]
  [subnetChannel=0x0]
  [sampleInterval=0x96000]
  [role=0x0]
  [barcode=0x2 0x0 0x0 0x0 0x0 0x0 0x0 0x4 ]
  [neighbors=0xffff 0xffff 0xffff 0xffff 0xffff 0xffff 0xffff 0xffff 0xffff 0xffff 0xffff 0xffff 0xffff 0xffff 0xffff 0xffff ]

PROG 1599837568.30 Contacted 2 (0 neighbors). 142 queued, 0 in current request
2 elapsed, commit
RPR rx from 2 len 18 nc 93486 records 1
Database.insertRecord() 2 93472 93486 13 20 [130, 6, 76, 240, 207, 3, 253, 11, 163, 7, 20, 5]
Decoded Bacon Sample [0x82, 0x6, 0x4c, 0xf0, 0xcf, 0x3, 0xfd, 0xb, 0xa3, 0x7, 0x14, 0x5] to [0x2, 0x16d20, 0x682, 0x3cff04c, 0xbfd, 0x7a3, 0x514]
RPR rx from 2 len 74 nc 93544 records 4
Database.insertRecord() 2 93486 93500 13 20 [130, 6, 76, 80, 217, 3, 255, 11, 141, 7, 24, 5]
Decoded Bacon Sample [0x82, 0x6, 0x4c, 0x50, 0xd9, 0x3, 0xff, 0xb, 0x8d, 0x7, 0x18, 0x5] to [0x2, 0x16d2e, 0x682, 0x3d9504c, 0xbff, 0x78d, 0x518]
Database.insertRecord() 2 93500 93514 13 20 [130, 6, 76, 176, 226, 3, 0, 12, 115, 6, 25, 5]
Decoded Bacon Sample [0x82, 0x6, 0x4c, 0xb0, 0xe2, 0x3, 0x0, 0xc, 0x73, 0x6, 0x19, 0x5] to [0x2, 0x16d3c, 0x682, 0x3e2b04c, 0xc00, 0x673, 0x519]
Database.insertRecord() 2 93514 93528 13 20 [130, 6, 76, 16, 236, 3, 255, 11, 129, 7, 26, 5]
Decoded Bacon Sample [0x82, 0x6, 0x4c, 0x10, 0xec, 0x3, 0xff, 0xb, 0x81, 0x7, 0x1a, 0x5] to [0x2, 0x16d4a, 0x682, 0x3ec104c, 0xbff, 0x781, 0x51a]
Database.insertRecord() 2 93528 93544 15 22 [18, 0, 130, 6, 2, 0, 85, 185, 244, 3, 96, 1, 234, 3]
Decoded Phoenix Ref [0x12, 0x0, 0x82, 0x6, 0x2, 0x0, 0x55, 0xb9, 0xf4, 0x3, 0x60, 0x1, 0xea, 0x3] to [0x2, 0x16d58, 0x12, 0x682, 0x2, 0x3f4b955, 0x3ea0160]
RPR rx from 2 len 72 nc 93600 records 4
Database.insertRecord() 2 93544 93558 13 20 [130, 6, 76, 112, 245, 3, 2, 12, 95, 6, 24, 5]
Decoded Bacon Sample [0x82, 0x6, 0x4c, 0x70, 0xf5, 0x3, 0x2, 0xc, 0x5f, 0x6, 0x18, 0x5] to [0x2, 0x16d68, 0x682, 0x3f5704c, 0xc02, 0x65f, 0x518]
Database.insertRecord() 2 93558 93572 13 20 [130, 6, 76, 208, 254, 3, 255, 11, 180, 5, 23, 5]
Decoded Bacon Sample [0x82, 0x6, 0x4c, 0xd0, 0xfe, 0x3, 0xff, 0xb, 0xb4, 0x5, 0x17, 0x5] to [0x2, 0x16d76, 0x682, 0x3fed04c, 0xbff, 0x5b4, 0x517]
Database.insertRecord() 2 93572 93586 13 20 [130, 6, 76, 48, 8, 4, 0, 12, 192, 4, 23, 5]
Decoded Bacon Sample [0x82, 0x6, 0x4c, 0x30, 0x8, 0x4, 0x0, 0xc, 0xc0, 0x4, 0x17, 0x5] to [0x2, 0x16d84, 0x682, 0x408304c, 0xc00, 0x4c0, 0x517]
Database.insertRecord() 2 93586 93600 13 20 [130, 6, 76, 144, 17, 4, 0, 12, 174, 4, 19, 5]
Decoded Bacon Sample [0x82, 0x6, 0x4c, 0x90, 0x11, 0x4, 0x0, 0xc, 0xae, 0x4, 0x13, 0x5] to [0x2, 0x16d92, 0x682, 0x411904c, 0xc00, 0x4ae, 0x513]
RPR rx from 2 len 18 nc 93614 records 1
Database.insertRecord() 2 93600 93614 13 20 [130, 6, 76, 240, 26, 4, 252, 11, 20, 6, 18, 5]
Decoded Bacon Sample [0x82, 0x6, 0x4c, 0xf0, 0x1a, 0x4, 0xfc, 0xb, 0x14, 0x6, 0x12, 0x5] to [0x2, 0x16da0, 0x682, 0x41af04c, 0xbfc, 0x614, 0x512]
receive fwd status 1
receive eos Message <CxEosReport> 
  [owner=0x2]
  [status=0x1]

PROG 1599837569.49  Node 2 transfer completed
REC 2 no gap
REF 1599837555.02 0 1090 1966 1 [8, 17, 18, 1, 2]
Status Message <CxStatus> 
  [distance=0x0]
  [dataPending=0x1]
  [bw=0x2]
  [wakeupRC=0x442]
  [wakeupTS=0x7ae]
  [pushCookie=0x0]
  [writeCookie=0x0]
  [missingLength=0x0]
  [subnetChannel=0x0]
  [sampleInterval=0x7800]
  [role=0x2]
  [barcode=0x0 0x0 0x0 0x0 0x0 0x0 0x0 0x4 ]
  [neighbors=0x8 0x11 0x12 0x1 0x2 0xffff 0xffff 0xffff 0xffff 0xffff 0xffff 0xffff 0xffff 0xffff 0xffff 0xffff ]

PROG 1599837569.82 Contacted 0 (5 neighbors). 0 queued, 0 in current request
receive fwd status 2
receive fwd status 2
receive eos Message <CxEosReport> 
  [owner=0x0]
  [status=0x1]

PROG 1599837571.04  Node 0 transfer completed
Skip BS pseudo cookie
receive fwd status 2
REF 1599837555.02 1 35 70025600 1 [2]
Status Message <CxStatus> 
  [distance=0x1]
  [dataPending=0x1]
  [bw=0x2]
  [wakeupRC=0x23]
  [wakeupTS=0x42c8180]
  [pushCookie=0x34ea]
  [writeCookie=0x34ea]
  [missingLength=0x121]
  [subnetChannel=0x0]
  [sampleInterval=0x96000]
  [role=0x0]
  [barcode=0x1 0x0 0x0 0x0 0x0 0x0 0x0 0x4 ]
  [neighbors=0x2 0xffff 0xffff 0xffff 0xffff 0xffff 0xffff 0xffff 0xffff 0xffff 0xffff 0xffff 0xffff 0xffff 0xffff 0xffff ]

PROG 1599837571.44 Contacted 1 (1 neighbors). 0 queued, 289 in current request
2 elapsed, commit
receive fwd status 2
receive eos Message <CxEosReport> 
  [owner=0x1]
  [status=0x2]

PROG 1599837572.65  Node 1 transfer continues
REF 1599837555.02 0 1090 1966 0 [8, 17, 18, 1, 2]
Status Message <CxStatus> 
  [distance=0x0]
  [dataPending=0x0]
  [bw=0x2]
  [wakeupRC=0x442]
  [wakeupTS=0x7ae]
  [pushCookie=0x0]
  [writeCookie=0x0]
  [missingLength=0x0]
  [subnetChannel=0x0]
  [sampleInterval=0x7800]
  [role=0x2]
  [barcode=0x0 0x0 0x0 0x0 0x0 0x0 0x0 0x4 ]
  [neighbors=0x8 0x11 0x12 0x1 0x2 0xffff 0xffff 0xffff 0xffff 0xffff 0xffff 0xffff 0xffff 0xffff 0xffff 0xffff ]

PROG 1599837572.91 Contacted 0 (5 neighbors). 0 queued, 0 in current request
receive fwd status 2
receive eos Message <CxEosReport> 
  [owner=0x0]
  [status=0x1]

receive fwd status 2
PROG 1599837574.23  Node 0 transfer completed
Skip BS pseudo cookie
REF 1599837555.02 1 35 70025600 1 [2]
Status Message <CxStatus> 
  [distance=0x1]
  [dataPending=0x1]
  [bw=0x2]
  [wakeupRC=0x23]
  [wakeupTS=0x42c8180]
  [pushCookie=0x34ea]
  [writeCookie=0x3500]
  [missingLength=0x0]
  [subnetChannel=0x0]
  [sampleInterval=0x96000]
  [role=0x0]
  [barcode=0x1 0x0 0x0 0x0 0x0 0x0 0x0 0x4 ]
  [neighbors=0x2 0xffff 0xffff 0xffff 0xffff 0xffff 0xffff 0xffff 0xffff 0xffff 0xffff 0xffff 0xffff 0xffff 0xffff 0xffff ]

PROG 1599837574.55 Contacted 1 (1 neighbors). 22 queued, 0 in current request
2 elapsed, commit
RPR rx from 1 len 26 nc 13568 records 1
Database.insertRecord() 1 13546 13568 21 18 [35, 0, 89, 197, 44, 4, 1, 0, 0, 0, 0, 0, 0, 6, 21, 9, 120, 9, 32, 9]
receive fwd status 2
receive eos Message <CxEosReport> 
  [owner=0x1]
  [status=0x1]

PROG 1599837575.74  Node 1 transfer completed
REC 1 check gap 12490
PROG 1599837575.75 Node 1 request 289 (missing: 1584)
TXQ PUT (<tinyos.packet.SerialSource.SerialSource instance at 0x10658cc80>, 1, <tools.cx.messages.CxRecordRequestMsg.CxRecordRequestMsg instance at 0x1095ce820>)
REC 1 requesting 289 at 12490 from 1 (attempt 2)
TXQ SW TX 1 2 0
receive fwd status 1
REF 1599837555.02 0 1090 1966 0 [8, 17, 18, 1, 2]
Status Message <CxStatus> 
  [distance=0x0]
  [dataPending=0x0]
  [bw=0x2]
  [wakeupRC=0x442]
  [wakeupTS=0x7ae]
  [pushCookie=0x0]
  [writeCookie=0x0]
  [missingLength=0x0]
  [subnetChannel=0x0]
  [sampleInterval=0x7800]
  [role=0x2]
  [barcode=0x0 0x0 0x0 0x0 0x0 0x0 0x0 0x4 ]
  [neighbors=0x8 0x11 0x12 0x1 0x2 0xffff 0xffff 0xffff 0xffff 0xffff 0xffff 0xffff 0xffff 0xffff 0xffff 0xffff ]

PROG 1599837576.05 Contacted 0 (5 neighbors). 0 queued, 0 in current request
receive fwd status 1
receive fwd status 1
receive eos Message <CxEosReport> 
  [owner=0x0]
  [status=0x1]

PROG 1599837577.29  Node 0 transfer completed
Skip BS pseudo cookie
REF 1599837555.02 1 35 70025600 0 [2]
Status Message <CxStatus> 
  [distance=0x1]
  [dataPending=0x0]
  [bw=0x2]
  [wakeupRC=0x23]
  [wakeupTS=0x42c8180]
  [pushCookie=0x3500]
  [writeCookie=0x3500]
  [missingLength=0x0]
  [subnetChannel=0x0]
  [sampleInterval=0x96000]
  [role=0x0]
  [barcode=0x1 0x0 0x0 0x0 0x0 0x0 0x0 0x4 ]
  [neighbors=0x2 0xffff 0xffff 0xffff 0xffff 0xffff 0xffff 0xffff 0xffff 0xffff 0xffff 0xffff 0xffff 0xffff 0xffff 0xffff ]

PROG 1599837577.67 Contacted 1 (1 neighbors). 0 queued, 0 in current request
2 elapsed, commit
receive fwd status 1
receive eos Message <CxEosReport> 
  [owner=0x1]
  [status=0x1]

PROG 1599837578.85  Node 1 transfer completed
REC 1 check gap 13242
PROG 1599837578.85 Node 1 request 303 (missing: 1887)
TXQ PUT (<tinyos.packet.SerialSource.SerialSource instance at 0x10658cc80>, 1, <tools.cx.messages.CxRecordRequestMsg.CxRecordRequestMsg instance at 0x1095b3870>)
REC 1 requesting 303 at 13242 from 1 (attempt 1)
TXQ SW TX 1 1 0
receive fwd status 0
REF 1599837555.02 0 1090 1966 1 [8, 17, 18, 1, 2]
Status Message <CxStatus> 
  [distance=0x0]
  [dataPending=0x1]
  [bw=0x2]
  [wakeupRC=0x442]
  [wakeupTS=0x7ae]
  [pushCookie=0x0]
  [writeCookie=0x0]
  [missingLength=0x0]
  [subnetChannel=0x0]
  [sampleInterval=0x7800]
  [role=0x2]
  [barcode=0x0 0x0 0x0 0x0 0x0 0x0 0x0 0x4 ]
  [neighbors=0x8 0x11 0x12 0x1 0x2 0xffff 0xffff 0xffff 0xffff 0xffff 0xffff 0xffff 0xffff 0xffff 0xffff 0xffff ]

PROG 1599837579.15 Contacted 0 (5 neighbors). 0 queued, 0 in current request
receive fwd status 0
receive fwd status 2
receive fwd status 2
receive eos Message <CxEosReport> 
  [owner=0x0]
  [status=0x1]

PROG 1599837580.45  Node 0 transfer completed
Skip BS pseudo cookie
REF 1599837555.02 1 35 70025600 1 [2]
Status Message <CxStatus> 
  [distance=0x1]
  [dataPending=0x1]
  [bw=0x2]
  [wakeupRC=0x23]
  [wakeupTS=0x42c8180]
  [pushCookie=0x3500]
  [writeCookie=0x3500]
  [missingLength=0x121]
  [subnetChannel=0x0]
  [sampleInterval=0x96000]
  [role=0x0]
  [barcode=0x1 0x0 0x0 0x0 0x0 0x0 0x0 0x4 ]
  [neighbors=0x2 0xffff 0xffff 0xffff 0xffff 0xffff 0xffff 0xffff 0xffff 0xffff 0xffff 0xffff 0xffff 0xffff 0xffff 0xffff ]

PROG 1599837580.83 Contacted 1 (1 neighbors). 0 queued, 289 in current request
2 elapsed, commit
receive fwd status 2
receive eos Message <CxEosReport> 
  [owner=0x1]
  [status=0x2]

PROG 1599837582.00  Node 1 transfer continues
receive fwd status 2
REF 1599837555.02 0 1090 1966 0 [8, 17, 18, 1, 2]
Status Message <CxStatus> 
  [distance=0x0]
  [dataPending=0x0]
  [bw=0x2]
  [wakeupRC=0x442]
  [wakeupTS=0x7ae]
  [pushCookie=0x0]
  [writeCookie=0x0]
  [missingLength=0x0]
  [subnetChannel=0x0]
  [sampleInterval=0x7800]
  [role=0x2]
  [barcode=0x0 0x0 0x0 0x0 0x0 0x0 0x0 0x4 ]
  [neighbors=0x8 0x11 0x12 0x1 0x2 0xffff 0xffff 0xffff 0xffff 0xffff 0xffff 0xffff 0xffff 0xffff 0xffff 0xffff ]

PROG 1599837582.26 Contacted 0 (5 neighbors). 0 queued, 0 in current request
receive fwd status 2
receive eos Message <CxEosReport> 
  [owner=0x0]
  [status=0x1]

PROG 1599837583.56  Node 0 transfer completed
Skip BS pseudo cookie
REF 1599837555.02 1 35 70025600 0 [2]
Status Message <CxStatus> 
  [distance=0x1]
  [dataPending=0x0]
  [bw=0x2]
  [wakeupRC=0x23]
  [wakeupTS=0x42c8180]
  [pushCookie=0x3500]
  [writeCookie=0x3500]
  [missingLength=0x0]
  [subnetChannel=0x0]
  [sampleInterval=0x96000]
  [role=0x0]
  [barcode=0x1 0x0 0x0 0x0 0x0 0x0 0x0 0x4 ]
  [neighbors=0x2 0xffff 0xffff 0xffff 0xffff 0xffff 0xffff 0xffff 0xffff 0xffff 0xffff 0xffff 0xffff 0xffff 0xffff 0xffff ]

PROG 1599837583.94 Contacted 1 (1 neighbors). 0 queued, 0 in current request
2 elapsed, commit
receive fwd status 2
RPR rx from 0 len 91 nc 62205 records 1
Database.insertRecord() 0 62118 62205 86 25 [0, 0, 1, 0, 4, 66, 0, 0, 7, 174, 0, 0, 0, 8, 0, 17, 0, 18, 0, 1, 0, 2, 255, 255, 255, 255, 255, 255, 255, 255, 255, 255, 255, 255, 255, 255, 255, 255, 255, 255, 255, 255, 255, 255, 255, 255, 255, 255, 255, 255, 255, 255, 255, 255, 255, 255, 255, 255, 255, 255, 0, 1, 1, 1, 1, 1, 255, 255, 255, 255, 255, 255, 255, 255, 255, 255, 255, 255, 255, 255, 255, 255, 255, 255, 255]
FINISHED
receive eos Message <CxEosReport> 
  [owner=0x1]
  [status=0x1]

PROG 1599837585.24  Node 1 transfer completed
REC 1 check gap 13242
PROG 1599837585.25 Node 1 request 303 (missing: 1887)
TXQ PUT (<tinyos.packet.SerialSource.SerialSource instance at 0x10658cc80>, 1, <tools.cx.messages.CxRecordRequestMsg.CxRecordRequestMsg instance at 0x1095ce8c0>)
REC 1 requesting 303 at 13242 from 1 (attempt 2)
Cleaning up
clearing
TXQ SW DROP 1 2 1
receive fwd status 2
Clearing RX Queue
QUEUE CLEARED
cleared
finished
waiting for db stop
synchronous stop
explicit close
explicit closedb stopped

done for real
PROG 1599837587.28 Finished.
PROG 1599837587.28 Download finished: 6/6 identified nodes contacted
selection:  []
(17, 614400, 0, 0)
(8, 614400, 0, 0)
(18, 614400, 0, 0)
(2, 614400, 0, 0)
(0, 30720, 0, 2)
(1, 614400, 0, 0)
Channel maps {0: {0: ['0x0400000000000011', '0x0400000000000008', '0x0400000000000012', '0x0400000000000002', '0x0400000000000001'], 2: ['0x0400000000000000']}}
0x0400000000000008 0 0x0500000000000008
0x0400000000000011 0 0x0500000000000011
0x0400000000000012 0 0x0600000000000012
delete insert object, signal stop
