database0.sqlite passed integrity check
network_membership OK
active_period OK
toast_sample OK
packet OK
log_record OK
node_status OK
cookie_table OK
toast_connection OK
bacon_sample OK
toast_disconnection OK
sensor_connection OK
phoenix_reference OK
sensor_sample OK
bacon_settings OK
base_reference OK
last_bs OK
last_ap OK
last_connection OK
last_status OK
last_disconnection OK
DBQ database0.sqlite
DBQ database0.sqlite
selection:  []
(2, 614400, 0, 0)
(8, 614400, 0, 0)
(1, 614400, 0, 0)
(17, 614400, 0, 0)
(0, 30720, 0, 2)
(18, 614400, 0, 0)
Channel maps {0: {0: ['0x0400000000000002', '0x0400000000000008', '0x0400000000000001', '0x0400000000000011', '0x0400000000000012'], 2: ['0x0400000000000000']}}
0x0400000000000008 0 0x0500000000000008
0x0400000000000011 0 0x0500000000000011
Note: mouse wheel not implemented on Mac OS
PROG 1599780581.69 Patch Download Started
patch download 0
serial@/dev/tty.Bluetooth-Incoming-Port:115200
DatabaseMissing() downloadThread
PROG 1599780584.96 Could not connect to base station.
      Make sure you've selected the right device and make sure
      it has been set up as a base station.
     PROG 1599780584.96 Download finished: 0/0 identified nodes contacted
Exception in thread downloadThread:
Traceback (most recent call last):
  File "/opt/anaconda3/envs/TinyOS/lib/python2.7/threading.py", line 801, in __bootstrap_inner
    self.run()
  File "/opt/anaconda3/envs/TinyOS/lib/python2.7/threading.py", line 754, in run
    self.__target(*self.__args, **self.__kwargs)
  File "/Users/jianingfang/Desktop/tinyos-main-1/apps/breakfast/tools/Life/tools/dashboard/ControlFrame.py", line 474, in patchDownloadRunner
    requestMissing=True)
  File "/Users/jianingfang/Desktop/tinyos-main-1/apps/breakfast/tools/Life/tools/cx/CXController.py", line 123, in download
    d = Dispatcher(packetSource, db, configMap=configMap, configFile=configFile)
  File "/Users/jianingfang/Desktop/tinyos-main-1/apps/breakfast/tools/Life/tools/cx/CXController.py", line 96, in __init__
    raise Exception("Connected mote did not respond to ID request (has it been set up as a BaseStation?")
Exception: Connected mote did not respond to ID request (has it been set up as a BaseStation?

selection:  []
(2, 614400, 0, 0)
(8, 614400, 0, 0)
(1, 614400, 0, 0)
(17, 614400, 0, 0)
(0, 30720, 0, 2)
(18, 614400, 0, 0)
Channel maps {0: {0: ['0x0400000000000002', '0x0400000000000008', '0x0400000000000001', '0x0400000000000011', '0x0400000000000012'], 2: ['0x0400000000000000']}}
0x0400000000000008 0 0x0500000000000008
0x0400000000000011 0 0x0500000000000011
PROG 1599780598.32 Network Discovery Started
serial@/dev/tty.usbserial-AE01BDNV:115200
DatabaseMissing() discoverThread
receive fwd status 2
ns 0: pi 1024 if 1 md 10 -> 327680
ns 1: pi 1024 if 1 md 5 -> 163840
ns 2: pi 1024 if 1 md 5 -> 163840
Setting MDR to  1
receive fwd status 2
Wakeup start 1599780600.68
ACK 0
receive fwd status 2
receive fwd status 2
receive fwd status 2
receive fwd status 2
receive fwd status 2
receive fwd status 2
receive fwd status 2
receive fwd status 2
receive fwd status 2
receive fwd status 2
receive fwd status 2
REF 1599780600.69 0 1078 1981 0 [17, 2, 1, 8, 18]
Status Message <CxStatus> 
  [distance=0x0]
  [dataPending=0x0]
  [bw=0x2]
  [wakeupRC=0x436]
  [wakeupTS=0x7bd]
  [pushCookie=0x0]
  [writeCookie=0x0]
  [missingLength=0x0]
  [subnetChannel=0x0]
  [sampleInterval=0x7800]
  [role=0x2]
  [barcode=0x0 0x0 0x0 0x0 0x0 0x0 0x0 0x4 ]
  [neighbors=0x11 0x2 0x1 0x8 0x12 0xffff 0xffff 0xffff 0xffff 0xffff 0xffff 0xffff 0xffff 0xffff 0xffff 0xffff ]

PROG 1599780611.26 Contacted 0 (5 neighbors). 0 queued, 0 in current request
2 elapsed, commit
receive fwd status 2
receive eos Message <CxEosReport> 
  [owner=0x0]
  [status=0x1]

PROG 1599780612.31  Node 0 transfer completed
receive fwd status 2
REF 1599780600.69 17 10 12973680 0 [2, 1, 8, 18]
Status Message <CxStatus> 
  [distance=0x1]
  [dataPending=0x0]
  [bw=0x2]
  [wakeupRC=0xa]
  [wakeupTS=0xc5f670]
  [pushCookie=0x7ce]
  [writeCookie=0x878]
  [missingLength=0x0]
  [subnetChannel=0x0]
  [sampleInterval=0x96000]
  [role=0x0]
  [barcode=0x11 0x0 0x0 0x0 0x0 0x0 0x0 0x4 ]
  [neighbors=0x2 0x1 0x8 0x12 0xffff 0xffff 0xffff 0xffff 0xffff 0xffff 0xffff 0xffff 0xffff 0xffff 0xffff 0xffff ]

PROG 1599780612.96 Contacted 11 (4 neighbors). 170 queued, 0 in current request
receive eos Message <CxEosReport> 
  [owner=0x11]
  [status=0x1]

receive fwd status 2
PROG 1599780613.88  Node 11 transfer completed
REF 1599780600.69 2 1666 10687466 0 [1, 8, 18]
Status Message <CxStatus> 
  [distance=0x1]
  [dataPending=0x0]
  [bw=0x2]
  [wakeupRC=0x682]
  [wakeupTS=0xa313ea]
  [pushCookie=0x16746]
  [writeCookie=0x1678c]
  [missingLength=0x0]
  [subnetChannel=0x0]
  [sampleInterval=0x96000]
  [role=0x0]
  [barcode=0x2 0x0 0x0 0x0 0x0 0x0 0x0 0x4 ]
  [neighbors=0x1 0x8 0x12 0xffff 0xffff 0xffff 0xffff 0xffff 0xffff 0xffff 0xffff 0xffff 0xffff 0xffff 0xffff 0xffff ]

PROG 1599780614.56 Contacted 2 (3 neighbors). 70 queued, 0 in current request
2 elapsed, commit
receive fwd status 2
receive eos Message <CxEosReport> 
  [owner=0x2]
  [status=0x1]

PROG 1599780615.44  Node 2 transfer completed
receive fwd status 2
REF 1599780600.69 1 35 11728342 0 [8, 18]
Status Message <CxStatus> 
  [distance=0x1]
  [dataPending=0x0]
  [bw=0x2]
  [wakeupRC=0x23]
  [wakeupTS=0xb2f5d6]
  [pushCookie=0x25c5]
  [writeCookie=0x2689]
  [missingLength=0x0]
  [subnetChannel=0x0]
  [sampleInterval=0x96000]
  [role=0x0]
  [barcode=0x1 0x0 0x0 0x0 0x0 0x0 0x0 0x4 ]
  [neighbors=0x8 0x12 0xffff 0xffff 0xffff 0xffff 0xffff 0xffff 0xffff 0xffff 0xffff 0xffff 0xffff 0xffff 0xffff 0xffff ]

PROG 1599780616.08 Contacted 1 (2 neighbors). 196 queued, 0 in current request
receive fwd status 2
receive eos Message <CxEosReport> 
  [owner=0x1]
  [status=0x1]

PROG 1599780617.01  Node 1 transfer completed
REF 1599780600.69 8 7 6460981 0 [18]
Status Message <CxStatus> 
  [distance=0x1]
  [dataPending=0x0]
  [bw=0x2]
  [wakeupRC=0x7]
  [wakeupTS=0x629635]
  [pushCookie=0x4e8]
  [writeCookie=0x5ca]
  [missingLength=0x0]
  [subnetChannel=0x0]
  [sampleInterval=0x96000]
  [role=0x0]
  [barcode=0x8 0x0 0x0 0x0 0x0 0x0 0x0 0x4 ]
  [neighbors=0x12 0xffff 0xffff 0xffff 0xffff 0xffff 0xffff 0xffff 0xffff 0xffff 0xffff 0xffff 0xffff 0xffff 0xffff 0xffff ]

PROG 1599780617.68 Contacted 8 (1 neighbors). 226 queued, 0 in current request
2 elapsed, commit
receive fwd status 2
receive eos Message <CxEosReport> 
  [owner=0x8]
  [status=0x1]

PROG 1599780618.58  Node 8 transfer completed
receive fwd status 2
REF 1599780600.69 18 2 9985314 0 []
Status Message <CxStatus> 
  [distance=0x1]
  [dataPending=0x0]
  [bw=0x2]
  [wakeupRC=0x2]
  [wakeupTS=0x985d22]
  [pushCookie=0x2de]
  [writeCookie=0x3a2]
  [missingLength=0x0]
  [subnetChannel=0x0]
  [sampleInterval=0x96000]
  [role=0x0]
  [barcode=0x12 0x0 0x0 0x0 0x0 0x0 0x0 0x4 ]
  [neighbors=0xffff 0xffff 0xffff 0xffff 0xffff 0xffff 0xffff 0xffff 0xffff 0xffff 0xffff 0xffff 0xffff 0xffff 0xffff 0xffff ]

PROG 1599780619.22 Contacted 12 (0 neighbors). 196 queued, 0 in current request
receive fwd status 2
RPR rx from 0 len 91 nc 61596 records 1
Database.insertRecord() 0 61509 61596 86 25 [0, 0, 0, 128, 4, 54, 0, 0, 7, 189, 0, 0, 0, 17, 0, 2, 0, 1, 0, 8, 0, 18, 255, 255, 255, 255, 255, 255, 255, 255, 255, 255, 255, 255, 255, 255, 255, 255, 255, 255, 255, 255, 255, 255, 255, 255, 255, 255, 255, 255, 255, 255, 255, 255, 255, 255, 255, 255, 255, 255, 0, 1, 1, 1, 1, 1, 255, 255, 255, 255, 255, 255, 255, 255, 255, 255, 255, 255, 255, 255, 255, 255, 255, 255, 255]
2 elapsed, commit
FINISHED
receive eos Message <CxEosReport> 
  [owner=0x12]
  [status=0x1]

PROG 1599780620.22  Node 12 transfer completed
Cleaning up
clearing
receive fwd status 2
Clearing RX Queue
QUEUE CLEARED
cleared
finished
waiting for db stop
synchronous stop
explicit close
explicit close
db stopped
done for real
PROG 1599780622.06 Finished.
PROG 1599780622.07 Download finished: 6/6 identified nodes contacted
selection:  []
(17, 614400, 0, 0)
(8, 614400, 0, 0)
(1, 614400, 0, 0)
(2, 614400, 0, 0)
(0, 30720, 0, 2)
(18, 614400, 0, 0)
Channel maps {0: {0: ['0x0400000000000011', '0x0400000000000008', '0x0400000000000001', '0x0400000000000002', '0x0400000000000012'], 2: ['0x0400000000000000']}}
0x0400000000000008 0 0x0500000000000008
0x0400000000000011 0 0x0500000000000011
explicit close
delete insert object, signal stop
PROG 1599781614.86 Patch Download Started
patch download 0
serial@/dev/tty.usbserial-AE01BDNV:115200
DatabaseMissing() downloadThread
receive fwd status 2
ns 0: pi 1024 if 1 md 10 -> 327680
ns 1: pi 1024 if 1 md 5 -> 163840
ns 2: pi 1024 if 1 md 5 -> 163840
Setting MDR to  1000
receive fwd status 2
Wakeup start 1599781617.21
ACK 0
receive fwd status 2
receive fwd status 2
receive fwd status 2
receive fwd status 2
receive fwd status 2
receive fwd status 2
REF 1599781617.22 0 1079 1955 0 [18, 1, 8, 2, 17]
Status Message <CxStatus> 
  [distance=0x0]
  [dataPending=0x0]
  [bw=0x2]
  [wakeupRC=0x437]
  [wakeupTS=0x7a3]
  [pushCookie=0x0]
  [writeCookie=0x0]
  [missingLength=0x0]
  [subnetChannel=0x0]
  [sampleInterval=0x7800]
  [role=0x2]
  [barcode=0x0 0x0 0x0 0x0 0x0 0x0 0x0 0x4 ]
  [neighbors=0x12 0x1 0x8 0x2 0x11 0xffff 0xffff 0xffff 0xffff 0xffff 0xffff 0xffff 0xffff 0xffff 0xffff 0xffff ]

PROG 1599781622.60 Contacted 0 (5 neighbors). 0 queued, 0 in current request
2 elapsed, commit
receive fwd status 2
receive eos Message <CxEosReport> 
  [owner=0x0]
  [status=0x1]

PROG 1599781623.88  Node 0 transfer completed
Skip BS pseudo cookie
REF 1599781617.22 18 2 11025328 1 [1, 8, 2, 17]
Status Message <CxStatus> 
  [distance=0x1]
  [dataPending=0x1]
  [bw=0x2]
  [wakeupRC=0x2]
  [wakeupTS=0xa83bb0]
  [pushCookie=0x2de]
  [writeCookie=0x40e]
  [missingLength=0x0]
  [subnetChannel=0x0]
  [sampleInterval=0x96000]
  [role=0x0]
  [barcode=0x12 0x0 0x0 0x0 0x0 0x0 0x0 0x4 ]
  [neighbors=0x1 0x8 0x2 0x11 0xffff 0xffff 0xffff 0xffff 0xffff 0xffff 0xffff 0xffff 0xffff 0xffff 0xffff 0xffff ]

PROG 1599781624.26 Contacted 12 (4 neighbors). 304 queued, 0 in current request
RPR rx from 18 len 20 nc 750 records 1
Database.insertRecord() 18 734 750 15 22 [17, 0, 2, 0, 10, 0, 183, 171, 112, 0, 209, 70, 158, 0]
Decoded Phoenix Ref [0x11, 0x0, 0x2, 0x0, 0xa, 0x0, 0xb7, 0xab, 0x70, 0x0, 0xd1, 0x46, 0x9e, 0x0] to [0x12, 0x2de, 0x11, 0x2, 0xa, 0x70abb7, 0x9e46d1]
receive fwd status 2
RPR rx from 18 len 54 nc 792 records 3
Database.insertRecord() 18 750 764 13 20 [2, 0, 79, 112, 113, 0, 245, 11, 31, 2, 11, 5]
Decoded Bacon Sample [0x2, 0x0, 0x4f, 0x70, 0x71, 0x0, 0xf5, 0xb, 0x1f, 0x2, 0xb, 0x5] to [0x12, 0x2ee, 0x2, 0x71704f, 0xbf5, 0x21f, 0x50b]
Database.insertRecord() 18 764 778 13 20 [2, 0, 79, 208, 122, 0, 249, 11, 5, 2, 2, 5]
Decoded Bacon Sample [0x2, 0x0, 0x4f, 0xd0, 0x7a, 0x0, 0xf9, 0xb, 0x5, 0x2, 0x2, 0x5] to [0x12, 0x2fc, 0x2, 0x7ad04f, 0xbf9, 0x205, 0x502]
Database.insertRecord() 18 778 792 13 20 [2, 0, 79, 48, 132, 0, 250, 11, 19, 2, 255, 4]
Decoded Bacon Sample [0x2, 0x0, 0x4f, 0x30, 0x84, 0x0, 0xfa, 0xb, 0x13, 0x2, 0xff, 0x4] to [0x12, 0x30a, 0x2, 0x84304f, 0xbfa, 0x213, 0x4ff]
RPR rx from 18 len 76 nc 864 records 1
Database.insertRecord() 18 792 864 71 17 [2, 0, 92, 165, 140, 0, 94, 48, 2, 2, 14, 0, 3, 2, 139, 141, 8, 16, 0, 128, 0, 0, 206, 127, 146, 11, 191, 13, 52, 128, 241, 6, 63, 8, 4, 8, 18, 0, 0, 0, 0, 0, 0, 6, 5, 24, 32, 0, 18, 33, 0, 18, 20, 0, 2, 0, 0, 0, 0, 0, 0, 0, 0, 0, 0, 0, 0, 0, 0, 0]
Toast Connection raw: ['0x2', '0x0', '0x5c', '0xa5', '0x8c', '0x0', '0x5e', '0x30', '0x2', '0x2', '0xe', '0x0', '0x3', '0x2', '0x8b', '0x8d', '0x8', '0x10', '0x0', '0x80', '0x0', '0x0', '0xce', '0x7f', '0x92', '0xb', '0xbf', '0xd', '0x34', '0x80', '0xf1', '0x6', '0x3f', '0x8', '0x4', '0x8', '0x12', '0x0', '0x0', '0x0', '0x0', '0x0', '0x0', '0x6', '0x5', '0x18', '0x20', '0x0', '0x12', '0x21', '0x0', '0x12', '0x14', '0x0', '0x2', '0x0', '0x0', '0x0', '0x0', '0x0', '0x0', '0x0', '0x0', '0x0', '0x0', '0x0', '0x0', '0x0', '0x0', '0x0']
Toast Connection unpacked: 18 792 2 9217372 ['0x5e', '0x30', '0x2', '0x2', '0xe', '0x0', '0x3', '0x2', '0x8b', '0x8d', '0x8', '0x10', '0x0', '0x80', '0x0', '0x0', '0xce', '0x7f', '0x92', '0xb', '0xbf', '0xd', '0x34', '0x80', '0xf1', '0x6', '0x3f', '0x8', '0x4', '0x8', '0x12', '0x0', '0x0', '0x0', '0x0', '0x0', '0x0', '0x6', '0x5', '0x18', '0x20', '0x0', '0x12', '0x21', '0x0', '0x12', '0x14', '0x0', '0x2', '0x0', '0x0', '0x0', '0x0', '0x0', '0x0', '0x0', '0x0', '0x0', '0x0', '0x0', '0x0', '0x0', '0x0', '0x0']
next (t,l,v) 0x2 2 0xe 0x0
next (t,l,v) 0x3 2 0x8b 0x8d
next (t,l,v) 0x8 16 0x0 0x80 0x0 0x0 0xce 0x7f 0x92 0xb 0xbf 0xd 0x34 0x80 0xf1 0x6 0x3f 0x8
next (t,l,v) 0x4 8 0x12 0x0 0x0 0x0 0x0 0x0 0x0 0x6
next (t,l,v) 0x5 24 0x20 0x0 0x12 0x21 0x0 0x12 0x14 0x0 0x2 0x0 0x0 0x0 0x0 0x0 0x0 0x0 0x0 0x0 0x0 0x0 0x0 0x0 0x0 0x0
RPR rx from 18 len 82 nc 930 records 4
Database.insertRecord() 18 864 886 21 18 [2, 0, 103, 165, 140, 0, 18, 0, 0, 0, 0, 0, 0, 6, 93, 9, 146, 9, 96, 1]
Database.insertRecord() 18 886 900 13 20 [2, 0, 79, 144, 141, 0, 237, 11, 213, 1, 13, 5]
Decoded Bacon Sample [0x2, 0x0, 0x4f, 0x90, 0x8d, 0x0, 0xed, 0xb, 0xd5, 0x1, 0xd, 0x5] to [0x12, 0x376, 0x2, 0x8d904f, 0xbed, 0x1d5, 0x50d]
Database.insertRecord() 18 900 916 15 16 [2, 0, 84, 3, 150, 0, 18, 0, 0, 0, 0, 0, 0, 6]
Database.insertRecord() 18 916 930 13 20 [2, 0, 79, 240, 150, 0, 249, 11, 217, 1, 14, 5]
Decoded Bacon Sample [0x2, 0x0, 0x4f, 0xf0, 0x96, 0x0, 0xf9, 0xb, 0xd9, 0x1, 0xe, 0x5] to [0x12, 0x394, 0x2, 0x96f04f, 0xbf9, 0x1d9, 0x50e]
RPR rx from 18 len 76 nc 1002 records 1
Database.insertRecord() 18 930 1002 71 17 [2, 0, 92, 101, 159, 0, 94, 48, 2, 2, 14, 0, 3, 2, 139, 141, 8, 16, 0, 128, 0, 0, 206, 127, 146, 11, 191, 13, 52, 128, 241, 6, 63, 8, 4, 8, 18, 0, 0, 0, 0, 0, 0, 6, 5, 24, 32, 0, 18, 33, 0, 18, 20, 0, 2, 0, 0, 0, 0, 0, 0, 0, 0, 0, 0, 0, 0, 0, 0, 0]
Toast Connection raw: ['0x2', '0x0', '0x5c', '0x65', '0x9f', '0x0', '0x5e', '0x30', '0x2', '0x2', '0xe', '0x0', '0x3', '0x2', '0x8b', '0x8d', '0x8', '0x10', '0x0', '0x80', '0x0', '0x0', '0xce', '0x7f', '0x92', '0xb', '0xbf', '0xd', '0x34', '0x80', '0xf1', '0x6', '0x3f', '0x8', '0x4', '0x8', '0x12', '0x0', '0x0', '0x0', '0x0', '0x0', '0x0', '0x6', '0x5', '0x18', '0x20', '0x0', '0x12', '0x21', '0x0', '0x12', '0x14', '0x0', '0x2', '0x0', '0x0', '0x0', '0x0', '0x0', '0x0', '0x0', '0x0', '0x0', '0x0', '0x0', '0x0', '0x0', '0x0', '0x0']
Toast Connection unpacked: 18 930 2 10446172 ['0x5e', '0x30', '0x2', '0x2', '0xe', '0x0', '0x3', '0x2', '0x8b', '0x8d', '0x8', '0x10', '0x0', '0x80', '0x0', '0x0', '0xce', '0x7f', '0x92', '0xb', '0xbf', '0xd', '0x34', '0x80', '0xf1', '0x6', '0x3f', '0x8', '0x4', '0x8', '0x12', '0x0', '0x0', '0x0', '0x0', '0x0', '0x0', '0x6', '0x5', '0x18', '0x20', '0x0', '0x12', '0x21', '0x0', '0x12', '0x14', '0x0', '0x2', '0x0', '0x0', '0x0', '0x0', '0x0', '0x0', '0x0', '0x0', '0x0', '0x0', '0x0', '0x0', '0x0', '0x0', '0x0']
next (t,l,v) 0x2 2 0xe 0x0
next (t,l,v) 0x3 2 0x8b 0x8d
next (t,l,v) 0x8 16 0x0 0x80 0x0 0x0 0xce 0x7f 0x92 0xb 0xbf 0xd 0x34 0x80 0xf1 0x6 0x3f 0x8
next (t,l,v) 0x4 8 0x12 0x0 0x0 0x0 0x0 0x0 0x0 0x6
next (t,l,v) 0x5 24 0x20 0x0 0x12 0x21 0x0 0x12 0x14 0x0 0x2 0x0 0x0 0x0 0x0 0x0 0x0 0x0 0x0 0x0 0x0 0x0 0x0 0x0 0x0 0x0
RPR rx from 18 len 44 nc 1038 records 2
Database.insertRecord() 18 1002 1024 21 18 [2, 0, 103, 101, 159, 0, 18, 0, 0, 0, 0, 0, 0, 6, 61, 9, 147, 9, 94, 1]
Database.insertRecord() 18 1024 1038 13 20 [2, 0, 79, 80, 160, 0, 249, 11, 9, 2, 2 elapsed, commit
15, 5]
Decoded Bacon Sample [0x2, 0x0, 0x4f, 0x50, 0xa0, 0x0, 0xf9, 0xb, 0x9, 0x2, 0xf, 0x5] to [0x12, 0x400, 0x2, 0xa0504f, 0xbf9, 0x209, 0x50f]
receive eos Message <CxEosReport> 
  [owner=0x12]
  [status=0x1]

receive fwd status 2
PROG 1599781625.47  Node 12 transfer completed
REC 18 no gap
REF 1599781617.22 1 35 12768535 1 [8, 2, 17]
Status Message <CxStatus> 
  [distance=0x1]
  [dataPending=0x1]
  [bw=0x2]
  [wakeupRC=0x23]
  [wakeupTS=0xc2d517]
  [pushCookie=0x25c5]
  [writeCookie=0x26ad]
  [missingLength=0x0]
  [subnetChannel=0x0]
  [sampleInterval=0x96000]
  [role=0x0]
  [barcode=0x1 0x0 0x0 0x0 0x0 0x0 0x0 0x4 ]
  [neighbors=0x8 0x2 0x11 0xffff 0xffff 0xffff 0xffff 0xffff 0xffff 0xffff 0xffff 0xffff 0xffff 0xffff 0xffff 0xffff ]

PROG 1599781625.84 Contacted 1 (3 neighbors). 232 queued, 0 in current request
receive fwd status 2
receive eos Message <CxEosReport> 
  [owner=0x1]
  [status=0x1]

PROG 1599781626.95  Node 1 transfer completed
REC 1 no gap
REF 1599781617.22 8 7 7501554 1 [2, 17]
Status Message <CxStatus> 
  [distance=0x1]
  [dataPending=0x1]
  [bw=0x2]
  [wakeupRC=0x7]
  [wakeupTS=0x7276f2]
  [pushCookie=0x4e8]
  [writeCookie=0x62e]
  [missingLength=0x0]
  [subnetChannel=0x0]
  [sampleInterval=0x96000]
  [role=0x0]
  [barcode=0x8 0x0 0x0 0x0 0x0 0x0 0x0 0x4 ]
  [neighbors=0x2 0x11 0xffff 0xffff 0xffff 0xffff 0xffff 0xffff 0xffff 0xffff 0xffff 0xffff 0xffff 0xffff 0xffff 0xffff ]

PROG 1599781627.43 Contacted 8 (2 neighbors). 326 queued, 0 in current request
receive fwd status 2
RPR rx from 8 len 32 nc 1284 records 1
Database.insertRecord() 8 1256 1284 27 18 [7, 0, 97, 69, 56, 0, 8, 0, 0, 0, 0, 0, 0, 5, 57, 1, 59, 1, 68, 1, 80, 1, 89, 1, 55, 9]
2 elapsed, commit
RPR rx from 8 len 70 nc 1342 records 3
Database.insertRecord() 8 1284 1300 15 22 [18, 0, 7, 0, 2, 0, 229, 109, 56, 0, 124, 52, 110, 0]
Decoded Phoenix Ref [0x12, 0x0, 0x7, 0x0, 0x2, 0x0, 0xe5, 0x6d, 0x38, 0x0, 0x7c, 0x34, 0x6e, 0x0] to [0x8, 0x504, 0x12, 0x7, 0x2, 0x386de5, 0x6e347c]
Database.insertRecord() 8 1300 1314 13 20 [7, 0, 77, 48, 57, 0, 12, 12, 72, 2, 9, 5]
Decoded Bacon Sample [0x7, 0x0, 0x4d, 0x30, 0x39, 0x0, 0xc, 0xc, 0x48, 0x2, 0x9, 0x5] to [0x8, 0x514, 0x7, 0x39304d, 0xc0c, 0x248, 0x509]
Database.insertRecord() 8 1314 1342 27 18 [7, 0, 97, 165, 65, 0, 8, 0, 0, 0, 0, 0, 0, 5, 58, 1, 60, 1, 66, 1, 75, 1, 87, 1, 63, 9]
RPR rx from 8 len 68 nc 1398 records 3
Database.insertRecord() 8 1342 1356 13 20 [7, 0, 77, 144, 66, 0, 2, 12, 85, 2, 255, 4]
Decoded Bacon Sample [0x7, 0x0, 0x4d, 0x90, 0x42, 0x0, 0x2, 0xc, 0x55, 0x2, 0xff, 0x4] to [0x8, 0x53e, 0x7, 0x42904d, 0xc02, 0x255, 0x4ff]
Database.insertRecord() 8 1356 1384 27 18 [7, 0, 97, 5, 75, 0, 8, 0, 0, 0, 0, 0, 0, 5, 69, 1, 59, 1, 61, 1, 80, 1, 81, 1, 91, 9]
Database.insertRecord() 8 1384 1398 13 20 [7, 0, 77, 240, 75, 0, 13, 12, 81, 2, 249, 4]
Decoded Bacon Sample [0x7, 0x0, 0x4d, 0xf0, 0x4b, 0x0, 0xd, 0xc, 0x51, 0x2, 0xf9, 0x4] to [0x8, 0x568, 0x7, 0x4bf04d, 0xc0d, 0x251, 0x4f9]
RPR rx from 8 len 82 nc 1468 records 3
Database.insertRecord() 8 1398 1426 27 18 [7, 0, 97, 101, 84, 0, 8, 0, 0, 0, 0, 0, 0, 5, 97, 1, 61, 1, 62, 1, 76, 1, 95, 1, 81, 9]
Database.insertRecord() 8 1426 1440 13 20 [7, 0, 77, 80, 85, 0, 13, 12, 57, 2, 9, 5]
Decoded Bacon Sample [0x7, 0x0, 0x4d, 0x50, 0x55, 0x0, 0xd, 0xc, 0x39, 0x2, 0x9, 0x5] to [0x8, 0x592, 0x7, 0x55504d, 0xc0d, 0x239, 0x509]
Database.insertRecord() 8 1440 1468 27 18 [7, 0, 97, 197, 93, 0, 8, 0, 0, 0, 0, 0, 0, 5, 56, 1, 60, 1, 67, 1, 82, 1, 89, 1, 50, 9]
RPR rx from 8 len 68 nc 1524 records 3
Database.insertRecord() 8 1468 1482 13 20 [7, 0, 77, 176, 94, 0, 20, 12, 90, 2, 11, 5]
Decoded Bacon Sample [0x7, 0x0, 0x4d, 0xb0, 0x5e, 0x0, 0x14, 0xc, 0x5a, 0x2, 0xb, 0x5] to [0x8, 0x5bc, 0x7, 0x5eb04d, 0xc14, 0x25a, 0x50b]
Database.insertRecord() 8 1482 1510 27 18 [7, 0, 97, 37, 103, 0, 8, 0, 0, 0, 0, 0, 0, 5, 87, 1, 61, 1, 60, 1, 79, 1, 95, 1, 48, 9]
Database.insertRecord() 8 1510 1524 13 20 [7, 0, 77, 16, 104, 0, 16, 12, 96, 2, 13, 5]
Decoded Bacon Sample [0x7, 0x0, 0x4d, 0x10, 0x68, 0x0, 0x10, 0xc, 0x60, 0x2, 0xd, 0x5] to [0x8, 0x5e6, 0x7, 0x68104d, 0xc10, 0x260, 0x50d]
RPR rx from 8 len 70 nc 1582 records 3
Database.insertRecord() 8 1524 1552 27 18 [7, 0, 97, 133, 112, 0, 8, 0, 0, 0, 0, 0, 0, 5, 75, 1, 59, 1, 62, 1, 80, 1, 95, 1, 35, 9]
Database.insertRecord() 8 1552 1568 15 22 [0, 0, 7, 0, 54, 4, 55, 174, 112, 0, 105, 35, 14, 0]
Decoded Phoenix Ref [0x0, 0x0, 0x7, 0x0, 0x36, 0x4, 0x37, 0xae, 0x70, 0x0, 0x69, 0x23, 0xe, 0x0] to [0x8, 0x610, 0x0, 0x7, 0x436, 0x70ae37, 0xe2369]
Database.insertRecord() 8 1568 1582 13 20 [7, 0, 77, 112, 113, 0, 14, 12, 74, 2, 13, 5]
Decoded Bacon Sample [0x7, 0x0, 0x4d, 0x70, 0x71, 0x0, 0xe, 0xc, 0x4a, 0x2, 0xd, 0x5] to [0x8, 0x620, 0x7, 0x71704d, 0xc0e, 0x24a, 0x50d]
receive fwd status 2
receive eos Message <CxEosReport> 
  [owner=0x8]
  [status=0x1]

PROG 1599781628.54  Node 8 transfer completed
REC 8 no gap
REF 1599781617.22 2 1666 11728480 1 [17]
Status Message <CxStatus> 
  [distance=0x1]
  [dataPending=0x1]
  [bw=0x2]
  [wakeupRC=0x682]
  [wakeupTS=0xb2f660]
  [pushCookie=0x16746]
  [writeCookie=0x167b8]
  [missingLength=0x0]
  [subnetChannel=0x0]
  [sampleInterval=0x96000]
  [role=0x0]
  [barcode=0x2 0x0 0x0 0x0 0x0 0x0 0x0 0x4 ]
  [neighbors=0x11 0xffff 0xffff 0xffff 0xffff 0xffff 0xffff 0xffff 0xffff 0xffff 0xffff 0xffff 0xffff 0xffff 0xffff 0xffff ]

PROG 1599781628.91 Contacted 2 (1 neighbors). 114 queued, 0 in current request
RPR rx from 2 len 18 nc 91988 records 1
Database.insertRecord() 2 91974 91988 13 20 [130, 6, 76, 208, 122, 0, 246, 11, 154, 3, 254, 4]
Decoded Bacon Sample [0x82, 0x6, 0x4c, 0xd0, 0x7a, 0x0, 0xf6, 0xb, 0x9a, 0x3, 0xfe, 0x4] to [0x2, 0x16746, 0x682, 0x7ad04c, 0xbf6, 0x39a, 0x4fe]
RPR rx from 2 len 72 nc 92044 records 4
Database.insertRecord() 2 91988 92002 13 20 [130, 6, 76, 48, 132, 0, 250, 11, 178, 3, 248, 4]
Decoded Bacon Sample [0x82, 0x6, 0x4c, 0x30, 0x84, 0x0, 0xfa, 0xb, 0xb2, 0x3, 0xf8, 0x4] to [0x2, 0x16754, 0x682, 0x84304c, 0xbfa, 0x3b2, 0x4f8]
Database.insertRecord() 2 92002 92016 13 20 [130, 6, 76, 144, 141, 0, 194, 9, 148, 3, 98, 5]
Decoded Bacon Sample [0x82, 0x6, 0x4c, 0x90, 0x8d, 0x0, 0xc2, 0x9, 0x94, 0x3, 0x62, 0x5] to [0x2, 0x16762, 0x682, 0x8d904c, 0x9c2, 0x394, 0x562]
Database.insertRecord() 2 92016 92030 13 20 [130, 6, 76, 240, 150, 0, 250, 11, 142, 3, 248, 4]
Decoded Bacon Sample [0x82, 0x6, 0x4c, 0xf0, 0x96, 0x0, 0xfa, 0xb, 0x8e, 0x3, 0xf8, 0x4] to [0x2, 0x16770, 0x682, 0x96f04c, 0xbfa, 0x38e, 0x4f8]
Database.insertRecord() 2 92030 92044 13 20 [130, 6, 76, 80, 160, 0, 248, 11, 78, 3, 250, 4]
Decoded Bacon Sample [0x82, 0x6, 0x4c, 0x50, 0xa0, 0x0, 0xf8, 0xb, 0x4e, 0x3, 0xfa, 0x4] to [0x2, 0x1677e, 0x682, 0xa0504c, 0xbf8, 0x34e, 0x4fa]
RPR rx from 2 len 56 nc 92088 records 3
Database.insertRecord() 2 92044 92060 15 22 [18, 0, 130, 6, 2, 0, 115, 236, 168, 0, 54, 52, 158, 0]
Decoded Phoenix Ref [0x12, 0x0, 0x82, 0x6, 0x2, 0x0, 0x73, 0xec, 0xa8, 0x0, 0x36, 0x34, 0x9e, 0x0] to [0x2, 0x1678c, 0x12, 0x682, 0x2, 0xa8ec73, 0x9e3436]
Database.insertRecord() 2 92060 92074 13 20 [130, 6, 76, 176, 169, 0, 246, 11, 116, 3, 255, 4]
Decoded Bacon Sample [0x82, 0x6, 0x4c, 0xb0, 0xa9, 0x0, 0xf6, 0xb, 0x74, 0x3, 0xff, 0x4] to [0x2, 0x1679c, 0x682, 0xa9b04c, 0xbf6, 0x374, 0x4ff]
Database.insertRecord() 2 92074 92088 13 20 [130, 6, 76, 16, 179, 0, 123, 10, 72, 3, 124, 5]
Decoded Bacon Sample [0x82, 0x6, 0x4c, 0x10, 0xb3, 0x0, 0x7b, 0xa, 0x48, 0x3, 0x7c, 0x5] to [0x2, 0x167aa, 0x682, 0xb3104c, 0xa7b, 0x348, 0x57c]
receive fwd status 2
receive eos Message <CxEosReport> 
  [owner=0x2]
  [status=0x1]

PROG 1599781630.15  Node 2 transfer completed
REC 2 no gap
receive fwd status 2
REF 1599781617.22 17 10 14015009 1 []
Status Message <CxStatus> 
  [distance=0x1]
  [dataPending=0x1]
  [bw=0x2]
  [wakeupRC=0xa]
  [wakeupTS=0xd5da21]
  [pushCookie=0x7ce]
  [writeCookie=0x89a]
  [missingLength=0x0]
  [subnetChannel=0x0]
  [sampleInterval=0x96000]
  [role=0x0]
  [barcode=0x11 0x0 0x0 0x0 0x0 0x0 0x0 0x4 ]
  [neighbors=0xffff 0xffff 0xffff 0xffff 0xffff 0xffff 0xffff 0xffff 0xffff 0xffff 0xffff 0xffff 0xffff 0xffff 0xffff 0xffff ]

PROG 1599781630.48 Contacted 11 (0 neighbors). 204 queued, 0 in current request
2 elapsed, commit
RPR rx from 17 len 24 nc 2018 records 1
Database.insertRecord() 17 1998 2018 19 18 [10, 0, 87, 101, 159, 0, 17, 0, 0, 0, 0, 0, 0, 5, 98, 9, 109, 1]
RPR rx from 17 len 84 nc 2086 records 4
Database.insertRecord() 17 2018 2032 13 20 [10, 0, 79, 80, 160, 0, 21, 12, 86, 2, 7, 5]
Decoded Bacon Sample [0xa, 0x0, 0x4f, 0x50, 0xa0, 0x0, 0x15, 0xc, 0x56, 0x2, 0x7, 0x5] to [0x11, 0x7e2, 0xa, 0xa0504f, 0xc15, 0x256, 0x507]
Database.insertRecord() 17 2032 2052 19 18 [10, 0, 87, 197, 168, 0, 17, 0, 0, 0, 0, 0, 0, 5, 106, 9, 83, 1]
Database.insertRecord() 17 2052 2066 13 20 [10, 0, 79, 176, 169, 0, 22, 12, 108, 2, 2, 5]
Decoded Bacon Sample [0xa, 0x0, 0x4f, 0xb0, 0xa9, 0x0, 0x16, 0xc, 0x6c, 0x2, 0x2, 0x5] to [0x11, 0x804, 0xa, 0xa9b04f, 0xc16, 0x26c, 0x502]
Database.insertRecord() 17 2066 2086 19 18 [10, 0, 87, 37, 178, 0, 17, 0, 0, 0, 0, 0, 0, 5, 118, 9, 114, 1]
RPR rx from 17 len 84 nc 2154 records 4
Database.insertRecord() 17 2086 2100 13 20 [10, 0, 79, 16, 179, 0, 20, 12, 104, 2, 0, 5]
Decoded Bacon Sample [0xa, 0x0, 0x4f, 0x10, 0xb3, 0x0, 0x14, 0xc, 0x68, 0x2, 0x0, 0x5] to [0x11, 0x826, 0xa, 0xb3104f, 0xc14, 0x268, 0x500]
Database.insertRecord() 17 2100 2120 19 18 [10, 0, 87, 133, 187, 0, 17, 0, 0, 0, 0, 0, 0, 5, 107, 9, 85, 1]
Database.insertRecord() 17 2120 2134 13 20 [10, 0, 79, 112, 188, 0, 21, 12, 221, 1, 7, 5]
Decoded Bacon Sample [0xa, 0x0, 0x4f, 0x70, 0xbc, 0x0, 0x15, 0xc, 0xdd, 0x1, 0x7, 0x5] to [0x11, 0x848, 0xa, 0xbc704f, 0xc15, 0x1dd, 0x507]
Database.insertRecord() 17 2134 2154 19 18 [10, 0, 87, 229, 196, 0, 17, 0, 0, 0, 0, 0, 0, 5, 99, 9, 91, 1]
RPR rx from 17 len 60 nc 2202 records 3
Database.insertRecord() 17 2154 2168 13 20 [10, 0, 79, 208, 197, 0, 24, 12, 196, 1, 7, 5]
Decoded Bacon Sample [0xa, 0x0, 0x4f, 0xd0, 0xc5, 0x0, 0x18, 0xc, 0xc4, 0x1, 0x7, 0x5] to [0x11, 0x86a, 0xa, 0xc5d04f, 0xc18, 0x1c4, 0x507]
Database.insertRecord() 17 2168 2188 19 18 [10, 0, 87, 69, 206, 0, 17, 0, 0, 0, 0, 0, 0, 5, 92, 9, 110, 1]
Database.insertRecord() 17 2188 2202 13 20 [10, 0, 79, 48, 207, 0, 21, 12, 155, 1, 10, 5]
Decoded Bacon Sample [0xa, 0x0, 0x4f, 0x30, 0xcf, 0x0, 0x15, 0xc, 0x9b, 0x1, 0xa, 0x5] to [0x11, 0x88c, 0xa, 0xcf304f, 0xc15, 0x19b, 0x50a]
receive fwd status 2
receive eos Message <CxEosReport> 
  [owner=0x11]
  [status=0x1]

PROG 1599781631.68  Node 11 transfer completed
REC 17 no gap
REF 1599781617.22 0 1079 1955 0 [18, 1, 8, 2, 17]
Status Message <CxStatus> 
  [distance=0x0]
  [dataPending=0x0]
  [bw=0x2]
  [wakeupRC=0x437]
  [wakeupTS=0x7a3]
  [pushCookie=0x0]
  [writeCookie=0x0]
  [missingLength=0x0]
  [subnetChannel=0x0]
  [sampleInterval=0x7800]
  [role=0x2]
  [barcode=0x0 0x0 0x0 0x0 0x0 0x0 0x0 0x4 ]
  [neighbors=0x12 0x1 0x8 0x2 0x11 0xffff 0xffff 0xffff 0xffff 0xffff 0xffff 0xffff 0xffff 0xffff 0xffff 0xffff ]

PROG 1599781631.94 Contacted 0 (5 neighbors). 0 queued, 0 in current request
receive fwd status 2
receive eos Message <CxEosReport> 
  [owner=0x0]
  [status=0x1]

PROG 1599781633.22  Node 0 transfer completed
Skip BS pseudo cookie
receive fwd status 2
REF 1599781617.22 0 1079 1955 0 [18, 1, 8, 2, 17]
Status Message <CxStatus> 
  [distance=0x0]
  [dataPending=0x0]
  [bw=0x2]
  [wakeupRC=0x437]
  [wakeupTS=0x7a3]
  [pushCookie=0x0]
  [writeCookie=0x0]
  [missingLength=0x0]
  [subnetChannel=0x0]
  [sampleInterval=0x7800]
  [role=0x2]
  [barcode=0x0 0x0 0x0 0x0 0x0 0x0 0x0 0x4 ]
  [neighbors=0x12 0x1 0x8 0x2 0x11 0xffff 0xffff 0xffff 0xffff 0xffff 0xffff 0xffff 0xffff 0xffff 0xffff 0xffff ]

PROG 1599781633.51 Contacted 0 (5 neighbors). 0 queued, 0 in current request
2 elapsed, commit
receive fwd status 2
receive eos Message <CxEosReport> 
  [owner=0x0]
  [status=0x1]

PROG 1599781634.82  Node 0 transfer completed
Skip BS pseudo cookie
REF 1599781617.22 0 1079 1955 0 [18, 1, 8, 2, 17]
Status Message <CxStatus> 
  [distance=0x0]
  [dataPending=0x0]
  [bw=0x2]
  [wakeupRC=0x437]
  [wakeupTS=0x7a3]
  [pushCookie=0x0]
  [writeCookie=0x0]
  [missingLength=0x0]
  [subnetChannel=0x0]
  [sampleInterval=0x7800]
  [role=0x2]
  [barcode=0x0 0x0 0x0 0x0 0x0 0x0 0x0 0x4 ]
  [neighbors=0x12 0x1 0x8 0x2 0x11 0xffff 0xffff 0xffff 0xffff 0xffff 0xffff 0xffff 0xffff 0xffff 0xffff 0xffff ]

PROG 1599781635.11 Contacted 0 (5 neighbors). 0 queued, 0 in current request
receive fwd status 2
RPR rx from 0 len 91 nc 61683 records 1
Database.insertRecord() 0 61596 61683 86 25 [0, 0, 1, 0, 4, 55, 0, 0, 7, 163, 0, 0, 0, 18, 0, 1, 0, 8, 0, 2, 0, 17, 255, 255, 255, 255, 255, 255, 255, 255, 255, 255, 255, 255, 255, 255, 255, 255, 255, 255, 255, 255, 255, 255, 255, 255, 255, 255, 255, 255, 255, 255, 255, 255, 255, 255, 255, 255, 255, 255, 0, 1, 1, 1, 1, 1, 255, 255, 255, 255, 255, 255, 255, 255, 255, 255, 255, 255, 255, 255, 255, 255, 255, 255, 255]
2 elapsed, commit
FINISHED
receive eos Message <CxEosReport> 
  [owner=0x0]
  [status=0x1]

PROG 1599781636.50  Node 0 transfer completed
Skip BS pseudo cookie
Cleaning up
clearing
receive fwd status 2
Clearing RX Queue
QUEUE CLEARED
cleared
finished
waiting for db stop
synchronous stop
explicit close
explicit closedb stopped
done for real

PROG 1599781638.53 Finished.
PROG 1599781638.54 Download finished: 6/6 identified nodes contacted
selection:  []
(2, 614400, 0, 0)
(8, 614400, 0, 0)
(18, 614400, 0, 0)
(17, 614400, 0, 0)
(0, 30720, 0, 2)
(1, 614400, 0, 0)
Channel maps {0: {0: ['0x0400000000000002', '0x0400000000000008', '0x0400000000000012', '0x0400000000000011', '0x0400000000000001'], 2: ['0x0400000000000000']}}
0x0400000000000008 0 0x0500000000000008
0x0400000000000011 0 0x0500000000000011
delete insert object, signal stop
delete insert object, signal stop
0x0400000000000012 0 0x0600000000000012
