database0.sqlite passed integrity check
network_membership OK
active_period OK
toast_sample OK
packet OK
log_record OK
node_status OK
cookie_table OK
toast_connection OK
bacon_sample OK
toast_disconnection OK
sensor_connection OK
phoenix_reference OK
sensor_sample OK
bacon_settings OK
base_reference OK
last_bs OK
last_ap OK
last_connection OK
last_status OK
last_disconnection OK
DBQ database0.sqlite
DBQ database0.sqlite
selection:  []
(272, 614400, 0, 0)
(274, 61440, 0, 0)
(275, 614400, 0, 0)
(276, 614400, 0, 0)
(278, 614400, 0, 0)
(271, 614400, 0, 0)
(281, 614400, 0, 0)
(282, 614400, 0, 0)
(284, 614400, 0, 0)
(285, 614400, 0, 0)
(0, 30720, 0, 2)
Channel maps {0: {0: ['0x0400000000000110', '0x0400000000000112', '0x0400000000000113', '0x0400000000000114', '0x0400000000000116', '0x040000000000010f', '0x0400000000000119', '0x040000000000011a', '0x040000000000011c', '0x040000000000011d'], 2: ['0x0400000000000000']}}
0x040000000000010f 0 0x0600000000000065
0x0400000000000110 0 0x060000000000006f
0x0400000000000112 0 0x0600000000000067
0x0400000000000113 0 0x060000000000006a
0x0400000000000114 0 0x0600000000000082
0x0400000000000116 0 0x0600000000000068
0x0400000000000119 0 0x0600000000000066
0x040000000000011a 0 0x0600000000000069
0x040000000000011c 0 0x0500000000000012
0x040000000000011d 0 0x0500000000000011
Note: mouse wheel not implemented on Mac OS
PROG 1601230402.43 Network Discovery Started
serial@/dev/tty.Bluetooth-Incoming-Port:115200
DatabaseMissing() discoverThread
PROG 1601230405.70 Could not connect to base station.
      Make sure you've selected the right device and make sure
      it has been set up as a base station.
     PROG 1601230405.70 Download finished: 0/0 identified nodes contacted
Exception in thread discoverThread:
Traceback (most recent call last):
  File "/opt/anaconda3/envs/TinyOS/lib/python2.7/threading.py", line 801, in __bootstrap_inner
    self.run()
  File "/opt/anaconda3/envs/TinyOS/lib/python2.7/threading.py", line 754, in run
    self.__target(*self.__args, **self.__kwargs)
  File "/Users/jianingfang/Desktop/tinyos-main-1/apps/breakfast/tools/Life/tools/dashboard/ControlFrame.py", line 496, in discoverRunner
    requestMissing=False)
  File "/Users/jianingfang/Desktop/tinyos-main-1/apps/breakfast/tools/Life/tools/cx/CXController.py", line 123, in download
    d = Dispatcher(packetSource, db, configMap=configMap, configFile=configFile)
  File "/Users/jianingfang/Desktop/tinyos-main-1/apps/breakfast/tools/Life/tools/cx/CXController.py", line 96, in __init__
    raise Exception("Connected mote did not respond to ID request (has it been set up as a BaseStation?")
Exception: Connected mote did not respond to ID request (has it been set up as a BaseStation?

selection:  []
(272, 614400, 0, 0)
(274, 61440, 0, 0)
(275, 614400, 0, 0)
(276, 614400, 0, 0)
(278, 614400, 0, 0)
(271, 614400, 0, 0)
(281, 614400, 0, 0)
(282, 614400, 0, 0)
(284, 614400, 0, 0)
(285, 614400, 0, 0)
(0, 30720, 0, 2)
Channel maps {0: {0: ['0x0400000000000110', '0x0400000000000112', '0x0400000000000113', '0x0400000000000114', '0x0400000000000116', '0x040000000000010f', '0x0400000000000119', '0x040000000000011a', '0x040000000000011c', '0x040000000000011d'], 2: ['0x0400000000000000']}}
0x040000000000010f 0 0x0600000000000065
0x0400000000000110 0 0x060000000000006f
0x0400000000000112 0 0x0600000000000067
0x0400000000000113 0 0x060000000000006a
0x0400000000000114 0 0x0600000000000082
0x0400000000000116 0 0x0600000000000068
0x0400000000000119 0 0x0600000000000066
0x040000000000011a 0 0x0600000000000069
0x040000000000011c 0 0x0500000000000012
0x040000000000011d 0 0x0500000000000011
PROG 1601230411.52 Network Discovery Started
serial@/dev/tty.usbserial-AE01BDNV:115200
DatabaseMissing() discoverThread
receive fwd status 2
ns 0: pi 1024 if 1 md 10 -> 327680
ns 1: pi 1024 if 1 md 5 -> 163840
ns 2: pi 1024 if 1 md 5 -> 163840
Setting MDR to  1
receive fwd status 2
Wakeup start 1601230413.83
ACK 0
receive fwd status 2
receive fwd status 2
receive fwd status 2
receive fwd status 2
receive fwd status 2
receive fwd status 2
receive fwd status 2
receive fwd status 2
receive fwd status 2
receive fwd status 2
receive fwd status 2
REF 1601230413.85 0 1152 1955 0 [284, 282, 275, 271, 285]
Status Message <CxStatus> 
  [distance=0x0]
  [dataPending=0x0]
  [bw=0x2]
  [wakeupRC=0x480]
  [wakeupTS=0x7a3]
  [pushCookie=0x0]
  [writeCookie=0x0]
  [missingLength=0x0]
  [subnetChannel=0x0]
  [sampleInterval=0x7800]
  [role=0x2]
  [barcode=0x0 0x0 0x0 0x0 0x0 0x0 0x0 0x4 ]
  [neighbors=0x11c 0x11a 0x113 0x10f 0x11d 0xffff 0xffff 0xffff 0xffff 0xffff 0xffff 0xffff 0xffff 0xffff 0xffff 0xffff ]

PROG 1601230424.40 Contacted 0 (5 neighbors). 0 queued, 0 in current request
2 elapsed, commit
receive fwd status 2
receive eos Message <CxEosReport> 
  [owner=0x0]
  [status=0x1]

PROG 1601230425.50  Node 0 transfer completed
receive fwd status 2
receive eos Message <CxEosReport> 
  [owner=0x11c]
  [status=0x0]

receive fwd status 2
PROG 1601230427.08 Node 11c NOT reached
receive fwd status 2
receive eos Message <CxEosReport> 
  [owner=0x11a]
  [status=0x0]

PROG 1601230428.59 Node 11a NOT reached
receive fwd status 2
receive fwd status 2
receive eos Message <CxEosReport> 
  [owner=0x113]
  [status=0x0]

PROG 1601230430.17 Node 113 NOT reached
REF 1601230413.85 271 2 1133018546 0 [285]
Status Message <CxStatus> 
  [distance=0x2]
  [dataPending=0x0]
  [bw=0x2]
  [wakeupRC=0x2]
  [wakeupTS=0x43887db2]
  [pushCookie=0x1195e]
  [writeCookie=0x11982]
  [missingLength=0x0]
  [subnetChannel=0x0]
  [sampleInterval=0x96000]
  [role=0x0]
  [barcode=0xf 0x1 0x0 0x0 0x0 0x0 0x0 0x4 ]
  [neighbors=0x11d 0xffff 0xffff 0xffff 0xffff 0xffff 0xffff 0xffff 0xffff 0xffff 0xffff 0xffff 0xffff 0xffff 0xffff 0xffff ]

PROG 1601230430.84 Contacted 10f (1 neighbors). 36 queued, 0 in current request
2 elapsed, commit
receive fwd status 2
receive eos Message <CxEosReport> 
  [owner=0x10f]
  [status=0x1]

PROG 1601230431.76  Node 10f transfer completed
receive fwd status 2
receive fwd status 2
RPR rx from 0 len 91 nc 66642 records 1
Database.insertRecord() 0 66555 66642 86 25 [0, 0, 0, 128, 4, 128, 0, 0, 7, 163, 0, 0, 1, 28, 1, 26, 1, 19, 1, 15, 1, 29, 255, 255, 255, 255, 255, 255, 255, 255, 2552 elapsed, commit
, 255, 255, 255, 255, 255, 255, 255, 255, 255, 255, 255, 255, 255, 255, 255, 255, 255, 255, 255, 255, 255, 255, 255, 255, 255, 255, 255, 255, 255, 0, 255, 255, 255, 2, 255, 255, 255, 255, 255, 255, 255, 255, 255, 255, 255, 255, 255, 255, 255, 255, 255, 255, 255, 255]
FINISHED
receive eos Message <CxEosReport> 
  [owner=0x11d]
  [status=0x0]

PROG 1601230433.39 Node 11d NOT reached
Cleaning up
clearing
receive fwd status 2
Clearing RX Queue
QUEUE CLEARED
cleared
finished
waiting for db stop
synchronous stop
explicit close
explicit closedb stopped

done for real
PROG 1601230435.22 Finished.
PROG 1601230435.22 Download finished: 2/6 identified nodes contacted
selection:  []
(272, 614400, 0, 0)
(274, 61440, 0, 0)
(275, 614400, 0, 0)
(276, 614400, 0, 0)
(278, 614400, 0, 0)
(271, 614400, 0, 0)
(281, 614400, 0, 0)
(282, 614400, 0, 0)
(284, 614400, 0, 0)
(285, 614400, 0, 0)
(0, 30720, 0, 2)
Channel maps {0: {0: ['0x0400000000000110', '0x0400000000000112', '0x0400000000000113', '0x0400000000000114', '0x0400000000000116', '0x040000000000010f', '0x0400000000000119', '0x040000000000011a', '0x040000000000011c', '0x040000000000011d'], 2: ['0x0400000000000000']}}
0x040000000000010f 0 0x0600000000000065
0x0400000000000110 0 0x060000000000006f
0x0400000000000112 0 0x0600000000000067
0x0400000000000113 0 0x060000000000006a
0x0400000000000114 0 0x0600000000000082
0x0400000000000116 0 0x0600000000000068
0x0400000000000119 0 0x0600000000000066
0x040000000000011a 0 0x0600000000000069
0x040000000000011c 0 0x0500000000000012
0x040000000000011d 0 0x0500000000000011
PROG 1601230440.27 Patch Download Started
patch download 0
serial@/dev/tty.usbserial-AE01BDNV:115200
DatabaseMissing() downloadThread
receive fwd status 2
ns 0: pi 1024 if 1 md 10 -> 327680
ns 1: pi 1024 if 1 md 5 -> 163840
ns 2: pi 1024 if 1 md 5 -> 163840
Setting MDR to  1000
receive fwd status 2
Wakeup start 1601230442.6
ACK 0
receive fwd status 2
receive fwd status 2
receive fwd status 2
receive fwd status 2
receive fwd status 2
receive fwd status 2
REF 1601230442.62 0 1153 1953 0 [270, 272]
Status Message <CxStatus> 
  [distance=0x0]
  [dataPending=0x0]
  [bw=0x2]
  [wakeupRC=0x481]
  [wakeupTS=0x7a1]
  [pushCookie=0x0]
  [writeCookie=0x0]
  [missingLength=0x0]
  [subnetChannel=0x0]
  [sampleInterval=0x7800]
  [role=0x2]
  [barcode=0x0 0x0 0x0 0x0 0x0 0x0 0x0 0x4 ]
  [neighbors=0x10e 0x110 0xffff 0xffff 0xffff 0xffff 0xffff 0xffff 0xffff 0xffff 0xffff 0xffff 0xffff 0xffff 0xffff 0xffff ]

PROG 1601230448.00 Contacted 0 (2 neighbors). 0 queued, 0 in current request
2 elapsed, commit
receive fwd status 2
receive eos Message <CxEosReport> 
  [owner=0x0]
  [status=0x1]

PROG 1601230449.26  Node 0 transfer completed
Skip BS pseudo cookie
receive fwd status 2
receive eos Message <CxEosReport> 
  [owner=0x10e]
  [status=0x0]

receive fwd status 2
PROG 1601230450.82 Node 10e NOT reached
REF 1601230442.62 272 2 1132707458 0 [281]
Status Message <CxStatus> 
  [distance=0x1]
  [dataPending=0x0]
  [bw=0x2]
  [wakeupRC=0x2]
  [wakeupTS=0x4383be82]
  [pushCookie=0x11914]
  [writeCookie=0x11914]
  [missingLength=0x0]
  [subnetChannel=0x0]
  [sampleInterval=0x96000]
  [role=0x0]
  [barcode=0x10 0x1 0x0 0x0 0x0 0x0 0x0 0x4 ]
  [neighbors=0x119 0xffff 0xffff 0xffff 0xffff 0xffff 0xffff 0xffff 0xffff 0xffff 0xffff 0xffff 0xffff 0xffff 0xffff 0xffff ]

PROG 1601230451.20 Contacted 110 (1 neighbors). 0 queued, 0 in current request
2 elapsed, commit
receive fwd status 2
receive eos Message <CxEosReport> 
  [owner=0x110]
  [status=0x1]

PROG 1601230452.38  Node 110 transfer completed
REC 272 no gap
REF 1601230442.62 281 15 205116215 0 []
Status Message <CxStatus> 
  [distance=0x1]
  [dataPending=0x0]
  [bw=0x2]
  [wakeupRC=0xf]
  [wakeupTS=0xc39d337]
  [pushCookie=0x11a3e]
  [writeCookie=0x11a3e]
  [missingLength=0x0]
  [subnetChannel=0x0]
  [sampleInterval=0x96000]
  [role=0x0]
  [barcode=0x19 0x1 0x0 0x0 0x0 0x0 0x0 0x4 ]
  [neighbors=0xffff 0xffff 0xffff 0xffff 0xffff 0xffff 0xffff 0xffff 0xffff 0xffff 0xffff 0xffff 0xffff 0xffff 0xffff 0xffff ]

PROG 1601230452.81 Contacted 119 (0 neighbors). 0 queued, 0 in current request
receive fwd status 2
receive fwd status 2
receive eos Message <CxEosReport> 
  [owner=0x119]
  [status=0x1]

PROG 1601230453.95  Node 119 transfer completed
REC 281 no gap
receive fwd status 2
RPR rx from 0 len 91 nc 66729 records 1
Database.insertRecord() 0 66642 66729 86 25 [0, 0, 1, 0, 4, 129, 0, 0, 7, 161, 0, 0, 1, 14, 1, 16, 1, 25, 255, 255, 255, 255, 255, 255, 255, 255, 255, 255, 255, 255, 255, 255, 255, 255, 255, 255, 255, 255, 255, 255, 255, 255, 255, 255, 255, 255, 255, 255, 255, 255, 255, 255, 255, 255, 255, 255, 255, 255, 255, 255, 0, 255, 1, 1, 255, 255, 255, 255, 255, 255, 255, 255, 255, 255, 255, 255, 255, 255, 255, 255, 255, 255, 255, 255, 255]
2 elapsed, commit
FINISHED
receive eos Message <CxEosReport> 
  [owner=0x10e]
  [status=0x0]

PROG 1601230455.64 Node 10e NOT reached
Cleaning up
clearing
receive fwd status 2
Clearing RX Queue
QUEUE CLEARED
cleared
finished
waiting for db stop
synchronous stop
explicit close
explicit closedb stopped

done for real
PROG 1601230457.10 Finished.
PROG 1601230457.11 Download finished: 3/4 identified nodes contacted
selection:  []
(272, 614400, 0, 0)
(274, 61440, 0, 0)
(275, 614400, 0, 0)
(276, 614400, 0, 0)
(278, 614400, 0, 0)
(271, 614400, 0, 0)
(281, 614400, 0, 0)
(282, 614400, 0, 0)
(284, 614400, 0, 0)
(285, 614400, 0, 0)
(0, 30720, 0, 2)
Channel maps {0: {0: ['0x0400000000000110', '0x0400000000000112', '0x0400000000000113', '0x0400000000000114', '0x0400000000000116', '0x040000000000010f', '0x0400000000000119', '0x040000000000011a', '0x040000000000011c', '0x040000000000011d'], 2: ['0x0400000000000000']}}
0x040000000000010f 0 0x0600000000000065
0x0400000000000110 0 0x060000000000006f
0x0400000000000112 0 0x0600000000000067
0x0400000000000113 0 0x060000000000006a
0x0400000000000114 0 0x0600000000000082
0x0400000000000116 0 0x0600000000000068
0x0400000000000119 0 0x0600000000000066
0x040000000000011a 0 0x0600000000000069
0x040000000000011c 0 0x0500000000000012
0x040000000000011d 0 0x0500000000000011
explicit close
delete insert object, signal stop
PROG 1601230480.24 Network Discovery Started
serial@/dev/tty.usbserial-AE01BDNV:115200
DatabaseMissing() discoverThread
receive fwd status 2
ns 0: pi 1024 if 1 md 10 -> 327680
ns 1: pi 1024 if 1 md 5 -> 163840
ns 2: pi 1024 if 1 md 5 -> 163840
Setting MDR to  1
receive fwd status 2
Wakeup start 1601230482.57
ACK 0
receive fwd status 2
receive fwd status 2
receive fwd status 2
receive fwd status 2
receive fwd status 2
receive fwd status 2
receive fwd status 2
receive fwd status 2
receive fwd status 2
receive fwd status 2
receive fwd status 2
REF 1601230482.58 0 1154 1978 0 [284, 270, 275, 281, 272, 285]
Status Message <CxStatus> 
  [distance=0x0]
  [dataPending=0x0]
  [bw=0x2]
  [wakeupRC=0x482]
  [wakeupTS=0x7ba]
  [pushCookie=0x0]
  [writeCookie=0x0]
  [missingLength=0x0]
  [subnetChannel=0x0]
  [sampleInterval=0x7800]
  [role=0x2]
  [barcode=0x0 0x0 0x0 0x0 0x0 0x0 0x0 0x4 ]
  [neighbors=0x11c 0x10e 0x113 0x119 0x110 0x11d 0xffff 0xffff 0xffff 0xffff 0xffff 0xffff 0xffff 0xffff 0xffff 0xffff ]

PROG 1601230493.09 Contacted 0 (6 neighbors). 0 queued, 0 in current request
2 elapsed, commit
receive fwd status 2
receive eos Message <CxEosReport> 
  [owner=0x0]
  [status=0x1]

PROG 1601230494.20  Node 0 transfer completed
receive fwd status 2
receive fwd status 2
receive eos Message <CxEosReport> 
  [owner=0x11c]
  [status=0x0]

PROG 1601230495.80 Node 11c NOT reached
receive fwd status 2
receive eos Message <CxEosReport> 
  [owner=0x10e]
  [status=0x0]

PROG 1601230497.30 Node 10e NOT reached
receive fwd status 2
receive fwd status 2
receive eos Message <CxEosReport> 
  [owner=0x113]
  [status=0x0]

PROG 1601230498.92 Node 113 NOT reached
REF 1601230482.58 281 15 205164115 0 [272]
Status Message <CxStatus> 
  [distance=0x1]
  [dataPending=0x0]
  [bw=0x2]
  [wakeupRC=0xf]
  [wakeupTS=0xc3a8e53]
  [pushCookie=0x11a3e]
  [writeCookie=0x11a3e]
  [missingLength=0x0]
  [subnetChannel=0x0]
  [sampleInterval=0x96000]
  [role=0x0]
  [barcode=0x19 0x1 0x0 0x0 0x0 0x0 0x0 0x4 ]
  [neighbors=0x110 0xffff 0xffff 0xffff 0xffff 0xffff 0xffff 0xffff 0xffff 0xffff 0xffff 0xffff 0xffff 0xffff 0xffff 0xffff ]

PROG 1601230499.56 Contacted 119 (1 neighbors). 0 queued, 0 in current request
2 elapsed, commit
receive fwd status 2
receive eos Message <CxEosReport> 
  [owner=0x119]
  [status=0x1]

PROG 1601230500.46  Node 119 transfer completed
receive fwd status 2
REF 1601230482.58 272 2 1132756578 0 []
Status Message <CxStatus> 
  [distance=0x1]
  [dataPending=0x0]
  [bw=0x2]
  [wakeupRC=0x2]
  [wakeupTS=0x43847e62]
  [pushCookie=0x11914]
  [writeCookie=0x11914]
  [missingLength=0x0]
  [subnetChannel=0x0]
  [sampleInterval=0x96000]
  [role=0x0]
  [barcode=0x10 0x1 0x0 0x0 0x0 0x0 0x0 0x4 ]
  [neighbors=0xffff 0xffff 0xffff 0xffff 0xffff 0xffff 0xffff 0xffff 0xffff 0xffff 0xffff 0xffff 0xffff 0xffff 0xffff 0xffff ]

PROG 1601230501.13 Contacted 110 (0 neighbors). 0 queued, 0 in current request
receive fwd status 2
receive eos Message <CxEosReport> 
  [owner=0x110]
  [status=0x1]

PROG 1601230502.05  Node 110 transfer completed
receive fwd status 2
RPR rx from 0 len 91 nc 66816 records 1
Database.insertRecord() 0 66729 66816 86 25 [0, 0, 0, 128, 4, 130, 0, 0, 7, 186, 0, 0, 1, 28, 1, 14, 1, 19, 1, 25, 1, 16, 1, 29, 255, 255, 255, 255, 255, 255, 255, 255, 255, 255, 255, 255, 255, 255, 255, 255, 255, 255, 255, 255, 255, 255, 255, 255, 255, 255, 255, 255, 255, 255, 255, 255, 255, 255, 255, 255, 0, 255, 255, 255, 1, 1, 255, 255, 255, 255, 255, 255, 255, 255, 255, 255, 255, 255, 255, 255, 255, 255, 255, 255, 255]
2 elapsed, commit
FINISHED
receive eos Message <CxEosReport> 
  [owner=0x11d]
  [status=0x0]

PROG 1601230503.66 Node 11d NOT reached
Cleaning up
clearing
receive fwd status 2
Clearing RX Queue
QUEUE CLEARED
cleared
finished
waiting for db stop
synchronous stop
explicit close
explicit closedb stopped
done for real

PROG 1601230504.88 Finished.
PROG 1601230504.88 Download finished: 3/7 identified nodes contacted
selection:  []
(272, 614400, 0, 0)
(274, 61440, 0, 0)
(275, 614400, 0, 0)
(276, 614400, 0, 0)
(278, 614400, 0, 0)
(271, 614400, 0, 0)
(281, 614400, 0, 0)
(282, 614400, 0, 0)
(284, 614400, 0, 0)
(285, 614400, 0, 0)
(0, 30720, 0, 2)
Channel maps {0: {0: ['0x0400000000000110', '0x0400000000000112', '0x0400000000000113', '0x0400000000000114', '0x0400000000000116', '0x040000000000010f', '0x0400000000000119', '0x040000000000011a', '0x040000000000011c', '0x040000000000011d'], 2: ['0x0400000000000000']}}
0x040000000000010f 0 0x0600000000000065
0x0400000000000110 0 0x060000000000006f
delete insert object, signal stop
0x0400000000000112 0 0x0600000000000067
0x0400000000000113 0 0x060000000000006a
0x0400000000000114 0 0x0600000000000082
0x0400000000000116 0 0x0600000000000068
0x0400000000000119 0 0x0600000000000066
0x040000000000011a 0 0x0600000000000069
0x040000000000011c 0 0x0500000000000012
0x040000000000011d 0 0x0500000000000011
PROG 1601230520.79 Patch Download Started
patch download 0
serial@/dev/tty.usbserial-AE01BDNV:115200
DatabaseMissing() downloadThread
receive fwd status 2
ns 0: pi 1024 if 1 md 10 -> 327680
ns 1: pi 1024 if 1 md 5 -> 163840
ns 2: pi 1024 if 1 md 5 -> 163840
Setting MDR to  1000
receive fwd status 2
Wakeup start 1601230523.09
ACK 0
receive fwd status 2
receive fwd status 2
receive fwd status 2
receive fwd status 2
receive fwd status 2
receive fwd status 2
REF 1601230523.1 0 1155 1960 0 [270]
Status Message <CxStatus> 
  [distance=0x0]
  [dataPending=0x0]
  [bw=0x2]
  [wakeupRC=0x483]
  [wakeupTS=0x7a8]
  [pushCookie=0x0]
  [writeCookie=0x0]
  [missingLength=0x0]
  [subnetChannel=0x0]
  [sampleInterval=0x7800]
  [role=0x2]
  [barcode=0x0 0x0 0x0 0x0 0x0 0x0 0x0 0x4 ]
  [neighbors=0x10e 0xffff 0xffff 0xffff 0xffff 0xffff 0xffff 0xffff 0xffff 0xffff 0xffff 0xffff 0xffff 0xffff 0xffff 0xffff ]

PROG 1601230528.52 Contacted 0 (1 neighbors). 0 queued, 0 in current request
2 elapsed, commit
receive fwd status 2
receive eos Message <CxEosReport> 
  [owner=0x0]
  [status=0x1]

PROG 1601230529.72  Node 0 transfer completed
Skip BS pseudo cookie
receive fwd status 2
receive eos Message <CxEosReport> 
  [owner=0x10e]
  [status=0x0]

receive fwd status 2
PROG 1601230531.28 Node 10e NOT reached
REF 1601230523.1 0 1155 1960 0 [270]
Status Message <CxStatus> 
  [distance=0x0]
  [dataPending=0x0]
  [bw=0x2]
  [wakeupRC=0x483]
  [wakeupTS=0x7a8]
  [pushCookie=0x0]
  [writeCookie=0x0]
  [missingLength=0x0]
  [subnetChannel=0x0]
  [sampleInterval=0x7800]
  [role=0x2]
  [barcode=0x0 0x0 0x0 0x0 0x0 0x0 0x0 0x4 ]
  [neighbors=0x10e 0xffff 0xffff 0xffff 0xffff 0xffff 0xffff 0xffff 0xffff 0xffff 0xffff 0xffff 0xffff 0xffff 0xffff 0xffff ]

PROG 1601230531.66 Contacted 0 (1 neighbors). 0 queued, 0 in current request
2 elapsed, commit
receive fwd status 2
receive eos Message <CxEosReport> 
  [owner=0x0]
  [status=0x1]

PROG 1601230532.86  Node 0 transfer completed
Skip BS pseudo cookie
receive fwd status 2
receive fwd status 2
RPR rx from 0 len 91 nc 66903 records 1
Database.insertRecord() 0 66816 66903 86 25 [0, 0, 1, 0, 4, 131, 0, 0, 7, 168, 0, 0, 1, 14, 255, 255, 255, 255, 255, 255, 255, 255, 255, 255, 255, 255, 255, 255, 255, 255, 255, 255, 255, 255, 255, 255, 255, 255, 255, 255, 255, 255, 255, 255, 255, 255, 255, 255, 255, 255, 255, 255, 255, 255, 255, 255, 255, 255, 255, 255, 0, 255, 255, 255, 255, 255, 255, 255, 255, 255, 255, 255, 255, 255, 255, 255, 255, 255, 255, 255, 2552 elapsed, commit
, 255, 255, 255, 255]
FINISHED
receive eos Message <CxEosReport> 
  [owner=0x10e]
  [status=0x0]

PROG 1601230534.52 Node 10e NOT reached
Cleaning up
clearing
receive fwd status 2
Clearing RX Queue
QUEUE CLEARED
cleared
finished
waiting for db stop
synchronous stop
explicit close
explicit closedb stopped

done for real
PROG 1601230536.37 Finished.
PROG 1601230536.37 Download finished: 1/2 identified nodes contacted
delete insert object, signal stop
selection:  []
(272, 614400, 0, 0)
(274, 61440, 0, 0)
(275, 614400, 0, 0)
(276, 614400, 0, 0)
(278, 614400, 0, 0)
(271, 614400, 0, 0)
(281, 614400, 0, 0)
(282, 614400, 0, 0)
(284, 614400, 0, 0)
(285, 614400, 0, 0)
(0, 30720, 0, 2)
Channel maps {0: {0: ['0x0400000000000110', '0x0400000000000112', '0x0400000000000113', '0x0400000000000114', '0x0400000000000116', '0x040000000000010f', '0x0400000000000119', '0x040000000000011a', '0x040000000000011c', '0x040000000000011d'], 2: ['0x0400000000000000']}}
0x040000000000010f 0 0x0600000000000065
0x0400000000000110 0 0x060000000000006f
0x0400000000000112 0 0x0600000000000067
0x0400000000000113 0 0x060000000000006a
0x0400000000000114 0 0x0600000000000082
0x0400000000000116 0 0x0600000000000068
0x0400000000000119 0 0x0600000000000066
0x040000000000011a 0 0x0600000000000069
0x040000000000011c 0 0x0500000000000012
0x040000000000011d 0 0x0500000000000011
delete insert object, signal stop
delete insert object, signal stop
