database0.sqlite passed integrity check
network_membership OK
active_period OK
toast_sample OK
packet OK
log_record OK
node_status OK
cookie_table OK
toast_connection OK
bacon_sample OK
toast_disconnection OK
sensor_connection OK
phoenix_reference OK
sensor_sample OK
bacon_settings OK
base_reference OK
last_bs OK
last_ap OK
last_connection OK
last_status OK
last_disconnection OK
DBQ database0.sqlite
DBQ database0.sqlite
selection:  []
(17, 614400, 0, 0)
(8, 614400, 0, 0)
(18, 614400, 0, 0)
(2, 614400, 0, 0)
(0, 30720, 0, 2)
(1, 614400, 0, 0)
Channel maps {0: {0: ['0x0400000000000011', '0x0400000000000008', '0x0400000000000012', '0x0400000000000002', '0x0400000000000001'], 2: ['0x0400000000000000']}}
0x0400000000000008 0 0x0500000000000008
0x0400000000000011 0 0x0500000000000011
0x0400000000000012 0 0x0600000000000012
Note: mouse wheel not implemented on Mac OS
PROG 1599848785.31 Network Discovery Started
serial@/dev/tty.Bluetooth-Incoming-Port:115200
DatabaseMissing() discoverThread
PROG 1599848789.79 Could not connect to base station.
      Make sure you've selected the right device and make sure
      it has been set up as a base station.
     PROG 1599848789.80 Download finished: 0/0 identified nodes contacted
Exception in thread discoverThread:
Traceback (most recent call last):
  File "/opt/anaconda3/envs/TinyOS/lib/python2.7/threading.py", line 801, in __bootstrap_inner
    self.run()
  File "/opt/anaconda3/envs/TinyOS/lib/python2.7/threading.py", line 754, in run
    self.__target(*self.__args, **self.__kwargs)
  File "/Users/jianingfang/Desktop/tinyos-main-1/apps/breakfast/tools/Life/tools/dashboard/ControlFrame.py", line 496, in discoverRunner
    requestMissing=False)
  File "/Users/jianingfang/Desktop/tinyos-main-1/apps/breakfast/tools/Life/tools/cx/CXController.py", line 123, in download
    d = Dispatcher(packetSource, db, configMap=configMap, configFile=configFile)
  File "/Users/jianingfang/Desktop/tinyos-main-1/apps/breakfast/tools/Life/tools/cx/CXController.py", line 96, in __init__
    raise Exception("Connected mote did not respond to ID request (has it been set up as a BaseStation?")
Exception: Connected mote did not respond to ID request (has it been set up as a BaseStation?

selection:  []
(17, 614400, 0, 0)
(8, 614400, 0, 0)
(18, 614400, 0, 0)
(2, 614400, 0, 0)
(0, 30720, 0, 2)
(1, 614400, 0, 0)
Channel maps {0: {0: ['0x0400000000000011', '0x0400000000000008', '0x0400000000000012', '0x0400000000000002', '0x0400000000000001'], 2: ['0x0400000000000000']}}
0x0400000000000008 0 0x0500000000000008
0x0400000000000011 0 0x0500000000000011
0x0400000000000012 0 0x0600000000000012
PROG 1599848792.81 Patch Download Started
patch download 0
serial@/dev/tty.usbserial-AE01BDNV:115200
DatabaseMissing() downloadThread
receive fwd status 2
ns 0: pi 1024 if 1 md 10 -> 327680
ns 1: pi 1024 if 1 md 5 -> 163840
ns 2: pi 1024 if 1 md 5 -> 163840
receive fwd status 2
Setting MDR to  1000
receive fwd status 2
Wakeup start 1599848795.15
ACK 0
receive fwd status 2
receive fwd status 2
receive fwd status 2
receive fwd status 2
receive fwd status 2
receive fwd status 2
REF 1599848795.15 0 1092 1957 0 [8, 17, 18, 1, 2]
Status Message <CxStatus> 
  [distance=0x0]
  [dataPending=0x0]
  [bw=0x2]
  [wakeupRC=0x444]
  [wakeupTS=0x7a5]
  [pushCookie=0x0]
  [writeCookie=0x0]
  [missingLength=0x0]
  [subnetChannel=0x0]
  [sampleInterval=0x7800]
  [role=0x2]
  [barcode=0x0 0x0 0x0 0x0 0x0 0x0 0x0 0x4 ]
  [neighbors=0x8 0x11 0x12 0x1 0x2 0xffff 0xffff 0xffff 0xffff 0xffff 0xffff 0xffff 0xffff 0xffff 0xffff 0xffff ]

PROG 1599848800.54 Contacted 0 (5 neighbors). 0 queued, 0 in current request
2 elapsed, commit
receive fwd status 2
receive eos Message <CxEosReport> 
  [owner=0x0]
  [status=0x1]

PROG 1599848801.80  Node 0 transfer completed
Skip BS pseudo cookie
REF 1599848795.15 8 7 76289590 1 [17, 18, 1, 2]
Status Message <CxStatus> 
  [distance=0x1]
  [dataPending=0x1]
  [bw=0x2]
  [wakeupRC=0x7]
  [wakeupTS=0x48c1636]
  [pushCookie=0x1678]
  [writeCookie=0x19c6]
  [missingLength=0x0]
  [subnetChannel=0x0]
  [sampleInterval=0x96000]
  [role=0x0]
  [barcode=0x8 0x0 0x0 0x0 0x0 0x0 0x0 0x4 ]
  [neighbors=0x11 0x12 0x1 0x2 0xffff 0xffff 0xffff 0xffff 0xffff 0xffff 0xffff 0xffff 0xffff 0xffff 0xffff 0xffff ]

PROG 1599848802.18 Contacted 8 (4 neighbors). 846 queued, 0 in current request
RPR rx from 8 len 32 nc 5780 records 1
Database.insertRecord() 8 5752 5780 27 18 [7, 0, 97, 197, 225, 3, 8, 0, 0, 0, 0, 0, 0, 5, 62, 1, 63, 1, 61, 1, 81, 1, 90, 1, 248, 8]
RPR rx from 8 len 68 nc 5836 records 3
Database.insertRecord() 8 5780 5794 13 20 [7, 0, 77, 176, 226, 3, 8, 12, 211, 2, 22, 5]
Decoded Bacon Sample [0x7, 0x0, 0x4d, 0xb0, 0xe2, 0x3, 0x8, 0xc, 0xd3, 0x2, 0x16, 0x5] to [0x8, 0x1694, 0x7, 0x3e2b04d, 0xc08, 0x2d3, 0x516]
Database.insertRecord() 8 5794 5822 27 18 [7, 0, 97, 37, 235, 3, 8, 0, 0, 0, 0, 0, 0, 5, 75, 1, 61, 1, 63, 1, 77, 1, 87, 1, 248, 8]
Database.insertRecord() 8 5822 5836 13 20 [7, 0, 77, 16, 236, 3, 19, 12, 202, 2, 22, 5]
Decoded Bacon Sample [0x7, 0x0, 0x4d, 0x10, 0xec, 0x3, 0x13, 0xc, 0xca, 0x2, 0x16, 0x5] to [0x8, 0x16be, 0x7, 0x3ec104d, 0xc13, 0x2ca, 0x516]
receive fwd status 2
RPR rx from 8 len 70 nc 5894 records 3
Database.insertRecord() 8 5836 5864 27 18 [7, 0, 97, 133, 244, 3, 8, 0, 0, 0, 0, 0, 0, 5, 58, 1, 62, 1, 63, 1, 78, 1, 83, 1, 251, 8]
Database.insertRecord() 8 5864 5880 15 22 [2, 0, 7, 0, 130, 6, 35, 183, 244, 3, 213, 54, 53, 4]
Decoded Phoenix Ref [0x2, 0x0, 0x7, 0x0, 0x82, 0x6, 0x23, 0xb7, 0xf4, 0x3, 0xd5, 0x36, 0x35, 0x4] to [0x8, 0x16e8, 0x2, 0x7, 0x682, 0x3f4b723, 0x43536d5]
Database.insertRecord() 8 5880 5894 13 20 [7, 0, 77, 112, 245, 3, 17, 12, 50, 2, 21, 5]
Decoded Bacon Sample [0x7, 0x0, 0x4d, 0x70, 0xf5, 0x3, 0x11, 0xc, 0x32, 0x2, 0x15, 0x5] to [0x8, 0x16f8, 0x7, 0x3f5704d, 0xc11, 0x232, 0x515]
RPR rx from 8 len 82 nc 5964 records 3
Database.insertRecord() 8 5894 5922 27 18 [7, 0, 97, 229, 253, 3, 8, 0, 0, 0, 0, 0, 0, 5, 98, 1, 63, 1, 60, 1, 80, 1, 90, 1, 250, 8]
Database.insertRecord() 8 5922 5936 13 20 [72 elapsed, commit, 
0, 77, 208, 254, 3, 16, 12, 89, 2, 22, 5]
Decoded Bacon Sample [0x7, 0x0, 0x4d, 0xd0, 0xfe, 0x3, 0x10, 0xc, 0x59, 0x2, 0x16, 0x5] to [0x8, 0x1722, 0x7, 0x3fed04d, 0xc10, 0x259, 0x516]
Database.insertRecord() 8 5936 5964 27 18 [7, 0, 97, 69, 7, 4, 8, 0, 0, 0, 0, 0, 0, 5, 101, 1, 60, 1, 62, 1, 82, 1, 98, 1, 248, 8]
RPR rx from 8 len 68 nc 6020 records 3
Database.insertRecord() 8 5964 5978 13 20 [7, 0, 77, 48, 8, 4, 16, 12, 87, 2, 22, 5]
Decoded Bacon Sample [0x7, 0x0, 0x4d, 0x30, 0x8, 0x4, 0x10, 0xc, 0x57, 0x2, 0x16, 0x5] to [0x8, 0x174c, 0x7, 0x408304d, 0xc10, 0x257, 0x516]
Database.insertRecord() 8 5978 6006 27 18 [7, 0, 97, 165, 16, 4, 8, 0, 0, 0, 0, 0, 0, 5, 73, 1, 62, 1, 63, 1, 80, 1, 95, 1, 247, 8]
Database.insertRecord() 8 6006 6020 13 20 [7, 0, 77, 144, 17, 4, 11, 12, 138, 2, 23, 5]
Decoded Bacon Sample [0x7, 0x0, 0x4d, 0x90, 0x11, 0x4, 0xb, 0xc, 0x8a, 0x2, 0x17, 0x5] to [0x8, 0x1776, 0x7, 0x411904d, 0xc0b, 0x28a, 0x517]
RPR rx from 8 len 82 nc 6090 records 3
Database.insertRecord() 8 6020 6048 27 18 [7, 0, 97, 5, 26, 4, 8, 0, 0, 0, 0, 0, 0, 5, 66, 1, 61, 1, 63, 1, 80, 1, 90, 1, 244, 8]
Database.insertRecord() 8 6048 6062 13 20 [7, 0, 77, 240, 26, 4, 16, 12, 169, 2, 23, 5]
Decoded Bacon Sample [0x7, 0x0, 0x4d, 0xf0, 0x1a, 0x4, 0x10, 0xc, 0xa9, 0x2, 0x17, 0x5] to [0x8, 0x17a0, 0x7, 0x41af04d, 0xc10, 0x2a9, 0x517]
Database.insertRecord() 8 6062 6090 27 18 [7, 0, 97, 101, 35, 4, 8, 0, 0, 0, 0, 0, 0, 5, 63, 1, 63, 1, 67, 1, 79, 1, 99, 1, 245, 8]
RPR rx from 8 len 70 nc 6148 records 3
Database.insertRecord() 8 6090 6104 13 20 [7, 0, 77, 80, 36, 4, 18, 12, 150, 1, 24, 5]
Decoded Bacon Sample [0x7, 0x0, 0x4d, 0x50, 0x24, 0x4, 0x12, 0xc, 0x96, 0x1, 0x18, 0x5] to [0x8, 0x17ca, 0x7, 0x424504d, 0xc12, 0x196, 0x518]
Database.insertRecord() 8 6104 6132 27 18 [7, 0, 97, 197, 44, 4, 8, 0, 0, 0, 0, 0, 0, 5, 92, 1, 62, 1, 62, 1, 80, 1, 84, 1, 243, 8]
Database.insertRecord() 8 6132 6148 15 22 [1, 0, 7, 0, 35, 0, 191, 248, 44, 4, 6, 247, 124, 4]
Decoded Phoenix Ref [0x1, 0x0, 0x7, 0x0, 0x23, 0x0, 0xbf, 0xf8, 0x2c, 0x4, 0x6, 0xf7, 0x7c, 0x4] to [0x8, 0x17f4, 0x1, 0x7, 0x23, 0x42cf8bf, 0x47cf706]
RPR rx from 8 len 68 nc 6204 records 3
Database.insertRecord() 8 6148 6162 13 20 [7, 0, 77, 176, 45, 4, 14, 12, 253, 1, 23, 5]
Decoded Bacon Sample [0x7, 0x0, 0x4d, 0xb0, 0x2d, 0x4, 0xe, 0xc, 0xfd, 0x1, 0x17, 0x5] to [0x8, 0x1804, 0x7, 0x42db04d, 0xc0e, 0x1fd, 0x517]
Database.insertRecord() 8 6162 6190 27 18 [7, 0, 97, 37, 54, 4, 8, 0, 0, 0, 0, 0, 0, 5, 100, 1, 61, 1, 69, 1, 80, 1, 86, 1, 246, 8]
Database.insertRecord() 8 6190 6204 13 20 [7, 0, 77, 16, 55, 4, 17, 12, 251, 1, 22, 5]
Decoded Bacon Sample [0x7, 0x0, 0x4d, 0x10, 0x37, 0x4, 0x11, 0xc, 0xfb, 0x1, 0x16, 0x5] to [0x8, 0x182e, 0x7, 0x437104d, 0xc11, 0x1fb, 0x516]
RPR rx from 8 len 82 nc 6274 records 3
Database.insertRecord() 8 6204 6232 27 18 [7, 0, 97, 133, 63, 4, 8, 0, 0, 0, 0, 0, 0, 5, 59, 1, 61, 1, 62, 1, 78, 1, 92, 1, 246, 8]
Database.insertRecord() 8 6232 6246 13 20 [7, 0, 77, 112, 64, 4, 18, 12, 10, 2, 23, 5]
Decoded Bacon Sample [0x7, 0x0, 0x4d, 0x70, 0x40, 0x4, 0x12, 0xc, 0xa, 0x2, 0x17, 0x5] to [0x8, 0x1858, 0x7, 0x440704d, 0xc12, 0x20a, 0x517]
Database.insertRecord() 8 6246 6274 27 18 [7, 0, 97, 229, 72, 4, 8, 0, 0, 0, 0, 0, 0, 5, 76, 1, 63, 1, 68, 1, 76, 1, 96, 1, 250, 8]
receive eos Message <CxEosReport> 
  [owner=0x8]
  [status=0x2]

receive fwd status 2
PROG 1599848803.34  Node 8 transfer continues
REF 1599848795.15 17 10 82802850 1 [18, 1, 2]
Status Message <CxStatus> 
  [distance=0x1]
  [dataPending=0x1]
  [bw=0x2]
  [wakeupRC=0xa]
  [wakeupTS=0x4ef78a2]
  [pushCookie=0x160a]
  [writeCookie=0x18ac]
  [missingLength=0x0]
  [subnetChannel=0x0]
  [sampleInterval=0x96000]
  [role=0x0]
  [barcode=0x11 0x0 0x0 0x0 0x0 0x0 0x0 0x4 ]
  [neighbors=0x12 0x1 0x2 0xffff 0xffff 0xffff 0xffff 0xffff 0xffff 0xffff 0xffff 0xffff 0xffff 0xffff 0xffff 0xffff ]

PROG 1599848803.77 Contacted 11 (3 neighbors). 674 queued, 0 in current request
RPR rx from 17 len 18 nc 5656 records 1
Database.insertRecord() 17 5642 5656 13 20 [10, 0, 79, 112, 64, 4, 15, 12, 143, 5, 32, 5]
Decoded Bacon Sample [0xa, 0x0, 0x4f, 0x70, 0x40, 0x4, 0xf, 0xc, 0x8f, 0x5, 0x20, 0x5] to [0x11, 0x160a, 0xa, 0x440704f, 0xc0f, 0x58f, 0x520]
RPR rx from 17 len 84 nc 5724 records 4
Database.insertRecord() 17 5656 5676 19 18 [10, 0, 87, 229, 72, 4, 17, 0, 0, 0, 0, 0, 0, 5, 26, 9, 91, 1]
Database.insertRecord() 17 5676 5690 13 20 [10, 0, 79, 208, 73, 4, 24, 12, 203, 5, 30, 5]
Decoded Bacon Sample [0xa, 0x0, 0x4f, 0xd0, 0x49, 0x4, 0x18, 0xc, 0xcb, 0x5, 0x1e, 0x5] to [0x11, 0x162c, 0xa, 0x449d04f, 0xc18, 0x5cb, 0x51e]
Database.insertRecord() 17 5690 5710 19 18 [10, 0, 87, 69, 82, 4, 17, 0, 0, 0, 0, 0, 0, 5, 28, 9, 85, 1]
Database.insertRecord() 17 5710 5724 13 20 [10, 0, 79, 48, 83, 4, 25, 12, 209, 4, 28, 5]
Decoded Bacon Sample [0xa, 0x0, 0x4f, 0x30, 0x53, 0x4, 0x19, 0xc, 0xd1, 0x4, 0x1c, 0x5] to [0x11, 0x164e, 0xa, 0x453304f, 0xc19, 0x4d1, 0x51c]
RPR rx from 17 len 86 nc 5794 records 4
Database.insertRecord() 17 5724 5744 19 18 [10, 0, 87, 165, 91, 4, 17, 0, 0, 0, 0, 0, 0, 5, 31, 9, 84, 1]
Database.insertRecord() 17 5744 5758 13 20 [10, 0, 79, 144, 92, 4, 23, 12, 182, 4, 28, 5]
Decoded Bacon Sample [0xa, 0x0, 0x4f, 0x90, 0x5c, 0x4, 0x17, 0xc, 0xb6, 0x4, 0x1c, 0x5] to [0x11, 0x1670, 0xa, 0x45c904f, 0xc17, 0x4b6, 0x51c]
Database.insertRecord() 17 5758 5778 19 18 [10, 0, 87, 5, 101, 4, 17, 0, 0, 0, 0, 0, 0, 5, 33, 9, 112, 1]
Database.insertRecord() 17 5778 5794 15 22 [2, 0, 10, 0, 130, 6, 74, 64, 101, 4, 237, 93, 66, 4]
Decoded Phoenix Ref [0x2, 0x0, 0xa, 0x0, 0x82, 0x6, 0x4a, 0x40, 0x65, 0x4, 0xed, 0x5d, 0x42, 0x4] to [0x11, 0x1692, 0x2, 0xa, 0x682, 0x465404a, 0x4425ded]
RPR rx from 17 len 84 nc 5862 records 4
Database.insertRecord() 17 5794 5808 13 20 [10, 0, 79, 240, 101, 4, 24, 12, 166, 4, 28, 5]
Decoded Bacon Sample [0xa, 0x0, 0x4f, 0xf0, 0x65, 0x4, 0x18, 0xc, 0xa6, 0x4, 0x1c, 0x5] to [0x11, 0x16a2, 0xa, 0x465f04f, 0xc18, 0x4a6, 0x51c]
Database.insertRecord() 17 5808 5828 19 18 [10, 0, 87, 101, 110, 4, 17, 0, 0, 0, 0, 0, 0, 5, 34, 9, 96, 1]
Database.insertRecord() 17 5828 5842 13 20 [10, 0, 79, 80, 111, 4, 23, 12, 251, 4, 25, 5]
Decoded Bacon Sample [0xa, 0x0, 0x4f, 0x50, 0x6f, 0x4, 0x17, 0xc, 0xfb, 0x4, 0x19, 0x5] to [0x11, 0x16c4, 0xa, 0x46f504f, 0xc17, 0x4fb, 0x519]
Database.insertRecord() 17 5842 5862 19 18 [10, 0, 87, 197, 119, 4, 17, 0, 0, 0, 0, 0, 0, 5, 34, 9, 111, 1]
RPR rx from 17 len 84 nc 5930 records 4
Database.insertRecord() 17 5862 5876 13 20 [10, 0, 79, 176, 120, 4, 26, 12, 57, 5, 27, 5]
Decoded Bacon Sample [0xa, 0x0, 0x4f, 0xb0, 0x78, 0x4, 0x1a, 0xc, 0x39, 0x5, 0x1b, 0x5] to [0x11, 0x16e6, 0xa, 0x478b04f, 0xc1a, 0x539, 0x51b]
Database.insertRecord() 17 5876 5896 19 18 [10, 0, 87, 37, 129, 4, 17, 0, 0, 0, 0, 0, 0, 5, 35, 9, 85, 1]
Database.insertRecord() 17 5896 5910 13 20 [10, 0, 79, 16, 130, 4, 22, 12, 191, 4, 28, 5]
Decoded Bacon Sample [0xa, 0x0, 0x4f, 0x10, 0x82, 0x4, 0x16, 0xc, 0xbf, 0x4, 0x1c, 0x5] to [0x11, 0x1708, 0xa, 0x482104f, 0xc16, 0x4bf, 0x51c]
Database.insertRecord() 17 5910 5930 19 18 [10, 0, 87, 133, 138, 4, 17, 0, 0, 0, 0, 0, 0, 5, 35, 9, 85, 1]
receive fwd status 2
RPR rx from 17 len 84 nc 5998 records 4
Database.insertRecord() 17 5930 5944 13 20 [10, 0, 79, 112, 139, 4, 24, 12, 64, 4, 28, 5]
Decoded Bacon Sample [0xa, 0x0, 0x4f, 0x70, 0x8b, 0x4, 0x18, 0xc, 0x40, 0x4, 0x1c, 0x5] to [0x11, 0x172a, 0xa, 0x48b704f, 0xc18, 0x440, 0x51c]
Database.insertRecord() 17 5944 5964 19 18 [10, 0, 87, 229, 147, 4, 17, 0, 0, 0, 0, 0, 0, 5, 37, 9, 91, 1]
Database.insertRecord() 17 5964 5978 13 20 [10, 0, 79, 208, 148, 4, 22, 12, 115, 4, 26, 5]
Decoded Bacon Sample [0xa, 0x0, 0x4f, 0xd0, 0x94, 0x4, 0x16, 0xc, 0x73, 0x4, 0x1a, 0x5] to [0x11, 0x174c, 0xa, 0x494d04f, 0xc16, 0x473, 0x51a]
Database.insertRecord() 17 5978 5998 19 18 [10, 0, 87, 69, 157, 4, 17, 0, 0, 0, 0, 0, 0, 5, 37, 9, 82, 1]
RPR rx from 17 len 80 nc 6062 records 4
Database.insertRecord() 17 5998 6014 15 22 [18, 0, 10, 0, 2, 0, 47, 129, 157, 4, 242, 230, 111, 4]
Decoded Phoenix Ref [0x12, 0x0, 0xa, 0x0, 0x2, 0x0, 0x2f, 0x81, 0x9d, 0x4, 0xf2, 0xe6, 0x6f, 0x4] to [0x11, 0x176e, 0x12, 0xa, 0x2, 0x49d812f, 0x46fe6f2]
Database.insertRecord() 17 6014 6028 13 20 [10, 0, 79, 48, 158, 4, 22, 12, 142, 4, 27, 5]
Decoded Bacon Sample [0xa, 0x0, 0x4f, 0x30, 0x9e, 0x4, 0x16, 0xc, 0x8e, 0x4, 0x1b, 0x5] to [0x11, 0x177e, 0xa, 0x49e304f, 0xc16, 0x48e, 0x51b]
Database.insertRecord() 17 6028 6048 19 18 [10, 0, 87, 165, 166, 4, 17, 0, 0, 0, 0, 0, 0, 5, 39, 9, 87, 1]
Database.insertRecord() 17 6048 6062 13 20 [10, 0, 79, 144, 167, 4, 25, 12, 190, 4, 26, 5]
Decoded Bacon Sample [0xa, 0x0, 0x4f, 0x90, 0xa7, 0x4, 0x19, 0xc, 0xbe, 0x4, 0x1a, 0x5] to [0x11, 0x17a0, 0xa, 0x4a7904f, 0xc19, 0x4be, 0x51a]
2 elapsed, commit
RPR rx from 17 len 84 nc 6130 records 4
Database.insertRecord() 17 6062 6082 19 18 [10, 0, 87, 5, 176, 4, 17, 0, 0, 0, 0, 0, 0, 5, 39, 9, 111, 1]
Database.insertRecord() 17 6082 6096 13 20 [10, 0, 79, 240, 176, 4, 25, 12, 133, 5, 27, 5]
Decoded Bacon Sample [0xa, 0x0, 0x4f, 0xf0, 0xb0, 0x4, 0x19, 0xc, 0x85, 0x5, 0x1b, 0x5] to [0x11, 0x17c2, 0xa, 0x4b0f04f, 0xc19, 0x585, 0x51b]
Database.insertRecord() 17 6096 6116 19 18 [10, 0, 87, 101, 185, 4, 17, 0, 0, 0, 0, 0, 0, 5, 38, 9, 96, 1]
Database.insertRecord() 17 6116 6130 13 20 [10, 0, 79, 80, 186, 4, 22, 12, 167, 5, 26, 5]
Decoded Bacon Sample [0xa, 0x0, 0x4f, 0x50, 0xba, 0x4, 0x16, 0xc, 0xa7, 0x5, 0x1a, 0x5] to [0x11, 0x17e4, 0xa, 0x4ba504f, 0xc16, 0x5a7, 0x51a]
receive eos Message <CxEosReport> 
  [owner=0x11]
  [status=0x2]

PROG 1599848804.94  Node 11 transfer continues
REF 1599848795.15 18 2 79814622 1 [1, 2]
Status Message <CxStatus> 
  [distance=0x1]
  [dataPending=0x1]
  [bw=0x2]
  [wakeupRC=0x2]
  [wakeupTS=0x4c1dfde]
  [pushCookie=0x1572]
  [writeCookie=0x1922]
  [missingLength=0x0]
  [subnetChannel=0x0]
  [sampleInterval=0x96000]
  [role=0x0]
  [barcode=0x12 0x0 0x0 0x0 0x0 0x0 0x0 0x4 ]
  [neighbors=0x1 0x2 0xffff 0xffff 0xffff 0xffff 0xffff 0xffff 0xffff 0xffff 0xffff 0xffff 0xffff 0xffff 0xffff 0xffff ]

PROG 1599848805.31 Contacted 12 (2 neighbors). 944 queued, 0 in current request
receive fwd status 2
RPR rx from 18 len 20 nc 5506 records 1
Database.insertRecord() 18 5490 5506 15 16 [2, 0, 84, 3, 26, 4, 18, 0, 0, 0, 0, 0, 0, 6]
RPR rx from 18 len 36 nc 5534 records 2
Database.insertRecord() 18 5506 5520 13 20 [2, 0, 79, 240, 26, 4, 9, 12, 89, 4, 26, 5]
Decoded Bacon Sample [0x2, 0x0, 0x4f, 0xf0, 0x1a, 0x4, 0x9, 0xc, 0x59, 0x4, 0x1a, 0x5] to [0x12, 0x1582, 0x2, 0x41af04f, 0xc09, 0x459, 0x51a]
Database.insertRecord() 18 5520 5534 13 20 [2, 0, 79, 80, 36, 4, 12, 12, 157, 3, 27, 5]
Decoded Bacon Sample [0x2, 0x0, 0x4f, 0x50, 0x24, 0x4, 0xc, 0xc, 0x9d, 0x3, 0x1b, 0x5] to [0x12, 0x1590, 0x2, 0x424504f, 0xc0c, 0x39d, 0x51b]
RPR rx from 18 len 76 nc 5606 records 1
Database.insertRecord() 18 5534 5606 71 17 [2, 0, 92, 197, 44, 4, 94, 48, 2, 2, 14, 0, 3, 2, 139, 141, 8, 16, 0, 128, 0, 0, 206, 127, 146, 11, 191, 13, 52, 128, 241, 6, 63, 8, 4, 8, 18, 0, 0, 0, 0, 0, 0, 6, 5, 24, 32, 0, 18, 33, 0, 18, 20, 0, 2, 0, 0, 0, 0, 0, 0, 0, 0, 0, 0, 0, 0, 0, 0, 0]
Toast Connection raw: ['0x2', '0x0', '0x5c', '0xc5', '0x2c', '0x4', '0x5e', '0x30', '0x2', '0x2', '0xe', '0x0', '0x3', '0x2', '0x8b', '0x8d', '0x8', '0x10', '0x0', '0x80', '0x0', '0x0', '0xce', '0x7f', '0x92', '0xb', '0xbf', '0xd', '0x34', '0x80', '0xf1', '0x6', '0x3f', '0x8', '0x4', '0x8', '0x12', '0x0', '0x0', '0x0', '0x0', '0x0', '0x0', '0x6', '0x5', '0x18', '0x20', '0x0', '0x12', '0x21', '0x0', '0x12', '0x14', '0x0', '0x2', '0x0', '0x0', '0x0', '0x0', '0x0', '0x0', '0x0', '0x0', '0x0', '0x0', '0x0', '0x0', '0x0', '0x0', '0x0']
Toast Connection unpacked: 18 5534 2 70042972 ['0x5e', '0x30', '0x2', '0x2', '0xe', '0x0', '0x3', '0x2', '0x8b', '0x8d', '0x8', '0x10', '0x0', '0x80', '0x0', '0x0', '0xce', '0x7f', '0x92', '0xb', '0xbf', '0xd', '0x34', '0x80', '0xf1', '0x6', '0x3f', '0x8', '0x4', '0x8', '0x12', '0x0', '0x0', '0x0', '0x0', '0x0', '0x0', '0x6', '0x5', '0x18', '0x20', '0x0', '0x12', '0x21', '0x0', '0x12', '0x14', '0x0', '0x2', '0x0', '0x0', '0x0', '0x0', '0x0', '0x0', '0x0', '0x0', '0x0', '0x0', '0x0', '0x0', '0x0', '0x0', '0x0']
next (t,l,v) 0x2 2 0xe 0x0
next (t,l,v) 0x3 2 0x8b 0x8d
next (t,l,v) 0x8 16 0x0 0x80 0x0 0x0 0xce 0x7f 0x92 0xb 0xbf 0xd 0x34 0x80 0xf1 0x6 0x3f 0x8
next (t,l,v) 0x4 8 0x12 0x0 0x0 0x0 0x0 0x0 0x0 0x6
next (t,l,v) 0x5 24 0x20 0x0 0x12 0x21 0x0 0x12 0x14 0x0 0x2 0x0 0x0 0x0 0x0 0x0 0x0 0x0 0x0 0x0 0x0 0x0 0x0 0x0 0x0 0x0
RPR rx from 18 len 82 nc 5672 records 4
Database.insertRecord() 18 5606 5628 21 18 [2, 0, 103, 197, 44, 4, 18, 0, 0, 0, 0, 0, 0, 6, 23, 9, 147, 9, 104, 1]
Database.insertRecord() 18 5628 5642 13 20 [2, 0, 79, 176, 45, 4, 15, 12, 95, 3, 26, 5]
Decoded Bacon Sample [0x2, 0x0, 0x4f, 0xb0, 0x2d, 0x4, 0xf, 0xc, 0x5f, 0x3, 0x1a, 0x5] to [0x12, 0x15fc, 0x2, 0x42db04f, 0xc0f, 0x35f, 0x51a]
Database.insertRecord() 18 5642 5658 15 16 [2, 0, 84, 35, 54, 4, 18, 0, 0, 0, 0, 0, 0, 6]
Database.insertRecord() 18 5658 5672 13 20 [2, 0, 79, 16, 55, 4, 13, 12, 94, 3, 26, 5]
Decoded Bacon Sample [0x2, 0x0, 0x4f, 0x10, 0x37, 0x4, 0xd, 0xc, 0x5e, 0x3, 0x1a, 0x5] to [0x12, 0x161a, 0x2, 0x437104f, 0xc0d, 0x35e, 0x51a]
RPR rx from 18 len 76 nc 5744 records 1
Database.insertRecord() 18 5672 5744 71 17 [2, 0, 92, 133, 63, 4, 94, 48, 2, 2, 14, 0, 3, 2, 139, 141, 8, 16, 0, 128, 0, 0, 206, 127, 146, 11, 191, 13, 52, 128, 241, 6, 63, 8, 4, 8, 18, 0, 0, 0, 0, 0, 0, 6, 5, 24, 32, 0, 18, 33, 0, 18, 20, 0, 2, 0, 0, 0, 0, 0, 0, 0, 0, 0, 0, 0, 0, 0, 0, 0]
Toast Connection raw: ['0x2', '0x0', '0x5c', '0x85', '0x3f', '0x4', '0x5e', '0x30', '0x2', '0x2', '0xe', '0x0', '0x3', '0x2', '0x8b', '0x8d', '0x8', '0x10', '0x0', '0x80', '0x0', '0x0', '0xce', '0x7f', '0x92', '0xb', '0xbf', '0xd', '0x34', '0x80', '0xf1', '0x6', '0x3f', '0x8', '0x4', '0x8', '0x12', '0x0', '0x0', '0x0', '0x0', '0x0', '0x0', '0x6', '0x5', '0x18', '0x20', '0x0', '0x12', '0x21', '0x0', '0x12', '0x14', '0x0', '0x2', '0x0', '0x0', '0x0', '0x0', '0x0', '0x0', '0x0', '0x0', '0x0', '0x0', '0x0', '0x0', '0x0', '0x0', '0x0']
Toast Connection unpacked: 18 5672 2 71271772 ['0x5e', '0x30', '0x2', '0x2', '0xe', '0x0', '0x3', '0x2', '0x8b', '0x8d', '0x8', '0x10', '0x0', '0x80', '0x0', '0x0', '0xce', '0x7f', '0x92', '0xb', '0xbf', '0xd', '0x34', '0x80', '0xf1', '0x6', '0x3f', '0x8', '0x4', '0x8', '0x12', '0x0', '0x0', '0x0', '0x0', '0x0', '0x0', '0x6', '0x5', '0x18', '0x20', '0x0', '0x12', '0x21', '0x0', '0x12', '0x14', '0x0', '0x2', '0x0', '0x0', '0x0', '0x0', '0x0', '0x0', '0x0', '0x0', '0x0', '0x0', '0x0', '0x0', '0x0', '0x0', '0x0']
next (t,l,v) 0x2 2 0xe 0x0
next (t,l,v) 0x3 2 0x8b 0x8d
next (t,l,v) 0x8 16 0x0 0x80 0x0 0x0 0xce 0x7f 0x92 0xb 0xbf 0xd 0x34 0x80 0xf1 0x6 0x3f 0x8
next (t,l,v) 0x4 8 0x12 0x0 0x0 0x0 0x0 0x0 0x0 0x6
next (t,l,v) 0x5 24 0x20 0x0 0x12 0x21 0x0 0x12 0x14 0x0 0x2 0x0 0x0 0x0 0x0 0x0 0x0 0x0 0x0 0x0 0x0 0x0 0x0 0x0 0x0 0x0
RPR rx from 18 len 82 nc 5810 records 4
Database.insertRecord() 18 5744 5766 21 18 [2, 0, 103, 133, 63, 4, 18, 0, 0, 0, 0, 0, 0, 6, 21, 9, 147, 9, 103, 1]
Database.insertRecord() 18 5766 5780 13 20 [2, 0, 79, 112, 64, 4, 12, 12, 128, 3, 27, 5]
Decoded Bacon Sample [0x2, 0x0, 0x4f, 0x70, 0x40, 0x4, 0xc, 0xc, 0x80, 0x3, 0x1b, 0x5] to [0x12, 0x1686, 0x2, 0x440704f, 0xc0c, 0x380, 0x51b]
Database.insertRecord() 18 5780 5796 15 16 [2, 0, 84, 227, 72, 4, 18, 0, 0, 0, 0, 0, 0, 6]
Database.insertRecord() 18 5796 5810 13 20 [2, 0, 79, 208, 73, 4, 245, 11, 207, 3, 27, 5]
Decoded Bacon Sample [0x2, 0x0, 0x4f, 0xd0, 0x49, 0x4, 0xf5, 0xb, 0xcf, 0x3, 0x1b, 0x5] to [0x12, 0x16a4, 0x2, 0x449d04f, 0xbf5, 0x3cf, 0x51b]
RPR rx from 18 len 76 nc 5882 records 1
Database.insertRecord() 18 5810 5882 71 17 [2, 0, 92, 69, 82, 4, 94, 48, 2, 2, 14, 0, 3, 2, 139, 141, 8, 16, 0, 128, 0, 0, 206, 127, 146, 11, 191, 13, 52, 128, 241, 6, 63, 8, 4, 8, 18, 0, 0, 0, 0, 0, 0, 6, 5, 24, 32, 0, 18, 33, 0, 18, 20, 0, 2, 0, 0, 0, 0, 0, 0, 0, 0, 0, 0, 0, 0, 0, 0, 0]
Toast Connection raw: ['0x2', '0x0', '0x5c', '0x45', '0x52', '0x4', '0x5e', '0x30', '0x2', '0x2', '0xe', '0x0', '0x3', '0x2', '0x8b', '0x8d', '0x8', '0x10', '0x0', '0x80', '0x0', '0x0', '0xce', '0x7f', '0x92', '0xb', '0xbf', '0xd', '0x34', '0x80', '0xf1', '0x6', '0x3f', '0x8', '0x4', '0x8', '0x12', '0x0', '0x0', '0x0', '0x0', '0x0', '0x0', '0x6', '0x5', '0x18', '0x20', '0x0', '0x12', '0x21', '0x0', '0x12', '0x14', '0x0', '0x2', '0x0', '0x0', '0x0', '0x0', '0x0', '0x0', '0x0', '0x0', '0x0', '0x0', '0x0', '0x0', '0x0', '0x0', '0x0']
Toast Connection unpacked: 18 5810 2 72500572 ['0x5e', '0x30', '0x2', '0x2', '0xe', '0x0', '0x3', '0x2', '0x8b', '0x8d', '0x8', '0x10', '0x0', '0x80', '0x0', '0x0', '0xce', '0x7f', '0x92', '0xb', '0xbf', '0xd', '0x34', '0x80', '0xf1', '0x6', '0x3f', '0x8', '0x4', '0x8', '0x12', '0x0', '0x0', '0x0', '0x0', '0x0', '0x0', '0x6', '0x5', '0x18', '0x20', '0x0', '0x12', '0x21', '0x0', '0x12', '0x14', '0x0', '0x2', '0x0', '0x0', '0x0', '0x0', '0x0', '0x0', '0x0', '0x0', '0x0', '0x0', '0x0', '0x0', '0x0', '0x0', '0x0']
next (t,l,v) 0x2 2 0xe 0x0
next (t,l,v) 0x3 2 0x8b 0x8d
next (t,l,v) 0x8 16 0x0 0x80 0x0 0x0 0xce 0x7f 0x92 0xb 0xbf 0xd 0x34 0x80 0xf1 0x6 0x3f 0x8
next (t,l,v) 0x4 8 0x12 0x0 0x0 0x0 0x0 0x0 0x0 0x6
next (t,l,v) 0x5 24 0x20 0x0 0x12 0x21 0x0 0x12 0x14 0x0 0x2 0x0 0x0 0x0 0x0 0x0 0x0 0x0 0x0 0x0 0x0 0x0 0x0 0x0 0x0 0x0
RPR rx from 18 len 70 nc 5940 records 3
Database.insertRecord() 18 5882 5904 21 18 [2, 0, 103, 69, 82, 4, 18, 0, 0, 0, 0, 0, 0, 6, 16, 9, 147, 9, 94, 1]
Database.insertRecord() 18 5904 5918 13 20 [2, 0, 79, 48, 83, 4, 16, 12, 106, 3, 28, 5]
Decoded Bacon Sample [0x2, 0x0, 0x4f, 0x30, 0x53, 0x4, 0x10, 0xc, 0x6a, 0x3, 0x1c, 0x5] to [0x12, 0x1710, 0x2, 0x453304f, 0xc10, 0x36a, 0x51c]
Database.insertRecord() 18 5918 5940 21 18 [2, 0, 90, 165, 91, 4, 18, 0, 0, 0, 0, 0, 0, 6, 17, 9, 146, 9, 101, 1]
RPR rx from 18 len 82 nc 6006 records 4
Database.insertRecord() 18 5940 5954 13 20 [2, 0, 79, 144, 92, 4, 14, 12, 173, 2, 28, 5]
Decoded Bacon Sample [0x2, 0x0, 0x4f, 0x90, 0x5c, 0x4, 0xe, 0xc, 0xad, 0x2, 0x1c, 0x5] to [0x12, 0x1734, 0x2, 0x45c904f, 0xc0e, 0x2ad, 0x51c]
Database.insertRecord() 18 5954 5976 21 18 [2, 0, 90, 5, 101, 4, 18, 0, 0, 0, 0, 0, 0, 6, 18, 9, 147, 9, 95, 1]
Database.insertRecord() 18 5976 5992 15 22 [8, 0, 2, 0, 7, 0, 54, 63, 101, 4, 93, 119, 47, 4]
Decoded Phoenix Ref [0x8, 0x0, 0x2, 0x0, 0x7, 0x0, 0x36, 0x3f, 0x65, 0x4, 0x5d, 0x77, 0x2f, 0x4] to [0x12, 0x1758, 0x8, 0x2, 0x7, 0x4653f36, 0x42f775d]
Database.insertRecord() 18 5992 6006 13 20 [2, 0, 79, 240, 101, 4, 7, 12, 227, 2, 27, 5]
Decoded Bacon Sample [0x2, 0x0, 0x4f, 0xf0, 0x65, 0x4, 0x7, 0xc, 0xe3, 0x2, 0x1b, 0x5] to [0x12, 0x1768, 0x2, 0x465f04f, 0xc07, 0x2e3, 0x51b]
RPR rx from 18 len 82 nc 6072 records 4
Database.insertRecord() 18 6006 6028 21 18 [2, 0, 90, 101, 110, 4, 18, 0, 0, 0, 0, 0, 0, 6, 20, 9, 146, 9, 94, 1]
Database.insertRecord() 18 6028 6042 13 20 [2, 0, 79, 80, 111, 4, 13, 12, 253, 2, 28, 5]
Decoded Bacon Sample [0x2, 0x0, 0x4f, 0x50, 0x6f, 0x4, 0xd, 0xc, 0xfd, 0x2, 0x1c, 0x5] to [0x12, 0x178c, 0x2, 0x46f504f, 0xc0d, 0x2fd, 0x51c]
Database.insertRecord() 18 6042 6058 15 16 [2, 0, 84, 195, 119, 4, 18, 0, 0, 0, 0, 0, 0, 6]
Database.insertRecord() 18 6058 6072 13 20 [2, 0, 79, 176, 120, 4, 13, 12, 58, 3, 27, 5]
Decoded Bacon Sample [0x2, 0x0, 0x4f, 0xb0, 0x78, 0x4, 0xd, 0xc, 0x3a, 0x3, 0x1b, 0x5] to [0x12, 0x17aa, 0x2, 0x478b04f, 0xc0d, 0x33a, 0x51b]
receive fwd status 2
receive eos Message <CxEosReport> 
  [owner=0x12]
  [status=0x2]

PROG 1599848806.47  Node 12 transfer continues
REF 1599848795.15 1 35 81529819 1 [2]
Status Message <CxStatus> 
  [distance=0x1]
  [dataPending=0x1]
  [bw=0x2]
  [wakeupRC=0x23]
  [wakeupTS=0x4dc0bdb]
  [pushCookie=0x3500]
  [writeCookie=0x37c6]
  [missingLength=0x0]
  [subnetChannel=0x0]
  [sampleInterval=0x96000]
  [role=0x0]
  [barcode=0x1 0x0 0x0 0x0 0x0 0x0 0x0 0x4 ]
  [neighbors=0x2 0xffff 0xffff 0xffff 0xffff 0xffff 0xffff 0xffff 0xffff 0xffff 0xffff 0xffff 0xffff 0xffff 0xffff 0xffff ]

PROG 1599848806.89 Contacted 1 (1 neighbors). 710 queued, 0 in current request
2 elapsed, commit
RPR rx from 1 len 18 nc 13582 records 1
Database.insertRecord() 1 13568 13582 13 20 [35, 0, 78, 176, 45, 4, 19, 12, 156, 1, 10, 5]
Decoded Bacon Sample [0x23, 0x0, 0x4e, 0xb0, 0x2d, 0x4, 0x13, 0xc, 0x9c, 0x1, 0xa, 0x5] to [0x1, 0x3500, 0x23, 0x42db04e, 0xc13, 0x19c, 0x50a]
receive fwd status 2
receive eos Message <CxEosReport> 
  [owner=0x1]
  [status=0x2]

PROG 1599848808.06  Node 1 transfer continues
receive fwd status 2
REF 1599848795.15 2 1666 80517444 1 []
Status Message <CxStatus> 
  [distance=0x1]
  [dataPending=0x1]
  [bw=0x2]
  [wakeupRC=0x682]
  [wakeupTS=0x4cc9944]
  [pushCookie=0x16dae]
  [writeCookie=0x16eda]
  [missingLength=0x0]
  [subnetChannel=0x0]
  [sampleInterval=0x96000]
  [role=0x0]
  [barcode=0x2 0x0 0x0 0x0 0x0 0x0 0x0 0x4 ]
  [neighbors=0xffff 0xffff 0xffff 0xffff 0xffff 0xffff 0xffff 0xffff 0xffff 0xffff 0xffff 0xffff 0xffff 0xffff 0xffff 0xffff ]

PROG 1599848808.45 Contacted 2 (0 neighbors). 300 queued, 0 in current request
RPR rx from 2 len 18 nc 93628 records 1
Database.insertRecord() 2 93614 93628 13 20 [130, 6, 76, 80, 36, 4, 2, 12, 223, 5, 18, 5]
Decoded Bacon Sample [0x82, 0x6, 0x4c, 0x50, 0x24, 0x4, 0x2, 0xc, 0xdf, 0x5, 0x12, 0x5] to [0x2, 0x16dae, 0x682, 0x424504c, 0xc02, 0x5df, 0x512]
RPR rx from 2 len 74 nc 93686 records 4
Database.insertRecord() 2 93628 93644 15 22 [17, 0, 130, 6, 10, 0, 69, 250, 44, 4, 162, 220, 79, 4]
Decoded Phoenix Ref [0x11, 0x0, 0x82, 0x6, 0xa, 0x0, 0x45, 0xfa, 0x2c, 0x4, 0xa2, 0xdc, 0x4f, 0x4] to [0x2, 0x16dbc, 0x11, 0x682, 0xa, 0x42cfa45, 0x44fdca2]
Database.insertRecord() 2 93644 93658 13 20 [130, 6, 76, 176, 45, 4, 1, 12, 146, 5, 19, 5]
Decoded Bacon Sample [0x82, 0x6, 0x4c, 0xb0, 0x2d, 0x4, 0x1, 0xc, 0x92, 0x5, 0x13, 0x5] to [0x2, 0x16dcc, 0x682, 0x42db04c, 0xc01, 0x592, 0x513]
Database.insertRecord() 2 93658 93672 13 20 [130, 6, 76, 16, 55, 4, 2, 12, 70, 5, 18, 5]
Decoded Bacon Sample [0x82, 0x6, 0x4c, 0x10, 0x37, 0x4, 0x2, 0xc, 0x46, 0x5, 0x12, 0x5] to [0x2, 0x16dda, 0x682, 0x437104c, 0xc02, 0x546, 0x512]
Database.insertRecord() 2 93672 93686 13 20 [130, 6, 76, 112, 64, 4, 234, 11, 34, 5, 17, 5]
Decoded Bacon Sample [0x82, 0x6, 0x4c, 0x70, 0x40, 0x4, 0xea, 0xb, 0x22, 0x5, 0x11, 0x5] to [0x2, 0x16de8, 0x682, 0x440704c, 0xbea, 0x522, 0x511]
RPR rx from 2 len 74 nc 93744 records 4
Database.insertRecord() 2 93686 93700 13 20 [130, 6, 76, 208, 73, 4, 0, 12, 75, 5, 16, 5]
Decoded Bacon Sample [0x82, 0x6, 0x4c, 0xd0, 0x49, 0x4, 0x0, 0xc, 0x4b, 0x5, 0x10, 0x5] to [0x2, 0x16df6, 0x682, 0x449d04c, 0xc00, 0x54b, 0x510]
Database.insertRecord() 2 93700 93714 13 20 [130, 6, 76, 48, 83, 4, 3, 12, 109, 5, 16, 5]
Decoded Bacon Sample [0x82, 0x6, 0x4c, 0x30, 0x53, 0x4, 0x3, 0xc, 0x6d, 0x5, 0x10, 0x5] to [0x2, 0x16e04, 0x682, 0x453304c, 0xc03, 0x56d, 0x510]
Database.insertRecord() 2 93714 93728 13 20 [130, 6, 76, 144, 92, 4, 1, 12, 122, 5, 16, 5]
Decoded Bacon Sample [0x82, 0x6, 0x4c, 0x90, 0x5c, 0x4, 0x1, 0xc, 0x7a, 0x5, 0x10, 0x5] to [0x2, 0x16e12, 0x682, 0x45c904c, 0xc01, 0x57a, 0x510]
Database.insertRecord() 2 93728 93744 15 22 [17, 0, 130, 6, 10, 0, 100, 60, 101, 4, 184, 30, 136, 4]
Decoded Phoenix Ref [0x11, 0x0, 0x82, 0x6, 0xa, 0x0, 0x64, 0x3c, 0x65, 0x4, 0xb8, 0x1e, 0x88, 0x4] to [0x2, 0x16e20, 0x11, 0x682, 0xa, 0x4653c64, 0x4881eb8]
RPR rx from 2 len 72 nc 93800 records 4
Database.insertRecord() 2 93744 93758 13 20 [130, 6, 76, 240, 101, 4, 2, 12, 167, 4, 18, 5]
Decoded Bacon Sample [0x82, 0x6, 0x4c, 0xf0, 0x65, 0x4, 0x2, 0xc, 0xa7, 0x4, 0x12, 0x5] to [0x2, 0x16e30, 0x682, 0x465f04c, 0xc02, 0x4a7, 0x512]
Database.insertRecord() 2 93758 93772 13 20 [130, 6, 76, 80, 111, 4, 254, 11, 212, 4, 17, 5]
Decoded Bacon Sample [0x82, 0x6, 0x4c, 0x50, 0x6f, 0x4, 0xfe, 0xb, 0xd4, 0x4, 0x11, 0x5] to [0x2, 0x16e3e, 0x682, 0x46f504c, 0xbfe, 0x4d4, 0x511]
Database.insertRecord() 2 93772 93786 13 20 [130, 6, 76, 176, 120, 4, 252, 11, 223, 4, 15, 5]
Decoded Bacon Sample [0x82, 0x6, 0x4c, 0xb0, 0x78, 0x4, 0xfc, 0xb, 0xdf, 0x4, 0xf, 0x5] to [0x2, 0x16e4c, 0x682, 0x478b04c, 0xbfc, 0x4df, 0x50f]
Database.insertRecord() 2 93786 93800 13 20 [130, 6, 76, 16, 130, 4, 2, 12, 20, 5, 14, 5]
Decoded Bacon Sample [0x82, 0x6, 0x4c, 0x10, 0x82, 0x4, 0x2, 0xc, 0x14, 0x5, 0xe, 0x5] to [0x2, 0x16e5a, 0x682, 0x482104c, 0xc02, 0x514, 0x50e]
2 elapsed, commit
RPR rx from 2 len 74 nc 93858 records 4
Database.insertRecord() 2 93800 93814 13 20 [130, 6, 76, 112, 139, 4, 1, 12, 246, 5, 14, 5]
Decoded Bacon Sample [0x82, 0x6, 0x4c, 0x70, 0x8b, 0x4, 0x1, 0xc, 0xf6, 0x5, 0xe, 0x5] to [0x2, 0x16e68, 0x682, 0x48b704c, 0xc01, 0x5f6, 0x50e]
Database.insertRecord() 2 93814 93828 13 20 [130, 6, 76, 208, 148, 4, 255, 11, 249, 5, 15, 5]
Decoded Bacon Sample [0x82, 0x6, 0x4c, 0xd0, 0x94, 0x4, 0xff, 0xb, 0xf9, 0x5, 0xf, 0x5] to [0x2, 0x16e76, 0x682, 0x494d04c, 0xbff, 0x5f9, 0x50f]
Database.insertRecord() 2 93828 93844 15 22 [18, 0, 130, 6, 2, 0, 9, 125, 157, 4, 33, 197, 146, 4]
Decoded Phoenix Ref [0x12, 0x0, 0x82, 0x6, 0x2, 0x0, 0x9, 0x7d, 0x9d, 0x4, 0x21, 0xc5, 0x92, 0x4] to [0x2, 0x16e84, 0x12, 0x682, 0x2, 0x49d7d09, 0x492c521]
Database.insertRecord() 2 93844 93858 13 20 [130, 6, 76, 48, 158, 4, 253, 11, 10, 6, 17, 5]
Decoded Bacon Sample [0x82, 0x6, 0x4c, 0x30, 0x9e, 0x4, 0xfd, 0xb, 0xa, 0x6, 0x11, 0x5] to [0x2, 0x16e94, 0x682, 0x49e304c, 0xbfd, 0x60a, 0x511]
RPR rx from 2 len 72 nc 93914 records 4
Database.insertRecord() 2 93858 93872 13 20 [130, 6, 76, 144, 167, 4, 247, 11, 171, 5, 17, 5]
Decoded Bacon Sample [0x82, 0x6, 0x4c, 0x90, 0xa7, 0x4, 0xf7, 0xb, 0xab, 0x5, 0x11, 0x5] to [0x2, 0x16ea2, 0x682, 0x4a7904c, 0xbf7, 0x5ab, 0x511]
Database.insertRecord() 2 93872 93886 13 20 [130, 6, 76, 240, 176, 4, 1, 12, 236, 5, 16, 5]
Decoded Bacon Sample [0x82, 0x6, 0x4c, 0xf0, 0xb0, 0x4, 0x1, 0xc, 0xec, 0x5, 0x10, 0x5] to [0x2, 0x16eb0, 0x682, 0x4b0f04c, 0xc01, 0x5ec, 0x510]
Database.insertRecord() 2 93886 93900 13 20 [130, 6, 76, 80, 186, 4, 252, 11, 142, 4, 16, 5]
Decoded Bacon Sample [0x82, 0x6, 0x4c, 0x50, 0xba, 0x4, 0xfc, 0xb, 0x8e, 0x4, 0x10, 0x5] to [0x2, 0x16ebe, 0x682, 0x4ba504c, 0xbfc, 0x48e, 0x510]
Database.insertRecord() 2 93900 93914 13 20 [130, 6, 76, 176, 195, 4, 254, 11, 166, 4, 16, 5]
Decoded Bacon Sample [0x82, 0x6, 0x4c, 0xb0, 0xc3, 0x4, 0xfe, 0xb, 0xa6, 0x4, 0x10, 0x5] to [0x2, 0x16ecc, 0x682, 0x4c3b04c, 0xbfe, 0x4a6, 0x510]
receive fwd status 2
receive eos Message <CxEosReport> 
  [owner=0x2]
  [status=0x1]

PROG 1599848809.63  Node 2 transfer completed
REC 2 no gap
REF 1599848795.15 8 7 76289590 1 [17, 18, 1, 2]
Status Message <CxStatus> 
  [distance=0x1]
  [dataPending=0x1]
  [bw=0x2]
  [wakeupRC=0x7]
  [wakeupTS=0x48c1636]
  [pushCookie=0x1882]
  [writeCookie=0x19c6]
  [missingLength=0x0]
  [subnetChannel=0x0]
  [sampleInterval=0x96000]
  [role=0x0]
  [barcode=0x8 0x0 0x0 0x0 0x0 0x0 0x0 0x4 ]
  [neighbors=0x11 0x12 0x1 0x2 0xffff 0xffff 0xffff 0xffff 0xffff 0xffff 0xffff 0xffff 0xffff 0xffff 0xffff 0xffff ]

PROG 1599848810.05 Contacted 8 (4 neighbors). 324 queued, 0 in current request
RPR rx from 8 len 68 nc 6330 records 3
Database.insertRecord() 8 6274 6288 13 20 [7, 0, 77, 208, 73, 4, 16, 12, 15, 3, 22, 5]
Decoded Bacon Sample [0x7, 0x0, 0x4d, 0xd0, 0x49, 0x4, 0x10, 0xc, 0xf, 0x3, 0x16, 0x5] to [0x8, 0x1882, 0x7, 0x449d04d, 0xc10, 0x30f, 0x516]
Database.insertRecord() 8 6288 6316 27 18 [7, 0, 97, 69, 82, 4, 8, 0, 0, 0, 0, 0, 0, 5, 100, 1, 63, 1, 70, 1, 76, 1, 99, 1, 252, 8]
Database.insertRecord() 8 6316 6330 13 20 [7, 0, 77, 48, 83, 4, 19, 12, 23, 3, 22, 5]
Decoded Bacon Sample [0x7, 0x0, 0x4d, 0x30, 0x53, 0x4, 0x13, 0xc, 0x17, 0x3, 0x16, 0x5] to [0x8, 0x18ac, 0x7, 0x453304d, 0xc13, 0x317, 0x516]
RPR rx from 8 len 82 nc 6400 records 3
Database.insertRecord() 8 6330 6358 27 18 [7, 0, 97, 165, 91, 4, 8, 0, 0, 0, 0, 0, 0, 5, 100, 1, 61, 1, 67, 1, 83, 1, 97, 1, 251, 8]
Database.insertRecord() 8 6358 6372 13 20 [7, 0, 77, 144, 92, 4, 18, 12, 54, 3, 23, 5]
Decoded Bacon Sample [0x7, 0x0, 0x4d, 0x90, 0x5c, 0x4, 0x12, 0xc, 0x36, 0x3, 0x17, 0x5] to [0x8, 0x18d6, 0x7, 0x45c904d, 0xc12, 0x336, 0x517]
Database.insertRecord() 8 6372 6400 27 18 [7, 0, 97, 5, 101, 4, 8, 0, 0, 0, 0, 0, 0, 5, 92, 1, 62, 1, 65, 1, 77, 1, 89, 1, 252, 8]
RPR rx from 8 len 70 nc 6458 records 3
Database.insertRecord() 8 6400 6416 15 22 [18, 0, 7, 0, 2, 0, 15, 58, 101, 4, 244, 1, 155, 4]
Decoded Phoenix Ref [0x12, 0x0, 0x7, 0x0, 0x2, 0x0, 0xf, 0x3a, 0x65, 0x4, 0xf4, 0x1, 0x9b, 0x4] to [0x8, 0x1900, 0x12, 0x7, 0x2, 0x4653a0f, 0x49b01f4]
Database.insertRecord() 8 6416 6430 13 20 [7, 0, 77, 240, 101, 4, 14, 12, 156, 2, 23, 5]
Decoded Bacon Sample [0x7, 0x0, 0x4d, 0xf0, 0x65, 0x4, 0xe, 0xc, 0x9c, 0x2, 0x17, 0x5] to [0x8, 0x1910, 0x7, 0x465f04d, 0xc0e, 0x29c, 0x517]
Database.insertRecord() 8 6430 6458 27 18 [7, 0, 97, 101, 110, 4, 8, 0, 0, 0, 0, 0, 0, 5, 64, 1, 61, 1, 67, 1, 81, 1, 91, 1, 253, 8]
receive fwd status 2
RPR rx from 8 len 68 nc 6514 records 3
Database.insertRecord() 8 6458 6472 13 20 [7, 0, 77, 80, 111, 4, 19, 12, 246, 2, 22, 5]
Decoded Bacon Sample [0x7, 0x0, 0x4d, 0x50, 0x6f, 0x4, 0x13, 0xc, 0xf6, 0x2, 0x16, 0x5] to [0x8, 0x193a, 0x7, 0x46f504d, 0xc13, 0x2f6, 0x516]
Database.insertRecord() 8 6472 6500 27 18 [7, 0, 97, 197, 119, 4, 8, 0, 0, 0, 0, 0, 0, 5, 60, 1, 61, 1, 63, 1, 80, 1, 99, 1, 253, 8]
Database.insertRecord() 8 6500 6514 13 20 [7, 0, 77, 176, 120, 4, 16, 12, 151, 1, 22, 5]
Decoded Bacon Sample [0x7, 0x0, 0x4d, 0xb0, 0x78, 0x4, 0x10, 0xc, 0x97, 0x1, 0x16, 0x5] to [0x8, 0x1964, 0x7, 0x478b04d, 0xc10, 0x197, 0x516]
RPR rx from 8 len 82 nc 6584 records 3
Database.insertRecord() 8 6514 6542 27 18 [7, 0, 97, 37, 129, 4, 8, 0, 0, 0, 0, 0, 0, 5, 99, 1, 64, 1, 64, 1, 78, 1, 95, 1, 253, 8]
Database.insertRecord() 8 6542 6556 13 20 [7, 0, 77, 16, 130, 4, 17, 12, 198, 1, 21, 5]
Decoded Bacon Sample [0x7, 0x0, 0x4d, 0x10, 0x82, 0x4, 0x11, 0xc, 0xc6, 0x1, 0x15, 0x5] to [0x8, 0x198e, 0x7, 0x482104d, 0xc11, 0x1c6, 0x515]
Database.insertRecord() 8 6556 6584 27 18 [7, 0, 97, 133, 138, 4, 8, 0, 0, 0, 0, 0, 0, 5, 96, 1, 61, 1, 63, 1, 76, 1, 88, 1, 253, 8]
RPR rx from 8 len 18 nc 6598 records 1
Database.insertRecord() 8 6584 6598 13 20 [7, 0, 77, 112, 139, 4, 32, 11, 78, 2, 90, 5]
Decoded Bacon Sample [0x7, 0x0, 0x4d, 0x70, 0x8b, 0x4, 0x20, 0xb, 0x4e, 0x2, 0x5a, 0x5] to [0x8, 0x19b8, 0x7, 0x48b704d, 0xb20, 0x24e, 0x55a]
receive eos Message <CxEosReport> 
  [owner=0x8]
  [status=0x1]

PROG 1599848811.18  Node 8 transfer completed
REC 8 no gap
receive fwd status 2
REF 1599848795.15 17 10 82802850 1 [18, 1, 2]
Status Message <CxStatus> 
  [distance=0x1]
  [dataPending=0x1]
  [bw=0x2]
  [wakeupRC=0xa]
  [wakeupTS=0x4ef78a2]
  [pushCookie=0x17f2]
  [writeCookie=0x18ac]
  [missingLength=0x0]
  [subnetChannel=0x0]
  [sampleInterval=0x96000]
  [role=0x0]
  [barcode=0x11 0x0 0x0 0x0 0x0 0x0 0x0 0x4 ]
  [neighbors=0x12 0x1 0x2 0xffff 0xffff 0xffff 0xffff 0xffff 0xffff 0xffff 0xffff 0xffff 0xffff 0xffff 0xffff 0xffff ]

PROG 1599848811.58 Contacted 11 (3 neighbors). 186 queued, 0 in current request
2 elapsed, commit
RPR rx from 17 len 84 nc 6198 records 4
Database.insertRecord() 17 6130 6150 19 18 [10, 0, 87, 197, 194, 4, 17, 0, 0, 0, 0, 0, 0, 5, 38, 9, 84, 1]
Database.insertRecord() 17 6150 6164 13 20 [10, 0, 79, 176, 195, 4, 23, 12, 121, 5, 25, 5]
Decoded Bacon Sample [0xa, 0x0, 0x4f, 0xb0, 0xc3, 0x4, 0x17, 0xc, 0x79, 0x5, 0x19, 0x5] to [0x11, 0x1806, 0xa, 0x4c3b04f, 0xc17, 0x579, 0x519]
Database.insertRecord() 17 6164 6184 19 18 [10, 0, 87, 37, 204, 4, 17, 0, 0, 0, 0, 0, 0, 5, 37, 9, 116, 1]
Database.insertRecord() 17 6184 6198 13 20 [10, 0, 79, 16, 205, 4, 23, 12, 83, 5, 25, 5]
Decoded Bacon Sample [0xa, 0x0, 0x4f, 0x10, 0xcd, 0x4, 0x17, 0xc, 0x53, 0x5, 0x19, 0x5] to [0x11, 0x1828, 0xa, 0x4cd104f, 0xc17, 0x553, 0x519]
RPR rx from 17 len 86 nc 6268 records 4
Database.insertRecord() 17 6198 6218 19 18 [10, 0, 87, 133, 213, 4, 17, 0, 0, 0, 0, 0, 0, 5, 38, 9, 95, 1]
Database.insertRecord() 17 6218 6234 15 22 [2, 0, 10, 0, 130, 6, 64, 194, 213, 4, 244, 223, 178, 4]
Decoded Phoenix Ref [0x2, 0x0, 0xa, 0x0, 0x82, 0x6, 0x40, 0xc2, 0xd5, 0x4, 0xf4, 0xdf, 0xb2, 0x4] to [0x11, 0x184a, 0x2, 0xa, 0x682, 0x4d5c240, 0x4b2dff4]
Database.insertRecord() 17 6234 6248 13 20 [10, 0, 79, 112, 214, 4, 24, 12, 2, 5, 27, 5]
Decoded Bacon Sample [0xa, 0x0, 0x4f, 0x70, 0xd6, 0x4, 0x18, 0xc, 0x2, 0x5, 0x1b, 0x5] to [0x11, 0x185a, 0xa, 0x4d6704f, 0xc18, 0x502, 0x51b]
Database.insertRecord() 17 6248 6268 19 18 [10, 0, 87, 229, 222, 4, 17, 0, 0, 0, 0, 0, 0, 5, 40, 9, 104, 1]
RPR rx from 17 len 60 nc 6316 records 3
Database.insertRecord() 17 6268 6282 13 20 [10, 0, 79, 208, 223, 4, 22, 12, 28, 4, 25, 5]
Decoded Bacon Sample [0xa, 0x0, 0x4f, 0xd0, 0xdf, 0x4, 0x16, 0xc, 0x1c, 0x4, 0x19, 0x5] to [0x11, 0x187c, 0xa, 0x4dfd04f, 0xc16, 0x41c, 0x519]
Database.insertRecord() 17 6282 6302 19 18 [10, 0, 87, 69, 232, 4, 17, 0, 0, 0, 0, 0, 0, 5, 41, 9, 111, 1]
Database.insertRecord() 17 6302 6316 13 20 [10, 0, 79, 48, 233, 4, 24, 12, 53, 4, 24, 5]
Decoded Bacon Sample [0xa, 0x0, 0x4f, 0x30, 0xe9, 0x4, 0x18, 0xc, 0x35, 0x4, 0x18, 0x5] to [0x11, 0x189e, 0xa, 0x4e9304f, 0xc18, 0x435, 0x518]
receive fwd status 2
receive eos Message <CxEosReport> 
  [owner=0x11]
  [status=0x1]

PROG 1599848812.76  Node 11 transfer completed
REC 17 no gap
REF 1599848795.15 18 2 79814622 1 [1, 2]
Status Message <CxStatus> 
  [distance=0x1]
  [dataPending=0x1]
  [bw=0x2]
  [wakeupRC=0x2]
  [wakeupTS=0x4c1dfde]
  [pushCookie=0x17b8]
  [writeCookie=0x1922]
  [missingLength=0x0]
  [subnetChannel=0x0]
  [sampleInterval=0x96000]
  [role=0x0]
  [barcode=0x12 0x0 0x0 0x0 0x0 0x0 0x0 0x4 ]
  [neighbors=0x1 0x2 0xffff 0xffff 0xffff 0xffff 0xffff 0xffff 0xffff 0xffff 0xffff 0xffff 0xffff 0xffff 0xffff 0xffff ]

PROG 1599848813.13 Contacted 12 (2 neighbors). 362 queued, 0 in current request
RPR rx from 18 len 36 nc 6100 records 2
Database.insertRecord() 18 6072 6086 13 20 [2, 0, 79, 16, 130, 4, 13, 12, 238, 3, 25, 5]
Decoded Bacon Sample [0x2, 0x0, 0x4f, 0x10, 0x82, 0x4, 0xd, 0xc, 0xee, 0x3, 0x19, 0x5] to [0x12, 0x17b8, 0x2, 0x482104f, 0xc0d, 0x3ee, 0x519]
Database.insertRecord() 18 6086 6100 13 20 [2, 0, 79, 112, 139, 4, 15, 12, 56, 4, 27, 5]
Decoded Bacon Sample [0x2, 0x0, 0x4f, 0x70, 0x8b, 0x4, 0xf, 0xc, 0x38, 0x4, 0x1b, 0x5] to [0x12, 0x17c6, 0x2, 0x48b704f, 0xc0f, 0x438, 0x51b]
RPR rx from 18 len 76 nc 6172 records 1
Database.insertRecord() 18 6100 6172 71 17 [2, 0, 92, 229, 147, 4, 94, 48, 2, 2, 14, 0, 3, 2, 139, 141, 8, 16, 0, 128, 0, 0, 206, 127, 146, 11, 191, 13, 52, 128, 241, 6, 63, 8, 4, 8, 18, 0, 0, 0, 0, 0, 0, 6, 5, 24, 32, 0, 18, 33, 0, 18, 20, 0, 2, 0, 0, 0, 0, 0, 0, 0, 0, 0, 0, 0, 0, 0, 0, 0]
Toast Connection raw: ['0x2', '0x0', '0x5c', '0xe5', '0x93', '0x4', '0x5e', '0x30', '0x2', '0x2', '0xe', '0x0', '0x3', '0x2', '0x8b', '0x8d', '0x8', '0x10', '0x0', '0x80', '0x0', '0x0', '0xce', '0x7f', '0x92', '0xb', '0xbf', '0xd', '0x34', '0x80', '0xf1', '0x6', '0x3f', '0x8', '0x4', '0x8', '0x12', '0x0', '0x0', '0x0', '0x0', '0x0', '0x0', '0x6', '0x5', '0x18', '0x20', '0x0', '0x12', '0x21', '0x0', '0x12', '0x14', '0x0', '0x2', '0x0', '0x0', '0x0', '0x0', '0x0', '0x0', '0x0', '0x0', '0x0', '0x0', '0x0', '0x0', '0x0', '0x0', '0x0']
Toast Connection unpacked: 18 6100 2 76801372 ['0x5e', '0x30', '0x2', '0x2', '0xe', '0x0', '0x3', '0x2', '0x8b', '0x8d', '0x8', '0x10', '0x0', '0x80', '0x0', '0x0', '0xce', '0x7f', '0x92', '0xb', '0xbf', '0xd', '0x34', '0x80', '0xf1', '0x6', '0x3f', '0x8', '0x4', '0x8', '0x12', '0x0', '0x0', '0x0', '0x0', '0x0', '0x0', '0x6', '0x5', '0x18', '0x20', '0x0', '0x12', '0x21', '0x0', '0x12', '0x14', '0x0', '0x2', '0x0', '0x0', '0x0', '0x0', '0x0', '0x0', '0x0', '0x0', '0x0', '0x0', '0x0', '0x0', '0x0', '0x0', '0x0']
next (t,l,v) 0x2 2 0xe 0x0
next (t,l,v) 0x3 2 0x8b 0x8d
next (t,l,v) 0x8 16 0x0 0x80 0x0 0x0 0xce 0x7f 0x92 0xb 0xbf 0xd 0x34 0x80 0xf1 0x6 0x3f 0x8
next (t,l,v) 0x4 8 0x12 0x0 0x0 0x0 0x0 0x0 0x0 0x6
next (t,l,v) 0x5 24 0x20 0x0 0x12 0x21 0x0 0x12 0x14 0x0 0x2 0x0 0x0 0x0 0x0 0x0 0x0 0x0 0x0 0x0 0x0 0x0 0x0 0x0 0x0 0x0
receive fwd status 2
RPR rx from 18 len 84 nc 6240 records 4
Database.insertRecord() 18 6172 6194 21 18 [2, 0, 103, 229, 147, 4, 18, 0, 0, 0, 0, 0, 0, 6, 21, 9, 147, 9, 98, 1]
Database.insertRecord() 18 6194 6208 13 20 [2, 0, 79, 208, 148, 4, 11, 12, 42, 4, 26, 5]
Decoded Bacon Sample [0x2, 0x0, 0x4f, 0xd0, 0x94, 0x4, 0xb, 0xc, 0x2a, 0x4, 0x1a, 0x5] to [0x12, 0x1832, 0x2, 0x494d04f, 0xc0b, 0x42a, 0x51a]
Database.insertRecord() 18 6208 6224 15 16 [2, 0, 84, 67, 157, 4, 18, 0, 0, 0, 0, 0, 0, 6]
Database.insertRecord() 18 6224 6240 15 22 [8, 0, 2, 0, 7, 0, 233, 127, 157, 4, 255, 183, 103, 4]
Decoded Phoenix Ref [0x8, 0x0, 0x2, 0x0, 0x7, 0x0, 0xe9, 0x7f, 0x9d, 0x4, 0xff, 0xb7, 0x67, 0x4] to [0x12, 0x1850, 0x8, 0x2, 0x7, 0x49d7fe9, 0x467b7ff]
RPR rx from 18 len 18 nc 6254 records 1
Database.insertRecord() 18 6240 6254 13 20 [2, 0, 79, 48, 158, 4, 13, 12, 226, 3, 27, 5]
Decoded Bacon Sample [0x2, 0x0, 0x4f, 0x30, 0x9e, 0x4, 0xd, 0xc, 0xe2, 0x3, 0x1b, 0x5] to [0x12, 0x1860, 0x2, 0x49e304f, 0xc0d, 0x3e2, 0x51b]
RPR rx from 18 len 76 nc 6326 records 1
Database.insertRecord() 18 6254 6326 71 17 [2, 0, 92, 165, 166, 4, 94, 48, 2, 2, 14, 0, 3, 2, 139, 141, 8, 16, 0, 128, 0, 0, 206, 127, 146, 11, 191, 13, 52, 128, 241, 6, 63, 8, 4, 8, 18, 0, 0, 0, 0, 0, 0, 6, 5, 24, 32, 0, 18, 33, 0, 18, 20, 0, 2, 0, 0, 0, 0, 0, 0, 0, 0, 0, 0, 0, 0, 0, 0, 0]
Toast Connection raw: ['0x2', '0x0', '0x5c', '0xa5', '0xa6', '0x4', '0x5e', '0x30', '0x2', '0x2', '0xe', '0x0', '0x3', '0x2', '0x8b', '0x8d', '0x8', '0x10', '0x0', '0x80', '0x0', '0x0', '0xce', '0x7f', '0x92', '0xb', '0xbf', '0xd', '0x34', '0x80', '0xf1', '0x6', '0x3f', '0x8', '0x4', '0x8', '0x12', '0x0', '0x0', '0x0', '0x0', '0x0', '0x0', '0x6', '0x5', '0x18', '0x20', '0x0', '0x12', '0x21', '0x0', '0x12', '0x14', '0x0', '0x2', '0x0', '0x0', '0x0', '0x0', '0x0', '0x0', '0x0', '0x0', '0x0', '0x0', '0x0', '0x0', '0x0', '0x0', '0x0']
Toast Connection unpacked: 18 6254 2 78030172 ['0x5e', '0x30', '0x2', '0x2', '0xe', '0x0', '0x3', '0x2', '0x8b', '0x8d', '0x8', '0x10', '0x0', '0x80', '0x0', '0x0', '0xce', '0x7f', '0x92', '0xb', '0xbf', '0xd', '0x34', '0x80', '0xf1', '0x6', '0x3f', '0x8', '0x4', '0x8', '0x12', '0x0', '0x0', '0x0', '0x0', '0x0', '0x0', '0x6', '0x5', '0x18', '0x20', '0x0', '0x12', '0x21', '0x0', '0x12', '0x14', '0x0', '0x2', '0x0', '0x0', '0x0', '0x0', '0x0', '0x0', '0x0', '0x0', '0x0', '0x0', '0x0', '0x0', '0x0', '0x0', '0x0']
next (t,l,v) 0x2 2 0xe 0x0
next (t,l,v) 0x3 2 0x8b 0x8d
next (t,l,v) 0x8 16 0x0 0x80 0x0 0x0 0xce 0x7f 0x92 0xb 0xbf 0xd 0x34 0x80 0xf1 0x6 0x3f 0x8
next (t,l,v) 0x4 8 0x12 0x0 0x0 0x0 0x0 0x0 0x0 0x6
next (t,l,v) 0x5 24 0x20 0x0 0x12 0x21 0x0 0x12 0x14 0x0 0x2 0x0 0x0 0x0 0x0 0x0 0x0 0x0 0x0 0x0 0x0 0x0 0x0 0x0 0x0 0x0
2 elapsed, commit
RPR rx from 18 len 70 nc 6384 records 3
Database.insertRecord() 18 6326 6348 21 18 [2, 0, 103, 165, 166, 4, 18, 0, 0, 0, 0, 0, 0, 6, 23, 9, 128, 9, 94, 1]
Database.insertRecord() 18 6348 6362 13 20 [2, 0, 79, 144, 167, 4, 13, 12, 194, 3, 25, 5]
Decoded Bacon Sample [0x2, 0x0, 0x4f, 0x90, 0xa7, 0x4, 0xd, 0xc, 0xc2, 0x3, 0x19, 0x5] to [0x12, 0x18cc, 0x2, 0x4a7904f, 0xc0d, 0x3c2, 0x519]
Database.insertRecord() 18 6362 6384 21 18 [2, 0, 90, 5, 176, 4, 18, 0, 0, 0, 0, 0, 0, 6, 25, 9, 148, 9, 94, 1]
RPR rx from 18 len 62 nc 6434 records 3
Database.insertRecord() 18 6384 6398 13 20 [2, 0, 79, 240, 176, 4, 12, 12, 76, 2, 25, 5]
Decoded Bacon Sample [0x2, 0x0, 0x4f, 0xf0, 0xb0, 0x4, 0xc, 0xc, 0x4c, 0x2, 0x19, 0x5] to [0x12, 0x18f0, 0x2, 0x4b0f04f, 0xc0c, 0x24c, 0x519]
Database.insertRecord() 18 6398 6420 21 18 [2, 0, 90, 101, 185, 4, 18, 0, 0, 0, 0, 0, 0, 6, 26, 9, 147, 9, 98, 1]
Database.insertRecord() 18 6420 6434 13 20 [2, 0, 79, 80, 186, 4, 11, 12, 188, 2, 25, 5]
Decoded Bacon Sample [0x2, 0x0, 0x4f, 0x50, 0xba, 0x4, 0xb, 0xc, 0xbc, 0x2, 0x19, 0x5] to [0x12, 0x1914, 0x2, 0x4ba504f, 0xc0b, 0x2bc, 0x519]
receive eos Message <CxEosReport> 
  [owner=0x12]
  [status=0x1]

PROG 1599848814.33  Node 12 transfer completed
REC 18 no gap
receive fwd status 2
REF 1599848795.15 1 35 81529819 1 [2]
Status Message <CxStatus> 
  [distance=0x1]
  [dataPending=0x1]
  [bw=0x2]
  [wakeupRC=0x23]
  [wakeupTS=0x4dc0bdb]
  [pushCookie=0x36de]
  [writeCookie=0x37c6]
  [missingLength=0x0]
  [subnetChannel=0x0]
  [sampleInterval=0x96000]
  [role=0x0]
  [barcode=0x1 0x0 0x0 0x0 0x0 0x0 0x0 0x4 ]
  [neighbors=0x2 0xffff 0xffff 0xffff 0xffff 0xffff 0xffff 0xffff 0xffff 0xffff 0xffff 0xffff 0xffff 0xffff 0xffff 0xffff ]

PROG 1599848814.73 Contacted 1 (1 neighbors). 232 queued, 0 in current request
RPR rx from 1 len 70 nc 14104 records 3
Database.insertRecord() 1 14046 14068 21 18 [35, 0, 89, 165, 166, 4, 1, 0, 0, 0, 0, 0, 0, 6, 27, 9, 120, 9, 37, 9]
Database.insertRecord() 1 14068 14082 13 20 [35, 0, 78, 144, 167, 4, 20, 12, 157, 1, 8, 5]
Decoded Bacon Sample [0x23, 0x0, 0x4e, 0x90, 0xa7, 0x4, 0x14, 0xc, 0x9d, 0x1, 0x8, 0x5] to [0x1, 0x36f4, 0x23, 0x4a7904e, 0xc14, 0x19d, 0x508]
Database.insertRecord() 1 14082 14104 21 18 [35, 0, 89, 5, 176, 4, 1, 0, 0, 0, 0, 0, 0, 6, 26, 9, 122, 9, 37, 9]
receive fwd status 2
receive eos Message <CxEosReport> 
  [owner=0x1]
  [status=0x2]

PROG 1599848815.86  Node 1 transfer continues
REF 1599848795.15 0 1092 1957 0 [8, 17, 18, 1, 2]
Status Message <CxStatus> 
  [distance=0x0]
  [dataPending=0x0]
  [bw=0x2]
  [wakeupRC=0x444]
  [wakeupTS=0x7a5]
  [pushCookie=0x0]
  [writeCookie=0x0]
  [missingLength=0x0]
  [subnetChannel=0x0]
  [sampleInterval=0x7800]
  [role=0x2]
  [barcode=0x0 0x0 0x0 0x0 0x0 0x0 0x0 0x4 ]
  [neighbors=0x8 0x11 0x12 0x1 0x2 0xffff 0xffff 0xffff 0xffff 0xffff 0xffff 0xffff 0xffff 0xffff 0xffff 0xffff ]

PROG 1599848816.18 Contacted 0 (5 neighbors). 0 queued, 0 in current request
2 elapsed, commit
receive fwd status 2
receive fwd status 2
receive eos Message <CxEosReport> 
  [owner=0x0]
  [status=0x1]

PROG 1599848817.43  Node 0 transfer completed
Skip BS pseudo cookie
REF 1599848795.15 1 35 81529819 0 [2]
Status Message <CxStatus> 
  [distance=0x2]
  [dataPending=0x0]
  [bw=0x2]
  [wakeupRC=0x23]
  [wakeupTS=0x4dc0bdb]
  [pushCookie=0x37c6]
  [writeCookie=0x37c6]
  [missingLength=0x0]
  [subnetChannel=0x0]
  [sampleInterval=0x96000]
  [role=0x0]
  [barcode=0x1 0x0 0x0 0x0 0x0 0x0 0x0 0x4 ]
  [neighbors=0x2 0xffff 0xffff 0xffff 0xffff 0xffff 0xffff 0xffff 0xffff 0xffff 0xffff 0xffff 0xffff 0xffff 0xffff 0xffff ]

PROG 1599848817.80 Contacted 1 (1 neighbors). 0 queued, 0 in current request
receive fwd status 2
receive eos Message <CxEosReport> 
  [owner=0x1]
  [status=0x1]

PROG 1599848819.00  Node 1 transfer completed
REC 1 check gap 13582
PROG 1599848819.01 Node 1 request 463 (missing: 2350)
TXQ PUT (<tinyos.packet.SerialSource.SerialSource instance at 0x111a82b40>, 1, <tools.cx.messages.CxRecordRequestMsg.CxRecordRequestMsg instance at 0x111a92780>)
REC 1 requesting 463 at 13582 from 1 (attempt 1)
TXQ SW TX 1 2 0
receive fwd status 1
REF 1599848795.15 0 1092 1957 0 [8, 17, 18, 1, 2]
Status Message <CxStatus> 
  [distance=0x0]
  [dataPending=0x0]
  [bw=0x2]
  [wakeupRC=0x444]
  [wakeupTS=0x7a5]
  [pushCookie=0x0]
  [writeCookie=0x0]
  [missingLength=0x0]
  [subnetChannel=0x0]
  [sampleInterval=0x7800]
  [role=0x2]
  [barcode=0x0 0x0 0x0 0x0 0x0 0x0 0x0 0x4 ]
  [neighbors=0x8 0x11 0x12 0x1 0x2 0xffff 0xffff 0xffff 0xffff 0xffff 0xffff 0xffff 0xffff 0xffff 0xffff 0xffff ]

PROG 1599848819.29 Contacted 0 (5 neighbors). 0 queued, 0 in current request
2 elapsed, commit
receive fwd status 1
receive fwd status 1
receive eos Message <CxEosReport> 
  [owner=0x0]
  [status=0x1]

PROG 1599848820.56  Node 0 transfer completed
Skip BS pseudo cookie
REF 1599848795.15 1 35 81529819 0 [2]
Status Message <CxStatus> 
  [distance=0x2]
  [dataPending=0x0]
  [bw=0x2]
  [wakeupRC=0x23]
  [wakeupTS=0x4dc0bdb]
  [pushCookie=0x37c6]
  [writeCookie=0x37c6]
  [missingLength=0x0]
  [subnetChannel=0x0]
  [sampleInterval=0x96000]
  [role=0x0]
  [barcode=0x1 0x0 0x0 0x0 0x0 0x0 0x0 0x4 ]
  [neighbors=0x2 0xffff 0xffff 0xffff 0xffff 0xffff 0xffff 0xffff 0xffff 0xffff 0xffff 0xffff 0xffff 0xffff 0xffff 0xffff ]

PROG 1599848820.98 Contacted 1 (1 neighbors). 0 queued, 0 in current request
receive fwd status 1
receive eos Message <CxEosReport> 
  [owner=0x1]
  [status=0x1]

PROG 1599848822.13  Node 1 transfer completed
REC 1 check gap 13582
PROG 1599848822.14 Node 1 request 463 (missing: 2350)
TXQ PUT (<tinyos.packet.SerialSource.SerialSource instance at 0x111a82b40>, 1, <tools.cx.messages.CxRecordRequestMsg.CxRecordRequestMsg instance at 0x111a92280>)
REC 1 requesting 463 at 13582 from 1 (attempt 2)
TXQ SW TX 1 1 0
receive fwd status 0
receive fwd status 0
REF 1599848795.15 0 1092 1957 1 [8, 17, 18, 1, 2]
Status Message <CxStatus> 
  [distance=0x0]
  [dataPending=0x1]
  [bw=0x2]
  [wakeupRC=0x444]
  [wakeupTS=0x7a5]
  [pushCookie=0x0]
  [writeCookie=0x0]
  [missingLength=0x0]
  [subnetChannel=0x0]
  [sampleInterval=0x7800]
  [role=0x2]
  [barcode=0x0 0x0 0x0 0x0 0x0 0x0 0x0 0x4 ]
  [neighbors=0x8 0x11 0x12 0x1 0x2 0xffff 0xffff 0xffff 0xffff 0xffff 0xffff 0xffff 0xffff 0xffff 0xffff 0xffff ]

PROG 1599848822.40 Contacted 0 (5 neighbors). 0 queued, 0 in current request
2 elapsed, commit
receive fwd status 1
receive fwd status 2
receive fwd status 2
receive eos Message <CxEosReport> 
  [owner=0x0]
  [status=0x1]

PROG 1599848823.69  Node 0 transfer completed
Skip BS pseudo cookie
REF 1599848795.15 1 35 81529819 1 [2]
Status Message <CxStatus> 
  [distance=0x1]
  [dataPending=0x1]
  [bw=0x2]
  [wakeupRC=0x23]
  [wakeupTS=0x4dc0bdb]
  [pushCookie=0x37c6]
  [writeCookie=0x37c6]
  [missingLength=0x1cf]
  [subnetChannel=0x0]
  [sampleInterval=0x96000]
  [role=0x0]
  [barcode=0x1 0x0 0x0 0x0 0x0 0x0 0x0 0x4 ]
  [neighbors=0x2 0xffff 0xffff 0xffff 0xffff 0xffff 0xffff 0xffff 0xffff 0xffff 0xffff 0xffff 0xffff 0xffff 0xffff 0xffff ]

PROG 1599848824.06 Contacted 1 (1 neighbors). 0 queued, 463 in current request
RPR rx from 1 len 70 nc 13640 records 3
Database.insertRecord() 1 13582 13604 21 18 [35, 0, 89, 37, 54, 4, 1, 0, 0, 0, 0, 0, 0, 6, 22, 9, 120, 9, 32, 9]
Database.insertRecord() 1 13604 13618 13 20 [35, 0, 78, 16, 55, 4, 22, 12, 156, 1, 10, 5]
Decoded Bacon Sample [0x23, 0x0, 0x4e, 0x10, 0x37, 0x4, 0x16, 0xc, 0x9c, 0x1, 0xa, 0x5] to [0x1, 0x3524, 0x23, 0x437104e, 0xc16, 0x19c, 0x50a]
Database.insertRecord() 1 13618 13640 21 18 [35, 0, 89, 133, 63, 4, 1, 0, 0, 0, 0, 0, 0, 6, 24, 9, 121, 9, 34, 9]
receive fwd status 2
receive eos Message <CxEosReport> 
  [owner=0x1]
  [status=0x2]

PROG 1599848825.23  Node 1 transfer continues
receive fwd status 2
REF 1599848795.15 0 1092 1957 0 [8, 17, 18, 1, 2]
Status Message <CxStatus> 
  [distance=0x0]
  [dataPending=0x0]
  [bw=0x2]
  [wakeupRC=0x444]
  [wakeupTS=0x7a5]
  [pushCookie=0x0]
  [writeCookie=0x0]
  [missingLength=0x0]
  [subnetChannel=0x0]
  [sampleInterval=0x7800]
  [role=0x2]
  [barcode=0x0 0x0 0x0 0x0 0x0 0x0 0x0 0x4 ]
  [neighbors=0x8 0x11 0x12 0x1 0x2 0xffff 0xffff 0xffff 0xffff 0xffff 0xffff 0xffff 0xffff 0xffff 0xffff 0xffff ]

PROG 1599848825.53 Contacted 0 (5 neighbors). 0 queued, 0 in current request
2 elapsed, commit
receive fwd status 2
receive eos Message <CxEosReport> 
  [owner=0x0]
  [status=0x1]

PROG 1599848826.83  Node 0 transfer completed
Skip BS pseudo cookie
REF 1599848795.15 1 35 81529819 0 [2]
Status Message <CxStatus> 
  [distance=0x2]
  [dataPending=0x0]
  [bw=0x2]
  [wakeupRC=0x23]
  [wakeupTS=0x4dc0bdb]
  [pushCookie=0x37c6]
  [writeCookie=0x37c6]
  [missingLength=0x0]
  [subnetChannel=0x0]
  [sampleInterval=0x96000]
  [role=0x0]
  [barcode=0x1 0x0 0x0 0x0 0x0 0x0 0x0 0x4 ]
  [neighbors=0x2 0xffff 0xffff 0xffff 0xffff 0xffff 0xffff 0xffff 0xffff 0xffff 0xffff 0xffff 0xffff 0xffff 0xffff 0xffff ]

PROG 1599848827.21 Contacted 1 (1 neighbors). 0 queued, 0 in current request
receive fwd status 2
receive eos Message <CxEosReport> 
  [owner=0x1]
  [status=0x1]

receive fwd status 2
PROG 1599848828.35  Node 1 transfer completed
REC 1 check gap 13640
PROG 1599848828.35 Node 1 request 405 (missing: 2292)
TXQ PUT (<tinyos.packet.SerialSource.SerialSource instance at 0x111a82b40>, 1, <tools.cx.messages.CxRecordRequestMsg.CxRecordRequestMsg instance at 0x111a92b40>)
REC 1 requesting 405 at 13640 from 1 (attempt 1)
TXQ SW TX 1 2 0
receive fwd status 1
REF 1599848795.15 0 1092 1957 0 [8, 17, 18, 1, 2]
Status Message <CxStatus> 
  [distance=0x0]
  [dataPending=0x0]
  [bw=0x2]
  [wakeupRC=0x444]
  [wakeupTS=0x7a5]
  [pushCookie=0x0]
  [writeCookie=0x0]
  [missingLength=0x0]
  [subnetChannel=0x0]
  [sampleInterval=0x7800]
  [role=0x2]
  [barcode=0x0 0x0 0x0 0x0 0x0 0x0 0x0 0x4 ]
  [neighbors=0x8 0x11 0x12 0x1 0x2 0xffff 0xffff 0xffff 0xffff 0xffff 0xffff 0xffff 0xffff 0xffff 0xffff 0xffff ]

PROG 1599848828.65 Contacted 0 (5 neighbors). 0 queued, 0 in current request
2 elapsed, commit
receive fwd status 1
receive eos Message <CxEosReport> 
  [owner=0x0]
  [status=0x1]

PROG 1599848829.94  Node 0 transfer completed
Skip BS pseudo cookie
REF 1599848795.15 1 35 81529819 0 [2]
Status Message <CxStatus> 
  [distance=0x2]
  [dataPending=0x0]
  [bw=0x2]
  [wakeupRC=0x23]
  [wakeupTS=0x4dc0bdb]
  [pushCookie=0x37c6]
  [writeCookie=0x37c6]
  [missingLength=0x0]
  [subnetChannel=0x0]
  [sampleInterval=0x96000]
  [role=0x0]
  [barcode=0x1 0x0 0x0 0x0 0x0 0x0 0x0 0x4 ]
  [neighbors=0x2 0xffff 0xffff 0xffff 0xffff 0xffff 0xffff 0xffff 0xffff 0xffff 0xffff 0xffff 0xffff 0xffff 0xffff 0xffff ]

PROG 1599848830.31 Contacted 1 (1 neighbors). 0 queued, 0 in current request
receive fwd status 1
receive fwd status 1
receive eos Message <CxEosReport> 
  [owner=0x1]
  [status=0x1]

PROG 1599848831.48  Node 1 transfer completed
REC 1 check gap 13640
PROG 1599848831.49 Node 1 request 405 (missing: 2292)
TXQ PUT (<tinyos.packet.SerialSource.SerialSource instance at 0x111a82b40>, 1, <tools.cx.messages.CxRecordRequestMsg.CxRecordRequestMsg instance at 0x1119eaaf0>)
REC 1 requesting 405 at 13640 from 1 (attempt 2)
TXQ SW TX 1 1 0
receive fwd status 0
REF 1599848795.15 0 1092 1957 1 [8, 17, 18, 1, 2]
Status Message <CxStatus> 
  [distance=0x0]
  [dataPending=0x1]
  [bw=0x2]
  [wakeupRC=0x444]
  [wakeupTS=0x7a5]
  [pushCookie=0x0]
  [writeCookie=0x0]
  [missingLength=0x0]
  [subnetChannel=0x0]
  [sampleInterval=0x7800]
  [role=0x2]
  [barcode=0x0 0x0 0x0 0x0 0x0 0x0 0x0 0x4 ]
  [neighbors=0x8 0x11 0x12 0x1 0x2 0xffff 0xffff 0xffff 0xffff 0xffff 0xffff 0xffff 0xffff 0xffff 0xffff 0xffff ]

PROG 1599848831.77 Contacted 0 (5 neighbors). 0 queued, 0 in current request
2 elapsed, commit
receive fwd status 1
receive fwd status 2
receive fwd status 2
receive eos Message <CxEosReport> 
  [owner=0x0]
  [status=0x1]

PROG 1599848833.05  Node 0 transfer completed
Skip BS pseudo cookie
receive fwd status 2
REF 1599848795.15 1 35 81529819 1 [2]
Status Message <CxStatus> 
  [distance=0x1]
  [dataPending=0x1]
  [bw=0x2]
  [wakeupRC=0x23]
  [wakeupTS=0x4dc0bdb]
  [pushCookie=0x37c6]
  [writeCookie=0x37c6]
  [missingLength=0x195]
  [subnetChannel=0x0]
  [sampleInterval=0x96000]
  [role=0x0]
  [barcode=0x1 0x0 0x0 0x0 0x0 0x0 0x0 0x4 ]
  [neighbors=0x2 0xffff 0xffff 0xffff 0xffff 0xffff 0xffff 0xffff 0xffff 0xffff 0xffff 0xffff 0xffff 0xffff 0xffff 0xffff ]

PROG 1599848833.43 Contacted 1 (1 neighbors). 0 queued, 405 in current request
RPR rx from 1 len 62 nc 13690 records 3
Database.insertRecord() 1 13640 13654 13 20 [35, 0, 78, 112, 64, 4, 18, 12, 155, 1, 9, 5]
Decoded Bacon Sample [0x23, 0x0, 0x4e, 0x70, 0x40, 0x4, 0x12, 0xc, 0x9b, 0x1, 0x9, 0x5] to [0x1, 0x3548, 0x23, 0x440704e, 0xc12, 0x19b, 0x509]
Database.insertRecord() 1 13654 13676 21 18 [35, 0, 89, 229, 72, 4, 1, 0, 0, 0, 0, 0, 0, 6, 24, 9, 120, 9, 34, 9]
Database.insertRecord() 1 13676 13690 13 20 [35, 0, 78, 208, 73, 4, 25, 12, 156, 1, 10, 5]
Decoded Bacon Sample [0x23, 0x0, 0x4e, 0xd0, 0x49, 0x4, 0x19, 0xc, 0x9c, 0x1, 0xa, 0x5] to [0x1, 0x356c, 0x23, 0x449d04e, 0xc19, 0x19c, 0x50a]
receive fwd status 2
receive eos Message <CxEosReport> 
  [owner=0x1]
  [status=0x2]

PROG 1599848834.60  Node 1 transfer continues
REF 1599848795.15 0 1092 1957 0 [8, 17, 18, 1, 2]
Status Message <CxStatus> 
  [distance=0x0]
  [dataPending=0x0]
  [bw=0x2]
  [wakeupRC=0x444]
  [wakeupTS=0x7a5]
  [pushCookie=0x0]
  [writeCookie=0x0]
  [missingLength=0x0]
  [subnetChannel=0x0]
  [sampleInterval=0x7800]
  [role=0x2]
  [barcode=0x0 0x0 0x0 0x0 0x0 0x0 0x0 0x4 ]
  [neighbors=0x8 0x11 0x12 0x1 0x2 0xffff 0xffff 0xffff 0xffff 0xffff 0xffff 0xffff 0xffff 0xffff 0xffff 0xffff ]

PROG 1599848834.92 Contacted 0 (5 neighbors). 0 queued, 0 in current request
2 elapsed, commit
receive fwd status 2
receive eos Message <CxEosReport> 
  [owner=0x0]
  [status=0x1]

PROG 1599848836.20  Node 0 transfer completed
Skip BS pseudo cookie
receive fwd status 2
REF 1599848795.15 1 35 81529819 0 [2]
Status Message <CxStatus> 
  [distance=0x2]
  [dataPending=0x0]
  [bw=0x2]
  [wakeupRC=0x23]
  [wakeupTS=0x4dc0bdb]
  [pushCookie=0x37c6]
  [writeCookie=0x37c6]
  [missingLength=0x0]
  [subnetChannel=0x0]
  [sampleInterval=0x96000]
  [role=0x0]
  [barcode=0x1 0x0 0x0 0x0 0x0 0x0 0x0 0x4 ]
  [neighbors=0x2 0xffff 0xffff 0xffff 0xffff 0xffff 0xffff 0xffff 0xffff 0xffff 0xffff 0xffff 0xffff 0xffff 0xffff 0xffff ]

PROG 1599848836.58 Contacted 1 (1 neighbors). 0 queued, 0 in current request
receive fwd status 2
receive eos Message <CxEosReport> 
  [owner=0x1]
  [status=0x1]

PROG 1599848837.75  Node 1 transfer completed
REC 1 check gap 13690
PROG 1599848837.76 Node 1 request 355 (missing: 2242)
TXQ PUT (<tinyos.packet.SerialSource.SerialSource instance at 0x111a82b40>, 1, <tools.cx.messages.CxRecordRequestMsg.CxRecordRequestMsg instance at 0x111a92280>)
REC 1 requesting 355 at 13690 from 1 (attempt 1)
TXQ SW TX 1 2 0
receive fwd status 1
REF 1599848795.15 0 1092 1957 0 [8, 17, 18, 1, 2]
Status Message <CxStatus> 
  [distance=0x0]
  [dataPending=0x0]
  [bw=0x2]
  [wakeupRC=0x444]
  [wakeupTS=0x7a5]
  [pushCookie=0x0]
  [writeCookie=0x0]
  [missingLength=0x0]
  [subnetChannel=0x0]
  [sampleInterval=0x7800]
  [role=0x2]
  [barcode=0x0 0x0 0x0 0x0 0x0 0x0 0x0 0x4 ]
  [neighbors=0x8 0x11 0x12 0x1 0x2 0xffff 0xffff 0xffff 0xffff 0xffff 0xffff 0xffff 0xffff 0xffff 0xffff 0xffff ]

PROG 1599848838.09 Contacted 0 (5 neighbors). 0 queued, 0 in current request
2 elapsed, commit
receive fwd status 1
receive eos Message <CxEosReport> 
  [owner=0x0]
  [status=0x1]

PROG 1599848839.33  Node 0 transfer completed
Skip BS pseudo cookie
receive fwd status 1
REF 1599848795.15 1 35 81529819 0 [2]
Status Message <CxStatus> 
  [distance=0x2]
  [dataPending=0x0]
  [bw=0x2]
  [wakeupRC=0x23]
  [wakeupTS=0x4dc0bdb]
  [pushCookie=0x37c6]
  [writeCookie=0x37c6]
  [missingLength=0x0]
  [subnetChannel=0x0]
  [sampleInterval=0x96000]
  [role=0x0]
  [barcode=0x1 0x0 0x0 0x0 0x0 0x0 0x0 0x4 ]
  [neighbors=0x2 0xffff 0xffff 0xffff 0xffff 0xffff 0xffff 0xffff 0xffff 0xffff 0xffff 0xffff 0xffff 0xffff 0xffff 0xffff ]

PROG 1599848839.68 Contacted 1 (1 neighbors). 0 queued, 0 in current request
receive fwd status 1
receive eos Message <CxEosReport> 
  [owner=0x1]
  [status=0x1]

PROG 1599848840.87  Node 1 transfer completed
REC 1 check gap 13690
PROG 1599848840.87 Node 1 request 355 (missing: 2242)
TXQ PUT (<tinyos.packet.SerialSource.SerialSource instance at 0x111a82b40>, 1, <tools.cx.messages.CxRecordRequestMsg.CxRecordRequestMsg instance at 0x1119eaaf0>)
REC 1 requesting 355 at 13690 from 1 (attempt 2)
TXQ SW TX 1 1 0
receive fwd status 0
REF 1599848795.15 0 1092 1957 1 [8, 17, 18, 1, 2]
Status Message <CxStatus> 
  [distance=0x0]
  [dataPending=0x1]
  [bw=0x2]
  [wakeupRC=0x444]
  [wakeupTS=0x7a5]
  [pushCookie=0x0]
  [writeCookie=0x0]
  [missingLength=0x0]
  [subnetChannel=0x0]
  [sampleInterval=0x7800]
  [role=0x2]
  [barcode=0x0 0x0 0x0 0x0 0x0 0x0 0x0 0x4 ]
  [neighbors=0x8 0x11 0x12 0x1 0x2 0xffff 0xffff 0xffff 0xffff 0xffff 0xffff 0xffff 0xffff 0xffff 0xffff 0xffff ]

PROG 1599848841.16 Contacted 0 (5 neighbors). 0 queued, 0 in current request
2 elapsed, commit
receive fwd status 1
receive fwd status 1
receive fwd status 2
receive fwd status 2
receive eos Message <CxEosReport> 
  [owner=0x0]
  [status=0x1]

PROG 1599848842.39  Node 0 transfer completed
Skip BS pseudo cookie
REF 1599848795.15 1 35 81529819 1 [2]
Status Message <CxStatus> 
  [distance=0x1]
  [dataPending=0x1]
  [bw=0x2]
  [wakeupRC=0x23]
  [wakeupTS=0x4dc0bdb]
  [pushCookie=0x37c6]
  [writeCookie=0x37c6]
  [missingLength=0x163]
  [subnetChannel=0x0]
  [sampleInterval=0x96000]
  [role=0x0]
  [barcode=0x1 0x0 0x0 0x0 0x0 0x0 0x0 0x4 ]
  [neighbors=0x2 0xffff 0xffff 0xffff 0xffff 0xffff 0xffff 0xffff 0xffff 0xffff 0xffff 0xffff 0xffff 0xffff 0xffff 0xffff ]

PROG 1599848842.86 Contacted 1 (1 neighbors). 0 queued, 355 in current request
RPR rx from 1 len 70 nc 13748 records 3
Database.insertRecord() 1 13690 13712 21 18 [35, 0, 89, 69, 82, 4, 1, 0, 0, 0, 0, 0, 0, 6, 25, 9, 121, 9, 35, 9]
Database.insertRecord() 1 13712 13726 13 20 [35, 0, 78, 48, 83, 4, 25, 12, 155, 1, 9, 5]
Decoded Bacon Sample [0x23, 0x0, 0x4e, 0x30, 0x53, 0x4, 0x19, 0xc, 0x9b, 0x1, 0x9, 0x5] to [0x1, 0x3590, 0x23, 0x453304e, 0xc19, 0x19b, 0x509]
Database.insertRecord() 1 13726 13748 21 18 [35, 0, 89, 165, 91, 4, 1, 0, 0, 0, 0, 0, 0, 6, 25, 9, 120, 9, 35, 9]
receive fwd status 2
receive eos Message <CxEosReport> 
  [owner=0x1]
  [status=0x2]

PROG 1599848843.98  Node 1 transfer continues
REF 1599848795.15 0 1092 1957 0 [8, 17, 18, 1, 2]
Status Message <CxStatus> 
  [distance=0x0]
  [dataPending=0x0]
  [bw=0x2]
  [wakeupRC=0x444]
  [wakeupTS=0x7a5]
  [pushCookie=0x0]
  [writeCookie=0x0]
  [missingLength=0x0]
  [subnetChannel=0x0]
  [sampleInterval=0x7800]
  [role=0x2]
  [barcode=0x0 0x0 0x0 0x0 0x0 0x0 0x0 0x4 ]
  [neighbors=0x8 0x11 0x12 0x1 0x2 0xffff 0xffff 0xffff 0xffff 0xffff 0xffff 0xffff 0xffff 0xffff 0xffff 0xffff ]

PROG 1599848844.30 Contacted 0 (5 neighbors). 0 queued, 0 in current request
2 elapsed, commit
receive fwd status 2
receive fwd status 2
explicit close
delete insert object, signal stop
receive eos Message <CxEosReport> 
  [owner=0x0]
  [status=0x1]

PROG 1599848845.58  Node 0 transfer completed
Skip BS pseudo cookie
REF 1599848795.15 1 35 81529819 0 [2]
Status Message <CxStatus> 
  [distance=0x2]
  [dataPending=0x0]
  [bw=0x2]
  [wakeupRC=0x23]
  [wakeupTS=0x4dc0bdb]
  [pushCookie=0x37c6]
  [writeCookie=0x37c6]
  [missingLength=0x0]
  [subnetChannel=0x0]
  [sampleInterval=0x96000]
  [role=0x0]
  [barcode=0x1 0x0 0x0 0x0 0x0 0x0 0x0 0x4 ]
  [neighbors=0x2 0xffff 0xffff 0xffff 0xffff 0xffff 0xffff 0xffff 0xffff 0xffff 0xffff 0xffff 0xffff 0xffff 0xffff 0xffff ]

PROG 1599848845.95 Contacted 1 (1 neighbors). 0 queued, 0 in current request
receive fwd status 2
receive eos Message <CxEosReport> 
  [owner=0x1]
  [status=0x1]

PROG 1599848847.14  Node 1 transfer completed
REC 1 check gap 13242
PROG 1599848847.14 Node 1 request 303 (missing: 2184)
TXQ PUT (<tinyos.packet.SerialSource.SerialSource instance at 0x111a82b40>, 1, <tools.cx.messages.CxRecordRequestMsg.CxRecordRequestMsg instance at 0x110012aa0>)
REC 1 requesting 303 at 13242 from 1 (attempt 1)
TXQ SW TX 1 2 0
receive fwd status 1
receive fwd status 1
REF 1599848795.15 0 1092 1957 0 [8, 17, 18, 1, 2]
Status Message <CxStatus> 
  [distance=0x0]
  [dataPending=0x0]
  [bw=0x2]
  [wakeupRC=0x444]
  [wakeupTS=0x7a5]
  [pushCookie=0x0]
  [writeCookie=0x0]
  [missingLength=0x0]
  [subnetChannel=0x0]
  [sampleInterval=0x7800]
  [role=0x2]
  [barcode=0x0 0x0 0x0 0x0 0x0 0x0 0x0 0x4 ]
  [neighbors=0x8 0x11 0x12 0x1 0x2 0xffff 0xffff 0xffff 0xffff 0xffff 0xffff 0xffff 0xffff 0xffff 0xffff 0xffff ]

PROG 1599848847.41 Contacted 0 (5 neighbors). 0 queued, 0 in current request
2 elapsed, commit
receive fwd status 1
receive eos Message <CxEosReport> 
  [owner=0x0]
  [status=0x1]

PROG 1599848848.65  Node 0 transfer completed
Skip BS pseudo cookie
REF 1599848795.15 1 35 81529819 0 [2]
Status Message <CxStatus> 
  [distance=0x2]
  [dataPending=0x0]
  [bw=0x2]
  [wakeupRC=0x23]
  [wakeupTS=0x4dc0bdb]
  [pushCookie=0x37c6]
  [writeCookie=0x37c6]
  [missingLength=0x0]
  [subnetChannel=0x0]
  [sampleInterval=0x96000]
  [role=0x0]
  [barcode=0x1 0x0 0x0 0x0 0x0 0x0 0x0 0x4 ]
  [neighbors=0x2 0xffff 0xffff 0xffff 0xffff 0xffff 0xffff 0xffff 0xffff 0xffff 0xffff 0xffff 0xffff 0xffff 0xffff 0xffff ]

PROG 1599848849.06 Contacted 1 (1 neighbors). 0 queued, 0 in current request
receive fwd status 1
receive eos Message <CxEosReport> 
  [owner=0x1]
  [status=0x1]

PROG 1599848850.25  Node 1 transfer completed
REC 1 check gap 13242
PROG 1599848850.26 Node 1 request 303 (missing: 2184)
TXQ PUT (<tinyos.packet.SerialSource.SerialSource instance at 0x111a82b40>, 1, <tools.cx.messages.CxRecordRequestMsg.CxRecordRequestMsg instance at 0x111a92280>)
REC 1 requesting 303 at 13242 from 1 (attempt 2)
TXQ SW TX 1 1 0
receive fwd status 0
receive fwd status 0
REF 1599848795.15 0 1092 1957 1 [8, 17, 18, 1, 2]
Status Message <CxStatus> 
  [distance=0x0]
  [dataPending=0x1]
  [bw=0x2]
  [wakeupRC=0x444]
  [wakeupTS=0x7a5]
  [pushCookie=0x0]
  [writeCookie=0x0]
  [missingLength=0x0]
  [subnetChannel=0x0]
  [sampleInterval=0x7800]
  [role=0x2]
  [barcode=0x0 0x0 0x0 0x0 0x0 0x0 0x0 0x4 ]
  [neighbors=0x8 0x11 0x12 0x1 0x2 0xffff 0xffff 0xffff 0xffff 0xffff 0xffff 0xffff 0xffff 0xffff 0xffff 0xffff ]

PROG 1599848850.58 Contacted 0 (5 neighbors). 0 queued, 0 in current request
2 elapsed, commit
receive fwd status 1
receive fwd status 2
receive fwd status 2
receive eos Message <CxEosReport> 
  [owner=0x0]
  [status=0x1]

PROG 1599848851.81  Node 0 transfer completed
Skip BS pseudo cookie
REF 1599848795.15 1 35 81529819 1 [2]
Status Message <CxStatus> 
  [distance=0x1]
  [dataPending=0x1]
  [bw=0x2]
  [wakeupRC=0x23]
  [wakeupTS=0x4dc0bdb]
  [pushCookie=0x37c6]
  [writeCookie=0x37c6]
  [missingLength=0x12f]
  [subnetChannel=0x0]
  [sampleInterval=0x96000]
  [role=0x0]
  [barcode=0x1 0x0 0x0 0x0 0x0 0x0 0x0 0x4 ]
  [neighbors=0x2 0xffff 0xffff 0xffff 0xffff 0xffff 0xffff 0xffff 0xffff 0xffff 0xffff 0xffff 0xffff 0xffff 0xffff 0xffff ]

PROG 1599848852.23 Contacted 1 (1 neighbors). 0 queued, 303 in current request
RPR rx from 1 len 70 nc 13300 records 3
Database.insertRecord() 1 13242 13264 21 18 [35, 0, 89, 197, 225, 3, 1, 0, 0, 0, 0, 0, 0, 6, 22, 9, 120, 9, 33, 9]
Database.insertRecord() 1 13264 13278 13 20 [35, 0, 78, 176, 226, 3, 18, 12, 157, 1, 10, 5]
Decoded Bacon Sample [0x23, 0x0, 0x4e, 0xb0, 0xe2, 0x3, 0x12, 0xc, 0x9d, 0x1, 0xa, 0x5] to [0x1, 0x33d0, 0x23, 0x3e2b04e, 0xc12, 0x19d, 0x50a]
Database.insertRecord() 1 13278 13300 21 18 [35, 0, 89, 37, 235, 3, 1, 0, 0, 0, 0, 0, 0, 6, 18, 9, 120, 9, 30, 9]
receive fwd status 2
receive eos Message <CxEosReport> 
  [owner=0x1]
  [status=0x2]

receive fwd status 2
PROG 1599848853.36  Node 1 transfer continues
REF 1599848795.15 0 1092 1957 0 [8, 17, 18, 1, 2]
Status Message <CxStatus> 
  [distance=0x0]
  [dataPending=0x0]
  [bw=0x2]
  [wakeupRC=0x444]
  [wakeupTS=0x7a5]
  [pushCookie=0x0]
  [writeCookie=0x0]
  [missingLength=0x0]
  [subnetChannel=0x0]
  [sampleInterval=0x7800]
  [role=0x2]
  [barcode=0x0 0x0 0x0 0x0 0x0 0x0 0x0 0x4 ]
  [neighbors=0x8 0x11 0x12 0x1 0x2 0xffff 0xffff 0xffff 0xffff 0xffff 0xffff 0xffff 0xffff 0xffff 0xffff 0xffff ]

PROG 1599848853.63 Contacted 0 (5 neighbors). 0 queued, 0 in current request
2 elapsed, commit
receive fwd status 2
receive eos Message <CxEosReport> 
  [owner=0x0]
  [status=0x1]

PROG 1599848854.97  Node 0 transfer completed
Skip BS pseudo cookie
REF 1599848795.15 1 35 81529819 0 [2]
Status Message <CxStatus> 
  [distance=0x2]
  [dataPending=0x0]
  [bw=0x2]
  [wakeupRC=0x23]
  [wakeupTS=0x4dc0bdb]
  [pushCookie=0x37c6]
  [writeCookie=0x37c6]
  [missingLength=0x0]
  [subnetChannel=0x0]
  [sampleInterval=0x96000]
  [role=0x0]
  [barcode=0x1 0x0 0x0 0x0 0x0 0x0 0x0 0x4 ]
  [neighbors=0x2 0xffff 0xffff 0xffff 0xffff 0xffff 0xffff 0xffff 0xffff 0xffff 0xffff 0xffff 0xffff 0xffff 0xffff 0xffff ]

PROG 1599848855.29 Contacted 1 (1 neighbors). 0 queued, 0 in current request
receive fwd status 2
receive fwd status 2
receive eos Message <CxEosReport> 
  [owner=0x1]
  [status=0x1]

PROG 1599848856.48  Node 1 transfer completed
REC 1 check gap 13748
PROG 1599848856.49 Node 1 request 297 (missing: 2126)
TXQ PUT (<tinyos.packet.SerialSource.SerialSource instance at 0x111a82b40>, 1, <tools.cx.messages.CxRecordRequestMsg.CxRecordRequestMsg instance at 0x111a85be0>)
REC 1 requesting 297 at 13748 from 1 (attempt 1)
TXQ SW TX 1 2 0
receive fwd status 1
REF 1599848795.15 0 1092 1957 0 [8, 17, 18, 1, 2]
Status Message <CxStatus> 
  [distance=0x0]
  [dataPending=0x0]
  [bw=0x2]
  [wakeupRC=0x444]
  [wakeupTS=0x7a5]
  [pushCookie=0x0]
  [writeCookie=0x0]
  [missingLength=0x0]
  [subnetChannel=0x0]
  [sampleInterval=0x7800]
  [role=0x2]
  [barcode=0x0 0x0 0x0 0x0 0x0 0x0 0x0 0x4 ]
  [neighbors=0x8 0x11 0x12 0x1 0x2 0xffff 0xffff 0xffff 0xffff 0xffff 0xffff 0xffff 0xffff 0xffff 0xffff 0xffff ]

PROG 1599848856.80 Contacted 0 (5 neighbors). 0 queued, 0 in current request
2 elapsed, commit
receive fwd status 1
receive eos Message <CxEosReport> 
  [owner=0x0]
  [status=0x1]

PROG 1599848858.09  Node 0 transfer completed
Skip BS pseudo cookie
receive fwd status 1
REF 1599848795.15 1 35 81529819 0 [2]
Status Message <CxStatus> 
  [distance=0x1]
  [dataPending=0x0]
  [bw=0x2]
  [wakeupRC=0x23]
  [wakeupTS=0x4dc0bdb]
  [pushCookie=0x37c6]
  [writeCookie=0x37c6]
  [missingLength=0x0]
  [subnetChannel=0x0]
  [sampleInterval=0x96000]
  [role=0x0]
  [barcode=0x1 0x0 0x0 0x0 0x0 0x0 0x0 0x4 ]
  [neighbors=0x2 0xffff 0xffff 0xffff 0xffff 0xffff 0xffff 0xffff 0xffff 0xffff 0xffff 0xffff 0xffff 0xffff 0xffff 0xffff ]

PROG 1599848858.41 Contacted 1 (1 neighbors). 0 queued, 0 in current request
receive fwd status 1
receive eos Message <CxEosReport> 
  [owner=0x1]
  [status=0x1]

PROG 1599848859.63  Node 1 transfer completed
REC 1 check gap 13748
PROG 1599848859.64 Node 1 request 297 (missing: 2126)
TXQ PUT TXQ SW TX 1 1 0(
<tinyos.packet.SerialSource.SerialSource instance at 0x111a82b40>, 1, <tools.cx.messages.CxRecordRequestMsg.CxRecordRequestMsg instance at 0x111a92f00>)
REC 1 requesting 297 at 13748 from 1 (attempt 2)
receive fwd status 0
REF 1599848795.15 0 1092 1957 1 [8, 17, 18, 1, 2]
Status Message <CxStatus> 
  [distance=0x0]
  [dataPending=0x1]
  [bw=0x2]
  [wakeupRC=0x444]
  [wakeupTS=0x7a5]
  [pushCookie=0x0]
  [writeCookie=0x0]
  [missingLength=0x0]
  [subnetChannel=0x0]
  [sampleInterval=0x7800]
  [role=0x2]
  [barcode=0x0 0x0 0x0 0x0 0x0 0x0 0x0 0x4 ]
  [neighbors=0x8 0x11 0x12 0x1 0x2 0xffff 0xffff 0xffff 0xffff 0xffff 0xffff 0xffff 0xffff 0xffff 0xffff 0xffff ]

PROG 1599848859.92 Contacted 0 (5 neighbors). 0 queued, 0 in current request
2 elapsed, commit
receive fwd status 1
receive fwd status 2
receive fwd status 2
receive eos Message <CxEosReport> 
  [owner=0x0]
  [status=0x1]

PROG 1599848861.17  Node 0 transfer completed
Skip BS pseudo cookie
receive fwd status 2
REF 1599848795.15 1 35 81529819 1 [2]
Status Message <CxStatus> 
  [distance=0x1]
  [dataPending=0x1]
  [bw=0x2]
  [wakeupRC=0x23]
  [wakeupTS=0x4dc0bdb]
  [pushCookie=0x37c6]
  [writeCookie=0x37c6]
  [missingLength=0x129]
  [subnetChannel=0x0]
  [sampleInterval=0x96000]
  [role=0x0]
  [barcode=0x1 0x0 0x0 0x0 0x0 0x0 0x0 0x4 ]
  [neighbors=0x2 0xffff 0xffff 0xffff 0xffff 0xffff 0xffff 0xffff 0xffff 0xffff 0xffff 0xffff 0xffff 0xffff 0xffff 0xffff ]

PROG 1599848861.55 Contacted 1 (1 neighbors). 0 queued, 297 in current request
RPR rx from 1 len 82 nc 13814 records 4
Database.insertRecord() 1 13748 13762 13 20 [35, 0, 78, 144, 92, 4, 22, 12, 156, 1, 10, 5]
Decoded Bacon Sample [0x23, 0x0, 0x4e, 0x90, 0x5c, 0x4, 0x16, 0xc, 0x9c, 0x1, 0xa, 0x5] to [0x1, 0x35b4, 0x23, 0x45c904e, 0xc16, 0x19c, 0x50a]
Database.insertRecord() 1 13762 13784 21 18 [35, 0, 89, 5, 101, 4, 1, 0, 0, 0, 0, 0, 0, 6, 25, 9, 120, 9, 35, 9]
Database.insertRecord() 1 13784 13800 15 22 [8, 0, 35, 0, 7, 0, 129, 56, 101, 4, 198, 55, 21, 4]
Decoded Phoenix Ref [0x8, 0x0, 0x23, 0x0, 0x7, 0x0, 0x81, 0x38, 0x65, 0x4, 0xc6, 0x37, 0x15, 0x4] to [0x1, 0x35d8, 0x8, 0x23, 0x7, 0x4653881, 0x41537c6]
Database.insertRecord() 1 13800 13814 13 20 [35, 0, 78, 240, 101, 4, 23, 12, 156, 1, 9, 5]
Decoded Bacon Sample [0x23, 0x0, 0x4e, 0xf0, 0x65, 0x4, 0x17, 0xc, 0x9c, 0x1, 0x9, 0x5] to [0x1, 0x35e8, 0x23, 0x465f04e, 0xc17, 0x19c, 0x509]
receive fwd status 2
receive eos Message <CxEosReport> 
  [owner=0x1]
  [status=0x2]

PROG 1599848862.73  Node 1 transfer continues
REF 1599848795.15 0 1092 1957 0 [8, 17, 18, 1, 2]
Status Message <CxStatus> 
  [distance=0x0]
  [dataPending=0x0]
  [bw=0x2]
  [wakeupRC=0x444]
  [wakeupTS=0x7a5]
  [pushCookie=0x0]
  [writeCookie=0x0]
  [missingLength=0x0]
  [subnetChannel=0x0]
  [sampleInterval=0x7800]
  [role=0x2]
  [barcode=0x0 0x0 0x0 0x0 0x0 0x0 0x0 0x4 ]
  [neighbors=0x8 0x11 0x12 0x1 0x2 0xffff 0xffff 0xffff 0xffff 0xffff 0xffff 0xffff 0xffff 0xffff 0xffff 0xffff ]

PROG 1599848863.05 Contacted 0 (5 neighbors). 0 queued, 0 in current request
2 elapsed, commit
receive fwd status 2
receive eos Message <CxEosReport> 
  [owner=0x0]
  [status=0x1]

PROG 1599848864.33  Node 0 transfer completed
Skip BS pseudo cookie
receive fwd status 2
REF 1599848795.15 1 35 81529819 0 [2]
Status Message <CxStatus> 
  [distance=0x2]
  [dataPending=0x0]
  [bw=0x2]
  [wakeupRC=0x23]
  [wakeupTS=0x4dc0bdb]
  [pushCookie=0x37c6]
  [writeCookie=0x37c6]
  [missingLength=0x0]
  [subnetChannel=0x0]
  [sampleInterval=0x96000]
  [role=0x0]
  [barcode=0x1 0x0 0x0 0x0 0x0 0x0 0x0 0x4 ]
  [neighbors=0x2 0xffff 0xffff 0xffff 0xffff 0xffff 0xffff 0xffff 0xffff 0xffff 0xffff 0xffff 0xffff 0xffff 0xffff 0xffff ]

PROG 1599848864.71 Contacted 1 (1 neighbors). 0 queued, 0 in current request
receive fwd status 2
receive eos Message <CxEosReport> 
  [owner=0x1]
  [status=0x1]

PROG 1599848865.88  Node 1 transfer completed
REC 1 check gap 12490
PROG 1599848865.89 Node 1 request 289 (missing: 2060)
TXQ PUT (<tinyos.packet.SerialSource.SerialSource instance at 0x111a82b40>, 1, <tools.cx.messages.CxRecordRequestMsg.CxRecordRequestMsg instance at 0x111a9e640>)
REC 1 requesting 289 at 12490 from 1 (attempt 1)
TXQ SW TX 1 2 0
receive fwd status 1
REF 1599848795.15 0 1092 1957 0 [8, 17, 18, 1, 2]
Status Message <CxStatus> 
  [distance=0x0]
  [dataPending=0x0]
  [bw=0x2]
  [wakeupRC=0x444]
  [wakeupTS=0x7a5]
  [pushCookie=0x0]
  [writeCookie=0x0]
  [missingLength=0x0]
  [subnetChannel=0x0]
  [sampleInterval=0x7800]
  [role=0x2]
  [barcode=0x0 0x0 0x0 0x0 0x0 0x0 0x0 0x4 ]
  [neighbors=0x8 0x11 0x12 0x1 0x2 0xffff 0xffff 0xffff 0xffff 0xffff 0xffff 0xffff 0xffff 0xffff 0xffff 0xffff ]

PROG 1599848866.17 Contacted 0 (5 neighbors). 0 queued, 0 in current request
2 elapsed, commit
receive fwd status 1
receive fwd status 1
receive eos Message <CxEosReport> 
  [owner=0x0]
  [status=0x1]

PROG 1599848867.39  Node 0 transfer completed
Skip BS pseudo cookie
REF 1599848795.15 1 35 81529819 0 [2]
Status Message <CxStatus> 
  [distance=0x2]
  [dataPending=0x0]
  [bw=0x2]
  [wakeupRC=0x23]
  [wakeupTS=0x4dc0bdb]
  [pushCookie=0x37c6]
  [writeCookie=0x37c6]
  [missingLength=0x0]
  [subnetChannel=0x0]
  [sampleInterval=0x96000]
  [role=0x0]
  [barcode=0x1 0x0 0x0 0x0 0x0 0x0 0x0 0x4 ]
  [neighbors=0x2 0xffff 0xffff 0xffff 0xffff 0xffff 0xffff 0xffff 0xffff 0xffff 0xffff 0xffff 0xffff 0xffff 0xffff 0xffff ]

PROG 1599848867.82 Contacted 1 (1 neighbors). 0 queued, 0 in current request
receive fwd status 1
receive eos Message <CxEosReport> 
  [owner=0x1]
  [status=0x1]

PROG 1599848868.95  Node 1 transfer completed
REC 1 check gap 12490
PROG 1599848868.96 Node 1 request 289 (missing: 2060)
TXQ PUT (<tinyos.packet.SerialSource.SerialSource instance at 0x111a82b40>, 1, <tools.cx.messages.CxRecordRequestMsg.CxRecordRequestMsg instance at 0x111a92280>)
REC 1 requesting 289 at 12490 from 1 (attempt 2)
TXQ SW TX 1 1 0
receive fwd status 0
REF 1599848795.15 0 1092 1957 1 [8, 17, 18, 1, 2]
Status Message <CxStatus> 
  [distance=0x0]
  [dataPending=0x1]
  [bw=0x2]
  [wakeupRC=0x444]
  [wakeupTS=0x7a5]
  [pushCookie=0x0]
  [writeCookie=0x0]
  [missingLength=0x0]
  [subnetChannel=0x0]
  [sampleInterval=0x7800]
  [role=0x2]
  [barcode=0x0 0x0 0x0 0x0 0x0 0x0 0x0 0x4 ]
  [neighbors=0x8 0x11 0x12 0x1 0x2 0xffff 0xffff 0xffff 0xffff 0xffff 0xffff 0xffff 0xffff 0xffff 0xffff 0xffff ]

PROG 1599848869.29 Contacted 0 (5 neighbors). 0 queued, 0 in current request
2 elapsed, commit
receive fwd status 0
receive fwd status 1
receive fwd status 2
receive fwd status 2
receive eos Message <CxEosReport> 
  [owner=0x0]
  [status=0x1]

PROG 1599848870.52  Node 0 transfer completed
Skip BS pseudo cookie
REF 1599848795.15 1 35 81529819 1 [2]
Status Message <CxStatus> 
  [distance=0x1]
  [dataPending=0x1]
  [bw=0x2]
  [wakeupRC=0x23]
  [wakeupTS=0x4dc0bdb]
  [pushCookie=0x37c6]
  [writeCookie=0x37c6]
  [missingLength=0x121]
  [subnetChannel=0x0]
  [sampleInterval=0x96000]
  [role=0x0]
  [barcode=0x1 0x0 0x0 0x0 0x0 0x0 0x0 0x4 ]
  [neighbors=0x2 0xffff 0xffff 0xffff 0xffff 0xffff 0xffff 0xffff 0xffff 0xffff 0xffff 0xffff 0xffff 0xffff 0xffff 0xffff ]

PROG 1599848870.94 Contacted 1 (1 neighbors). 0 queued, 289 in current request
receive fwd status 2
receive eos Message <CxEosReport> 
  [owner=0x1]
  [status=0x2]

PROG 1599848872.09  Node 1 transfer continues
receive fwd status 2
REF 1599848795.15 0 1092 1957 0 [8, 17, 18, 1, 2]
Status Message <CxStatus> 
  [distance=0x0]
  [dataPending=0x0]
  [bw=0x2]
  [wakeupRC=0x444]
  [wakeupTS=0x7a5]
  [pushCookie=0x0]
  [writeCookie=0x0]
  [missingLength=0x0]
  [subnetChannel=0x0]
  [sampleInterval=0x7800]
  [role=0x2]
  [barcode=0x0 0x0 0x0 0x0 0x0 0x0 0x0 0x4 ]
  [neighbors=0x8 0x11 0x12 0x1 0x2 0xffff 0xffff 0xffff 0xffff 0xffff 0xffff 0xffff 0xffff 0xffff 0xffff 0xffff ]

PROG 1599848872.39 Contacted 0 (5 neighbors). 0 queued, 0 in current request
2 elapsed, commit
receive fwd status 2
receive eos Message <CxEosReport> 
  [owner=0x0]
  [status=0x1]

PROG 1599848873.71  Node 0 transfer completed
Skip BS pseudo cookie
REF 1599848795.15 1 35 81529819 0 [2]
Status Message <CxStatus> 
  [distance=0x2]
  [dataPending=0x0]
  [bw=0x2]
  [wakeupRC=0x23]
  [wakeupTS=0x4dc0bdb]
  [pushCookie=0x37c6]
  [writeCookie=0x37c6]
  [missingLength=0x0]
  [subnetChannel=0x0]
  [sampleInterval=0x96000]
  [role=0x0]
  [barcode=0x1 0x0 0x0 0x0 0x0 0x0 0x0 0x4 ]
  [neighbors=0x2 0xffff 0xffff 0xffff 0xffff 0xffff 0xffff 0xffff 0xffff 0xffff 0xffff 0xffff 0xffff 0xffff 0xffff 0xffff ]

PROG 1599848874.08 Contacted 1 (1 neighbors). 0 queued, 0 in current request
receive fwd status 2
RPR rx from 0 len 91 nc 62292 records 1
Database.insertRecord() 0 62205 622922 elapsed, commit 86 
25 [0, 0, 1, 0, 4, 68, 0, 0, 7, 165, 0, 0, 0, 8, 0, 17, 0, 18, 0, 1, 0, 2, 255, 255, 255, 255, 255, 255, 255, 255, 255, 255, 255, 255, 255, 255, 255, 255, 255, 255, 255, 255, 255, 255, 255, 255, 255, 255, 255, 255, 255, 255, 255, 255, 255, 255, 255, 255, 255, 255, 0, 1, 1, 1, 2, 1, 255, 255, 255, 255, 255, 255, 255, 255, 255, 255, 255, 255, 255, 255, 255, 255, 255, 255, 255]
FINISHED
receive eos Message <CxEosReport> 
  [owner=0x1]
  [status=0x1]

PROG 1599848875.52  Node 1 transfer completed
REC 1 check gap 12490
REC 1 give up on gap 12490
REC 1 check gap 10583
PROG 1599848875.53 Node 1 request 281 (missing: 2060)
TXQ PUT (<tinyos.packet.SerialSource.SerialSource instance at 0x111a82b40>, 1, <tools.cx.messages.CxRecordRequestMsg.CxRecordRequestMsg instance at 0x111a9efa0>)
REC 1 requesting 281 at 10583 from 1 (attempt 1)
Cleaning up
clearing
receive fwd status 2
Clearing RX Queue
QUEUE CLEARED
cleared
finished
waiting for db stop
synchronous stop
explicit close
explicit closedb stopped
done for real

PROG 1599848877.58 Finished.
PROG 1599848877.58 Download finished: 6/6 identified nodes contacted
selection:  []
(2, 614400, 0, 0)
(8, 614400, 0, 0)
(18, 614400, 0, 0)
(17, 614400, 0, 0)
(0, 30720, 0, 2)
(1, 614400, 0, 0)
Channel maps {0: {0: ['0x0400000000000002', '0x0400000000000008', '0x0400000000000012', '0x0400000000000011', '0x0400000000000001'], 2: ['0x0400000000000000']}}
0x0400000000000008 0 0x0500000000000008
0x0400000000000011 0 0x0500000000000011
0x0400000000000012 0 0x0600000000000012
delete insert object, signal stop
