database0.sqlite passed integrity check
network_membership OK
active_period OK
toast_sample OK
packet OK
log_record OK
node_status OK
cookie_table OK
toast_connection OK
bacon_sample OK
toast_disconnection OK
sensor_connection OK
phoenix_reference OK
sensor_sample OK
bacon_settings OK
base_reference OK
last_bs OK
last_ap OK
last_connection OK
last_status OK
last_disconnection OK
DBQ database0.sqlite
DBQ database0.sqlite
selection:  []
Channel maps {}
Note: mouse wheel not implemented on Mac OS
PROG 1599777274.64 Network Discovery Started
serial@/dev/tty.usbserial-AE01BDNV:115200
DatabaseMissing() discoverThread
receive fwd status 2
ns 0: pi 1024 if 1 md 10 -> 327680
ns 1: pi 1024 if 1 md 5 -> 163840
ns 2: pi 1024 if 1 md 5 -> 163840
Setting MDR to  1
receive fwd status 2
Wakeup start 1599777277.0
ACK 0
receive fwd status 2
receive fwd status 2
receive fwd status 2
receive fwd status 2
receive fwd status 2
receive fwd status 2
receive fwd status 2
receive fwd status 2
receive fwd status 2
receive fwd status 2
receive fwd status 2
REF 1599777277.01 0 1075 1962 0 [17, 8, 18, 1, 2]
Status Message <CxStatus> 
  [distance=0x0]
  [dataPending=0x0]
  [bw=0x2]
  [wakeupRC=0x433]
  [wakeupTS=0x7aa]
  [pushCookie=0x0]
  [writeCookie=0x0]
  [missingLength=0x0]
  [subnetChannel=0x0]
  [sampleInterval=0x7800]
  [role=0x2]
  [barcode=0x0 0x0 0x0 0x0 0x0 0x0 0x0 0x4 ]
  [neighbors=0x11 0x8 0x12 0x1 0x2 0xffff 0xffff 0xffff 0xffff 0xffff 0xffff 0xffff 0xffff 0xffff 0xffff 0xffff ]

PROG 1599777287.52 Contacted 0 (5 neighbors). 0 queued, 0 in current request
2 elapsed, commit
receive fwd status 2
receive eos Message <CxEosReport> 
  [owner=0x0]
  [status=0x1]

PROG 1599777288.63  Node 0 transfer completed
receive fwd status 2
REF 1599777277.01 17 10 9570126 0 [8, 18, 1, 2]
Status Message <CxStatus> 
  [distance=0x1]
  [dataPending=0x0]
  [bw=0x2]
  [wakeupRC=0xa]
  [wakeupTS=0x92074e]
  [pushCookie=0x4a6]
  [writeCookie=0x7ac]
  [missingLength=0x0]
  [subnetChannel=0x0]
  [sampleInterval=0x96000]
  [role=0x0]
  [barcode=0x11 0x0 0x0 0x0 0x0 0x0 0x0 0x4 ]
  [neighbors=0x8 0x12 0x1 0x2 0xffff 0xffff 0xffff 0xffff 0xffff 0xffff 0xffff 0xffff 0xffff 0xffff 0xffff 0xffff ]

PROG 1599777289.27 Contacted 11 (4 neighbors). 774 queued, 0 in current request
receive eos Message <CxEosReport> 
  [owner=0x11]
  [status=0x1]

receive fwd status 2
PROG 1599777290.20  Node 11 transfer completed
REF 1599777277.01 8 7 3057094 0 [18, 1, 2]
Status Message <CxStatus> 
  [distance=0x1]
  [dataPending=0x0]
  [bw=0x2]
  [wakeupRC=0x7]
  [wakeupTS=0x2ea5c6]
  [pushCookie=0x31e]
  [writeCookie=0x4be]
  [missingLength=0x0]
  [subnetChannel=0x0]
  [sampleInterval=0x96000]
  [role=0x0]
  [barcode=0x8 0x0 0x0 0x0 0x0 0x0 0x0 0x4 ]
  [neighbors=0x12 0x1 0x2 0xffff 0xffff 0xffff 0xffff 0xffff 0xffff 0xffff 0xffff 0xffff 0xffff 0xffff 0xffff 0xffff ]

PROG 1599777290.89 Contacted 8 (3 neighbors). 416 queued, 0 in current request
2 elapsed, commit
receive fwd status 2
receive eos Message <CxEosReport> 
  [owner=0x8]
  [status=0x1]

PROG 1599777291.77  Node 8 transfer completed
receive fwd status 2
REF 1599777277.01 18 2 6581531 0 [1, 2]
Status Message <CxStatus> 
  [distance=0x1]
  [dataPending=0x0]
  [bw=0x2]
  [wakeupRC=0x2]
  [wakeupTS=0x646d1b]
  [pushCookie=0xa8]
  [writeCookie=0x2d0]
  [missingLength=0x0]
  [subnetChannel=0x0]
  [sampleInterval=0x96000]
  [role=0x0]
  [barcode=0x12 0x0 0x0 0x0 0x0 0x0 0x0 0x4 ]
  [neighbors=0x1 0x2 0xffff 0xffff 0xffff 0xffff 0xffff 0xffff 0xffff 0xffff 0xffff 0xffff 0xffff 0xffff 0xffff 0xffff ]

PROG 1599777292.43 Contacted 12 (2 neighbors). 552 queued, 0 in current request
receive fwd status 2
receive eos Message <CxEosReport> 
  [owner=0x12]
  [status=0x1]

PROG 1599777293.32  Node 12 transfer completed
REF 1599777277.01 1 35 8325792 0 [2]
Status Message <CxStatus> 
  [distance=0x2]
  [dataPending=0x0]
  [bw=0x2]
  [wakeupRC=0x23]
  [wakeupTS=0x7f0aa0]
  [pushCookie=0x22b5]
  [writeCookie=0x25a1]
  [missingLength=0x0]
  [subnetChannel=0x0]
  [sampleInterval=0x96000]
  [role=0x0]
  [barcode=0x1 0x0 0x0 0x0 0x0 0x0 0x0 0x4 ]
  [neighbors=0x2 0xffff 0xffff 0xffff 0xffff 0xffff 0xffff 0xffff 0xffff 0xffff 0xffff 0xffff 0xffff 0xffff 0xffff 0xffff ]

PROG 1599777294.01 Contacted 1 (1 neighbors). 748 queued, 0 in current request
2 elapsed, commit
receive fwd status 2
receive eos Message <CxEosReport> 
  [owner=0x1]
  [status=0x1]

PROG 1599777294.91  Node 1 transfer completed
receive fwd status 2
REF 1599777277.01 2 1666 7284302 0 []
Status Message <CxStatus> 
  [distance=0x1]
  [dataPending=0x0]
  [bw=0x2]
  [wakeupRC=0x682]
  [wakeupTS=0x6f264e]
  [pushCookie=0x165ce]
  [writeCookie=0x16728]
  [missingLength=0x0]
  [subnetChannel=0x0]
  [sampleInterval=0x96000]
  [role=0x0]
  [barcode=0x2 0x0 0x0 0x0 0x0 0x0 0x0 0x4 ]
  [neighbors=0xffff 0xffff 0xffff 0xffff 0xffff 0xffff 0xffff 0xffff 0xffff 0xffff 0xffff 0xffff 0xffff 0xffff 0xffff 0xffff ]

PROG 1599777295.51 Contacted 2 (0 neighbors). 346 queued, 0 in current request
receive fwd status 2
RPR rx from 0 len 91 nc 61422 records 1
Database.insertRecord() 0 61335 61422 86 25 [0, 0, 0, 128, 4, 51, 0, 0, 7, 170, 0, 0, 0, 17, 0, 8, 0, 18, 0, 1, 0, 2, 255, 255, 255, 255, 255, 255, 255, 255, 255, 255, 255, 255, 255, 255, 255, 255, 255, 255, 255, 255, 255, 255, 255, 255, 255, 255, 255, 255, 255, 255, 255, 255, 255, 255, 255, 255, 255, 255, 0, 1, 1, 1, 2, 1, 255, 255, 255, 255, 255, 255, 255, 255, 255, 255, 255, 255, 255, 255, 255, 255, 255, 255, 255]
2 elapsed, commit
FINISHED
receive eos Message <CxEosReport> 
  [owner=0x2]
  [status=0x1]

PROG 1599777296.56  Node 2 transfer completed
Cleaning up
clearing
receive fwd status 2
Clearing RX Queue
QUEUE CLEARED
cleared
finished
waiting for db stop
synchronous stop
explicit close
explicit closedb stopped

done for real
PROG 1599777298.43 Finished.
PROG 1599777298.43 Download finished: 6/6 identified nodes contacted
selection:  []
(17, 614400, 0, 0)
(8, 614400, 0, 0)
(18, 614400, 0, 0)
(2, 614400, 0, 0)
(0, 30720, 0, 2)
(1, 614400, 0, 0)
Channel maps {0: {0: ['0x0400000000000011', '0x0400000000000008', '0x0400000000000012', '0x0400000000000002', '0x0400000000000001'], 2: ['0x0400000000000000']}}
PROG 1599777711.37 Patch Download Started
patch download 0
serial@/dev/tty.usbserial-AE01BDNV:115200
DatabaseMissing() downloadThread
receive fwd status 2
ns 0: pi 1024 if 1 md 10 -> 327680
ns 1: pi 1024 if 1 md 5 -> 163840
ns 2: pi 1024 if 1 md 5 -> 163840
Setting MDR to  1000
receive fwd status 2
Wakeup start 1599777713.71
ACK 0
receive fwd status 2
receive fwd status 2
receive fwd status 2
receive fwd status 2
receive fwd status 2
receive fwd status 2
REF 1599777713.72 0 1076 1953 0 [8, 17, 2, 1, 18]
Status Message <CxStatus> 
  [distance=0x0]
  [dataPending=0x0]
  [bw=0x2]
  [wakeupRC=0x434]
  [wakeupTS=0x7a1]
  [pushCookie=0x0]
  [writeCookie=0x0]
  [missingLength=0x0]
  [subnetChannel=0x0]
  [sampleInterval=0x7800]
  [role=0x2]
  [barcode=0x0 0x0 0x0 0x0 0x0 0x0 0x0 0x4 ]
  [neighbors=0x8 0x11 0x2 0x1 0x12 0xffff 0xffff 0xffff 0xffff 0xffff 0xffff 0xffff 0xffff 0xffff 0xffff 0xffff ]

PROG 1599777719.10 Contacted 0 (5 neighbors). 0 queued, 0 in current request
2 elapsed, commit
receive fwd status 2
receive eos Message <CxEosReport> 
  [owner=0x0]
  [status=0x1]

PROG 1599777720.35  Node 0 transfer completed
Skip BS pseudo cookie
REF 1599777713.72 8 7 3503958 1 [17, 2, 1, 18]
Status Message <CxStatus> 
  [distance=0x1]
  [dataPending=0x1]
  [bw=0x2]
  [wakeupRC=0x7]
  [wakeupTS=0x357756]
  [pushCookie=0x31e]
  [writeCookie=0x4e8]
  [missingLength=0x0]
  [subnetChannel=0x0]
  [sampleInterval=0x96000]
  [role=0x0]
  [barcode=0x8 0x0 0x0 0x0 0x0 0x0 0x0 0x4 ]
  [neighbors=0x11 0x2 0x1 0x12 0xffff 0xffff 0xffff 0xffff 0xffff 0xffff 0xffff 0xffff 0xffff 0xffff 0xffff 0xffff ]

PROG 1599777720.73 Contacted 8 (4 neighbors). 458 queued, 0 in current request
receive fwd status 2
RPR rx from 8 len 77 nc 871 records 1
Database.insertRecord() 8 798 871 72 23 [7, 0, 76, 0, 0, 0, 0, 237, 102, 2, 2, 8, 0, 19, 2, 7, 0, 4, 8, 8, 0, 0, 0, 0, 0, 0, 4, 254, 106, 255, 255, 255, 255, 255, 255, 255, 255, 255, 255, 255, 255, 255, 255, 255, 255, 255, 255, 255, 255, 255, 255, 255, 255, 255, 255, 255, 255, 255, 255, 255, 255, 255, 255, 255, 255, 255, 255, 255, 255, 255, 255]
Decoded Bacon Settings
RPR rx from 8 len 77 nc 944 records 1
Database.insertRecord() 8 871 944 72 23 [7, 0, 76, 0, 0, 0, 64, 255, 255, 255, 255, 255, 255, 2 elapsed, commit
255, 255, 255, 255, 255, 255, 255, 255, 255, 255, 255, 255, 255, 255, 255, 255, 255, 255, 255, 255, 255, 255, 255, 255, 255, 255, 255, 255, 255, 255, 255, 255, 255, 255, 255, 255, 255, 255, 255, 255, 255, 255, 255, 255, 255, 255, 255, 255, 255, 255, 255, 255, 255, 255, 255, 255, 255, 255]
Decoded Bacon Settings
exec now select data from
            bacon_settings 
            WHERE node_id = ? and rc=? and ts=? 
            ORDER BY offset (8, 7, 76)
next (t,l,v) 0x2 2 0x8 0x0
next (t,l,v) 0x13 2 0x7 0x0
next (t,l,v) 0x4 8 0x8 0x0 0x0 0x0 0x0 0x0 0x0 0x4
next (t,l,v) 0xfe 106 0xff 0xff 0xff 0xff 0xff 0xff 0xff 0xff 0xff 0xff 0xff 0xff 0xff 0xff 0xff 0xff 0xff 0xff 0xff 0xff 0xff 0xff 0xff 0xff 0xff 0xff 0xff 0xff 0xff 0xff 0xff 0xff 0xff 0xff 0xff 0xff 0xff 0xff 0xff 0xff 0xff 0xff 0xff 0xff 0xff 0xff 0xff 0xff 0xff 0xff 0xff 0xff 0xff 0xff 0xff 0xff 0xff 0xff 0xff 0xff 0xff 0xff 0xff 0xff 0xff 0xff 0xff 0xff 0xff 0xff 0xff 0xff 0xff 0xff 0xff 0xff 0xff 0xff 0xff 0xff 0xff 0xff 0xff 0xff 0xff 0xff 0xff 0xff 0xff 0xff 0xff 0xff 0xff 0xff 0xff 0xff 0xff 0xff 0xff 0xff 0xff 0xff 0xff 0xff 0xff 0xff
RPR rx from 8 len 38 nc 974 records 2
Database.insertRecord() 8 944 960 15 22 [17, 0, 7, 0, 10, 0, 170, 42, 0, 0, 87, 140, 99, 0]
Decoded Phoenix Ref [0x11, 0x0, 0x7, 0x0, 0xa, 0x0, 0xaa, 0x2a, 0x0, 0x0, 0x57, 0x8c, 0x63, 0x0] to [0x8, 0x3b0, 0x11, 0x7, 0xa, 0x2aaa, 0x638c57]
Database.insertRecord() 8 960 974 13 20 [7, 0, 77, 240, 0, 0, 29, 12, 137, 2, 61, 5]
Decoded Bacon Sample [0x7, 0x0, 0x4d, 0xf0, 0x0, 0x0, 0x1d, 0xc, 0x89, 0x2, 0x3d, 0x5] to [0x8, 0x3c0, 0x7, 0xf04d, 0xc1d, 0x289, 0x53d]
RPR rx from 8 len 76 nc 1046 records 1
Database.insertRecord() 8 974 1046 71 17 [7, 0, 89, 101, 9, 0, 235, 181, 2, 2, 14, 0, 3, 2, 138, 215, 8, 16, 0, 128, 0, 0, 222, 129, 160, 11, 191, 13, 8, 130, 3, 7, 78, 8, 4, 8, 8, 0, 0, 0, 0, 0, 0, 5, 5, 24, 20, 0, 3, 20, 0, 4, 20, 0, 5, 20, 0, 6, 20, 0, 7, 19, 0, 3, 0, 0, 0, 0, 0, 0]
Toast Connection raw: ['0x7', '0x0', '0x59', '0x65', '0x9', '0x0', '0xeb', '0xb5', '0x2', '0x2', '0xe', '0x0', '0x3', '0x2', '0x8a', '0xd7', '0x8', '0x10', '0x0', '0x80', '0x0', '0x0', '0xde', '0x81', '0xa0', '0xb', '0xbf', '0xd', '0x8', '0x82', '0x3', '0x7', '0x4e', '0x8', '0x4', '0x8', '0x8', '0x0', '0x0', '0x0', '0x0', '0x0', '0x0', '0x5', '0x5', '0x18', '0x14', '0x0', '0x3', '0x14', '0x0', '0x4', '0x14', '0x0', '0x5', '0x14', '0x0', '0x6', '0x14', '0x0', '0x7', '0x13', '0x0', '0x3', '0x0', '0x0', '0x0', '0x0', '0x0', '0x0']
Toast Connection unpacked: 8 974 7 615769 ['0xeb', '0xb5', '0x2', '0x2', '0xe', '0x0', '0x3', '0x2', '0x8a', '0xd7', '0x8', '0x10', '0x0', '0x80', '0x0', '0x0', '0xde', '0x81', '0xa0', '0xb', '0xbf', '0xd', '0x8', '0x82', '0x3', '0x7', '0x4e', '0x8', '0x4', '0x8', '0x8', '0x0', '0x0', '0x0', '0x0', '0x0', '0x0', '0x5', '0x5', '0x18', '0x14', '0x0', '0x3', '0x14', '0x0', '0x4', '0x14', '0x0', '0x5', '0x14', '0x0', '0x6', '0x14', '0x0', '0x7', '0x13', '0x0', '0x3', '0x0', '0x0', '0x0', '0x0', '0x0', '0x0']
next (t,l,v) 0x2 2 0xe 0x0
next (t,l,v) 0x3 2 0x8a 0xd7
next (t,l,v) 0x8 16 0x0 0x80 0x0 0x0 0xde 0x81 0xa0 0xb 0xbf 0xd 0x8 0x82 0x3 0x7 0x4e 0x8
next (t,l,v) 0x4 8 0x8 0x0 0x0 0x0 0x0 0x0 0x0 0x5
next (t,l,v) 0x5 24 0x14 0x0 0x3 0x14 0x0 0x4 0x14 0x0 0x5 0x14 0x0 0x6 0x14 0x0 0x7 0x13 0x0 0x3 0x0 0x0 0x0 0x0 0x0 0x0
RPR rx from 8 len 82 nc 1116 records 3
Database.insertRecord() 8 1046 1074 27 18 [7, 0, 239, 102, 9, 0, 8, 0, 0, 0, 0, 0, 0, 5, 56, 1, 61, 1, 61, 1, 76, 1, 73, 1, 57, 9]
Database.insertRecord() 8 1074 1088 13 20 [7, 0, 77, 80, 10, 0, 25, 12, 124, 2, 12, 5]
Decoded Bacon Sample [0x7, 0x0, 0x4d, 0x50, 0xa, 0x0, 0x19, 0xc, 0x7c, 0x2, 0xc, 0x5] to [0x8, 0x432, 0x7, 0xa504d, 0xc19, 0x27c, 0x50c]
Database.insertRecord() 8 1088 1116 27 18 [7, 0, 97, 197, 18, 0, 8, 0, 0, 0, 0, 0, 0, 5, 97, 1, 61, 1, 62, 1, 76, 1, 84, 1, 44, 9]
RPR rx from 8 len 68 nc 1172 records 3
Database.insertRecord() 8 1116 1130 13 20 [7, 0, 77, 176, 19, 0, 18, 12, 67, 2, 11, 5]
Decoded Bacon Sample [0x7, 0x0, 0x4d, 0xb0, 0x13, 0x0, 0x12, 0xc, 0x43, 0x2, 0xb, 0x5] to [0x8, 0x45c, 0x7, 0x13b04d, 0xc12, 0x243, 0x50b]
Database.insertRecord() 8 1130 1158 27 18 [7, 0, 97, 37, 28, 0, 8, 0, 0, 0, 0, 0, 0, 5, 58, 1, 60, 1, 62, 1, 80, 1, 76, 1, 72, 9]
Database.insertRecord() 8 1158 1172 13 20 [7, 0, 77, 16, 29, 0, 20, 12, 64, 2, 254, 4]
Decoded Bacon Sample [0x7, 0x0, 0x4d, 0x10, 0x1d, 0x0, 0x14, 0xc, 0x40, 0x2, 0xfe, 0x4] to [0x8, 0x486, 0x7, 0x1d104d, 0xc14, 0x240, 0x4fe]
RPR rx from 8 len 82 nc 1242 records 3
Database.insertRecord() 8 1172 1200 27 18 [7, 0, 97, 133, 37, 0, 8, 0, 0, 0, 0, 0, 0, 5, 56, 1, 58, 1, 61, 1, 79, 1, 76, 1, 103, 9]
Database.insertRecord() 8 1200 1214 13 20 [7, 0, 77, 112, 38, 0, 21, 12, 66, 2, 253, 4]
Decoded Bacon Sample [0x7, 0x0, 0x4d, 0x70, 0x26, 0x0, 0x15, 0xc, 0x42, 0x2, 0xfd, 0x4] to [0x8, 0x4b0, 0x7, 0x26704d, 0xc15, 0x242, 0x4fd]
Database.insertRecord() 8 1214 1242 27 18 [7, 0, 97, 229, 46, 0, 8, 0, 0, 0, 0, 0, 0, 5, 77, 1, 60, 1, 64, 1, 81, 1, 79, 1, 78, 9]
RPR rx from 8 len 18 nc 1256 records 1
Database.insertRecord() 8 1242 1256 13 20 [7, 0, 77, 208, 47, 0, 13, 12, 56, 2, 5, 5]
Decoded Bacon Sample [0x7, 0x0, 0x4d, 0xd0, 0x2f, 0x0, 0xd, 0xc, 0x38, 0x2, 0x5, 0x5] to [0x8, 0x4da, 0x7, 0x2fd04d, 0xc0d, 0x238, 0x505]
receive eos Message <CxEosReport> 
  [owner=0x8]
  [status=0x1]

receive fwd status 2
PROG 1599777721.93  Node 8 transfer completed
REC 8 no gap
REF 1599777713.72 17 10 10017150 1 [2, 1, 18]
Status Message <CxStatus> 
  [distance=0x1]
  [dataPending=0x1]
  [bw=0x2]
  [wakeupRC=0xa]
  [wakeupTS=0x98d97e]
  [pushCookie=0x4a6]
  [writeCookie=0x7ce]
  [missingLength=0x0]
  [subnetChannel=0x0]
  [sampleInterval=0x96000]
  [role=0x0]
  [barcode=0x11 0x0 0x0 0x0 0x0 0x0 0x0 0x4 ]
  [neighbors=0x2 0x1 0x12 0xffff 0xffff 0xffff 0xffff 0xffff 0xffff 0xffff 0xffff 0xffff 0xffff 0xffff 0xffff 0xffff ]

PROG 1599777722.30 Contacted 11 (3 neighbors). 808 queued, 0 in current request
RPR rx from 17 len 77 nc 1263 records 1
Database.insertRecord() 17 1190 1263 72 23 [10, 0, 78, 0, 0, 0, 0, 254, 102, 2, 2, 13, 0, 19, 2, 10, 0, 4, 8, 17, 0, 0, 0, 0, 0, 0, 4, 254, 106, 255, 255, 255, 255, 255, 255, 255, 255, 255, 255, 255, 255, 255, 255, 255, 255, 255, 255, 255, 255, 255, 255, 255, 255, 255, 255, 255, 255, 255, 255, 255, 255, 255, 255, 255, 255, 255, 255, 255, 255, 255, 255]
Decoded Bacon Settings
RPR rx from 17 len 77 nc 1336 records 1
Database.insertRecord() 17 1263 1336 72 23 [10, 0, 78, 0, 0, 0, 64, 255, 255, 255, 255, 255, 255, 255, 255, 255, 255, 255, 255, 255, 255, 255, 255, 255, 255, 255, 255, 255, 255, 255, 255, 255, 255, 255, 255, 255, 255, 255, 255, 255, 255, 255, 255, 255, 255, 255, 255, 255, 255, 255, 255, 255, 255, 255, 255, 255, 255, 255, 255, 255, 255, 255, 255, 255, 255, 255, 255, 255, 255, 255, 255]
Decoded Bacon Settings
exec now select data from
            bacon_settings 
            WHERE node_id = ? and rc=? and ts=? 
            ORDER BY offset (17, 10, 78)
next (t,l,v) 0x2 2 0xd 0x0
next (t,l,v) 0x13 2 0xa 0x0
next (t,l,v) 0x4 8 0x11 0x0 0x0 0x0 0x0 0x0 0x0 0x4
next (t,l,v) 0xfe 106 0xff 0xff 0xff 0xff 0xff 0xff 0xff 0xff 0xff 0xff 0xff 0xff 0xff 0xff 0xff 0xff 0xff 0xff 0xff 0xff 0xff 0xff 0xff 0xff 0xff 0xff 0xff 0xff 0xff 0xff 0xff 0xff 0xff 0xff 0xff 0xff 0xff 0xff 0xff 0xff 0xff 0xff 0xff 0xff 0xff 0xff 0xff 0xff 0xff 0xff 0xff 0xff 0xff 0xff 0xff 0xff 0xff 0xff 0xff 0xff 0xff 0xff 0xff 0xff 0xff 0xff 0xff 0xff 0xff 0xff 0xff 0xff 0xff 0xff 0xff 0xff 0xff 0xff 0xff 0xff 0xff 0xff 0xff 0xff 0xff 0xff 0xff 0xff 0xff 0xff 0xff 0xff 0xff 0xff 0xff 0xff 0xff 0xff 0xff 0xff 0xff 0xff 0xff 0xff 0xff 0xff
RPR rx from 17 len 18 nc 1350 records 1
Database.insertRecord() 17 1336 1350 13 20 [10, 0, 79, 240, 0, 0, 23, 12, 138, 4, 96, 5]
Decoded Bacon Sample [0xa, 0x0, 0x4f, 0xf0, 0x0, 0x0, 0x17, 0xc, 0x8a, 0x4, 0x60, 0x5] to [0x11, 0x538, 0xa, 0xf04f, 0xc17, 0x48a, 0x560]
RPR rx from 17 len 76 nc 1422 records 1
Database.insertRecord() 17 1350 1422 71 17 [10, 0, 91, 101, 9, 0, 206, 176, 2, 2, 50, 0, 3, 2, 138, 215, 8, 16, 0, 128, 0, 0, 38, 128, 175, 11, 207, 13, 116, 128, 255, 6, 76, 8, 4, 8, 17, 0, 0, 0, 0, 0, 0, 5, 5, 24, 19, 0, 1, 20, 0, 1, 0, 0, 0, 0, 0, 0, 0, 0, 0, 0, 0, 0, 0, 0, 0, 0, 0, 0]
Toast Connection raw: ['0xa', '0x0', '0x5b', '0x65', '0x9', '0x0', '0xce', '0xb0', '0x2', '0x2', '0x32', '0x0', '0x3', '0x2', '0x8a', '0xd7', '0x8', '0x10', '0x0', '0x80', '0x0', '0x0', '0x26', '0x80', '0xaf', '0xb', '0xcf', '0xd', '0x74', '0x80', '0xff', '0x6', '0x4c', '0x8', '0x4', '0x8', '0x11', '0x0', '0x0', '0x0', '0x0', '0x0', '0x0', '0x5', '0x5', '0x18', '0x13', '0x0', '0x1', '0x14', '0x0', '0x1', '0x0', '0x0', '0x0', '0x0', '0x0', '0x0', '0x0', '0x0', '0x0', '0x0', '0x0', '0x0', '0x0', '0x0', '0x0', '0x0', '0x0', '0x0']
Toast Connection unpacked: 17 1350 10 615771 ['0xce', '0xb0', '0x2', '0x2', '0x32', '0x0', '0x3', '0x2', '0x8a', '0xd7', '0x8', '0x10', '0x0', '0x80', '0x0', '0x0', '0x26', '0x80', '0xaf', '0xb', '0xcf', '0xd', '0x74', '0x80', '0xff', '0x6', '0x4c', '0x8', '0x4', '0x8', '0x11', '0x0', '0x0', '0x0', '0x0', '0x0', '0x0', '0x5', '0x5', '0x18', '0x13', '0x0', '0x1', '0x14', '0x0', '0x1', '0x0', '0x0', '0x0', '0x0', '0x0', '0x0', '0x0', '0x0', '0x0', '0x0', '0x0', '0x0', '0x0', '0x0', '0x0', '0x0', '0x0', '0x0']
next (t,l,v) 0x2 2 0x32 0x0
next (t,l,v) 0x3 2 0x8a 0xd7
next (t,l,v) 0x8 16 0x0 0x80 0x0 0x0 0x26 0x80 0xaf 0xb 0xcf 0xd 0x74 0x80 0xff 0x6 0x4c 0x8
next (t,l,v) 0x4 8 0x11 0x0 0x0 0x0 0x0 0x0 0x0 0x5
next (t,l,v) 0x5 24 0x13 0x0 0x1 0x14 0x0 0x1 0x0 0x0 0x0 0x0 0x0 0x0 0x0 0x0 0x0 0x0 0x0 0x0 0x0 0x0 0x0 0x0 0x0 0x0
receive fwd status 2
RPR rx from 17 len 84 nc 1490 records 4
Database.insertRecord() 17 1422 1442 19 18 [10, 0, 229, 102, 9, 0, 17, 0, 0, 0, 0, 0, 0, 5, 93, 9, 110, 1]
Database.insertRecord() 17 1442 1456 13 20 [10, 0, 79, 80, 10, 0, 22, 12, 211, 4, 6, 5]
Decoded Bacon Sample [0xa, 0x0, 0x4f, 0x50, 0xa, 0x0, 0x16, 0xc, 0xd3, 0x4, 0x6, 0x5] to [0x11, 0x5a2, 0xa, 0xa504f, 0xc16, 0x4d3, 0x506]
Database.insertRecord() 17 1456 1476 19 18 [10, 0, 87, 197, 18, 0, 17, 0, 0, 0, 0, 0, 0, 5, 108, 9, 111, 1]
Database.insertRecord() 17 1476 1490 13 20 [10, 0, 79, 176, 19, 0, 14, 12, 200, 4, 4, 5]
Decoded Bacon Sample [0xa, 0x0, 0x4f, 0xb0, 0x13, 0x0, 0xe, 0xc, 0xc8, 0x4, 0x4, 0x5] to [0x11, 0x5c4, 0xa, 0x13b04f, 0xc0e, 0x4c8, 0x504]
RPR rx from 17 len 84 nc 1558 records 4
Database.insertRecord() 17 1490 1510 19 18 [10, 0, 87, 37, 28, 0, 17, 0, 0, 0, 0, 0, 0, 5, 103, 9, 104, 1]
Database.insertRecord() 17 1510 1524 13 20 [10, 0, 79, 16, 29, 0, 21, 12, 229, 4, 4, 5]
Decoded Bacon Sample [0xa, 0x0, 0x4f, 0x10, 0x1d, 0x0, 0x15, 0xc, 0xe5, 0x4, 0x4, 0x5] to [0x11, 0x5e6, 0xa, 0x1d104f, 0xc15, 0x4e5, 0x504]
Database.insertRecord() 17 1524 1544 19 18 [10, 0, 87, 133, 37, 0, 17, 0, 0, 0, 0, 0, 0, 5, 111, 9, 80, 1]
Database.insertRecord() 17 1544 1558 13 20 [10, 0, 79, 112, 38, 0, 18, 12, 238, 4, 0, 5]
Decoded Bacon Sample [0xa, 0x0, 0x4f, 0x70, 0x26, 0x0, 0x12, 0xc, 0xee, 0x4, 0x0, 0x5] to [0x11, 0x608, 0xa, 0x26704f, 0xc12, 0x4ee, 0x500]
RPR rx from 17 len 86 nc 1628 records 4
Database.insertRecord() 17 1558 1578 19 18 [10, 0, 87, 229, 46, 0, 17, 0, 0, 0, 0, 0, 0, 5, 109, 9, 80, 1]
Database.insertRecord() 17 1578 1592 13 20 [10, 0, 79, 208, 47, 0, 243, 11, 209, 4, 3, 5]
Decoded Bacon Sample [0xa, 0x0, 0x4f, 0xd0, 0x2f, 0x0, 0xf3, 0xb, 0xd1, 0x4, 0x3, 0x5] to [0x11, 0x62a, 0xa, 0x2fd04f, 0xbf3, 0x4d1, 0x503]
Database.insertRecord() 17 1592 1612 19 18 [10, 0, 87, 69, 56, 0, 17, 0, 0, 0, 0, 0, 0, 5, 109, 9, 96, 1]
Database.insertRecord() 17 1612 1628 15 22 [18, 0, 10, 0, 2, 0, 37, 117, 56, 0, 242, 217, 10, 0]2 elapsed, commit
Decoded Phoenix Ref
 [0x12, 0x0, 0xa, 0x0, 0x2, 0x0, 0x25, 0x75, 0x38, 0x0, 0xf2, 0xd9, 0xa, 0x0] to [0x11, 0x64c, 0x12, 0xa, 0x2, 0x387525, 0xad9f2]
RPR rx from 17 len 84 nc 1696 records 4
Database.insertRecord() 17 1628 1642 13 20 [10, 0, 79, 48, 57, 0, 21, 12, 247, 3, 1, 5]
Decoded Bacon Sample [0xa, 0x0, 0x4f, 0x30, 0x39, 0x0, 0x15, 0xc, 0xf7, 0x3, 0x1, 0x5] to [0x11, 0x65c, 0xa, 0x39304f, 0xc15, 0x3f7, 0x501]
Database.insertRecord() 17 1642 1662 19 18 [10, 0, 87, 165, 65, 0, 17, 0, 0, 0, 0, 0, 0, 5, 116, 9, 110, 1]
Database.insertRecord() 17 1662 1676 13 20 [10, 0, 79, 144, 66, 0, 18, 12, 46, 4, 3, 5]
Decoded Bacon Sample [0xa, 0x0, 0x4f, 0x90, 0x42, 0x0, 0x12, 0xc, 0x2e, 0x4, 0x3, 0x5] to [0x11, 0x67e, 0xa, 0x42904f, 0xc12, 0x42e, 0x503]
Database.insertRecord() 17 1676 1696 19 18 [10, 0, 87, 5, 75, 0, 17, 0, 0, 0, 0, 0, 0, 5, 109, 9, 109, 1]
receive eos Message <CxEosReport> 
  [owner=0x11]
  [status=0x2]

PROG 1599777723.46  Node 11 transfer continues
REF 1599777713.72 2 1666 7731120 1 [1, 18]
Status Message <CxStatus> 
  [distance=0x1]
  [dataPending=0x1]
  [bw=0x2]
  [wakeupRC=0x682]
  [wakeupTS=0x75f7b0]
  [pushCookie=0x165ce]
  [writeCookie=0x16746]
  [missingLength=0x0]
  [subnetChannel=0x0]
  [sampleInterval=0x96000]
  [role=0x0]
  [barcode=0x2 0x0 0x0 0x0 0x0 0x0 0x0 0x4 ]
  [neighbors=0x1 0x12 0xffff 0xffff 0xffff 0xffff 0xffff 0xffff 0xffff 0xffff 0xffff 0xffff 0xffff 0xffff 0xffff 0xffff ]

PROG 1599777723.88 Contacted 2 (2 neighbors). 376 queued, 0 in current request
receive fwd status 2
RPR rx from 2 len 77 nc 91671 records 1
Database.insertRecord() 2 91598 91671 72 23 [130, 6, 76, 0, 0, 0, 0, 240, 102, 2, 2, 132, 6, 19, 2, 130, 6, 4, 8, 2, 0, 0, 0, 0, 0, 0, 4, 254, 106, 255, 255, 255, 255, 255, 255, 255, 255, 255, 255, 255, 255, 255, 255, 255, 255, 255, 255, 255, 255, 255, 255, 255, 255, 255, 255, 255, 255, 255, 255, 255, 255, 255, 255, 255, 255, 255, 255, 255, 255, 255, 255]
Decoded Bacon Settings
RPR rx from 2 len 77 nc 91744 records 1
Database.insertRecord() 2 91671 91744 72 23 [130, 6, 76, 0, 0, 0, 64, 255, 255, 255, 255, 255, 255, 255, 255, 255, 255, 255, 255, 255, 255, 255, 255, 255, 255, 255, 255, 255, 255, 255, 255, 255, 255, 255, 255, 255, 255, 255, 255, 255, 255, 255, 255, 255, 255, 255, 255, 255, 255, 255, 255, 255, 255, 255, 255, 255, 255, 255, 255, 255, 255, 255, 255, 255, 255, 255, 255, 255, 255, 255, 255]
Decoded Bacon Settings
exec now select data from
            bacon_settings 
            WHERE node_id = ? and rc=? and ts=? 
            ORDER BY offset (2, 1666, 76)
next (t,l,v) 0x2 2 0x84 0x6
next (t,l,v) 0x13 2 0x82 0x6
next (t,l,v) 0x4 8 0x2 0x0 0x0 0x0 0x0 0x0 0x0 0x4
next (t,l,v) 0xfe 106 0xff 0xff 0xff 0xff 0xff 0xff 0xff 0xff 0xff 0xff 0xff 0xff 0xff 0xff 0xff 0xff 0xff 0xff 0xff 0xff 0xff 0xff 0xff 0xff 0xff 0xff 0xff 0xff 0xff 0xff 0xff 0xff 0xff 0xff 0xff 0xff 0xff 0xff 0xff 0xff 0xff 0xff 0xff 0xff 0xff 0xff 0xff 0xff 0xff 0xff 0xff 0xff 0xff 0xff 0xff 0xff 0xff 0xff 0xff 0xff 0xff 0xff 0xff 0xff 0xff 0xff 0xff 0xff 0xff 0xff 0xff 0xff 0xff 0xff 0xff 0xff 0xff 0xff 0xff 0xff 0xff 0xff 0xff 0xff 0xff 0xff 0xff 0xff 0xff 0xff 0xff 0xff 0xff 0xff 0xff 0xff 0xff 0xff 0xff 0xff 0xff 0xff 0xff 0xff 0xff 0xff
RPR rx from 2 len 74 nc 91802 records 4
Database.insertRecord() 2 91744 91760 15 22 [1, 0, 130, 6, 35, 0, 192, 40, 0, 0, 103, 21, 16, 0]
Decoded Phoenix Ref [0x1, 0x0, 0x82, 0x6, 0x23, 0x0, 0xc0, 0x28, 0x0, 0x0, 0x67, 0x15, 0x10, 0x0] to [0x2, 0x16660, 0x1, 0x682, 0x23, 0x28c0, 0x101567]
Database.insertRecord() 2 91760 91774 13 20 [130, 6, 76, 240, 0, 0, 252, 11, 65, 5, 43, 5]
Decoded Bacon Sample [0x82, 0x6, 0x4c, 0xf0, 0x0, 0x0, 0xfc, 0xb, 0x41, 0x5, 0x2b, 0x5] to [0x2, 0x16670, 0x682, 0xf04c, 0xbfc, 0x541, 0x52b]
Database.insertRecord() 2 91774 91788 13 20 [130, 6, 76, 80, 10, 0, 245, 11, 114, 5, 252, 4]
Decoded Bacon Sample [0x82, 0x6, 0x4c, 0x50, 0xa, 0x0, 0xf5, 0xb, 0x72, 0x5, 0xfc, 0x4] to [0x2, 0x1667e, 0x682, 0xa504c, 0xbf5, 0x572, 0x4fc]
Database.insertRecord() 2 91788 91802 13 20 [130, 6, 76, 176, 19, 0, 248, 11, 195, 4, 249, 4]
Decoded Bacon Sample [0x82, 0x6, 0x4c, 0xb0, 0x13, 0x0, 0xf8, 0xb, 0xc3, 0x4, 0xf9, 0x4] to [0x2, 0x1668c, 0x682, 0x13b04c, 0xbf8, 0x4c3, 0x4f9]
RPR rx from 2 len 74 nc 91860 records 4
Database.insertRecord() 2 91802 91816 13 20 [130, 6, 76, 16, 29, 0, 248, 11, 130, 4, 245, 4]
Decoded Bacon Sample [0x82, 0x6, 0x4c, 0x10, 0x1d, 0x0, 0xf8, 0xb, 0x82, 0x4, 0xf5, 0x4] to [0x2, 0x1669a, 0x682, 0x1d104c, 0xbf8, 0x482, 0x4f5]
Database.insertRecord() 2 91816 91830 13 20 [130, 6, 76, 112, 38, 0, 247, 11, 119, 4, 248, 4]
Decoded Bacon Sample [0x82, 0x6, 0x4c, 0x70, 0x26, 0x0, 0xf7, 0xb, 0x77, 0x4, 0xf8, 0x4] to [0x2, 0x166a8, 0x682, 0x26704c, 0xbf7, 0x477, 0x4f8]
Database.insertRecord() 2 91830 91844 13 20 [130, 6, 76, 208, 47, 0, 249, 11, 227, 4, 253, 4]
Decoded Bacon Sample [0x82, 0x6, 0x4c, 0xd0, 0x2f, 0x0, 0xf9, 0xb, 0xe3, 0x4, 0xfd, 0x4] to [0x2, 0x166b6, 0x682, 0x2fd04c, 0xbf9, 0x4e3, 0x4fd]
Database.insertRecord() 2 91844 91860 15 22 [17, 0, 130, 6, 10, 0, 12, 106, 56, 0, 241, 76, 91, 0]
Decoded Phoenix Ref [0x11, 0x0, 0x82, 0x6, 0xa, 0x0, 0xc, 0x6a, 0x38, 0x0, 0xf1, 0x4c, 0x5b, 0x0] to [0x2, 0x166c4, 0x11, 0x682, 0xa, 0x386a0c, 0x5b4cf1]
RPR rx from 2 len 72 nc 91916 records 4
Database.insertRecord() 2 91860 91874 13 20 [130, 6, 76, 48, 57, 0, 246, 11, 217, 4, 248, 4]
Decoded Bacon Sample [0x82, 0x6, 0x4c, 0x30, 0x39, 0x0, 0xf6, 0xb, 0xd9, 0x4, 0xf8, 0x4] to [0x2, 0x166d4, 0x682, 0x39304c, 0xbf6, 0x4d9, 0x4f8]
Database.insertRecord() 2 91874 91888 13 20 [130, 6, 76, 144, 66, 0, 238, 11, 37, 4, 244, 4]
Decoded Bacon Sample [0x82, 0x6, 0x4c, 0x90, 0x42, 0x0, 0xee, 0xb, 0x25, 0x4, 0xf4, 0x4] to [0x2, 0x166e2, 0x682, 0x42904c, 0xbee, 0x425, 0x4f4]
Database.insertRecord() 2 91888 91902 13 20 [130, 6, 76, 240, 75, 0, 248, 11, 139, 3, 249, 4]
Decoded Bacon Sample [0x82, 0x6, 0x4c, 0xf0, 0x4b, 0x0, 0xf8, 0xb, 0x8b, 0x3, 0xf9, 0x4] to [0x2, 0x166f0, 0x682, 0x4bf04c, 0xbf8, 0x38b, 0x4f9]
Database.insertRecord() 2 91902 91916 13 20 [130, 6, 76, 80, 85, 0, 246, 11, 215, 3, 252, 4]
Decoded Bacon Sample [0x82, 0x6, 0x4c, 0x50, 0x55, 0x0, 0xf6, 0xb, 0xd7, 0x3, 0xfc, 0x4] to [0x2, 0x166fe, 0x682, 0x55504c, 0xbf6, 0x3d7, 0x4fc]
RPR rx from 2 len 74 nc 91974 records 4
Database.insertRecord() 2 91916 91930 13 20 [130, 6, 76, 176, 94, 0, 241, 11, 172, 3, 246, 4]
Decoded Bacon Sample [0x82, 0x6, 0x4c, 0xb0, 0x5e, 0x0, 0xf1, 0xb, 0xac, 0x3, 0xf6, 0x4] to [0x2, 0x1670c, 0x682, 0x5eb04c, 0xbf1, 0x3ac, 0x4f6]
Database.insertRecord() 2 91930 91944 13 20 [130, 6, 76, 16, 104, 0, 249, 11, 172, 3, 244, 4]
Decoded Bacon Sample [0x82, 0x6, 0x4c, 0x10, 0x68, 0x0, 0xf9, 0xb, 0xac, 0x3, 0xf4, 0x4] to [0x2, 0x1671a, 0x682, 0x68104c, 0xbf9, 0x3ac, 0x4f4]
Database.insertRecord() 2 91944 91960 15 22 [0, 0, 130, 6, 51, 4, 198, 170, 112, 0, 101, 143, 1, 0]
Decoded Phoenix Ref [0x0, 0x0, 0x82, 0x6, 0x33, 0x4, 0xc6, 0xaa, 0x70, 0x0, 0x65, 0x8f, 0x1, 0x0] to [0x2, 0x16728, 0x0, 0x682, 0x433, 0x70aac6, 0x18f65]
Database.insertRecord() 2 91960 91974 13 20 [130, 6, 76, 112, 113, 0, 234, 11, 180, 3, 249, 4]
Decoded Bacon Sample [0x82, 0x6, 0x4c, 0x70, 0x71, 0x0, 0xea, 0xb, 0xb4, 0x3, 0xf9, 0x4] to [0x2, 0x16738, 0x682, 0x71704c, 0xbea, 0x3b4, 0x4f9]
receive fwd status 2
receive eos Message <CxEosReport> 
  [owner=0x2]
  [status=0x1]

PROG 1599777725.03  Node 2 transfer completed
REC 2 no gap
REF 1599777713.72 1 35 8772843 1 [18]
Status Message <CxStatus> 
  [distance=0x1]
  [dataPending=0x1]
  [bw=0x2]
  [wakeupRC=0x23]
  [wakeupTS=0x85dceb]
  [pushCookie=0x22b5]
  [writeCookie=0x25c5]
  [missingLength=0x0]
  [subnetChannel=0x0]
  [sampleInterval=0x96000]
  [role=0x0]
  [barcode=0x1 0x0 0x0 0x0 0x0 0x0 0x0 0x4 ]
  [neighbors=0x12 0xffff 0xffff 0xffff 0xffff 0xffff 0xffff 0xffff 0xffff 0xffff 0xffff 0xffff 0xffff 0xffff 0xffff 0xffff ]

PROG 1599777725.41 Contacted 1 (1 neighbors). 784 queued, 0 in current request
2 elapsed, commit
receive fwd status 2
receive eos Message <CxEosReport> 
  [owner=0x1]
  [status=0x2]

PROG 1599777726.66  Node 1 transfer continues
receive fwd status 2
REF 1599777713.72 18 2 7029007 1 []
Status Message <CxStatus> 
  [distance=0x1]
  [dataPending=0x1]
  [bw=0x2]
  [wakeupRC=0x2]
  [wakeupTS=0x6b410f]
  [pushCookie=0xa8]
  [writeCookie=0x2de]
  [missingLength=0x0]
  [subnetChannel=0x0]
  [sampleInterval=0x96000]
  [role=0x0]
  [barcode=0x12 0x0 0x0 0x0 0x0 0x0 0x0 0x4 ]
  [neighbors=0xffff 0xffff 0xffff 0xffff 0xffff 0xffff 0xffff 0xffff 0xffff 0xffff 0xffff 0xffff 0xffff 0xffff 0xffff 0xffff ]

PROG 1599777727.02 Contacted 12 (0 neighbors). 566 queued, 0 in current request
RPR rx from 18 len 77 nc 241 records 1
Database.insertRecord() 18 168 241 72 23 [2, 0, 79, 0, 0, 0, 0, 249, 102, 2, 2, 3, 0, 4, 8, 18, 0, 0, 0, 0, 0, 0, 4, 19, 2, 2, 0, 254, 106, 255, 255, 255, 255, 255, 255, 255, 255, 255, 255, 255, 255, 255, 255, 255, 255, 255, 255, 255, 255, 255, 255, 255, 255, 255, 255, 255, 255, 255, 255, 255, 255, 255, 255, 255, 255, 255, 255, 255, 255, 255, 255]
Decoded Bacon Settings
RPR rx from 18 len 77 nc 314 records 1
Database.insertRecord() 18 241 314 72 23 [2, 0, 79, 0, 0, 0, 64, 255, 255, 255, 255, 255, 255, 255, 255, 255, 255, 255, 255, 255, 255, 255, 255, 255, 255, 255, 255, 255, 255, 255, 255, 255, 255, 255, 255, 255, 255, 255, 255, 255, 255, 255, 255, 255, 255, 255, 255, 255, 255, 255, 255, 255, 255, 255, 255, 255, 255, 255, 255, 255, 255, 255, 255, 255, 255, 255, 255, 255, 255, 255, 255]
Decoded Bacon Settings
2 elapsed, commit
exec now select data from
            bacon_settings 
            WHERE node_id = ? and rc=? and ts=? 
            ORDER BY offset (18, 2, 79)
next (t,l,v) 0x2 2 0x3 0x0
next (t,l,v) 0x4 8 0x12 0x0 0x0 0x0 0x0 0x0 0x0 0x4
next (t,l,v) 0x13 2 0x2 0x0
next (t,l,v) 0xfe 106 0xff 0xff 0xff 0xff 0xff 0xff 0xff 0xff 0xff 0xff 0xff 0xff 0xff 0xff 0xff 0xff 0xff 0xff 0xff 0xff 0xff 0xff 0xff 0xff 0xff 0xff 0xff 0xff 0xff 0xff 0xff 0xff 0xff 0xff 0xff 0xff 0xff 0xff 0xff 0xff 0xff 0xff 0xff 0xff 0xff 0xff 0xff 0xff 0xff 0xff 0xff 0xff 0xff 0xff 0xff 0xff 0xff 0xff 0xff 0xff 0xff 0xff 0xff 0xff 0xff 0xff 0xff 0xff 0xff 0xff 0xff 0xff 0xff 0xff 0xff 0xff 0xff 0xff 0xff 0xff 0xff 0xff 0xff 0xff 0xff 0xff 0xff 0xff 0xff 0xff 0xff 0xff 0xff 0xff 0xff 0xff 0xff 0xff 0xff 0xff 0xff 0xff 0xff 0xff 0xff 0xff
RPR rx from 18 len 38 nc 344 records 2
Database.insertRecord() 18 314 330 15 22 [1, 0, 2, 0, 35, 0, 52, 42, 0, 0, 24, 206, 26, 0]
Decoded Phoenix Ref [0x1, 0x0, 0x2, 0x0, 0x23, 0x0, 0x34, 0x2a, 0x0, 0x0, 0x18, 0xce, 0x1a, 0x0] to [0x12, 0x13a, 0x1, 0x2, 0x23, 0x2a34, 0x1ace18]
Database.insertRecord() 18 330 344 13 20 [2, 0, 79, 240, 0, 0, 254, 11, 165, 3, 55, 5]
Decoded Bacon Sample [0x2, 0x0, 0x4f, 0xf0, 0x0, 0x0, 0xfe, 0xb, 0xa5, 0x3, 0x37, 0x5] to [0x12, 0x14a, 0x2, 0xf04f, 0xbfe, 0x3a5, 0x537]
RPR rx from 18 len 76 nc 416 records 1
Database.insertRecord() 18 344 416 71 17 [2, 0, 92, 101, 9, 0, 94, 48, 2, 2, 14, 0, 3, 2, 139, 141, 8, 16, 0, 128, 0, 0, 206, 127, 146, 11, 191, 13, 52, 128, 241, 6, 63, 8, 4, 8, 18, 0, 0, 0, 0, 0, 0, 6, 5, 24, 32, 0, 18, 33, 0, 18, 20, 0, 2, 0, 0, 0, 0, 0, 0, 0, 0, 0, 0, 0, 0, 0, 0, 0]
Toast Connection raw: ['0x2', '0x0', '0x5c', '0x65', '0x9', '0x0', '0x5e', '0x30', '0x2', '0x2', '0xe', '0x0', '0x3', '0x2', '0x8b', '0x8d', '0x8', '0x10', '0x0', '0x80', '0x0', '0x0', '0xce', '0x7f', '0x92', '0xb', '0xbf', '0xd', '0x34', '0x80', '0xf1', '0x6', '0x3f', '0x8', '0x4', '0x8', '0x12', '0x0', '0x0', '0x0', '0x0', '0x0', '0x0', '0x6', '0x5', '0x18', '0x20', '0x0', '0x12', '0x21', '0x0', '0x12', '0x14', '0x0', '0x2', '0x0', '0x0', '0x0', '0x0', '0x0', '0x0', '0x0', '0x0', '0x0', '0x0', '0x0', '0x0', '0x0', '0x0', '0x0']
Toast Connection unpacked: 18 344 2 615772 ['0x5e', '0x30', '0x2', '0x2', '0xe', '0x0', '0x3', '0x2', '0x8b', '0x8d', '0x8', '0x10', '0x0', '0x80', '0x0', '0x0', '0xce', '0x7f', '0x92', '0xb', '0xbf', '0xd', '0x34', '0x80', '0xf1', '0x6', '0x3f', '0x8', '0x4', '0x8', '0x12', '0x0', '0x0', '0x0', '0x0', '0x0', '0x0', '0x6', '0x5', '0x18', '0x20', '0x0', '0x12', '0x21', '0x0', '0x12', '0x14', '0x0', '0x2', '0x0', '0x0', '0x0', '0x0', '0x0', '0x0', '0x0', '0x0', '0x0', '0x0', '0x0', '0x0', '0x0', '0x0', '0x0']
next (t,l,v) 0x2 2 0xe 0x0
next (t,l,v) 0x3 2 0x8b 0x8d
next (t,l,v) 0x8 16 0x0 0x80 0x0 0x0 0xce 0x7f 0x92 0xb 0xbf 0xd 0x34 0x80 0xf1 0x6 0x3f 0x8
next (t,l,v) 0x4 8 0x12 0x0 0x0 0x0 0x0 0x0 0x0 0x6
next (t,l,v) 0x5 24 0x20 0x0 0x12 0x21 0x0 0x12 0x14 0x0 0x2 0x0 0x0 0x0 0x0 0x0 0x0 0x0 0x0 0x0 0x0 0x0 0x0 0x0 0x0 0x0
RPR rx from 18 len 82 nc 482 records 4
Database.insertRecord() 18 416 438 21 18 [2, 0, 232, 102, 9, 0, 18, 0, 0, 0, 0, 0, 0, 6, 76, 9, 146, 9, 91, 1]
Database.insertRecord() 18 438 452 13 20 [2, 0, 79, 80, 10, 0, 249, 11, 230, 2, 3, 5]
Decoded Bacon Sample [0x2, 0x0, 0x4f, 0x50, 0xa, 0x0, 0xf9, 0xb, 0xe6, 0x2, 0x3, 0x5] to [0x12, 0x1b6, 0x2, 0xa504f, 0xbf9, 0x2e6, 0x503]
Database.insertRecord() 18 452 468 15 16 [2, 0, 84, 195, 18, 0, 18, 0, 0, 0, 0, 0, 0, 6]
Database.insertRecord() 18 468 482 13 20 [2, 0, 79, 176, 19, 0, 223, 11, 23, 3, 2, 5]
Decoded Bacon Sample [0x2, 0x0, 0x4f, 0xb0, 0x13, 0x0, 0xdf, 0xb, 0x17, 0x3, 0x2, 0x5] to [0x12, 0x1d4, 0x2, 0x13b04f, 0xbdf, 0x317, 0x502]
RPR rx from 18 len 18 nc 496 records 1
Database.insertRecord() 18 482 496 13 20 [2, 0, 79, 16, 29, 0, 246, 11, 4, 3, 9, 5]
Decoded Bacon Sample [0x2, 0x0, 0x4f, 0x10, 0x1d, 0x0, 0xf6, 0xb, 0x4, 0x3, 0x9, 0x5] to [0x12, 0x1e2, 0x2, 0x1d104f, 0xbf6, 0x304, 0x509]
RPR rx from 18 len 76 nc 568 records 1
Database.insertRecord() 18 496 568 71 17 [2, 0, 92, 133, 37, 0, 94, 48, 2, 2, 14, 0, 3, 2, 139, 141, 8, 16, 0, 128, 0, 0, 206, 127, 146, 11, 191, 13, 52, 128, 241, 6, 63, 8, 4, 8, 18, 0, 0, 0, 0, 0, 0, 6, 5, 24, 32, 0, 18, 33, 0, 18, 20, 0, 2, 0, 0, 0, 0, 0, 0, 0, 0, 0, 0, 0, 0, 0, 0, 0]
Toast Connection raw: ['0x2', '0x0', '0x5c', '0x85', '0x25', '0x0', '0x5e', '0x30', '0x2', '0x2', '0xe', '0x0', '0x3', '0x2', '0x8b', '0x8d', '0x8', '0x10', '0x0', '0x80', '0x0', '0x0', '0xce', '0x7f', '0x92', '0xb', '0xbf', '0xd', '0x34', '0x80', '0xf1', '0x6', '0x3f', '0x8', '0x4', '0x8', '0x12', '0x0', '0x0', '0x0', '0x0', '0x0', '0x0', '0x6', '0x5', '0x18', '0x20', '0x0', '0x12', '0x21', '0x0', '0x12', '0x14', '0x0', '0x2', '0x0', '0x0', '0x0', '0x0', '0x0', '0x0', '0x0', '0x0', '0x0', '0x0', '0x0', '0x0', '0x0', '0x0', '0x0']
Toast Connection unpacked: 18 496 2 2458972 ['0x5e', '0x30', '0x2', '0x2', '0xe', '0x0', '0x3', '0x2', '0x8b', '0x8d', '0x8', '0x10', '0x0', '0x80', '0x0', '0x0', '0xce', '0x7f', '0x92', '0xb', '0xbf', '0xd', '0x34', '0x80', '0xf1', '0x6', '0x3f', '0x8', '0x4', '0x8', '0x12', '0x0', '0x0', '0x0', '0x0', '0x0', '0x0', '0x6', '0x5', '0x18', '0x20', '0x0', '0x12', '0x21', '0x0', '0x12', '0x14', '0x0', '0x2', '0x0', '0x0', '0x0', '0x0', '0x0', '0x0', '0x0', '0x0', '0x0', '0x0', '0x0', '0x0', '0x0', '0x0', '0x0']
next (t,l,v) 0x2 2 0xe 0x0
next (t,l,v) 0x3 2 0x8b 0x8d
next (t,l,v) 0x8 16 0x0 0x80 0x0 0x0 0xce 0x7f 0x92 0xb 0xbf 0xd 0x34 0x80 0xf1 0x6 0x3f 0x8
next (t,l,v) 0x4 8 0x12 0x0 0x0 0x0 0x0 0x0 0x0 0x6
next (t,l,v) 0x5 24 0x20 0x0 0x12 0x21 0x0 0x12 0x14 0x0 0x2 0x0 0x0 0x0 0x0 0x0 0x0 0x0 0x0 0x0 0x0 0x0 0x0 0x0 0x0 0x0
receive fwd status 2
RPR rx from 18 len 82 nc 634 records 4
Database.insertRecord() 18 568 590 21 18 [2, 0, 103, 133, 37, 0, 18, 0, 0, 0, 0, 0, 0, 6, 71, 9, 145, 9, 101, 1]
Database.insertRecord() 18 590 604 13 20 [2, 0, 79, 112, 38, 0, 246, 11, 93, 3, 13, 5]
Decoded Bacon Sample [0x2, 0x0, 0x4f, 0x70, 0x26, 0x0, 0xf6, 0xb, 0x5d, 0x3, 0xd, 0x5] to [0x12, 0x24e, 0x2, 0x26704f, 0xbf6, 0x35d, 0x50d]
Database.insertRecord() 18 604 620 15 16 [2, 0, 84, 227, 46, 0, 18, 0, 0, 0, 0, 0, 0, 6]
Database.insertRecord() 18 620 634 13 20 [2, 0, 80, 208, 47, 0, 213, 9, 236, 2, 188, 5]
Decoded Bacon Sample [0x2, 0x0, 0x50, 0xd0, 0x2f, 0x0, 0xd5, 0x9, 0xec, 0x2, 0xbc, 0x5] to [0x12, 0x26c, 0x2, 0x2fd050, 0x9d5, 0x2ec, 0x5bc]
receive eos Message <CxEosReport> 
  [owner=0x12]
  [status=0x2]

PROG 1599777728.16  Node 12 transfer continues
REF 1599777713.72 17 10 10017150 1 [2, 1, 18]
Status Message <CxStatus> 
  [distance=0x1]
  [dataPending=0x1]
  [bw=0x2]
  [wakeupRC=0xa]
  [wakeupTS=0x98d97e]
  [pushCookie=0x6a0]
  [writeCookie=0x7ce]
  [missingLength=0x0]
  [subnetChannel=0x0]
  [sampleInterval=0x96000]
  [role=0x0]
  [barcode=0x11 0x0 0x0 0x0 0x0 0x0 0x0 0x4 ]
  [neighbors=0x2 0x1 0x12 0xffff 0xffff 0xffff 0xffff 0xffff 0xffff 0xffff 0xffff 0xffff 0xffff 0xffff 0xffff 0xffff ]

PROG 1599777728.59 Contacted 11 (3 neighbors). 302 queued, 0 in current request
RPR rx from 17 len 84 nc 1764 records 4
Database.insertRecord() 17 1696 1710 13 20 [10, 0, 79, 240, 75, 0, 16, 12, 28, 4, 4, 5]
Decoded Bacon Sample [0xa, 0x0, 0x4f, 0xf0, 0x4b, 0x0, 0x10, 0xc, 0x1c, 0x4, 0x4, 0x5] to [0x11, 0x6a0, 0xa, 0x4bf04f, 0xc10, 0x41c, 0x504]
Database.insertRecord() 17 1710 1730 19 18 [10, 0, 87, 101, 84, 0, 17, 0, 0, 0, 0, 0, 0, 5, 102, 9, 104, 1]
Database.insertRecord() 17 1730 1744 13 20 [10, 0, 79, 80, 85, 0, 21, 12, 121, 4, 6, 5]
Decoded Bacon Sample [0xa, 0x0, 0x4f, 0x50, 0x55, 0x0, 0x15, 0xc, 0x79, 0x4, 0x6, 0x5] to [0x11, 0x6c2, 0xa, 0x55504f, 0xc15, 0x479, 0x506]
Database.insertRecord() 17 1744 1764 19 18 [10, 0, 87, 197, 93, 0, 17, 0, 0, 0, 0, 0, 0, 5, 108, 9, 104, 1]
RPR rx from 17 len 84 nc 1832 records 4
Database.insertRecord() 17 1764 1778 13 20 [10, 0, 79, 176, 94, 0, 18, 12, 28, 4, 1, 5]
Decoded Bacon Sample [0xa, 0x0, 0x4f, 0xb0, 0x5e, 0x0, 0x12, 0xc, 0x1c, 0x4, 0x1, 0x5] to [0x11, 0x6e4, 0xa, 0x5eb04f, 0xc12, 0x41c, 0x501]
Database.insertRecord() 17 1778 1798 19 18 [10, 0, 87, 37, 103, 0, 17, 0, 0, 0, 0, 0, 0, 5, 115, 9, 81, 1]
Database.insertRecord() 17 1798 1812 13 20 [10, 0, 79, 16, 104, 0, 20, 12, 181, 3, 3, 5]
Decoded Bacon Sample [0xa, 0x0, 0x4f, 0x10, 0x68, 0x0, 0x14, 0xc, 0xb5, 0x3, 0x3, 0x5] to [0x11, 0x706, 0xa, 0x68104f, 0xc14, 0x3b5, 0x503]
Database.insertRecord() 17 1812 1832 19 18 [10, 0, 87, 133, 112, 0, 17, 0, 0, 0, 0, 0, 0, 5, 108, 9, 109, 1]
RPR rx from 17 len 80 nc 1896 records 4
Database.insertRecord() 17 1832 1848 15 22 [1, 0, 10, 0, 35, 0, 30, 181, 112, 0, 107, 184, 93, 0]
Decoded Phoenix Ref [0x1, 0x0, 0xa, 0x0, 0x23, 0x0, 0x1e, 0xb5, 0x70, 0x0, 0x6b, 0xb8, 0x5d, 0x0] to [0x11, 0x728, 0x1, 0xa, 0x23, 0x70b51e, 0x5db86b]
Database.insertRecord() 17 1848 1862 13 20 [10, 0, 79, 112, 113, 0, 13, 12, 18, 3, 5, 5]
Decoded Bacon Sample [0xa, 0x0, 0x4f, 0x70, 0x71, 0x0, 0xd, 0xc, 0x12, 0x3, 0x5, 0x5] to [0x11, 0x738, 0xa, 0x71704f, 0xc0d, 0x312, 0x505]
Database.insertRecord() 17 1862 1882 19 18 [10, 0, 87, 229, 121, 0, 17, 0, 0, 0, 0, 0, 0, 5, 101, 9, 79, 1]
Database.insertRecord() 17 1882 1896 13 20 [10, 0, 79, 208, 122, 0, 20, 12, 141, 2, 8, 5]
Decoded Bacon Sample [0xa, 0x0, 0x4f, 0xd0, 0x7a, 0x0, 0x14, 0xc, 0x8d, 0x2, 0x8, 0x5] to [0x11, 0x75a, 0xa, 0x7ad04f, 0xc14, 0x28d, 0x508]
RPR rx from 17 len 84 nc 1964 records 4
Database.insertRecord() 17 1896 1916 19 18 [10, 0, 87, 69, 131, 0, 17, 0, 0, 0, 0, 0, 0, 5, 111, 9, 112, 1]
Database.insertRecord() 17 1916 1930 13 20 [10, 0, 79, 48, 132, 0, 21, 12, 61, 2, 2, 5]
Decoded Bacon Sample [0xa, 0x0, 0x4f, 0x30, 0x84, 0x0, 0x15, 0xc, 0x3d, 0x2, 0x2, 0x5] to [0x11, 0x77c, 0xa, 0x84304f, 0xc15, 0x23d, 0x502]
Database.insertRecord() 17 1930 1950 19 18 [10, 0, 87, 165, 140, 0, 17, 0, 0, 0, 0, 0, 0, 5, 117, 9, 111, 1]
Database.insertRecord() 17 1950 1964 13 20 [10, 0, 79, 144, 141, 0, 21, 12, 149, 2, 3, 5]
Decoded Bacon Sample [0xa, 0x0, 0x4f, 0x90, 0x8d, 0x0, 0x15, 0xc, 0x95, 0x2, 0x3, 0x5] to [0x11, 0x79e, 0xa, 0x8d904f, 0xc15, 0x295, 0x503]
receive fwd status 2
RPR rx from 17 len 42 nc 1998 records 2
Database.insertRecord() 17 1964 1984 19 18 [10, 0, 87, 5, 150, 0, 17, 0, 0, 0, 0, 0, 0, 5, 108, 9, 109, 1]
Database.insertRecord() 17 1984 1998 13 20 [10, 0, 79, 240, 150, 0, 17, 12, 83, 2, 6, 5]
Decoded Bacon Sample [0xa, 0x0, 0x4f, 0xf0, 0x96, 0x0, 0x11, 0xc, 0x53, 0x2, 0x6, 0x5] to [0x11, 0x7c0, 0xa, 0x96f04f, 0xc11, 0x253, 0x506]
receive eos Message <CxEosReport> 
  [owner=0x11]
  [status=0x1]

PROG 1599777729.73  Node 11 transfer completed
REC 17 no gap
receive fwd status 2
REF 1599777713.72 1 35 8772843 1 [18]
Status Message <CxStatus> 
  [distance=0x1]
  [dataPending=0x1]
  [bw=0x2]
  [wakeupRC=0x23]
  [wakeupTS=0x85dceb]
  [pushCookie=0x2495]
  [writeCookie=0x25c5]
  [missingLength=0x0]
  [subnetChannel=0x0]
  [sampleInterval=0x96000]
  [role=0x0]
  [barcode=0x1 0x0 0x0 0x0 0x0 0x0 0x0 0x4 ]
  [neighbors=0x12 0xffff 0xffff 0xffff 0xffff 0xffff 0xffff 0xffff 0xffff 0xffff 0xffff 0xffff 0xffff 0xffff 0xffff 0xffff ]

PROG 1599777730.14 Contacted 1 (1 neighbors). 304 queued, 0 in current request
2 elapsed, commit
receive fwd status 2
receive eos Message <CxEosReport> 
  [owner=0x1]
  [status=0x1]

PROG 1599777731.32  Node 1 transfer completed
REC 1 no gap
REF 1599777713.72 18 2 7029007 1 []
Status Message <CxStatus> 
  [distance=0x1]
  [dataPending=0x1]
  [bw=0x2]
  [wakeupRC=0x2]
  [wakeupTS=0x6b410f]
  [pushCookie=0x27a]
  [writeCookie=0x2de]
  [missingLength=0x0]
  [subnetChannel=0x0]
  [sampleInterval=0x96000]
  [role=0x0]
  [barcode=0x12 0x0 0x0 0x0 0x0 0x0 0x0 0x4 ]
  [neighbors=0xffff 0xffff 0xffff 0xffff 0xffff 0xffff 0xffff 0xffff 0xffff 0xffff 0xffff 0xffff 0xffff 0xffff 0xffff 0xffff ]

PROG 1599777731.70 Contacted 12 (0 neighbors). 100 queued, 0 in current request
RPR rx from 18 len 74 nc 692 records 4
Database.insertRecord() 18 634 650 15 22 [17, 0, 2, 0, 10, 0, 59, 107, 56, 0, 96, 6, 102, 0]
Decoded Phoenix Ref [0x11, 0x0, 0x2, 0x0, 0xa, 0x0, 0x3b, 0x6b, 0x38, 0x0, 0x60, 0x6, 0x66, 0x0] to [0x12, 0x27a, 0x11, 0x2, 0xa, 0x386b3b, 0x660660]
Database.insertRecord() 18 650 664 13 20 [2, 0, 79, 48, 57, 0, 243, 11, 158, 2, 2, 5]
Decoded Bacon Sample [0x2, 0x0, 0x4f, 0x30, 0x39, 0x0, 0xf3, 0xb, 0x9e, 0x2, 0x2, 0x5] to [0x12, 0x28a, 0x2, 0x39304f, 0xbf3, 0x29e, 0x502]
Database.insertRecord() 18 664 678 13 20 [2, 0, 79, 144, 66, 0, 235, 11, 36, 2, 11, 5]
Decoded Bacon Sample [0x2, 0x0, 0x4f, 0x90, 0x42, 0x0, 0xeb, 0xb, 0x24, 0x2, 0xb, 0x5] to [0x12, 0x298, 0x2, 0x42904f, 0xbeb, 0x224, 0x50b]
Database.insertRecord() 18 678 692 13 20 [2, 0, 79, 240, 75, 0, 14, 10, 29, 2, 11, 5]
Decoded Bacon Sample [0x2, 0x0, 0x4f, 0xf0, 0x4b, 0x0, 0xe, 0xa, 0x1d, 0x2, 0xb, 0x5] to [0x12, 0x2a6, 0x2, 0x4bf04f, 0xa0e, 0x21d, 0x50b]
RPR rx from 18 len 54 nc 734 records 3
Database.insertRecord() 18 692 706 13 20 [2, 0, 79, 80, 85, 0, 249, 11, 53, 2, 254, 4]
Decoded Bacon Sample [0x2, 0x0, 0x4f, 0x50, 0x55, 0x0, 0xf9, 0xb, 0x35, 0x2, 0xfe, 0x4] to [0x12, 0x2b4, 0x2, 0x55504f, 0xbf9, 0x235, 0x4fe]
Database.insertRecord() 18 706 720 13 20 [2, 0, 79, 176, 94, 0, 243, 11, 72, 2, 0, 5]
Decoded Bacon Sample [0x2, 0x0, 0x4f, 0xb0, 0x5e, 0x0, 0xf3, 0xb, 0x48, 0x2, 0x0, 0x5] to [0x12, 0x2c2, 0x2, 0x5eb04f, 0xbf3, 0x248, 0x500]
Database.insertRecord() 18 720 734 13 20 [2, 0, 79, 16, 104, 0, 242, 11, 36, 2, 8, 5]
Decoded Bacon Sample [0x2, 0x0, 0x4f, 0x10, 0x68, 0x0, 0xf2, 0xb, 0x24, 0x2, 0x8, 0x5] to [0x12, 0x2d0, 0x2, 0x68104f, 0xbf2, 0x224, 0x508]
receive fwd status 2
receive eos Message <CxEosReport> 
  [owner=0x12]
  [status=0x1]

PROG 1599777732.81  Node 12 transfer completed
REC 18 no gap
receive fwd status 2
REF 1599777713.72 0 1076 1953 0 [8, 17, 2, 1, 18]
Status Message <CxStatus> 
  [distance=0x0]
  [dataPending=0x0]
  [bw=0x2]
  [wakeupRC=0x434]
  [wakeupTS=0x7a1]
  [pushCookie=0x0]
  [writeCookie=0x0]
  [missingLength=0x0]
  [subnetChannel=0x0]
  [sampleInterval=0x7800]
  [role=0x2]
  [barcode=0x0 0x0 0x0 0x0 0x0 0x0 0x0 0x4 ]
  [neighbors=0x8 0x11 0x2 0x1 0x12 0xffff 0xffff 0xffff 0xffff 0xffff 0xffff 0xffff 0xffff 0xffff 0xffff 0xffff ]

PROG 1599777733.17 Contacted 0 (5 neighbors). 0 queued, 0 in current request
2 elapsed, commit
receive fwd status 2
receive eos Message <CxEosReport> 
  [owner=0x0]
  [status=0x1]

PROG 1599777734.43  Node 0 transfer completed
Skip BS pseudo cookie
REF 1599777713.72 0 1076 1953 0 [8, 17, 2, 1, 18]
Status Message <CxStatus> 
  [distance=0x0]
  [dataPending=0x0]
  [bw=0x2]
  [wakeupRC=0x434]
  [wakeupTS=0x7a1]
  [pushCookie=0x0]
  [writeCookie=0x0]
  [missingLength=0x0]
  [subnetChannel=0x0]
  [sampleInterval=0x7800]
  [role=0x2]
  [barcode=0x0 0x0 0x0 0x0 0x0 0x0 0x0 0x4 ]
  [neighbors=0x8 0x11 0x2 0x1 0x12 0xffff 0xffff 0xffff 0xffff 0xffff 0xffff 0xffff 0xffff 0xffff 0xffff 0xffff ]

PROG 1599777734.72 Contacted 0 (5 neighbors). 0 queued, 0 in current request
receive fwd status 2
receive fwd status 2
receive eos Message <CxEosReport> 
  [owner=0x0]
  [status=0x1]

PROG 1599777735.97  Node 0 transfer completed
Skip BS pseudo cookie
REF 1599777713.72 0 1076 1953 0 [8, 17, 2, 1, 18]
Status Message <CxStatus> 
  [distance=0x0]
  [dataPending=0x0]
  [bw=0x2]
  [wakeupRC=0x434]
  [wakeupTS=0x7a1]
  [pushCookie=0x0]
  [writeCookie=0x0]
  [missingLength=0x0]
  [subnetChannel=0x0]
  [sampleInterval=0x7800]
  [role=0x2]
  [barcode=0x0 0x0 0x0 0x0 0x0 0x0 0x0 0x4 ]
  [neighbors=0x8 0x11 0x2 0x1 0x12 0xffff 0xffff 0xffff 0xffff 0xffff 0xffff 0xffff 0xffff 0xffff 0xffff 0xffff ]

PROG 1599777736.26 Contacted 0 (5 neighbors). 0 queued, 0 in current request
2 elapsed, commit
receive fwd status 2
RPR rx from 0 len 91 nc 61509 records 1
Database.insertRecord() 0 61422 61509 86 25 [0, 0, 1, 0, 4, 52, 0, 0, 7, 161, 0, 0, 0, 8, 0, 17, 0, 2, 0, 1, 0, 18, 255, 255, 255, 255, 255, 255, 255, 255, 255, 255, 255, 255, 255, 255, 255, 255, 255, 255, 255, 255, 255, 255, 255, 255, 255, 255, 255, 255, 255, 255, 255, 255, 255, 255, 255, 255, 255, 255, 0, 1, 1, 1, 1, 1, 255, 255, 255, 255, 255, 255, 255, 255, 255, 255, 255, 255, 255, 255, 255, 255, 255, 255, 255]
FINISHED
receive eos Message <CxEosReport> 
  [owner=0x0]
  [status=0x1]

PROG 1599777737.68  Node 0 transfer completed
Skip BS pseudo cookie
Cleaning up
clearing
receive fwd status 2
Clearing RX Queue
QUEUE CLEARED
cleared
finished
waiting for db stop
synchronous stop
explicit close
explicit closedb stopped
done for real

PROG 1599777739.12 Finished.
PROG 1599777739.13 Download finished: 6/6 identified nodes contacted
selection:  []
(2, 614400, 0, 0)
(8, 614400, 0, 0)
(1, 614400, 0, 0)
(17, 614400, 0, 0)
(0, 30720, 0, 2)
(18, 614400, 0, 0)
Channel maps {0: {0: ['0x0400000000000002', '0x0400000000000008', '0x0400000000000001', '0x0400000000000011', '0x0400000000000012'], 2: ['0x0400000000000000']}}
0x0400000000000008 0 0x0500000000000008
0x0400000000000011 0 0x0500000000000011
selection:  ['0x0400000000000001']
(2, 614400, 0, 0)
(8, 614400, 0, 0)
(1, 614400, 0, 0)
(17, 614400, 0, 0)
(0, 30720, 0, 2)
(18, 614400, 0, 0)
Channel maps {0: {0: ['0x0400000000000002', '0x0400000000000008', '0x0400000000000001', '0x0400000000000011', '0x0400000000000012'], 2: ['0x0400000000000000']}}
0x0400000000000008 0 0x0500000000000008
0x0400000000000011 0 0x0500000000000011
selection:  ['0x0400000000000002']
(2, 614400, 0, 0)
(8, 614400, 0, 0)
(1, 614400, 0, 0)
(17, 614400, 0, 0)
(0, 30720, 0, 2)
(18, 614400, 0, 0)
Channel maps {0: {0: ['0x0400000000000002', '0x0400000000000008', '0x0400000000000001', '0x0400000000000011', '0x0400000000000012'], 2: ['0x0400000000000000']}}
delete insert object, signal stop
delete insert object, signal stop
0x0400000000000008 0 0x0500000000000008
0x0400000000000011 0 0x0500000000000011
