database0.sqlite passed integrity check
network_membership OK
active_period OK
toast_sample OK
packet OK
log_record OK
node_status OK
cookie_table OK
toast_connection OK
bacon_sample OK
toast_disconnection OK
sensor_connection OK
phoenix_reference OK
sensor_sample OK
bacon_settings OK
base_reference OK
last_bs OK
last_ap OK
last_connection OK
last_status OK
last_disconnection OK
DBQ database0.sqlite
DBQ database0.sqlite
selection:  []
(17, 614400, 0, 0)
(8, 614400, 0, 0)
(18, 614400, 0, 0)
(2, 614400, 0, 0)
(0, 30720, 0, 2)
(1, 614400, 0, 0)
Channel maps {0: {0: ['0x0400000000000011', '0x0400000000000008', '0x0400000000000012', '0x0400000000000002', '0x0400000000000001'], 2: ['0x0400000000000000']}}
0x0400000000000008 0 0x0500000000000008
0x0400000000000011 0 0x0500000000000011
0x0400000000000012 0 0x0600000000000012
Note: mouse wheel not implemented on Mac OS
PROG 1599803811.70 Patch Download Started
patch download 0
serial@/dev/tty.Bluetooth-Incoming-Port:115200
DatabaseMissing() downloadThread
PROG 1599803814.97 Could not connect to base station.
      Make sure you've selected the right device and make sure
      it has been set up as a base station.
     PROG 1599803814.97 Download finished: 0/0 identified nodes contacted
Exception in thread downloadThread:
Traceback (most recent call last):
  File "/opt/anaconda3/envs/TinyOS/lib/python2.7/threading.py", line 801, in __bootstrap_inner
    self.run()
  File "/opt/anaconda3/envs/TinyOS/lib/python2.7/threading.py", line 754, in run
    self.__target(*self.__args, **self.__kwargs)
  File "/Users/jianingfang/Desktop/tinyos-main-1/apps/breakfast/tools/Life/tools/dashboard/ControlFrame.py", line 474, in patchDownloadRunner
    requestMissing=True)
  File "/Users/jianingfang/Desktop/tinyos-main-1/apps/breakfast/tools/Life/tools/cx/CXController.py", line 123, in download
    d = Dispatcher(packetSource, db, configMap=configMap, configFile=configFile)
  File "/Users/jianingfang/Desktop/tinyos-main-1/apps/breakfast/tools/Life/tools/cx/CXController.py", line 96, in __init__
    raise Exception("Connected mote did not respond to ID request (has it been set up as a BaseStation?")
Exception: Connected mote did not respond to ID request (has it been set up as a BaseStation?

selection:  []
(17, 614400, 0, 0)
(8, 614400, 0, 0)
(18, 614400, 0, 0)
(2, 614400, 0, 0)
(0, 30720, 0, 2)
(1, 614400, 0, 0)
Channel maps {0: {0: ['0x0400000000000011', '0x0400000000000008', '0x0400000000000012', '0x0400000000000002', '0x0400000000000001'], 2: ['0x0400000000000000']}}
0x0400000000000008 0 0x0500000000000008
0x0400000000000011 0 0x0500000000000011
0x0400000000000012 0 0x0600000000000012
PROG 1599803821.08 Patch Download Started
patch download 0
serial@/dev/tty.usbserial-AE01BDNV:115200
DatabaseMissing() downloadThread
receive fwd status 2
ns 0: pi 1024 if 1 md 10 -> 327680
ns 1: pi 1024 if 1 md 5 -> 163840
ns 2: pi 1024 if 1 md 5 -> 163840
Setting MDR to  1000
receive fwd status 2
Wakeup start 1599803823.41
ACK 0
receive fwd status 2
receive fwd status 2
receive fwd status 2
receive fwd status 2
receive fwd status 2
receive fwd status 2
REF 1599803823.42 0 1086 1959 0 [18, 17, 8, 2, 1]
Status Message <CxStatus> 
  [distance=0x0]
  [dataPending=0x0]
  [bw=0x2]
  [wakeupRC=0x43e]
  [wakeupTS=0x7a7]
  [pushCookie=0x0]
  [writeCookie=0x0]
  [missingLength=0x0]
  [subnetChannel=0x0]
  [sampleInterval=0x7800]
  [role=0x2]
  [barcode=0x0 0x0 0x0 0x0 0x0 0x0 0x0 0x4 ]
  [neighbors=0x12 0x11 0x8 0x2 0x1 0xffff 0xffff 0xffff 0xffff 0xffff 0xffff 0xffff 0xffff 0xffff 0xffff 0xffff ]

PROG 1599803828.79 Contacted 0 (5 neighbors). 0 queued, 0 in current request
2 elapsed, commit
receive fwd status 2
receive eos Message <CxEosReport> 
  [owner=0x0]
  [status=0x1]

PROG 1599803830.03  Node 0 transfer completed
Skip BS pseudo cookie
REF 1599803823.42 18 2 33764223 1 [17, 8, 2, 1]
Status Message <CxStatus> 
  [distance=0x1]
  [dataPending=0x1]
  [bw=0x2]
  [wakeupRC=0x2]
  [wakeupTS=0x203337f]
  [pushCookie=0x6d6]
  [writeCookie=0xaaa]
  [missingLength=0x0]
  [subnetChannel=0x0]
  [sampleInterval=0x96000]
  [role=0x0]
  [barcode=0x12 0x0 0x0 0x0 0x0 0x0 0x0 0x4 ]
  [neighbors=0x11 0x8 0x2 0x1 0xffff 0xffff 0xffff 0xffff 0xffff 0xffff 0xffff 0xffff 0xffff 0xffff 0xffff 0xffff ]

PROG 1599803830.46 Contacted 12 (4 neighbors). 980 queued, 0 in current request
RPR rx from 18 len 26 nc 1772 records 1
Database.insertRecord() 18 1750 1772 21 18 [2, 0, 90, 5, 44, 1, 18, 0, 0, 0, 0, 0, 0, 6, 46, 9, 147, 9, 101, 1]
receive fwd status 2
RPR rx from 18 len 82 nc 1838 records 4
Database.insertRecord() 18 1772 1786 13 20 [2, 0, 79, 240, 44, 1, 4, 12, 198, 1, 21, 5]
Decoded Bacon Sample [0x2, 0x0, 0x4f, 0xf0, 0x2c, 0x1, 0x4, 0xc, 0xc6, 0x1, 0x15, 0x5] to [0x12, 0x6ec, 0x2, 0x12cf04f, 0xc04, 0x1c6, 0x515]
Database.insertRecord() 18 1786 1808 21 18 [2, 0, 90, 101, 53, 1, 18, 0, 0, 0, 0, 0, 0, 6, 45, 9, 147, 9, 101, 1]
Database.insertRecord() 18 1808 1822 13 20 [2, 0, 79, 80, 54, 1, 1, 12, 235, 1, 20, 5]
Decoded Bacon Sample [0x2, 0x0, 0x4f, 0x50, 0x36, 0x1, 0x1, 0xc, 0xeb, 0x1, 0x14, 0x5] to [0x12, 0x710, 0x2, 0x136504f, 0xc01, 0x1eb, 0x514]
Database.insertRecord() 18 1822 1838 15 16 [2, 0, 84, 195, 62, 1, 18, 0, 0, 0, 0, 0, 0, 6]
RPR rx from 18 len 74 nc 1896 records 4
Database.insertRecord() 18 1838 1852 13 20 [2, 0, 79, 176, 63, 1, 3, 12, 213, 1, 21, 5]
Decoded Bacon Sample [0x2, 0x0, 0x4f, 0xb0, 0x3f, 0x1, 0x3, 0xc, 0xd5, 0x1, 0x15, 0x5] to [0x12, 0x72e, 0x2, 0x13fb04f, 0xc03, 0x1d5, 0x515]
Database.insertRecord() 18 1852 1866 13 20 [2, 0, 79, 16, 73, 1, 2, 12, 215, 1, 21, 5]
Decoded Bacon Sample [0x2, 0x0, 0x4f, 0x10, 0x49, 0x1, 0x2, 0xc, 0xd7, 0x1, 0x15, 0x5] to [0x12, 0x73c, 0x2, 0x149104f, 0xc02, 0x1d7, 0x515]
Database.insertRecord() 18 1866 1882 15 22 [1, 0, 2, 0, 35, 0, 125, 184, 81, 1, 0, 66, 108, 1]
Decoded Phoenix Ref [0x1, 0x0, 0x2, 0x0, 0x23, 0x0, 0x7d, 0xb8, 0x51, 0x1, 0x0, 0x42, 0x6c, 0x1] to [0x12, 0x74a, 0x1, 0x2, 0x23, 0x151b87d, 0x16c4200]
Database.insertRecord() 18 1882 1896 13 20 [2, 0, 79, 112, 82, 1, 2, 12, 237, 1, 20, 5]
Decoded Bacon Sample [0x2, 0x0, 0x4f, 0x70, 0x52, 0x1, 0x2, 0xc, 0xed, 0x1, 0x14, 0x5] to [0x12, 0x75a, 0x2, 0x152704f, 0xc02, 0x1ed, 0x514]
RPR rx from 18 len 36 nc 1924 records 2
Database.insertRecord() 18 1896 1910 13 20 [2, 0, 79, 208, 91, 1, 3, 12, 208, 1, 20, 5]
Decoded Bacon Sample [0x2, 0x0, 0x4f, 0xd0, 0x5b, 0x1, 0x3, 0xc, 0xd0, 0x1, 0x14, 0x5] to [0x12, 0x768, 0x2, 0x15bd04f, 0xc03, 0x1d0, 0x514]
Database.insertRecord() 18 1910 1924 13 20 [2, 0, 79, 48, 101, 1, 3, 12, 249, 1, 19, 5]
Decoded Bacon Sample [0x2, 0x0, 0x4f, 0x30, 0x65, 0x1, 0x3, 0xc, 0xf9, 0x1, 0x13, 0x5] to [0x12, 0x776, 0x2, 0x165304f, 0xc03, 0x1f9, 0x513]
2 elapsed, commit
RPR rx from 18 len 76 nc 1996 records 1
Database.insertRecord() 18 1924 1996 71 17 [2, 0, 92, 165, 109, 1, 94, 48, 2, 2, 14, 0, 3, 2, 139, 141, 8, 16, 0, 128, 0, 0, 206, 127, 146, 11, 191, 13, 52, 128, 241, 6, 63, 8, 4, 8, 18, 0, 0, 0, 0, 0, 0, 6, 5, 24, 32, 0, 18, 33, 0, 18, 20, 0, 2, 0, 0, 0, 0, 0, 0, 0, 0, 0, 0, 0, 0, 0, 0, 0]
Toast Connection raw: ['0x2', '0x0', '0x5c', '0xa5', '0x6d', '0x1', '0x5e', '0x30', '0x2', '0x2', '0xe', '0x0', '0x3', '0x2', '0x8b', '0x8d', '0x8', '0x10', '0x0', '0x80', '0x0', '0x0', '0xce', '0x7f', '0x92', '0xb', '0xbf', '0xd', '0x34', '0x80', '0xf1', '0x6', '0x3f', '0x8', '0x4', '0x8', '0x12', '0x0', '0x0', '0x0', '0x0', '0x0', '0x0', '0x6', '0x5', '0x18', '0x20', '0x0', '0x12', '0x21', '0x0', '0x12', '0x14', '0x0', '0x2', '0x0', '0x0', '0x0', '0x0', '0x0', '0x0', '0x0', '0x0', '0x0', '0x0', '0x0', '0x0', '0x0', '0x0', '0x0']
Toast Connection unpacked: 18 1924 2 23962972 ['0x5e', '0x30', '0x2', '0x2', '0xe', '0x0', '0x3', '0x2', '0x8b', '0x8d', '0x8', '0x10', '0x0', '0x80', '0x0', '0x0', '0xce', '0x7f', '0x92', '0xb', '0xbf', '0xd', '0x34', '0x80', '0xf1', '0x6', '0x3f', '0x8', '0x4', '0x8', '0x12', '0x0', '0x0', '0x0', '0x0', '0x0', '0x0', '0x6', '0x5', '0x18', '0x20', '0x0', '0x12', '0x21', '0x0', '0x12', '0x14', '0x0', '0x2', '0x0', '0x0', '0x0', '0x0', '0x0', '0x0', '0x0', '0x0', '0x0', '0x0', '0x0', '0x0', '0x0', '0x0', '0x0']
next (t,l,v) 0x2 2 0xe 0x0
next (t,l,v) 0x3 2 0x8b 0x8d
next (t,l,v) 0x8 16 0x0 0x80 0x0 0x0 0xce 0x7f 0x92 0xb 0xbf 0xd 0x34 0x80 0xf1 0x6 0x3f 0x8
next (t,l,v) 0x4 8 0x12 0x0 0x0 0x0 0x0 0x0 0x0 0x6
next (t,l,v) 0x5 24 0x20 0x0 0x12 0x21 0x0 0x12 0x14 0x0 0x2 0x0 0x0 0x0 0x0 0x0 0x0 0x0 0x0 0x0 0x0 0x0 0x0 0x0 0x0 0x0
RPR rx from 18 len 70 nc 2054 records 3
Database.insertRecord() 18 1996 2018 21 18 [2, 0, 103, 165, 109, 1, 18, 0, 0, 0, 0, 0, 0, 6, 46, 9, 147, 9, 103, 1]
Database.insertRecord() 18 2018 2032 13 20 [2, 0, 79, 144, 110, 1, 2, 12, 255, 1, 20, 5]
Decoded Bacon Sample [0x2, 0x0, 0x4f, 0x90, 0x6e, 0x1, 0x2, 0xc, 0xff, 0x1, 0x14, 0x5] to [0x12, 0x7e2, 0x2, 0x16e904f, 0xc02, 0x1ff, 0x514]
Database.insertRecord() 18 2032 2054 21 18 [2, 0, 91, 5, 119, 1, 18, 0, 0, 0, 0, 0, 0, 6, 46, 9, 147, 9, 97, 1]
RPR rx from 18 len 62 nc 2104 records 3
Database.insertRecord() 18 2054 2068 13 20 [2, 0, 79, 240, 119, 1, 5, 12, 228, 1, 20, 5]
Decoded Bacon Sample [0x2, 0x0, 0x4f, 0xf0, 0x77, 0x1, 0x5, 0xc, 0xe4, 0x1, 0x14, 0x5] to [0x12, 0x806, 0x2, 0x177f04f, 0xc05, 0x1e4, 0x514]
Database.insertRecord() 18 2068 2090 21 18 [2, 0, 90, 101, 128, 1, 18, 0, 0, 0, 0, 0, 0, 6, 45, 9, 147, 9, 102, 1]
Database.insertRecord() 18 2090 2104 13 20 [2, 0, 79, 80, 129, 1, 4, 12, 199, 1, 21, 5]
Decoded Bacon Sample [0x2, 0x0, 0x4f, 0x50, 0x81, 0x1, 0x4, 0xc, 0xc7, 0x1, 0x15, 0x5] to [0x12, 0x82a, 0x2, 0x181504f, 0xc04, 0x1c7, 0x515]
RPR rx from 18 len 84 nc 2172 records 4
Database.insertRecord() 18 2104 2126 21 18 [2, 0, 90, 197, 137, 1, 18, 0, 0, 0, 0, 0, 0, 6, 45, 9, 147, 9, 95, 1]
Database.insertRecord() 18 2126 2142 15 22 [8, 0, 2, 0, 7, 0, 187, 248, 137, 1, 199, 49, 84, 1]
Decoded Phoenix Ref [0x8, 0x0, 0x2, 0x0, 0x7, 0x0, 0xbb, 0xf8, 0x89, 0x1, 0xc7, 0x31, 0x54, 0x1] to [0x12, 0x84e, 0x8, 0x2, 0x7, 0x189f8bb, 0x15431c7]
Database.insertRecord() 18 2142 2156 13 20 [2, 0, 79, 176, 138, 1, 3, 12, 208, 1, 19, 5]
Decoded Bacon Sample [0x2, 0x0, 0x4f, 0xb0, 0x8a, 0x1, 0x3, 0xc, 0xd0, 0x1, 0x13, 0x5] to [0x12, 0x85e, 0x2, 0x18ab04f, 0xc03, 0x1d0, 0x513]
Database.insertRecord() 18 2156 2172 15 16 [2, 0, 84, 35, 147, 1, 18, 0, 0, 0, 0, 0, 0, 6]
RPR rx from 18 len 36 nc 2200 records 2
Database.insertRecord() 18 2172 2186 13 20 [2, 0, 79, 16, 148, 1, 3, 12, 227, 1, 20, 5]
Decoded Bacon Sample [0x2, 0x0, 0x4f, 0x10, 0x94, 0x1, 0x3, 0xc, 0xe3, 0x1, 0x14, 0x5] to [0x12, 0x87c, 0x2, 0x194104f, 0xc03, 0x1e3, 0x514]
Database.insertRecord() 18 2186 2200 13 20 [2, 0, 79, 112, 157, 1, 236, 11, 174, 1, 20, 5]
Decoded Bacon Sample [0x2, 0x0, 0x4f, 0x70, 0x9d, 0x1, 0xec, 0xb, 0xae, 0x1, 0x14, 0x5] to [0x12, 0x88a, 0x2, 0x19d704f, 0xbec, 0x1ae, 0x514]
RPR rx from 18 len 76 nc 2272 records 1
Database.insertRecord() 18 2200 2272 71 17 [2, 0, 92, 229, 165, 1, 94, 48, 2, 2, 14, 0, 3, 2, 139, 141, 8, 16, 0, 128, 0, 0, 206, 127, 146, 11, 191, 13, 52, 128, 241, 6, 63, 8, 4, 8, 18, 0, 0, 0, 0, 0, 0, 6, 5, 24, 32, 0, 18, 33, 0, 18, 20, 0, 2, 0, 0, 0, 0, 0, 0, 0, 0, 0, 0, 0, 0, 0, 0, 0]
Toast Connection raw: ['0x2', '0x0', '0x5c', '0xe5', '0xa5', '0x1', '0x5e', '0x30', '0x2', '0x2', '0xe', '0x0', '0x3', '0x2', '0x8b', '0x8d', '0x8', '0x10', '0x0', '0x80', '0x0', '0x0', '0xce', '0x7f', '0x92', '0xb', '0xbf', '0xd', '0x34', '0x80', '0xf1', '0x6', '0x3f', '0x8', '0x4', '0x8', '0x12', '0x0', '0x0', '0x0', '0x0', '0x0', '0x0', '0x6', '0x5', '0x18', '0x20', '0x0', '0x12', '0x21', '0x0', '0x12', '0x14', '0x0', '0x2', '0x0', '0x0', '0x0', '0x0', '0x0', '0x0', '0x0', '0x0', '0x0', '0x0', '0x0', '0x0', '0x0', '0x0', '0x0']
Toast Connection unpacked: 18 2200 2 27649372 ['0x5e', '0x30', '0x2', '0x2', '0xe', '0x0', '0x3', '0x2', '0x8b', '0x8d', '0x8', '0x10', '0x0', '0x80', '0x0', '0x0', '0xce', '0x7f', '0x92', '0xb', '0xbf', '0xd', '0x34', '0x80', '0xf1', '0x6', '0x3f', '0x8', '0x4', '0x8', '0x12', '0x0', '0x0', '0x0', '0x0', '0x0', '0x0', '0x6', '0x5', '0x18', '0x20', '0x0', '0x12', '0x21', '0x0', '0x12', '0x14', '0x0', '0x2', '0x0', '0x0', '0x0', '0x0', '0x0', '0x0', '0x0', '0x0', '0x0', '0x0', '0x0', '0x0', '0x0', '0x0', '0x0']
next (t,l,v) 0x2 2 0xe 0x0
next (t,l,v) 0x3 2 0x8b 0x8d
next (t,l,v) 0x8 16 0x0 0x80 0x0 0x0 0xce 0x7f 0x92 0xb 0xbf 0xd 0x34 0x80 0xf1 0x6 0x3f 0x8
next (t,l,v) 0x4 8 0x12 0x0 0x0 0x0 0x0 0x0 0x0 0x6
next (t,l,v) 0x5 24 0x20 0x0 0x12 0x21 0x0 0x12 0x14 0x0 0x2 0x0 0x0 0x0 0x0 0x0 0x0 0x0 0x0 0x0 0x0 0x0 0x0 0x0 0x0 0x0
receive eos Message <CxEosReport> 
  [owner=0x12]
  [status=0x2]

receive fwd status 2PROG 1599803831.61  Node 12 transfer continues

REF 1599803823.42 17 10 36753057 1 [8, 2, 1]
Status Message <CxStatus> 
  [distance=0x1]
  [dataPending=0x1]
  [bw=0x2]
  [wakeupRC=0xa]
  [wakeupTS=0x230cea1]
  [pushCookie=0xa88]
  [writeCookie=0xdd4]
  [missingLength=0x0]
  [subnetChannel=0x0]
  [sampleInterval=0x96000]
  [role=0x0]
  [barcode=0x11 0x0 0x0 0x0 0x0 0x0 0x0 0x4 ]
  [neighbors=0x8 0x2 0x1 0xffff 0xffff 0xffff 0xffff 0xffff 0xffff 0xffff 0xffff 0xffff 0xffff 0xffff 0xffff 0xffff ]

PROG 1599803832.04 Contacted 11 (3 neighbors). 844 queued, 0 in current request
RPR rx from 17 len 18 nc 2710 records 1
Database.insertRecord() 17 2696 2710 13 20 [10, 0, 79, 112, 82, 1, 17, 12, 88, 1, 22, 5]
Decoded Bacon Sample [0xa, 0x0, 0x4f, 0x70, 0x52, 0x1, 0x11, 0xc, 0x58, 0x1, 0x16, 0x5] to [0x11, 0xa88, 0xa, 0x152704f, 0xc11, 0x158, 0x516]
RPR rx from 17 len 84 nc 2778 records 4
Database.insertRecord() 17 2710 2730 19 18 [10, 0, 87, 229, 90, 1, 17, 0, 0, 0, 0, 0, 0, 5, 59, 9, 84, 1]
Database.insertRecord() 17 2730 2744 13 20 [10, 0, 79, 208, 91, 1, 19, 12, 88, 1, 21, 5]
Decoded Bacon Sample [0xa, 0x0, 0x4f, 0xd0, 0x5b, 0x1, 0x13, 0xc, 0x58, 0x1, 0x15, 0x5] to [0x11, 0xaaa, 0xa, 0x15bd04f, 0xc13, 0x158, 0x515]
Database.insertRecord() 17 2744 2764 19 18 [10, 0, 88, 69, 100, 1, 17, 0, 0, 0, 0, 0, 0, 5, 59, 9, 111, 1]
Database.insertRecord() 17 2764 2778 13 20 [10, 0, 79, 48, 101, 1, 22, 12, 102, 1, 21, 5]
Decoded Bacon Sample [0xa, 0x0, 0x4f, 0x30, 0x65, 0x1, 0x16, 0xc, 0x66, 0x1, 0x15, 0x5] to [0x11, 0xacc, 0xa, 0x165304f, 0xc16, 0x166, 0x515]
RPR rx from 17 len 84 nc 2846 records 4
Database.insertRecord() 17 2778 2798 19 18 [10, 0, 87, 165, 109, 1, 17, 0, 0, 0, 0, 0, 0, 5, 58, 9, 83, 1]
Database.insertRecord() 17 2798 2812 13 20 [10, 0, 79, 144, 110, 1, 23, 12, 129, 1, 22, 5]
Decoded Bacon Sample [0xa, 0x0, 0x4f, 0x90, 0x6e, 0x1, 0x17, 0xc, 0x81, 0x1, 0x16, 0x5] to [0x11, 0xaee, 0xa, 0x16e904f, 0xc17, 0x181, 0x516]
Database.insertRecord() 17 2812 2832 19 18 [10, 0, 87, 5, 119, 1, 17, 0, 0, 0, 0, 0, 0, 5, 57, 9, 82, 1]
Database.insertRecord() 17 2832 2846 13 20 [10, 0, 79, 240, 119, 1, 19, 12, 118, 1, 21, 5]
Decoded Bacon Sample [0xa, 0x0, 0x4f, 0xf0, 0x77, 0x1, 0x13, 0xc, 0x76, 0x1, 0x15, 0x5] to [0x11, 0xb10, 0xa, 0x177f04f, 0xc13, 0x176, 0x515]
RPR rx from 17 len 86 nc 2916 records 4
Database.insertRecord() 17 2846 2866 19 18 [10, 0, 87, 101, 128, 1, 17, 0, 0, 0, 0, 0, 0, 5, 56, 9, 109, 1]
Database.insertRecord() 17 2866 2880 13 20 [10, 0, 79, 80, 129, 1, 19, 12, 87, 1, 21, 5]
Decoded Bacon Sample [0xa, 0x0, 0x4f, 0x50, 0x81, 0x1, 0x13, 0xc, 0x57, 0x1, 0x15, 0x5] to [0x11, 0xb32, 0xa, 0x181504f, 0xc13, 0x157, 0x515]
Database.insertRecord() 17 2880 2900 19 18 [10, 0, 87, 197, 137, 1, 17, 0, 0, 0, 0, 0, 0, 5, 55, 9, 84, 1]
Database.insertRecord() 17 2900 2916 15 22 [18, 0, 10, 0, 2, 0, 4, 245, 137, 1, 25, 90, 92, 1]
Decoded Phoenix Ref [0x12, 0x0, 0xa, 0x0, 0x2, 0x0, 0x4, 0xf5, 0x89, 0x1, 0x19, 0x5a, 0x5c, 0x1] to [0x11, 0xb54, 0x12, 0xa, 0x2, 0x189f504, 0x15c5a19]
RPR rx from 17 len 84 nc 2984 records 4
Database.insertRecord() 17 2916 2930 13 20 [10, 0, 79, 176, 138, 1, 20, 12, 127, 1, 22, 5]
Decoded Bacon Sample [0xa, 0x0, 0x4f, 0xb0, 0x8a, 0x1, 0x14, 0xc, 0x7f, 0x1, 0x16, 0x5] to [0x11, 0xb64, 0xa, 0x18ab04f, 0xc14, 0x17f, 0x516]
Database.insertRecord() 17 2930 2950 19 18 [10, 0, 87, 37, 147, 1, 17, 0, 0, 0, 0, 0, 0, 5, 55, 9, 87, 1]
Database.insertRecord() 17 2950 2964 13 20 [10, 0, 79, 16, 148, 1, 24, 12, 127, 1, 21, 5]
Decoded Bacon Sample [0xa, 0x0, 0x4f, 0x10, 0x94, 0x1, 0x18, 0xc, 0x7f, 0x1, 0x15, 0x5] to [0x11, 0xb86, 0xa, 0x194104f, 0xc18, 0x17f, 0x515]
Database.insertRecord() 17 2964 2984 19 18 [10, 0, 87, 133, 156, 1, 17, 0, 0, 0, 0, 0, 0, 5, 55, 9, 110, 1]
receive fwd status 2
RPR rx from 17 len 84 nc 3052 records 4
Database.insertRecord() 17 2984 2998 13 20 [10, 0, 79, 112, 157, 1, 22, 12, 116, 1, 22, 5]
Decoded Bacon Sample [0xa, 0x0, 0x4f, 0x70, 0x9d, 0x1, 0x16, 0xc, 0x74, 0x1, 0x16, 0x5] to [0x11, 0xba8, 0xa, 0x19d704f, 0xc16, 0x174, 0x516]
Database.insertRecord() 17 2998 3018 19 18 [10, 0, 87, 229, 165, 1, 17, 0, 0, 0, 0, 0, 0, 5, 247, 8, 119, 1]
Database.insertRecord() 17 3018 3032 13 20 [10, 0, 79, 208, 166, 1, 22, 12, 113, 1, 21, 5]
Decoded Bacon Sample [0xa, 0x0, 0x4f, 0xd0, 0xa6, 0x1, 0x16, 0xc, 0x71, 0x1, 0x15, 0x5] to [0x11, 0xbca, 0xa, 0x1a6d04f, 0xc16, 0x171, 0x515]
Database.insertRecord() 17 3032 3052 19 18 [10, 0, 87, 69, 175, 1, 17, 0, 0, 0, 0, 0, 0, 5, 55, 9, 85, 1]
RPR rx from 17 len 84 nc 3120 records 4
Database.insertRecord() 17 3052 3066 13 20 [10, 0, 79, 48, 176, 1, 16, 12, 111, 1, 22, 5]
Decoded Bacon Sample [0xa, 0x0, 0x4f, 0x30, 0xb0, 0x1, 0x10, 0xc, 0x6f, 0x1, 0x16, 0x5] to [0x11, 0xbec, 0xa, 0x1b0304f, 0xc10, 0x16f, 0x516]
Database.insertRecord() 17 3066 3086 19 18 [10, 0, 87, 165, 184, 1, 17, 0, 0, 0, 0, 0, 0, 5, 55, 9, 87, 1]
Database.insertRecord() 17 3086 3100 13 20 [10, 0, 79, 144, 185, 1, 18, 12, 86, 1, 23, 5]
Decoded Bacon Sample [0xa, 0x0, 0x4f, 0x90, 0xb9, 0x1, 0x12, 0xc, 0x56, 0x1, 0x17, 0x5] to [0x11, 0xc0e, 0xa, 0x1b9904f, 0xc12, 0x156, 0x517]
Database.insertRecord() 17 3100 3120 19 18 [10, 0, 87, 5, 194, 1, 17, 0, 0, 0, 0, 0, 0, 5, 54, 9, 82, 1]
RPR rx from 17 len 80 nc 3184 records 4
Database.insertRecord() 17 3120 3136 15 22 [8, 0, 10, 0, 7, 0, 139, 54, 194, 1, 1832 elapsed, commit, 
212, 94, 1]
Decoded Phoenix Ref [0x8, 0x0, 0xa, 0x0, 0x7, 0x0, 0x8b, 0x36, 0xc2, 0x1, 0xb7, 0xd4, 0x5e, 0x1] to [0x11, 0xc30, 0x8, 0xa, 0x7, 0x1c2368b, 0x15ed4b7]
Database.insertRecord() 17 3136 3150 13 20 [10, 0, 79, 240, 194, 1, 21, 12, 87, 1, 22, 5]
Decoded Bacon Sample [0xa, 0x0, 0x4f, 0xf0, 0xc2, 0x1, 0x15, 0xc, 0x57, 0x1, 0x16, 0x5] to [0x11, 0xc40, 0xa, 0x1c2f04f, 0xc15, 0x157, 0x516]
Database.insertRecord() 17 3150 3170 19 18 [10, 0, 87, 101, 203, 1, 17, 0, 0, 0, 0, 0, 0, 5, 54, 9, 98, 1]
Database.insertRecord() 17 3170 3184 13 20 [10, 0, 79, 80, 204, 1, 24, 12, 132, 1, 189, 8]
Decoded Bacon Sample [0xa, 0x0, 0x4f, 0x50, 0xcc, 0x1, 0x18, 0xc, 0x84, 0x1, 0xbd, 0x8] to [0x11, 0xc62, 0xa, 0x1cc504f, 0xc18, 0x184, 0x8bd]
receive eos Message <CxEosReport> 
  [owner=0x11]
  [status=0x2]

PROG 1599803833.22  Node 11 transfer continues
REF 1599803823.42 8 7 30240148 1 [2, 1]
Status Message <CxStatus> 
  [distance=0x1]
  [dataPending=0x1]
  [bw=0x2]
  [wakeupRC=0x7]
  [wakeupTS=0x1cd6d94]
  [pushCookie=0x870]
  [writeCookie=0xca0]
  [missingLength=0x0]
  [subnetChannel=0x0]
  [sampleInterval=0x96000]
  [role=0x0]
  [barcode=0x8 0x0 0x0 0x0 0x0 0x0 0x0 0x4 ]
  [neighbors=0x2 0x1 0xffff 0xffff 0xffff 0xffff 0xffff 0xffff 0xffff 0xffff 0xffff 0xffff 0xffff 0xffff 0xffff 0xffff ]

PROG 1599803833.59 Contacted 8 (2 neighbors). 1072 queued, 0 in current request
receive fwd status 2
RPR rx from 8 len 32 nc 2188 records 1
Database.insertRecord() 8 2160 2188 27 18 [7, 0, 97, 197, 243, 0, 8, 0, 0, 0, 0, 0, 0, 5, 86, 1, 58, 1, 68, 1, 80, 1, 82, 1, 18, 9]
RPR rx from 8 len 68 nc 2244 records 3
Database.insertRecord() 8 2188 2202 13 20 [7, 0, 77, 176, 244, 0, 6, 12, 24, 2, 17, 5]
Decoded Bacon Sample [0x7, 0x0, 0x4d, 0xb0, 0xf4, 0x0, 0x6, 0xc, 0x18, 0x2, 0x11, 0x5] to [0x8, 0x88c, 0x7, 0xf4b04d, 0xc06, 0x218, 0x511]
Database.insertRecord() 8 2202 2230 27 18 [7, 0, 97, 37, 253, 0, 8, 0, 0, 0, 0, 0, 0, 5, 96, 1, 61, 1, 65, 1, 78, 1, 91, 1, 14, 9]
Database.insertRecord() 8 2230 2244 13 20 [7, 0, 77, 16, 254, 0, 15, 12, 31, 2, 16, 5]
Decoded Bacon Sample [0x7, 0x0, 0x4d, 0x10, 0xfe, 0x0, 0xf, 0xc, 0x1f, 0x2, 0x10, 0x5] to [0x8, 0x8b6, 0x7, 0xfe104d, 0xc0f, 0x21f, 0x510]
RPR rx from 8 len 82 nc 2314 records 3
Database.insertRecord() 8 2244 2272 27 18 [7, 0, 97, 133, 6, 1, 8, 0, 0, 0, 0, 0, 0, 5, 71, 1, 60, 1, 65, 1, 79, 1, 97, 1, 12, 9]
Database.insertRecord() 8 2272 2286 13 20 [7, 0, 77, 112, 7, 1, 18, 12, 59, 2, 17, 5]
Decoded Bacon Sample [0x7, 0x0, 0x4d, 0x70, 0x7, 0x1, 0x12, 0xc, 0x3b, 0x2, 0x11, 0x5] to [0x8, 0x8e0, 0x7, 0x107704d, 0xc12, 0x23b, 0x511]
Database.insertRecord() 8 2286 2314 27 18 [7, 0, 97, 229, 15, 1, 8, 0, 0, 0, 0, 0, 0, 5, 57, 1, 63, 1, 63, 1, 77, 1, 93, 1, 10, 9]
RPR rx from 8 len 70 nc 2372 records 3
Database.insertRecord() 8 2314 2328 13 20 [7, 0, 77, 208, 16, 1, 18, 12, 255, 1, 17, 5]
Decoded Bacon Sample [0x7, 0x0, 0x4d, 0xd0, 0x10, 0x1, 0x12, 0xc, 0xff, 0x1, 0x11, 0x5] to [0x8, 0x90a, 0x7, 0x110d04d, 0xc12, 0x1ff, 0x511]
Database.insertRecord() 8 2328 2356 27 18 [7, 0, 97, 69, 25, 1, 8, 0, 0, 0, 0, 0, 0, 5, 60, 1, 63, 1, 70, 1, 81, 1, 89, 1, 10, 9]
Database.insertRecord() 8 2356 2372 15 22 [1, 0, 7, 0, 35, 0, 110, 111, 25, 1, 26, 192, 105, 1]
Decoded Phoenix Ref [0x1, 0x0, 0x7, 0x0, 0x23, 0x0, 0x6e, 0x6f, 0x19, 0x1, 0x1a, 0xc0, 0x69, 0x1] to [0x8, 0x934, 0x1, 0x7, 0x23, 0x1196f6e, 0x169c01a]
RPR rx from 8 len 68 nc 2428 records 3
Database.insertRecord() 8 2372 2386 13 20 [7, 0, 77, 48, 26, 1, 20, 12, 12, 2, 17, 5]
Decoded Bacon Sample [0x7, 0x0, 0x4d, 0x30, 0x1a, 0x1, 0x14, 0xc, 0xc, 0x2, 0x11, 0x5] to [0x8, 0x944, 0x7, 0x11a304d, 0xc14, 0x20c, 0x511]
Database.insertRecord() 8 2386 2414 27 18 [7, 0, 97, 165, 34, 1, 8, 0, 0, 0, 0, 0, 0, 5, 59, 1, 62, 1, 70, 1, 83, 1, 85, 1, 13, 9]
Database.insertRecord() 8 2414 2428 13 20 [7, 0, 77, 144, 35, 1, 15, 12, 230, 1, 17, 5]
Decoded Bacon Sample [0x7, 0x0, 0x4d, 0x90, 0x23, 0x1, 0xf, 0xc, 0xe6, 0x1, 0x11, 0x5] to [0x8, 0x96e, 0x7, 0x123904d, 0xc0f, 0x1e6, 0x511]
RPR rx from 8 len 82 nc 2498 records 3
Database.insertRecord() 8 2428 2456 27 18 [7, 0, 97, 5, 44, 1, 8, 0, 0, 0, 0, 0, 0, 5, 93, 1, 62, 1, 68, 1, 83, 1, 92, 1, 14, 9]
Database.insertRecord() 8 2456 2470 13 20 [7, 0, 77, 240, 44, 1, 21, 12, 32, 2, 17, 5]
Decoded Bacon Sample [0x7, 0x0, 0x4d, 0xf0, 0x2c, 0x1, 0x15, 0xc, 0x20, 0x2, 0x11, 0x5] to [0x8, 0x998, 0x7, 0x12cf04d, 0xc15, 0x220, 0x511]
Database.insertRecord() 8 2470 2498 27 18 [7, 0, 97, 101, 53, 1, 8, 0, 0, 0, 0, 0, 0, 5, 81, 1, 64, 1, 61, 1, 77, 1, 91, 1, 15, 9]
RPR rx from 8 len 68 nc 2554 records 3
Database.insertRecord() 8 2498 2512 13 20 [7, 0, 77, 80, 54, 1, 21, 12, 239, 1, 18, 5]
Decoded Bacon Sample [0x7, 0x0, 0x4d, 0x50, 0x36, 0x1, 0x15, 0xc, 0xef, 0x1, 0x12, 0x5] to [0x8, 0x9c2, 0x7, 0x136504d, 0xc15, 0x1ef, 0x512]
Database.insertRecord() 8 2512 2540 27 18 [7, 0, 97, 197, 62, 1, 8, 0, 0, 0, 0, 0, 0, 5, 85, 1, 61, 1, 61, 1, 81, 1, 96, 1, 16, 9]
Database.insertRecord() 8 2540 2554 13 20 [7, 0, 77, 176, 63, 1, 12, 12, 74, 2, 18, 5]
Decoded Bacon Sample [0x7, 0x0, 0x4d, 0xb0, 0x3f, 0x1, 0xc, 0xc, 0x4a, 0x2, 0x12, 0x5] to [0x8, 0x9ec, 0x7, 0x13fb04d, 0xc0c, 0x24a, 0x512]
RPR rx from 8 len 82 nc 2624 records 3
Database.insertRecord() 8 2554 2582 27 18 [7, 0, 97, 37, 72, 1, 8, 0, 0, 0, 0, 0, 0, 5, 100, 1, 63, 1, 61, 1, 83, 1, 88, 1, 14, 9]
Database.insertRecord() 8 2582 2596 13 20 [7, 0, 77, 16, 73, 1, 20, 12, 38, 2, 18, 5]
Decoded Bacon Sample [0x7, 0x0, 0x4d, 0x10, 0x49, 0x1, 0x14, 0xc, 0x26, 0x2, 0x12, 0x5] to [0x8, 0xa16, 0x7, 0x149104d, 0xc14, 0x226, 0x512]
Database.insertRecord() 8 2596 2624 27 18 [7, 0, 97, 133, 81, 1, 8, 0, 0, 0, 0, 0, 0, 5, 78, 1, 63, 1, 61, 1, 80, 1, 97, 1, 15, 9]
RPR rx from 8 len 70 nc 2682 records 3
Database.insertRecord() 8 2624 2640 15 22 [1, 0, 7, 0, 35, 0, 120, 175, 81, 1, 190, 250, 161, 1]
Decoded Phoenix Ref [0x1, 0x0, 0x7, 0x0, 0x23, 0x0, 0x78, 0xaf, 0x51, 0x1, 0xbe, 0xfa, 0xa1, 0x1] to [0x8, 0xa40, 0x1, 0x7, 0x23, 0x151af78, 0x1a1fabe]
Database.insertRecord() 8 2640 2654 13 20 [7, 0, 77, 112, 82, 1, 18, 12, 39, 2, 18, 5]
Decoded Bacon Sample [0x7, 0x0, 0x4d, 0x70, 0x52, 0x1, 0x12, 0xc, 0x27, 0x2, 0x12, 0x5] to [0x8, 0xa50, 0x7, 0x152704d, 0xc12, 0x227, 0x512]
Database.insertRecord() 8 2654 2682 27 18 [7, 0, 97, 229, 90, 1, 8, 0, 0, 0, 0, 0, 0, 5, 80, 1, 61, 1, 62, 1, 83, 1, 96, 1, 15, 9]
receive fwd status 2
receive eos Message <CxEosReport> 
  [owner=0x8]
  [status=0x2]

PROG 1599803834.77  Node 8 transfer continues
REF 1599803823.42 2 1666 34467229 1 [1]
Status Message <CxStatus> 
  [distance=0x1]
  [dataPending=0x1]
  [bw=0x2]
  [wakeupRC=0x682]
  [wakeupTS=0x20ded9d]
  [pushCookie=0x16a00]
  [writeCookie=0x16a0e]
  [missingLength=0x0]
  [subnetChannel=0x0]
  [sampleInterval=0x96000]
  [role=0x0]
  [barcode=0x2 0x0 0x0 0x0 0x0 0x0 0x0 0x4 ]
  [neighbors=0x1 0xffff 0xffff 0xffff 0xffff 0xffff 0xffff 0xffff 0xffff 0xffff 0xffff 0xffff 0xffff 0xffff 0xffff 0xffff ]

PROG 1599803835.15 Contacted 2 (1 neighbors). 14 queued, 0 in current request
2 elapsed, commit
RPR rx from 2 len 18 nc 92686 records 1
Database.insertRecord() 2 92672 92686 13 20 [130, 6, 76, 240, 13, 2, 193, 9, 125, 3, 123, 5]
Decoded Bacon Sample [0x82, 0x6, 0x4c, 0xf0, 0xd, 0x2, 0xc1, 0x9, 0x7d, 0x3, 0x7b, 0x5] to [0x2, 0x16a00, 0x682, 0x20df04c, 0x9c1, 0x37d, 0x57b]
receive fwd status 2
receive eos Message <CxEosReport> 
  [owner=0x2]
  [status=0x1]

PROG 1599803836.32  Node 2 transfer completed
REC 2 no gap
receive fwd status 2
REF 1599803823.42 1 35 35500386 0 []
Status Message <CxStatus> 
  [distance=0x1]
  [dataPending=0x0]
  [bw=0x2]
  [wakeupRC=0x23]
  [wakeupTS=0x21db162]
  [pushCookie=0x2c41]
  [writeCookie=0x2c41]
  [missingLength=0x0]
  [subnetChannel=0x0]
  [sampleInterval=0x96000]
  [role=0x0]
  [barcode=0x1 0x0 0x0 0x0 0x0 0x0 0x0 0x4 ]
  [neighbors=0xffff 0xffff 0xffff 0xffff 0xffff 0xffff 0xffff 0xffff 0xffff 0xffff 0xffff 0xffff 0xffff 0xffff 0xffff 0xffff ]

PROG 1599803836.71 Contacted 1 (0 neighbors). 0 queued, 0 in current request
receive fwd status 2
receive eos Message <CxEosReport> 
  [owner=0x1]
  [status=0x1]

PROG 1599803837.85  Node 1 transfer completed
REC 1 no gap
REF 1599803823.42 18 2 33764223 1 [17, 8, 2, 1]
Status Message <CxStatus> 
  [distance=0x1]
  [dataPending=0x1]
  [bw=0x2]
  [wakeupRC=0x2]
  [wakeupTS=0x203337f]
  [pushCookie=0x8e0]
  [writeCookie=0xaaa]
  [missingLength=0x0]
  [subnetChannel=0x0]
  [sampleInterval=0x96000]
  [role=0x0]
  [barcode=0x12 0x0 0x0 0x0 0x0 0x0 0x0 0x4 ]
  [neighbors=0x11 0x8 0x2 0x1 0xffff 0xffff 0xffff 0xffff 0xffff 0xffff 0xffff 0xffff 0xffff 0xffff 0xffff 0xffff ]

PROG 1599803838.27 Contacted 12 (4 neighbors). 458 queued, 0 in current request
2 elapsed, commit
RPR rx from 18 len 82 nc 2338 records 4
Database.insertRecord() 18 2272 2294 21 18 [2, 0, 103, 229, 165, 1, 18, 0, 0, 0, 0, 0, 0, 6, 45, 9, 147, 9, 105, 1]
Database.insertRecord() 18 2294 2308 13 20 [2, 0, 79, 208, 166, 1, 7, 12, 241, 1, 20, 5]
Decoded Bacon Sample [0x2, 0x0, 0x4f, 0xd0, 0xa6, 0x1, 0x7, 0xc, 0xf1, 0x1, 0x14, 0x5] to [0x12, 0x8f6, 0x2, 0x1a6d04f, 0xc07, 0x1f1, 0x514]
Database.insertRecord() 18 2308 2324 15 16 [2, 0, 84, 67, 175, 1, 18, 0, 0, 0, 0, 0, 0, 6]
Database.insertRecord() 18 2324 2338 13 20 [2, 0, 79, 48, 176, 1, 5, 12, 252, 1, 21, 5]
Decoded Bacon Sample [0x2, 0x0, 0x4f, 0x30, 0xb0, 0x1, 0x5, 0xc, 0xfc, 0x1, 0x15, 0x5] to [0x12, 0x914, 0x2, 0x1b0304f, 0xc05, 0x1fc, 0x515]
RPR rx from 18 len 76 nc 2410 records 1
Database.insertRecord() 18 2338 2410 71 17 [2, 0, 92, 165, 184, 1, 94, 48, 2, 2, 14, 0, 3, 2, 139, 141, 8, 16, 0, 128, 0, 0, 206, 127, 146, 11, 191, 13, 52, 128, 241, 6, 63, 8, 4, 8, 18, 0, 0, 0, 0, 0, 0, 6, 5, 24, 32, 0, 18, 33, 0, 18, 20, 0, 2, 0, 0, 0, 0, 0, 0, 0, 0, 0, 0, 0, 0, 0, 0, 0]
Toast Connection raw: ['0x2', '0x0', '0x5c', '0xa5', '0xb8', '0x1', '0x5e', '0x30', '0x2', '0x2', '0xe', '0x0', '0x3', '0x2', '0x8b', '0x8d', '0x8', '0x10', '0x0', '0x80', '0x0', '0x0', '0xce', '0x7f', '0x92', '0xb', '0xbf', '0xd', '0x34', '0x80', '0xf1', '0x6', '0x3f', '0x8', '0x4', '0x8', '0x12', '0x0', '0x0', '0x0', '0x0', '0x0', '0x0', '0x6', '0x5', '0x18', '0x20', '0x0', '0x12', '0x21', '0x0', '0x12', '0x14', '0x0', '0x2', '0x0', '0x0', '0x0', '0x0', '0x0', '0x0', '0x0', '0x0', '0x0', '0x0', '0x0', '0x0', '0x0', '0x0', '0x0']
Toast Connection unpacked: 18 2338 2 28878172 ['0x5e', '0x30', '0x2', '0x2', '0xe', '0x0', '0x3', '0x2', '0x8b', '0x8d', '0x8', '0x10', '0x0', '0x80', '0x0', '0x0', '0xce', '0x7f', '0x92', '0xb', '0xbf', '0xd', '0x34', '0x80', '0xf1', '0x6', '0x3f', '0x8', '0x4', '0x8', '0x12', '0x0', '0x0', '0x0', '0x0', '0x0', '0x0', '0x6', '0x5', '0x18', '0x20', '0x0', '0x12', '0x21', '0x0', '0x12', '0x14', '0x0', '0x2', '0x0', '0x0', '0x0', '0x0', '0x0', '0x0', '0x0', '0x0', '0x0', '0x0', '0x0', '0x0', '0x0', '0x0', '0x0']
next (t,l,v) 0x2 2 0xe 0x0
next (t,l,v) 0x3 2 0x8b 0x8d
next (t,l,v) 0x8 16 0x0 0x80 0x0 0x0 0xce 0x7f 0x92 0xb 0xbf 0xd 0x34 0x80 0xf1 0x6 0x3f 0x8
next (t,l,v) 0x4 8 0x12 0x0 0x0 0x0 0x0 0x0 0x0 0x6
next (t,l,v) 0x5 24 0x20 0x0 0x12 0x21 0x0 0x12 0x14 0x0 0x2 0x0 0x0 0x0 0x0 0x0 0x0 0x0 0x0 0x0 0x0 0x0 0x0 0x0 0x0 0x0
RPR rx from 18 len 70 nc 2468 records 3
Database.insertRecord() 18 2410 2432 21 18 [2, 0, 103, 165, 184, 1, 18, 0, 0, 0, 0, 0, 0, 6, 45, 9, 147, 9, 103, 1]
Database.insertRecord() 18 2432 2446 13 20 [2, 0, 79, 144, 185, 1, 8, 12, 241, 1, 21, 5]
Decoded Bacon Sample [0x2, 0x0, 0x4f, 0x90, 0xb9, 0x1, 0x8, 0xc, 0xf1, 0x1, 0x15, 0x5] to [0x12, 0x980, 0x2, 0x1b9904f, 0xc08, 0x1f1, 0x515]
Database.insertRecord() 18 2446 2468 21 18 [2, 0, 90, 5, 194, 1, 18, 0, 0, 0, 0, 0, 0, 6, 46, 9, 147, 9, 97, 1]
receive fwd status 2
RPR rx from 18 len 82 nc 2534 records 4
Database.insertRecord() 18 2468 2484 15 22 [1, 0, 2, 0, 35, 0, 229, 56, 194, 1, 231, 182, 220, 1]
Decoded Phoenix Ref [0x1, 0x0, 0x2, 0x0, 0x23, 0x0, 0xe5, 0x38, 0xc2, 0x1, 0xe7, 0xb6, 0xdc, 0x1] to [0x12, 0x9a4, 0x1, 0x2, 0x23, 0x1c238e5, 0x1dcb6e7]
Database.insertRecord() 18 2484 2498 13 20 [2, 0, 79, 240, 194, 1, 7, 12, 206, 1, 20, 5]
Decoded Bacon Sample [0x2, 0x0, 0x4f, 0xf0, 0xc2, 0x1, 0x7, 0xc, 0xce, 0x1, 0x14, 0x5] to [0x12, 0x9b4, 0x2, 0x1c2f04f, 0xc07, 0x1ce, 0x514]
Database.insertRecord() 18 2498 2520 21 18 [2, 0, 90, 101, 203, 1, 18, 0, 0, 0, 0, 0, 0, 6, 45, 9, 146, 9, 101, 1]
Database.insertRecord() 18 2520 2534 13 20 [2, 0, 79, 80, 204, 1, 8, 12, 202, 1, 20, 5]
Decoded Bacon Sample [0x2, 0x0, 0x4f, 0x50, 0xcc, 0x1, 0x8, 0xc, 0xca, 0x1, 0x14, 0x5] to [0x12, 0x9d8, 0x2, 0x1cc504f, 0xc08, 0x1ca, 0x514]
RPR rx from 18 len 74 nc 2592 records 4
Database.insertRecord() 18 2534 2550 15 16 [2, 0, 84, 195, 212, 1, 18, 0, 0, 0, 0, 0, 0, 6]
Database.insertRecord() 18 2550 2564 13 20 [2, 0, 80, 176, 213, 1, 116, 10, 216, 1, 236, 5]
Decoded Bacon Sample [0x2, 0x0, 0x50, 0xb0, 0xd5, 0x1, 0x74, 0xa, 0xd8, 0x1, 0xec, 0x5] to [0x12, 0x9f6, 0x2, 0x1d5b050, 0xa74, 0x1d8, 0x5ec]
Database.insertRecord() 18 2564 2578 13 20 [2, 0, 79, 16, 223, 1, 5, 12, 180, 1, 21, 5]
Decoded Bacon Sample [0x2, 0x0, 0x4f, 0x10, 0xdf, 0x1, 0x5, 0xc, 0xb4, 0x1, 0x15, 0x5] to [0x12, 0xa04, 0x2, 0x1df104f, 0xc05, 0x1b4, 0x515]
Database.insertRecord() 18 2578 2592 13 20 [2, 0, 79, 112, 232, 1, 8, 12, 248, 1, 20, 5]
Decoded Bacon Sample [0x2, 0x0, 0x4f, 0x70, 0xe8, 0x1, 0x8, 0xc, 0xf8, 0x1, 0x14, 0x5] to [0x12, 0xa12, 0x2, 0x1e8704f, 0xc08, 0x1f8, 0x514]
RPR rx from 18 len 18 nc 2606 records 1
Database.insertRecord() 18 2592 2606 13 20 [2, 0, 79, 208, 241, 1, 4, 12, 232, 1, 20, 5]
Decoded Bacon Sample [0x2, 0x0, 0x4f, 0xd0, 0xf1, 0x1, 0x4, 0xc, 0xe8, 0x1, 0x14, 0x5] to [0x12, 0xa20, 0x2, 0x1f1d04f, 0xc04, 0x1e8, 0x514]
RPR rx from 18 len 76 nc 2678 records 1
Database.insertRecord() 18 2606 2678 71 17 [2, 0, 92, 69, 250, 1, 94, 48, 2, 2, 14, 0, 3, 2, 139, 141, 8, 16, 0, 128, 0, 0, 206, 127, 146, 11, 191, 13, 52, 128, 241, 6, 63, 8, 4, 8, 18, 0, 0, 0, 0, 0, 0, 6, 5, 24, 32, 0, 18, 33, 0, 18, 20, 0, 2, 0, 0, 0, 0, 0, 0, 0, 0, 0, 0, 0, 0, 0, 0, 0]
Toast Connection raw: ['0x2', '0x0', '0x5c', '0x45', '0xfa', '0x1', '0x5e', '0x30', '0x2', '0x2', '0xe', '0x0', '0x3', '0x2', '0x8b', '0x8d', '0x8', '0x10', '0x0', '0x80', '0x0', '0x0', '0xce', '0x7f', '0x92', '0xb', '0xbf', '0xd', '0x34', '0x80', '0xf1', '0x6', '0x3f', '0x8', '0x4', '0x8', '0x12', '0x0', '0x0', '0x0', '0x0', '0x0', '0x0', '0x6', '0x5', '0x18', '0x20', '0x0', '0x12', '0x21', '0x0', '0x12', '0x14', '0x0', '0x2', '0x0', '0x0', '0x0', '0x0', '0x0', '0x0', '0x0', '0x0', '0x0', '0x0', '0x0', '0x0', '0x0', '0x0', '0x0']
Toast Connection unpacked: 18 2606 2 33178972 ['0x5e', '0x30', '0x2', '0x2', '0xe', '0x0', '0x3', '0x2', '0x8b', '0x8d', '0x8', '0x10', '0x0', '0x80', '0x0', '0x0', '0xce', '0x7f', '0x92', '0xb', '0xbf', '0xd', '0x34', '0x80', '0xf1', '0x6', '0x3f', '0x8', '0x4', '0x8', '0x12', '0x0', '0x0', '0x0', '0x0', '0x0', '0x0', '0x6', '0x5', '0x18', '0x20', '0x0', '0x12', '0x21', '0x0', '0x12', '0x14', '0x0', '0x2', '0x0', '0x0', '0x0', '0x0', '0x0', '0x0', '0x0', '0x0', '0x0', '0x0', '0x0', '0x0', '0x0', '0x0', '0x0']
next (t,l,v) 0x2 2 0xe 0x0
next (t,l,v) 0x3 2 0x8b 0x8d
next (t,l,v) 0x8 16 0x0 0x80 0x0 0x0 0xce 0x7f 0x92 0xb 0xbf 0xd 0x34 0x80 0xf1 0x6 0x3f 0x8
next (t,l,v) 0x4 8 0x12 0x0 0x0 0x0 0x0 0x0 0x0 0x6
next (t,l,v) 0x5 24 0x20 0x0 0x12 0x21 0x0 0x12 0x14 0x0 0x2 0x0 0x0 0x0 0x0 0x0 0x0 0x0 0x0 0x0 0x0 0x0 0x0 0x0 0x0 0x0
RPR rx from 18 len 64 nc 2730 records 3
Database.insertRecord() 18 2678 2700 21 18 [2, 0, 103, 69, 250, 1, 18, 0, 0, 0, 0, 0, 0, 6, 44, 9, 147, 9, 101, 1]
Database.insertRecord() 18 2700 2716 15 22 [17, 0, 2, 0, 10, 0, 203, 121, 250, 1, 144, 20, 40, 2]
Decoded Phoenix Ref [0x11, 0x0, 0x2, 0x0, 0xa, 0x0, 0xcb, 0x79, 0xfa, 0x1, 0x90, 0x14, 0x28, 0x2] to [0x12, 0xa8c, 0x11, 0x2, 0xa, 0x1fa79cb, 0x2281490]
Database.insertRecord() 18 2716 2730 13 20 [2, 0, 79, 48, 251, 1, 6, 12, 214, 1, 20, 5]
Decoded Bacon Sample [0x2, 0x0, 0x4f, 0x30, 0xfb, 0x1, 0x6, 0xc, 0xd6, 0x1, 0x14, 0x5] to [0x12, 0xa9c, 0x2, 0x1fb304f, 0xc06, 0x1d6, 0x514]
receive eos Message <CxEosReport> 
  [owner=0x12]
  [status=0x1]

PROG 1599803839.45  Node 12 transfer completed
REC 18 no gap
receive fwd status 2
REF 1599803823.42 17 10 36753057 1 [8, 2, 1]
Status Message <CxStatus> 
  [distance=0x1]
  [dataPending=0x1]
  [bw=0x2]
  [wakeupRC=0xa]
  [wakeupTS=0x230cea1]
  [pushCookie=0xc70]
  [writeCookie=0xdd4]
  [missingLength=0x0]
  [subnetChannel=0x0]
  [sampleInterval=0x96000]
  [role=0x0]
  [barcode=0x11 0x0 0x0 0x0 0x0 0x0 0x0 0x4 ]
  [neighbors=0x8 0x2 0x1 0xffff 0xffff 0xffff 0xffff 0xffff 0xffff 0xffff 0xffff 0xffff 0xffff 0xffff 0xffff 0xffff ]

PROG 1599803839.84 Contacted 11 (3 neighbors). 356 queued, 0 in current request
RPR rx from 17 len 84 nc 3252 records 4
Database.insertRecord() 17 3184 3204 19 18 [10, 0, 87, 197, 212, 1, 17, 0, 0, 0, 0, 0, 0, 5, 54, 9, 109, 1]
Database.insertRecord() 17 3204 3218 13 20 [10, 0, 79, 176, 213, 1, 23, 12, 122, 1, 22, 5]
Decoded Bacon Sample [0xa, 0x0, 0x4f, 0xb0, 0xd5, 0x1, 0x17, 0xc, 0x7a, 0x1, 0x16, 0x5] to [0x11, 0xc84, 0xa, 0x1d5b04f, 0xc17, 0x17a, 0x516]
Database.insertRecord() 17 3218 3238 19 18 [10, 0, 87, 37, 222, 1, 17, 0, 0, 0, 0, 0, 0, 5, 54, 9, 115, 1]
Database.insertRecord() 17 3238 3252 13 20 [10, 0, 79, 16, 223, 1, 24, 12, 93, 1, 22, 5]
Decoded Bacon Sample [0xa, 0x0, 0x4f, 0x10, 0xdf, 0x1, 0x18, 0xc, 0x5d, 0x1, 0x16, 0x5] to [0x11, 0xca6, 0xa, 0x1df104f, 0xc18, 0x15d, 0x516]
RPR rx from 17 len 84 nc 3320 records 4
Database.insertRecord() 17 3252 3272 19 18 [10, 0, 87, 133, 231, 1, 17, 0, 0, 0, 0, 0, 0, 5, 55, 9, 85, 1]
Database.insertRecord() 17 3272 3286 13 20 [10, 0, 79, 112, 232, 1, 17, 12, 103, 1, 21, 5]
Decoded Bacon Sample [0xa, 0x0, 0x4f, 0x70, 0xe8, 0x1, 0x11, 0xc, 0x67, 0x1, 0x15, 0x5] to [0x11, 0xcc8, 0xa, 0x1e8704f, 0xc11, 0x167, 0x515]
Database.insertRecord() 17 3286 3306 19 18 [10, 0, 87, 229, 240, 1, 17, 0, 0, 0, 0, 0, 0, 5, 54, 9, 95, 1]
Database.insertRecord() 17 3306 3320 13 20 [10, 0, 79, 208, 241, 1, 22, 12, 88, 1, 21, 5]
Decoded Bacon Sample [0xa, 0x0, 0x4f, 0xd0, 0xf1, 0x1, 0x16, 0xc, 0x58, 0x1, 0x15, 0x5] to [0x11, 0xcea, 0xa, 0x1f1d04f, 0xc16, 0x158, 0x515]
RPR rx from 17 len 86 nc 3390 records 4
Database.insertRecord() 17 3320 3340 19 18 [10, 0, 87, 69, 250, 1, 17, 0, 0, 0, 0, 0, 0, 5, 54, 9, 110, 1]
Database.insertRecord() 17 3340 3356 15 22 [8, 0, 10, 0, 7, 0, 119, 118, 250, 1, 157, 20, 151, 1]
Decoded Phoenix Ref [0x8, 0x0, 0xa, 0x0, 0x7, 0x0, 0x77, 0x76, 0xfa, 0x1, 0x9d, 0x14, 0x97, 0x1] to [0x11, 0xd0c, 0x8, 0xa, 0x7, 0x1fa7677, 0x197149d]
Database.insertRecord() 17 3356 3370 13 20 [10, 0, 79, 48, 251, 1, 24, 12, 97, 1, 22, 5]
Decoded Bacon Sample [0xa, 0x0, 0x4f, 0x30, 0xfb, 0x1, 0x18, 0xc, 0x61, 0x1, 0x16, 0x5] to [0x11, 0xd1c, 0xa, 0x1fb304f, 0xc18, 0x161, 0x516]
Database.insertRecord() 17 3370 3390 19 18 [10, 0, 87, 165, 3, 2, 17, 0, 0, 0, 0, 0, 0, 5, 54, 9, 112, 1]
RPR rx from 17 len 84 nc 3458 records 4
Database.insertRecord() 17 3390 3404 13 20 [10, 0, 79, 144, 4, 2, 23, 12, 117, 1, 23, 5]
Decoded Bacon Sample [0xa, 0x0, 0x4f, 0x90, 0x4, 0x2, 0x17, 0xc, 0x75, 0x1, 0x17, 0x5] to [0x11, 0xd3e, 0xa, 0x204904f, 0xc17, 0x175, 0x517]
Database.insertRecord() 17 3404 3424 19 18 [10, 0, 87, 5, 13, 2, 17, 0, 0, 0, 0, 0, 0, 5, 54, 9, 89, 1]
Database.insertRecord() 17 3424 3438 13 20 [10, 0, 79, 240, 13, 2, 21, 12, 138, 1, 23, 5]
Decoded Bacon Sample [0xa, 0x0, 0x4f, 0xf0, 0xd, 0x2, 0x15, 0xc, 0x8a, 0x1, 0x17, 0x5] to [0x11, 0xd60, 0xa, 0x20df04f, 0xc15, 0x18a, 0x517]
Database.insertRecord() 17 3438 3458 19 18 [10, 0, 87, 101, 22, 2, 17, 0, 0, 0, 0, 0, 0, 5, 54, 9, 113, 1]
2 elapsed, commit
RPR rx from 17 len 84 nc 3526 records 4
Database.insertRecord() 17 3458 3472 13 20 [10, 0, 79, 80, 23, 2, 21, 12, 99, 1, 22, 5]
Decoded Bacon Sample [0xa, 0x0, 0x4f, 0x50, 0x17, 0x2, 0x15, 0xc, 0x63, 0x1, 0x16, 0x5] to [0x11, 0xd82, 0xa, 0x217504f, 0xc15, 0x163, 0x516]
Database.insertRecord() 17 3472 3492 19 18 [10, 0, 87, 197, 31, 2, 17, 0, 0, 0, 0, 0, 0, 5, 53, 9, 111, 1]
Database.insertRecord() 17 3492 3506 13 20 [10, 0, 79, 176, 32, 2, 23, 12, 92, 1, 23, 5]
Decoded Bacon Sample [0xa, 0x0, 0x4f, 0xb0, 0x20, 0x2, 0x17, 0xc, 0x5c, 0x1, 0x17, 0x5] to [0x11, 0xda4, 0xa, 0x220b04f, 0xc17, 0x15c, 0x517]
Database.insertRecord() 17 3506 3526 19 18 [10, 0, 87, 37, 41, 2, 17, 0, 0, 0, 0, 0, 0, 5, 53, 9, 80, 1]
RPR rx from 17 len 18 nc 3540 records 1
Database.insertRecord() 17 3526 3540 13 20 [10, 0, 79, 16, 42, 2, 22, 12, 94, 1, 22, 5]
Decoded Bacon Sample [0xa, 0x0, 0x4f, 0x10, 0x2a, 0x2, 0x16, 0xc, 0x5e, 0x1, 0x16, 0x5] to [0x11, 0xdc6, 0xa, 0x22a104f, 0xc16, 0x15e, 0x516]
receive fwd status 2
receive eos Message <CxEosReport> 
  [owner=0x11]
  [status=0x1]

PROG 1599803841.02  Node 11 transfer completed
REC 17 no gap
REF 1599803823.42 8 7 30240148 1 [2, 1]
Status Message <CxStatus> 
  [distance=0x1]
  [dataPending=0x1]
  [bw=0x2]
  [wakeupRC=0x7]
  [wakeupTS=0x1cd6d94]
  [pushCookie=0xa7a]
  [writeCookie=0xca0]
  [missingLength=0x0]
  [subnetChannel=0x0]
  [sampleInterval=0x96000]
  [role=0x0]
  [barcode=0x8 0x0 0x0 0x0 0x0 0x0 0x0 0x4 ]
  [neighbors=0x2 0x1 0xffff 0xffff 0xffff 0xffff 0xffff 0xffff 0xffff 0xffff 0xffff 0xffff 0xffff 0xffff 0xffff 0xffff ]

PROG 1599803841.43 Contacted 8 (2 neighbors). 550 queued, 0 in current request
RPR rx from 8 len 68 nc 2738 records 3
Database.insertRecord() 8 2682 2696 13 20 [7, 0, 77, 208, 91, 1, 18, 12, 0, 2, 18, 5]
Decoded Bacon Sample [0x7, 0x0, 0x4d, 0xd0, 0x5b, 0x1, 0x12, 0xc, 0x0, 0x2, 0x12, 0x5] to [0x8, 0xa7a, 0x7, 0x15bd04d, 0xc12, 0x200, 0x512]
Database.insertRecord() 8 2696 2724 27 18 [7, 0, 97, 69, 100, 1, 8, 0, 0, 0, 0, 0, 0, 5, 99, 1, 64, 1, 63, 1, 79, 1, 85, 1, 14, 9]
Database.insertRecord() 8 2724 2738 13 20 [7, 0, 77, 48, 101, 1, 18, 12, 48, 2, 18, 5]
Decoded Bacon Sample [0x7, 0x0, 0x4d, 0x30, 0x65, 0x1, 0x12, 0xc, 0x30, 0x2, 0x12, 0x5] to [0x8, 0xaa4, 0x7, 0x165304d, 0xc12, 0x230, 0x512]
RPR rx from 8 len 82 nc 2808 records 3
Database.insertRecord() 8 2738 2766 27 18 [7, 0, 97, 165, 109, 1, 8, 0, 0, 0, 0, 0, 0, 5, 59, 1, 64, 1, 61, 1, 78, 1, 94, 1, 14, 9]
Database.insertRecord() 8 2766 2780 13 20 [7, 0, 77, 144, 110, 1, 17, 12, 50, 2, 18, 5]
Decoded Bacon Sample [0x7, 0x0, 0x4d, 0x90, 0x6e, 0x1, 0x11, 0xc, 0x32, 0x2, 0x12, 0x5] to [0x8, 0xace, 0x7, 0x16e904d, 0xc11, 0x232, 0x512]
Database.insertRecord() 8 2780 2808 27 18 [7, 0, 97, 5, 119, 1, 8, 0, 0, 0, 0, 0, 0, 5, 93, 1, 63, 1, 68, 1, 83, 1, 82, 1, 15, 9]
receive fwd status 2
RPR rx from 8 len 68 nc 2864 records 3
Database.insertRecord() 8 2808 2822 13 20 [7, 0, 77, 240, 119, 1, 18, 12, 22, 2, 18, 5]
Decoded Bacon Sample [0x7, 0x0, 0x4d, 0xf0, 0x77, 0x1, 0x12, 0xc, 0x16, 0x2, 0x12, 0x5] to [0x8, 0xaf8, 0x7, 0x177f04d, 0xc12, 0x216, 0x512]
Database.insertRecord() 8 2822 2850 27 18 [7, 0, 97, 101, 128, 1, 8, 0, 0, 0, 0, 0, 0, 5, 96, 1, 63, 1, 63, 1, 82, 1, 87, 1, 15, 9]
Database.insertRecord() 8 2850 2864 13 20 [7, 0, 77, 80, 129, 1, 13, 12, 19, 2, 19, 5]
Decoded Bacon Sample [0x7, 0x0, 0x4d, 0x50, 0x81, 0x1, 0xd, 0xc, 0x13, 0x2, 0x13, 0x5] to [0x8, 0xb22, 0x7, 0x181504d, 0xc0d, 0x213, 0x513]
RPR rx from 8 len 70 nc 2922 records 3
Database.insertRecord() 8 2864 2892 27 18 [7, 0, 97, 197, 137, 1, 8, 0, 0, 0, 0, 0, 0, 5, 67, 1, 63, 1, 64, 1, 75, 1, 83, 1, 15, 9]
Database.insertRecord() 8 2892 2908 15 22 [2, 0, 7, 0, 130, 6, 126, 241, 137, 1, 161, 112, 202, 1]
Decoded Phoenix Ref [0x2, 0x0, 0x7, 0x0, 0x82, 0x6, 0x7e, 0xf1, 0x89, 0x1, 0xa1, 0x70, 0xca, 0x1] to [0x8, 0xb4c, 0x2, 0x7, 0x682, 0x189f17e, 0x1ca70a1]
Database.insertRecord() 8 2908 2922 13 20 [7, 0, 77, 176, 138, 1, 12, 12, 239, 1, 18, 5]
Decoded Bacon Sample [0x7, 0x0, 0x4d, 0xb0, 0x8a, 0x1, 0xc, 0xc, 0xef, 0x1, 0x12, 0x5] to [0x8, 0xb5c, 0x7, 0x18ab04d, 0xc0c, 0x1ef, 0x512]
RPR rx from 8 len 82 nc 2992 records 3
Database.insertRecord() 8 2922 2950 27 18 [7, 0, 97, 37, 147, 1, 8, 0, 0, 0, 0, 0, 0, 5, 86, 1, 64, 1, 61, 1, 80, 1, 83, 1, 15, 9]
Database.insertRecord() 8 2950 2964 13 20 [7, 0, 77, 16, 148, 1, 20, 12, 243, 1, 19, 5]
Decoded Bacon Sample [0x7, 0x0, 0x4d, 0x10, 0x94, 0x1, 0x14, 0xc, 0xf3, 0x1, 0x13, 0x5] to [0x8, 0xb86, 0x7, 0x194104d, 0xc14, 0x1f3, 0x513]
Database.insertRecord() 8 2964 2992 27 18 [7, 0, 97, 133, 156, 1, 8, 0, 0, 0, 0, 0, 0, 5, 99, 1, 64, 1, 68, 1, 76, 1, 83, 1, 15, 9]
RPR rx from 8 len 68 nc 3048 records 3
Database.insertRecord() 8 2992 3006 13 20 [7, 0, 77, 112, 157, 1, 20, 12, 28, 2, 18, 5]
Decoded Bacon Sample [0x7, 0x0, 0x4d, 0x70, 0x9d, 0x1, 0x14, 0xc, 0x1c, 0x2, 0x12, 0x5] to [0x8, 0xbb0, 0x7, 0x19d704d, 0xc14, 0x21c, 0x512]
Database.insertRecord() 8 3006 3034 27 18 [7, 0, 97, 229, 165, 1, 8, 0, 0, 0, 0, 0, 0, 5, 99, 1, 63, 1, 66, 1, 80, 1, 88, 1, 14, 9]
Database.insertRecord() 8 3034 3048 13 20 [7, 0, 77, 208, 166, 1, 18, 12, 3, 2, 19, 5]
Decoded Bacon Sample [0x7, 0x0, 0x4d, 0xd0, 0xa6, 0x1, 0x12, 0xc, 0x3, 0x2, 0x13, 0x5] to [0x8, 0xbda, 0x7, 0x1a6d04d, 0xc12, 0x203, 0x513]
RPR rx from 8 len 82 nc 3118 records 3
Database.insertRecord() 8 3048 3076 27 18 [7, 0, 97, 69, 175, 1, 8, 0, 0, 0, 0, 0, 0, 5, 95, 1, 62, 1, 62, 1, 76, 1, 82, 1, 14, 9]
Database.insertRecord() 8 3076 3090 13 20 [7, 0, 77, 48, 176, 1, 10, 12, 27, 2, 20, 5]
Decoded Bacon Sample [0x7, 0x0, 0x4d, 0x30, 0xb0, 0x1, 0xa, 0xc, 0x1b, 0x2, 0x14, 0x5] to [0x8, 0xc04, 0x7, 0x1b0304d, 0xc0a, 0x21b, 0x514]
Database.insertRecord() 8 3090 3118 27 18 [7, 0, 97, 165, 184, 1, 8, 0, 0, 0, 0, 0, 0, 5, 99, 1, 64, 1, 64, 1, 76, 1, 97, 1, 13, 9]
RPR rx from 8 len 70 nc 3176 records 3
Database.insertRecord() 8 3118 3132 13 20 [7, 0, 77, 144, 185, 1, 15, 12, 43, 2, 19, 5]
Decoded Bacon Sample [0x7, 0x0, 0x4d, 0x90, 0xb9, 0x1, 0xf, 0xc, 0x2b, 0x2, 0x13, 0x5] to [0x8, 0xc2e, 0x7, 0x1b9904d, 0xc0f, 0x22b, 0x513]
Database.insertRecord() 8 3132 3160 27 18 [7, 0, 97, 5, 194, 1, 8, 0, 0, 0, 0, 0, 0, 5, 99, 1, 61, 1, 63, 1, 81, 1, 96, 1, 13, 9]
Database.insertRecord() 8 3160 3176 15 22 [18, 0, 7, 0, 2, 0, 167, 49, 194, 1, 186, 248, 247, 1]
Decoded Phoenix Ref [0x12, 0x0, 0x7, 0x0, 0x2, 0x0, 0xa7, 0x31, 0xc2, 0x1, 0xba, 0xf8, 0xf7, 0x1] to [0x8, 0xc58, 0x12, 0x7, 0x2, 0x1c231a7, 0x1f7f8ba]
2 elapsed, commit
receive eos Message <CxEosReport> 
  [owner=0x8]
  [status=0x2]

PROG 1599803842.57  Node 8 transfer continues
receive fwd status 2
REF 1599803823.42 0 1086 1959 0 [18, 17, 8, 2, 1]
Status Message <CxStatus> 
  [distance=0x0]
  [dataPending=0x0]
  [bw=0x2]
  [wakeupRC=0x43e]
  [wakeupTS=0x7a7]
  [pushCookie=0x0]
  [writeCookie=0x0]
  [missingLength=0x0]
  [subnetChannel=0x0]
  [sampleInterval=0x7800]
  [role=0x2]
  [barcode=0x0 0x0 0x0 0x0 0x0 0x0 0x0 0x4 ]
  [neighbors=0x12 0x11 0x8 0x2 0x1 0xffff 0xffff 0xffff 0xffff 0xffff 0xffff 0xffff 0xffff 0xffff 0xffff 0xffff ]

PROG 1599803842.87 Contacted 0 (5 neighbors). 0 queued, 0 in current request
receive fwd status 2
receive eos Message <CxEosReport> 
  [owner=0x0]
  [status=0x1]

PROG 1599803844.12  Node 0 transfer completed
Skip BS pseudo cookie
REF 1599803823.42 8 7 30240148 1 [2, 1]
Status Message <CxStatus> 
  [distance=0x1]
  [dataPending=0x1]
  [bw=0x2]
  [wakeupRC=0x7]
  [wakeupTS=0x1cd6d94]
  [pushCookie=0xc68]
  [writeCookie=0xca0]
  [missingLength=0x0]
  [subnetChannel=0x0]
  [sampleInterval=0x96000]
  [role=0x0]
  [barcode=0x8 0x0 0x0 0x0 0x0 0x0 0x0 0x4 ]
  [neighbors=0x2 0x1 0xffff 0xffff 0xffff 0xffff 0xffff 0xffff 0xffff 0xffff 0xffff 0xffff 0xffff 0xffff 0xffff 0xffff ]

PROG 1599803844.49 Contacted 8 (2 neighbors). 56 queued, 0 in current request
2 elapsed, commit
RPR rx from 8 len 68 nc 3232 records 3
Database.insertRecord() 8 3176 3190 13 20 [7, 0, 77, 240, 194, 1, 20, 12, 9, 2, 18, 5]
Decoded Bacon Sample [0x7, 0x0, 0x4d, 0xf0, 0xc2, 0x1, 0x14, 0xc, 0x9, 0x2, 0x12, 0x5] to [0x8, 0xc68, 0x7, 0x1c2f04d, 0xc14, 0x209, 0x512]
Database.insertRecord() 8 3190 3218 27 18 [7, 0, 97, 101, 203, 1, 8, 0, 0, 0, 0, 0, 0, 5, 93, 1, 62, 1, 64, 1, 77, 1, 95, 1, 11, 9]
Database.insertRecord() 8 3218 3232 13 20 [7, 0, 77, 80, 204, 1, 8, 12, 64, 2, 18, 5]
Decoded Bacon Sample [0x7, 0x0, 0x4d, 0x50, 0xcc, 0x1, 0x8, 0xc, 0x40, 0x2, 0x12, 0x5] to [0x8, 0xc92, 0x7, 0x1cc504d, 0xc08, 0x240, 0x512]
receive fwd status 2
receive fwd status 2
receive eos Message <CxEosReport> 
  [owner=0x8]
  [status=0x1]

PROG 1599803845.68  Node 8 transfer completed
REC 8 no gap
REF 1599803823.42 0 1086 1959 0 [18, 17, 8, 2, 1]
Status Message <CxStatus> 
  [distance=0x0]
  [dataPending=0x0]
  [bw=0x2]
  [wakeupRC=0x43e]
  [wakeupTS=0x7a7]
  [pushCookie=0x0]
  [writeCookie=0x0]
  [missingLength=0x0]
  [subnetChannel=0x0]
  [sampleInterval=0x7800]
  [role=0x2]
  [barcode=0x0 0x0 0x0 0x0 0x0 0x0 0x0 0x4 ]
  [neighbors=0x12 0x11 0x8 0x2 0x1 0xffff 0xffff 0xffff 0xffff 0xffff 0xffff 0xffff 0xffff 0xffff 0xffff 0xffff ]

PROG 1599803846.05 Contacted 0 (5 neighbors). 0 queued, 0 in current request
receive fwd status 2
receive eos Message <CxEosReport> 
  [owner=0x0]
  [status=0x1]

PROG 1599803847.24  Node 0 transfer completed
Skip BS pseudo cookie
REF 1599803823.42 0 1086 1959 0 [18, 17, 8, 2, 1]
Status Message <CxStatus> 
  [distance=0x0]
  [dataPending=0x0]
  [bw=0x2]
  [wakeupRC=0x43e]
  [wakeupTS=0x7a7]
  [pushCookie=0x0]
  [writeCookie=0x0]
  [missingLength=0x0]
  [subnetChannel=0x0]
  [sampleInterval=0x7800]
  [role=0x2]
  [barcode=0x0 0x0 0x0 0x0 0x0 0x0 0x0 0x4 ]
  [neighbors=0x12 0x11 0x8 0x2 0x1 0xffff 0xffff 0xffff 0xffff 0xffff 0xffff 0xffff 0xffff 0xffff 0xffff 0xffff ]

PROG 1599803847.56 Contacted 0 (5 neighbors). 0 queued, 0 in current request
2 elapsed, commit
receive fwd status 2
receive fwd status 2
receive eos Message <CxEosReport> 
  [owner=0x0]
  [status=0x1]

PROG 1599803848.81  Node 0 transfer completed
Skip BS pseudo cookie
REF 1599803823.42 0 1086 1959 0 [18, 17, 8, 2, 1]
Status Message <CxStatus> 
  [distance=0x0]
  [dataPending=0x0]
  [bw=0x2]
  [wakeupRC=0x43e]
  [wakeupTS=0x7a7]
  [pushCookie=0x0]
  [writeCookie=0x0]
  [missingLength=0x0]
  [subnetChannel=0x0]
  [sampleInterval=0x7800]
  [role=0x2]
  [barcode=0x0 0x0 0x0 0x0 0x0 0x0 0x0 0x4 ]
  [neighbors=0x12 0x11 0x8 0x2 0x1 0xffff 0xffff 0xffff 0xffff 0xffff 0xffff 0xffff 0xffff 0xffff 0xffff 0xffff ]

PROG 1599803849.13 Contacted 0 (5 neighbors). 0 queued, 0 in current request
receive fwd status 2
RPR rx from 0 len 91 nc 62031 records 1
Database.insertRecord() 0 61944 62031 86 25 [0, 0, 1, 0, 4, 62, 0, 0, 7, 167, 0, 0, 0, 18, 0, 17, 0, 8, 0, 2, 0, 1, 255, 255, 255, 255, 255, 255, 255, 255, 255, 255, 255, 255, 255, 255, 255, 255, 255, 255, 255, 255, 255, 255, 255, 255, 255, 255, 255, 255, 255, 255, 255, 255, 255, 255, 255, 255, 255, 255, 0, 1, 1, 1, 1, 1, 255, 255, 255, 255, 255, 255, 255, 255, 255, 255, 255, 255, 255, 255, 255, 255, 255, 255, 255]
2 elapsed, commit
FINISHED
receive eos Message <CxEosReport> 
  [owner=0x0]
  [status=0x1]

PROG 1599803850.52  Node 0 transfer completed
Skip BS pseudo cookie
Cleaning up
clearing
receive fwd status 2
Clearing RX Queue
QUEUE CLEARED
cleared
finished
waiting for db stop
synchronous stop
explicit close
explicit closedb stopped
done for real

PROG 1599803851.96 Finished.
PROG 1599803851.96 Download finished: 6/6 identified nodes contacted
selection:  []
(2, 614400, 0, 0)
(8, 614400, 0, 0)
(1, 614400, 0, 0)
(17, 614400, 0, 0)
(0, 30720, 0, 2)
(18, 614400, 0, 0)
Channel maps {0: {0: ['0x0400000000000002', '0x0400000000000008', '0x0400000000000001', '0x0400000000000011', '0x0400000000000012'], 2: ['0x0400000000000000']}}
0x0400000000000008 0 0x0500000000000008
0x0400000000000011 0 0x0500000000000011
0x0400000000000012 0 0x0600000000000012
explicit close
delete insert object, signal stop
delete insert object, signal stop
