database0.sqlite passed integrity check
network_membership OK
active_period OK
toast_sample OK
packet OK
log_record OK
node_status OK
cookie_table OK
toast_connection OK
bacon_sample OK
toast_disconnection OK
sensor_connection OK
phoenix_reference OK
sensor_sample OK
bacon_settings OK
base_reference OK
last_bs OK
last_ap OK
last_connection OK
last_status OK
last_disconnection OK
DBQ database0.sqlite
DBQ database0.sqlite
selection:  []
(272, 614400, 0, 0)
(274, 61440, 0, 0)
(275, 614400, 0, 0)
(276, 614400, 0, 0)
(278, 614400, 0, 0)
(282, 614400, 0, 0)
(281, 614400, 0, 0)
(271, 614400, 0, 0)
(284, 614400, 0, 0)
(285, 614400, 0, 0)
(1, 614400, 0, 0)
(0, 30720, 0, 2)
Channel maps {0: {0: ['0x0400000000000110', '0x0400000000000112', '0x0400000000000113', '0x0400000000000114', '0x0400000000000116', '0x040000000000011a', '0x0400000000000119', '0x040000000000010f', '0x040000000000011c', '0x040000000000011d', '0xffffffffffffffff'], 2: ['0x0400000000000000']}}
0x040000000000010f 0 0x0600000000000065
0x0400000000000110 0 0x060000000000006f
0x0400000000000112 0 0x0600000000000067
0x0400000000000113 0 0x060000000000006a
0x0400000000000114 0 0x0600000000000082
0x0400000000000116 0 0x0600000000000068
0x0400000000000119 0 0x0600000000000066
0x040000000000011a 0 0x0600000000000069
0x040000000000011c 0 0x0500000000000012
0x040000000000011d 0 0x0500000000000011
Note: mouse wheel not implemented on Mac OS
PROG 1601746725.50 Patch Download Started
patch download 0
serial@/dev/tty.usbserial-AE01BDNV:115200
DatabaseMissing() downloadThread
receive fwd status 2
ns 0: pi 1024 if 1 md 10 -> 327680
ns 1: pi 1024 if 1 md 5 -> 163840
ns 2: pi 1024 if 1 md 5 -> 163840
Setting MDR to  1000
receive fwd status 2
Wakeup start 1601746727.82
ACK 0
receive fwd status 2
receive fwd status 2
receive fwd status 2
receive fwd status 2
receive fwd status 2
receive fwd status 2
REF 1601746727.83 0 1165 1958 0 []
Status Message <CxStatus> 
  [distance=0x0]
  [dataPending=0x0]
  [bw=0x2]
  [wakeupRC=0x48d]
  [wakeupTS=0x7a6]
  [pushCookie=0x0]
  [writeCookie=0x0]
  [missingLength=0x0]
  [subnetChannel=0x0]
  [sampleInterval=0x7800]
  [role=0x2]
  [barcode=0x0 0x0 0x0 0x0 0x0 0x0 0x0 0x4 ]
  [neighbors=0xffff 0xffff 0xffff 0xffff 0xffff 0xffff 0xffff 0xffff 0xffff 0xffff 0xffff 0xffff 0xffff 0xffff 0xffff 0xffff ]

PROG 1601746733.19 Contacted 0 (0 neighbors). 0 queued, 0 in current request
2 elapsed, commit
receive fwd status 2
receive eos Message <CxEosReport> 
  [owner=0x0]
  [status=0x1]

PROG 1601746734.45  Node 0 transfer completed
Skip BS pseudo cookie
REF 1601746727.83 0 1165 1958 0 []
Status Message <CxStatus> 
  [distance=0x0]
  [dataPending=0x0]
  [bw=0x2]
  [wakeupRC=0x48d]
  [wakeupTS=0x7a6]
  [pushCookie=0x0]
  [writeCookie=0x0]
  [missingLength=0x0]
  [subnetChannel=0x0]
  [sampleInterval=0x7800]
  [role=0x2]
  [barcode=0x0 0x0 0x0 0x0 0x0 0x0 0x0 0x4 ]
  [neighbors=0xffff 0xffff 0xffff 0xffff 0xffff 0xffff 0xffff 0xffff 0xffff 0xffff 0xffff 0xffff 0xffff 0xffff 0xffff 0xffff ]

PROG 1601746734.78 Contacted 0 (0 neighbors). 0 queued, 0 in current request
receive fwd status 2
receive eos Message <CxEosReport> 
  [owner=0x0]
  [status=0x1]

receive fwd status 2
PROG 1601746736.04  Node 0 transfer completed
Skip BS pseudo cookie
REF 1601746727.83 0 1165 1958 0 []
Status Message <CxStatus> 
  [distance=0x0]
  [dataPending=0x0]
  [bw=0x2]
  [wakeupRC=0x48d]
  [wakeupTS=0x7a6]
  [pushCookie=0x0]
  [writeCookie=0x0]
  [missingLength=0x0]
  [subnetChannel=0x0]
  [sampleInterval=0x7800]
  [role=0x2]
  [barcode=0x0 0x0 0x0 0x0 0x0 0x0 0x0 0x4 ]
  [neighbors=0xffff 0xffff 0xffff 0xffff 0xffff 0xffff 0xffff 0xffff 0xffff 0xffff 0xffff 0xffff 0xffff 0xffff 0xffff 0xffff ]

PROG 1601746736.36 Contacted 0 (0 neighbors). 0 queued, 0 in current request
2 elapsed, commit
receive fwd status 2
receive eos Message <CxEosReport> 
  [owner=0x0]
  [status=0x1]

PROG 1601746737.58  Node 0 transfer completed
Skip BS pseudo cookie
REF 1601746727.83 0 1165 1958 0 []
Status Message <CxStatus> 
  [distance=0x0]
  [dataPending=0x0]
  [bw=0x2]
  [wakeupRC=0x48d]
  [wakeupTS=0x7a6]
  [pushCookie=0x0]
  [writeCookie=0x0]
  [missingLength=0x0]
  [subnetChannel=0x0]
  [sampleInterval=0x7800]
  [role=0x2]
  [barcode=0x0 0x0 0x0 0x0 0x0 0x0 0x0 0x4 ]
  [neighbors=0xffff 0xffff 0xffff 0xffff 0xffff 0xffff 0xffff 0xffff 0xffff 0xffff 0xffff 0xffff 0xffff 0xffff 0xffff 0xffff ]

PROG 1601746737.90 Contacted 0 (0 neighbors). 0 queued, 0 in current request
receive fwd status 2
receive fwd status 2
RPR rx from 0 len 91 nc 67338 records 1
Database.insertRecord() 0 67251 67338 86 25 [0, 0, 1, 0, 4, 141, 0, 0, 7, 166, 0, 0, 255, 255, 255, 255, 255, 255, 255, 255, 255, 255, 255, 255, 255, 255, 255, 255, 255, 255, 255, 255, 255, 255, 255, 255, 255, 255, 255, 255, 255, 255, 255, 255, 255, 255, 255, 255, 255, 255, 255, 255, 255, 255, 2 elapsed, commit
255, 255, 255, 255, 255, 255, 0, 255, 255, 255, 255, 255, 255, 255, 255, 255, 255, 255, 255, 255, 255, 255, 255, 255, 255, 255, 255, 255, 255, 255, 255]
FINISHED
receive eos Message <CxEosReport> 
  [owner=0x0]
  [status=0x1]

PROG 1601746739.26  Node 0 transfer completed
Skip BS pseudo cookie
Cleaning up
clearing
receive fwd status 2
Clearing RX Queue
QUEUE CLEARED
cleared
finished
waiting for db stop
synchronous stop
explicit close
explicit closedb stopped

done for real
PROG 1601746741.11 Finished.
PROG 1601746741.12 Download finished: 1/1 identified nodes contacted
selection:  []
(272, 614400, 0, 0)
(274, 61440, 0, 0)
(275, 614400, 0, 0)
(276, 614400, 0, 0)
(278, 614400, 0, 0)
(282, 614400, 0, 0)
(281, 614400, 0, 0)
(271, 614400, 0, 0)
(284, 614400, 0, 0)
(285, 614400, 0, 0)
(1, 614400, 0, 0)
(0, 30720, 0, 2)
Channel maps {0: {0: ['0x0400000000000110', '0x0400000000000112', '0x0400000000000113', '0x0400000000000114', '0x0400000000000116', '0x040000000000011a', '0x0400000000000119', '0x040000000000010f', '0x040000000000011c', '0x040000000000011d', '0xffffffffffffffff'], 2: ['0x0400000000000000']}}
0x040000000000010f 0 0x0600000000000065
0x0400000000000110 0 0x060000000000006f
0x0400000000000112 0 0x0600000000000067
0x0400000000000113 0 0x060000000000006a
0x0400000000000114 0 0x0600000000000082
0x0400000000000116 0 0x0600000000000068
0x0400000000000119 0 0x0600000000000066
0x040000000000011a 0 0x0600000000000069
0x040000000000011c 0 0x0500000000000012
delete insert object, signal stop
0x040000000000011d 0 0x0500000000000011
PROG 1601746743.49 Patch Download Started
patch download 0
serial@/dev/tty.usbserial-AE01BDNV:115200
DatabaseMissing() downloadThread
receive fwd status 2
ns 0: pi 1024 if 1 md 10 -> 327680
ns 1: pi 1024 if 1 md 5 -> 163840
ns 2: pi 1024 if 1 md 5 -> 163840
Setting MDR to  1000
receive fwd status 2
Wakeup start 1601746745.82
ACK 0
receive fwd status 2
receive fwd status 2
receive fwd status 2
receive fwd status 2
receive fwd status 2
receive fwd status 2
REF 1601746745.83 0 1166 1959 0 []
Status Message <CxStatus> 
  [distance=0x0]
  [dataPending=0x0]
  [bw=0x2]
  [wakeupRC=0x48e]
  [wakeupTS=0x7a7]
  [pushCookie=0x0]
  [writeCookie=0x0]
  [missingLength=0x0]
  [subnetChannel=0x0]
  [sampleInterval=0x7800]
  [role=0x2]
  [barcode=0x0 0x0 0x0 0x0 0x0 0x0 0x0 0x4 ]
  [neighbors=0xffff 0xffff 0xffff 0xffff 0xffff 0xffff 0xffff 0xffff 0xffff 0xffff 0xffff 0xffff 0xffff 0xffff 0xffff 0xffff ]

PROG 1601746751.20 Contacted 0 (0 neighbors). 0 queued, 0 in current request
2 elapsed, commit
receive fwd status 2
receive eos Message <CxEosReport> 
  [owner=0x0]
  [status=0x1]

PROG 1601746752.47  Node 0 transfer completed
Skip BS pseudo cookie
REF 1601746745.83 0 1166 1959 0 []
Status Message <CxStatus> 
  [distance=0x0]
  [dataPending=0x0]
  [bw=0x2]
  [wakeupRC=0x48e]
  [wakeupTS=0x7a7]
  [pushCookie=0x0]
  [writeCookie=0x0]
  [missingLength=0x0]
  [subnetChannel=0x0]
  [sampleInterval=0x7800]
  [role=0x2]
  [barcode=0x0 0x0 0x0 0x0 0x0 0x0 0x0 0x4 ]
  [neighbors=0xffff 0xffff 0xffff 0xffff 0xffff 0xffff 0xffff 0xffff 0xffff 0xffff 0xffff 0xffff 0xffff 0xffff 0xffff 0xffff ]

PROG 1601746752.79 Contacted 0 (0 neighbors). 0 queued, 0 in current request
receive fwd status 2
receive eos Message <CxEosReport> 
  [owner=0x0]
  [status=0x1]

receive fwd status 2
PROG 1601746754.04  Node 0 transfer completed
Skip BS pseudo cookie
REF 1601746745.83 0 1166 1959 0 []
Status Message <CxStatus> 
  [distance=0x0]
  [dataPending=0x0]
  [bw=0x2]
  [wakeupRC=0x48e]
  [wakeupTS=0x7a7]
  [pushCookie=0x0]
  [writeCookie=0x0]
  [missingLength=0x0]
  [subnetChannel=0x0]
  [sampleInterval=0x7800]
  [role=0x2]
  [barcode=0x0 0x0 0x0 0x0 0x0 0x0 0x0 0x4 ]
  [neighbors=0xffff 0xffff 0xffff 0xffff 0xffff 0xffff 0xffff 0xffff 0xffff 0xffff 0xffff 0xffff 0xffff 0xffff 0xffff 0xffff ]

PROG 1601746754.35 Contacted 0 (0 neighbors). 0 queued, 0 in current request
2 elapsed, commit
receive fwd status 2
receive eos Message <CxEosReport> 
  [owner=0x0]
  [status=0x1]

PROG 1601746755.65  Node 0 transfer completed
Skip BS pseudo cookie
REF 1601746745.83 0 1166 1959 0 []
Status Message <CxStatus> 
  [distance=0x0]
  [dataPending=0x0]
  [bw=0x2]
  [wakeupRC=0x48e]
  [wakeupTS=0x7a7]
  [pushCookie=0x0]
  [writeCookie=0x0]
  [missingLength=0x0]
  [subnetChannel=0x0]
  [sampleInterval=0x7800]
  [role=0x2]
  [barcode=0x0 0x0 0x0 0x0 0x0 0x0 0x0 0x4 ]
  [neighbors=0xffff 0xffff 0xffff 0xffff 0xffff 0xffff 0xffff 0xffff 0xffff 0xffff 0xffff 0xffff 0xffff 0xffff 0xffff 0xffff ]

PROG 1601746755.91 Contacted 0 (0 neighbors). 0 queued, 0 in current request
receive fwd status 2
