database0.sqlite passed integrity check
network_membership OK
active_period OK
toast_sample OK
packet OK
log_record OK
node_status OK
cookie_table OK
toast_connection OK
bacon_sample OK
toast_disconnection OK
sensor_connection OK
phoenix_reference OK
sensor_sample OK
bacon_settings OK
base_reference OK
last_bs OK
last_ap OK
last_connection OK
last_status OK
last_disconnection OK
DBQ database0.sqlite
DBQ database0.sqlite
selection:  []
(276, 614400, 0, 0)
(274, 61440, 0, 0)
(285, 614400, 0, 0)
(0, 30720, 0, 2)
(278, 614400, 0, 0)
Channel maps {0: {0: ['0x0400000000000114', '0x0400000000000112', '0x040000000000011d', '0x0400000000000116'], 2: ['0x0400000000000000']}}
0x0400000000000112 0 0x0600000000000067
0x0400000000000114 0 0x0600000000000082
0x0400000000000116 0 0x0600000000000068
0x040000000000011d 0 0x0500000000000011
Note: mouse wheel not implemented on Mac OS
