database0.sqlite passed integrity check
network_membership OK
active_period OK
toast_sample OK
packet OK
log_record OK
node_status OK
cookie_table OK
toast_connection OK
bacon_sample OK
toast_disconnection OK
sensor_connection OK
phoenix_reference OK
sensor_sample OK
bacon_settings OK
base_reference OK
last_bs OK
last_ap OK
last_connection OK
last_status OK
last_disconnection OK
DBQ database0.sqlite
DBQ database0.sqlite
selection:  []
(2, 614400, 0, 0)
(8, 614400, 95, 0)
(6, 30720, 0, 2)
(18, 614400, 95, 0)
(17, 614400, 0, 0)
(1, 614400, 0, 0)
Channel maps {0: {0: ['0x0400000000000002', '0x0400000000000011', '0x0400000000000001'], 2: ['0x0400000000000006']}, 95: {0: ['0x0400000000000008', '0x0400000000000012']}}
0x0400000000000008 0 0x0500000000000008
Note: mouse wheel not implemented on Mac OS
selection:  []
(2, 614400, 223, 0)
(8, 614400, 95, 0)
(6, 30720, 0, 2)
(18, 614400, 95, 0)
(17, 614400, 0, 0)
(1, 614400, 0, 0)
Channel maps {0: {0: ['0x0400000000000011', '0x0400000000000001'], 2: ['0x0400000000000006']}, 95: {0: ['0x0400000000000008', '0x0400000000000012']}, 223: {0: ['0x0400000000000002']}}
0x0400000000000008 0 0x0500000000000008
