database0.sqlite passed integrity check
network_membership OK
active_period OK
toast_sample OK
packet OK
log_record OK
node_status OK
cookie_table OK
toast_connection OK
bacon_sample OK
toast_disconnection OK
sensor_connection OK
phoenix_reference OK
sensor_sample OK
bacon_settings OK
base_reference OK
last_bs OK
last_ap OK
last_connection OK
last_status OK
last_disconnection OK
DBQ database0.sqlite
DBQ database0.sqlite
selection:  []
(17, 614400, 0, 0)
(8, 614400, 159, 0)
(6, 30720, 191, 2)
(1, 614400, 0, 0)
(2, 614400, 191, 0)
(18, 614400, 95, 0)
Channel maps {0: {0: ['0x0400000000000011', '0x0400000000000001']}, 95: {0: ['0x0400000000000012']}, 191: {0: ['0x0400000000000002'], 2: ['0x0400000000000006']}, 159: {0: ['0x0400000000000008']}}
Note: mouse wheel not implemented on Mac OS
PROG 1611415795.56 Patch Download Started
patch download 159
serial@/dev/tty.usbserial-AE01BDNV:115200
DatabaseMissing() downloadThread
receive fwd status 2
ns 0: pi 1024 if 1 md 10 -> 327680
ns 1: pi 1024 if 1 md 5 -> 163840
ns 2: pi 1024 if 1 md 5 -> 163840
Setting MDR to  1000
receive fwd status 2
Wakeup start 1611415797.89
ACK 0
receive fwd status 2
receive fwd status 2
receive fwd status 2
receive fwd status 2
receive fwd status 2
receive fwd status 2
REF 1611415797.89 6 48 1949 0 [8]
Status Message <CxStatus> 
  [distance=0x0]
  [dataPending=0x0]
  [bw=0x2]
  [wakeupRC=0x30]
  [wakeupTS=0x79d]
  [pushCookie=0x0]
  [writeCookie=0x0]
  [missingLength=0x0]
  [subnetChannel=0x9f]
  [sampleInterval=0x7800]
  [role=0x2]
  [barcode=0x6 0x0 0x0 0x0 0x0 0x0 0x0 0x4 ]
  [neighbors=0x8 0xffff 0xffff 0xffff 0xffff 0xffff 0xffff 0xffff 0xffff 0xffff 0xffff 0xffff 0xffff 0xffff 0xffff 0xffff ]

PROG 1611415803.30 Contacted 6 (1 neighbors). 0 queued, 0 in current request
2 elapsed, commit
receive fwd status 2
receive eos Message <CxEosReport> 
  [owner=0x6]
  [status=0x1]

PROG 1611415804.56  Node 6 transfer completed
Skip BS pseudo cookie
REF 1611415797.89 8 9 617477 1 []
Status Message <CxStatus> 
  [distance=0x1]
  [dataPending=0x1]
  [bw=0x2]
  [wakeupRC=0x9]
  [wakeupTS=0x96c05]
  [pushCookie=0xd4592]
  [writeCookie=0xd45f6]
  [missingLength=0x0]
  [subnetChannel=0x9f]
  [sampleInterval=0x96000]
  [role=0x0]
  [barcode=0x8 0x0 0x0 0x0 0x0 0x0 0x0 0x4 ]
  [neighbors=0xffff 0xffff 0xffff 0xffff 0xffff 0xffff 0xffff 0xffff 0xffff 0xffff 0xffff 0xffff 0xffff 0xffff 0xffff 0xffff ]

PROG 1611415804.85 Contacted 8 (0 neighbors). 100 queued, 0 in current request
RPR rx from 8 len 76 nc 869850 records 1
Database.insertRecord() 8 869778 869850 71 17 [9, 0, 89, 101, 9, 0, 235, 181, 2, 2, 14, 0, 3, 2, 138, 215, 8, 16, 0, 128, 0, 0, 222, 129, 160, 11, 191, 13, 8, 130, 3, 7, 78, 8, 4, 8, 8, 0, 0, 0, 0, 0, 0, 5, 5, 24, 20, 0, 3, 20, 0, 4, 20, 0, 5, 20, 0, 6, 20, 0, 7, 19, 0, 3, 0, 0, 0, 0, 0, 0]
Toast Connection raw: ['0x9', '0x0', '0x59', '0x65', '0x9', '0x0', '0xeb', '0xb5', '0x2', '0x2', '0xe', '0x0', '0x3', '0x2', '0x8a', '0xd7', '0x8', '0x10', '0x0', '0x80', '0x0', '0x0', '0xde', '0x81', '0xa0', '0xb', '0xbf', '0xd', '0x8', '0x82', '0x3', '0x7', '0x4e', '0x8', '0x4', '0x8', '0x8', '0x0', '0x0', '0x0', '0x0', '0x0', '0x0', '0x5', '0x5', '0x18', '0x14', '0x0', '0x3', '0x14', '0x0', '0x4', '0x14', '0x0', '0x5', '0x14', '0x0', '0x6', '0x14', '0x0', '0x7', '0x13', '0x0', '0x3', '0x0', '0x0', '0x0', '0x0', '0x0', '0x0']
Toast Connection unpacked: 8 869778 9 615769 ['0xeb', '0xb5', '0x2', '0x2', '0xe', '0x0', '0x3', '0x2', '0x8a', '0xd7', '0x8', '0x10', '0x0', '0x80', '0x0', '0x0', '0xde', '0x81', '0xa0', '0xb', '0xbf', '0xd', '0x8', '0x82', '0x3', '0x7', '0x4e', '0x8', '0x4', '0x8', '0x8', '0x0', '0x0', '0x0', '0x0', '0x0', '0x0', '0x5', '0x5', '0x18', '0x14', '0x0', '0x3', '0x14', '0x0', '0x4', '0x14', '0x0', '0x5', '0x14', '0x0', '0x6', '0x14', '0x0', '0x7', '0x13', '0x0', '0x3', '0x0', '0x0', '0x0', '0x0', '0x0', '0x0']
next (t,l,v) 0x2 2 0xe 0x0
next (t,l,v) 0x3 2 0x8a 0xd7
next (t,l,v) 0x8 16 0x0 0x80 0x0 0x0 0xde 0x81 0xa0 0xb 0xbf 0xd 0x8 0x82 0x3 0x7 0x4e 0x8
next (t,l,v) 0x4 8 0x8 0x0 0x0 0x0 0x0 0x0 0x0 0x5
next (t,l,v) 0x5 24 0x14 0x0 0x3 0x14 0x0 0x4 0x14 0x0 0x5 0x14 0x0 0x6 0x14 0x0 0x7 0x13 0x0 0x3 0x0 0x0 0x0 0x0 0x0 0x0
RPR rx from 8 len 32 nc 869878 records 1
Database.insertRecord() 8 869850 869878 27 18 [9, 0, 238, 102, 9, 0, 8, 0, 0, 0, 0, 0, 0, 5, 81, 1, 94, 1, 59, 1, 68, 1, 87, 1, 30, 9]
receive fwd status 2
receive eos Message <CxEosReport> 
  [owner=0x8]
  [status=0x1]

receive fwd status 2
PROG 1611415806.11  Node 8 transfer completed
REC 8 no gap
REF 1611415797.89 6 48 1949 0 [8]
Status Message <CxStatus> 
  [distance=0x0]
  [dataPending=0x0]
  [bw=0x2]
  [wakeupRC=0x30]
  [wakeupTS=0x79d]
  [pushCookie=0x0]
  [writeCookie=0x0]
  [missingLength=0x0]
  [subnetChannel=0x9f]
  [sampleInterval=0x7800]
  [role=0x2]
  [barcode=0x6 0x0 0x0 0x0 0x0 0x0 0x0 0x4 ]
  [neighbors=0x8 0xffff 0xffff 0xffff 0xffff 0xffff 0xffff 0xffff 0xffff 0xffff 0xffff 0xffff 0xffff 0xffff 0xffff 0xffff ]

PROG 1611415806.38 Contacted 6 (1 neighbors). 0 queued, 0 in current request
2 elapsed, commit
receive fwd status 2
receive eos Message <CxEosReport> 
  [owner=0x6]
  [status=0x1]

PROG 1611415807.65  Node 6 transfer completed
Skip BS pseudo cookie
REF 1611415797.89 6 48 1949 0 [8]
Status Message <CxStatus> 
  [distance=0x0]
  [dataPending=0x0]
  [bw=0x2]
  [wakeupRC=0x30]
  [wakeupTS=0x79d]
  [pushCookie=0x0]
  [writeCookie=0x0]
  [missingLength=0x0]
  [subnetChannel=0x9f]
  [sampleInterval=0x7800]
  [role=0x2]
  [barcode=0x6 0x0 0x0 0x0 0x0 0x0 0x0 0x4 ]
  [neighbors=0x8 0xffff 0xffff 0xffff 0xffff 0xffff 0xffff 0xffff 0xffff 0xffff 0xffff 0xffff 0xffff 0xffff 0xffff 0xffff ]

PROG 1611415807.92 Contacted 6 (1 neighbors). 0 queued, 0 in current request
receive fwd status 2
receive fwd status 2
receive eos Message <CxEosReport> 
  [owner=0x6]
  [status=0x1]

PROG 1611415809.26  Node 6 transfer completed
Skip BS pseudo cookie
REF 1611415797.89 6 48 1949 0 [8]
Status Message <CxStatus> 
  [distance=0x0]
  [dataPending=0x0]
  [bw=0x2]
  [wakeupRC=0x30]
  [wakeupTS=0x79d]
  [pushCookie=0x0]
  [writeCookie=0x0]
  [missingLength=0x0]
  [subnetChannel=0x9f]
  [sampleInterval=0x7800]
  [role=0x2]
  [barcode=0x6 0x0 0x0 0x0 0x0 0x0 0x0 0x4 ]
  [neighbors=0x8 0xffff 0xffff 0xffff 0xffff 0xffff 0xffff 0xffff 0xffff 0xffff 0xffff 0xffff 0xffff 0xffff 0xffff 0xffff ]

PROG 1611415809.52 Contacted 6 (1 neighbors). 0 queued, 0 in current request
2 elapsed, commit
receive fwd status 2
RPR rx from 6 len 91 nc 1653 records 1
Database.insertRecord() 6 1566 1653 86 25 [0, 6, 1, 159, 0, 48, 0, 0, 7, 157, 0, 6, 0, 8, 255, 255, 255, 255, 255, 255, 255, 255, 255, 255, 255, 255, 255, 255, 255, 255, 255, 255, 255, 255, 255, 255, 255, 255, 255, 255, 255, 255, 255, 255, 255, 255, 255, 255, 255, 255, 255, 255, 255, 255, 255, 255, 255, 255, 255, 255, 0, 1, 255, 255, 255, 255, 255, 255, 255, 255, 255, 255, 255, 255, 255, 255, 255, 255, 255, 255, 255, 255, 255, 255, 255]
FINISHED
receive eos Message <CxEosReport> 
  [owner=0x6]
  [status=0x1]

PROG 1611415810.91  Node 6 transfer completed
Skip BS pseudo cookie
Cleaning up
clearing
receive fwd status 2
Clearing RX Queue
QUEUE CLEARED
cleared
finished
waiting for db stop
synchronous stop
explicit close
explicit closedb stopped

done for real
PROG 1611415812.35 Finished.
PROG 1611415812.35 Download finished: 2/2 identified nodes contacted
selection:  []
(17, 614400, 0, 0)
(8, 614400, 159, 0)
(6, 30720, 159, 2)
(1, 614400, 0, 0)
(2, 614400, 191, 0)
(18, 614400, 95, 0)
Channel maps {0: {0: ['0x0400000000000011', '0x0400000000000001']}, 95: {0: ['0x0400000000000012']}, 191: {0: ['0x0400000000000002']}, 159: {0: ['0x0400000000000008'], 2: ['0x0400000000000006']}}
0x0400000000000008 0 0x0500000000000008
PROG 1611415817.65 Patch Download Started
patch download 0
serial@/dev/tty.usbserial-AE01BDNV:115200
DatabaseMissing() downloadThread
receive fwd status 2
ns 0: pi 1024 if 1 md 10 -> 327680
ns 1: pi 1024 if 1 md 5 -> 163840
ns 2: pi 1024 if 1 md 5 -> 163840
Setting MDR to  1000
receive fwd status 2
Wakeup start 1611415820.0
ACK 0
receive fwd status 2
receive fwd status 2
receive fwd status 2
receive fwd status 2
receive fwd status 2
receive fwd status 2
REF 1611415820.01 6 49 1957 0 [1, 17]
Status Message <CxStatus> 
  [distance=0x0]
  [dataPending=0x0]
  [bw=0x2]
  [wakeupRC=0x31]
  [wakeupTS=0x7a5]
  [pushCookie=0x0]
  [writeCookie=0x0]
  [missingLength=0x0]
  [subnetChannel=0x0]
  [sampleInterval=0x7800]
  [role=0x2]
  [barcode=0x6 0x0 0x0 0x0 0x0 0x0 0x0 0x4 ]
  [neighbors=0x1 0x11 0xffff 0xffff 0xffff 0xffff 0xffff 0xffff 0xffff 0xffff 0xffff 0xffff 0xffff 0xffff 0xffff 0xffff ]

PROG 1611415825.39 Contacted 6 (2 neighbors). 0 queued, 0 in current request
2 elapsed, commit
receive fwd status 2
receive eos Message <CxEosReport> 
  [owner=0x6]
  [status=0x1]

PROG 1611415826.69  Node 6 transfer completed
Skip BS pseudo cookie
REF 1611415820.01 1 35 3336609071 1 [17]
Status Message <CxStatus> 
  [distance=0x1]
  [dataPending=0x1]
  [bw=0x2]
  [wakeupRC=0x23]
  [wakeupTS=0xc6e09d2f]
  [pushCookie=0x199a8]
  [writeCookie=0xba6b6]
  [missingLength=0x0]
  [subnetChannel=0x0]
  [sampleInterval=0x96000]
  [role=0x0]
  [barcode=0x1 0x0 0x0 0x0 0x0 0x0 0x0 0x4 ]
  [neighbors=0x11 0xffff 0xffff 0xffff 0xffff 0xffff 0xffff 0xffff 0xffff 0xffff 0xffff 0xffff 0xffff 0xffff 0xffff 0xffff ]

PROG 1611415827.06 Contacted 1 (1 neighbors). 658702 queued, 0 in current request
receive fwd status 2
receive eos Message <CxEosReport> 
  [owner=0x1]
  [status=0x2]

receive fwd status 2
PROG 1611415828.23  Node 1 transfer continues
REF 1611415820.01 17 10 3341763560 1 []
Status Message <CxStatus> 
  [distance=0x1]
  [dataPending=0x1]
  [bw=0x2]
  [wakeupRC=0xa]
  [wakeupTS=0xc72f43e8]
  [pushCookie=0x1a238]
  [writeCookie=0x7171c]
  [missingLength=0x0]
  [subnetChannel=0x0]
  [sampleInterval=0x96000]
  [role=0x0]
  [barcode=0x11 0x0 0x0 0x0 0x0 0x0 0x0 0x4 ]
  [neighbors=0xffff 0xffff 0xffff 0xffff 0xffff 0xffff 0xffff 0xffff 0xffff 0xffff 0xffff 0xffff 0xffff 0xffff 0xffff 0xffff ]

PROG 1611415828.60 Contacted 11 (0 neighbors). 357604 queued, 0 in current request
2 elapsed, commit
receive fwd status 2
receive eos Message <CxEosReport> 
  [owner=0x11]
  [status=0x2]

PROG 1611415829.80  Node 11 transfer continues
REF 1611415820.01 1 35 3336609071 1 [17]
Status Message <CxStatus> 
  [distance=0x1]
  [dataPending=0x1]
  [bw=0x2]
  [wakeupRC=0x23]
  [wakeupTS=0xc6e09d2f]
  [pushCookie=0x19b78]
  [writeCookie=0xba6b6]
  [missingLength=0x0]
  [subnetChannel=0x0]
  [sampleInterval=0x96000]
  [role=0x0]
  [barcode=0x1 0x0 0x0 0x0 0x0 0x0 0x0 0x4 ]
  [neighbors=0x11 0xffff 0xffff 0xffff 0xffff 0xffff 0xffff 0xffff 0xffff 0xffff 0xffff 0xffff 0xffff 0xffff 0xffff 0xffff ]

PROG 1611415830.18 Contacted 1 (1 neighbors). 658238 queued, 0 in current request
receive fwd status 2
receive fwd status 2
receive eos Message <CxEosReport> 
  [owner=0x1]
  [status=0x2]

PROG 1611415831.32  Node 1 transfer continues
REF 1611415820.01 17 10 3341763560 1 []
Status Message <CxStatus> 
  [distance=0x1]
  [dataPending=0x1]
  [bw=0x2]
  [wakeupRC=0xa]
  [wakeupTS=0xc72f43e8]
  [pushCookie=0x1a4da]
  [writeCookie=0x7171c]
  [missingLength=0x0]
  [subnetChannel=0x0]
  [sampleInterval=0x96000]
  [role=0x0]
  [barcode=0x11 0x0 0x0 0x0 0x0 0x0 0x0 0x4 ]
  [neighbors=0xffff 0xffff 0xffff 0xffff 0xffff 0xffff 0xffff 0xffff 0xffff 0xffff 0xffff 0xffff 0xffff 0xffff 0xffff 0xffff ]

PROG 1611415831.75 Contacted 11 (0 neighbors). 356930 queued, 0 in current request
2 elapsed, commit
receive fwd status 2
receive eos Message <CxEosReport> 
  [owner=0x11]
  [status=0x2]

PROG 1611415832.90  Node 11 transfer continues
receive fwd status 2
REF 1611415820.01 1 35 3336609071 1 [17]
Status Message <CxStatus> 
  [distance=0x1]
  [dataPending=0x1]
  [bw=0x2]
  [wakeupRC=0x23]
  [wakeupTS=0xc6e09d2f]
  [pushCookie=0x19d48]
  [writeCookie=0xba6b6]
  [missingLength=0x0]
  [subnetChannel=0x0]
  [sampleInterval=0x96000]
  [role=0x0]
  [barcode=0x1 0x0 0x0 0x0 0x0 0x0 0x0 0x4 ]
  [neighbors=0x11 0xffff 0xffff 0xffff 0xffff 0xffff 0xffff 0xffff 0xffff 0xffff 0xffff 0xffff 0xffff 0xffff 0xffff 0xffff ]

PROG 1611415833.29 Contacted 1 (1 neighbors). 657774 queued, 0 in current request
receive fwd status 2
receive eos Message <CxEosReport> 
  [owner=0x1]
  [status=0x2]

PROG 1611415834.50  Node 1 transfer continues
REF 1611415820.01 17 10 3341763560 1 []
Status Message <CxStatus> 
  [distance=0x1]
  [dataPending=0x1]
  [bw=0x2]
  [wakeupRC=0xa]
  [wakeupTS=0xc72f43e8]
  [pushCookie=0x1a6f8]
  [writeCookie=0x7172a]
  [missingLength=0x0]
  [subnetChannel=0x0]
  [sampleInterval=0x96000]
  [role=0x0]
  [barcode=0x11 0x0 0x0 0x0 0x0 0x0 0x0 0x4 ]
  [neighbors=0xffff 0xffff 0xffff 0xffff 0xffff 0xffff 0xffff 0xffff 0xffff 0xffff 0xffff 0xffff 0xffff 0xffff 0xffff 0xffff ]

PROG 1611415834.88 Contacted 11 (0 neighbors). 356402 queued, 0 in current request
2 elapsed, commit
receive fwd status 2
receive eos Message <CxEosReport> 
  [owner=0x11]
  [status=0x2]

PROG 1611415836.02  Node 11 transfer continues
receive fwd status 2
REF 1611415820.01 1 35 3336609071 1 [17]
Status Message <CxStatus> 
  [distance=0x1]
  [dataPending=0x1]
  [bw=0x2]
  [wakeupRC=0x23]
  [wakeupTS=0xc6e09d2f]
  [pushCookie=0x19f18]
  [writeCookie=0xba6b6]
  [missingLength=0x0]
  [subnetChannel=0x0]
  [sampleInterval=0x96000]
  [role=0x0]
  [barcode=0x1 0x0 0x0 0x0 0x0 0x0 0x0 0x4 ]
  [neighbors=0x11 0xffff 0xffff 0xffff 0xffff 0xffff 0xffff 0xffff 0xffff 0xffff 0xffff 0xffff 0xffff 0xffff 0xffff 0xffff ]

PROG 1611415836.42 Contacted 1 (1 neighbors). 657310 queued, 0 in current request
receive fwd status 2
receive eos Message <CxEosReport> 
  [owner=0x1]
  [status=0x2]

PROG 1611415837.57  Node 1 transfer continues
REF 1611415820.01 17 10 3341763560 1 []
Status Message <CxStatus> 
  [distance=0x1]
  [dataPending=0x1]
  [bw=0x2]
  [wakeupRC=0xa]
  [wakeupTS=0xc72f43e8]
  [pushCookie=0x1a916]
  [writeCookie=0x7172a]
  [missingLength=0x0]
  [subnetChannel=0x0]
  [sampleInterval=0x96000]
  [role=0x0]
  [barcode=0x11 0x0 0x0 0x0 0x0 0x0 0x0 0x4 ]
  [neighbors=0xffff 0xffff 0xffff 0xffff 0xffff 0xffff 0xffff 0xffff 0xffff 0xffff 0xffff 0xffff 0xffff 0xffff 0xffff 0xffff ]

PROG 1611415837.99 Contacted 11 (0 neighbors). 355860 queued, 0 in current request
2 elapsed, commit
receive fwd status 2
receive eos Message <CxEosReport> 
  [owner=0x11]
  [status=0x2]

PROG 1611415839.12  Node 11 transfer continues
receive fwd status 2
REF 1611415820.01 1 35 3336609071 1 [17]
Status Message <CxStatus> 
  [distance=0x1]
  [dataPending=0x1]
  [bw=0x2]
  [wakeupRC=0x23]
  [wakeupTS=0xc6e09d2f]
  [pushCookie=0x1a15a]
  [writeCookie=0xba6b6]
  [missingLength=0x0]
  [subnetChannel=0x0]
  [sampleInterval=0x96000]
  [role=0x0]
  [barcode=0x1 0x0 0x0 0x0 0x0 0x0 0x0 0x4 ]
  [neighbors=0x11 0xffff 0xffff 0xffff 0xffff 0xffff 0xffff 0xffff 0xffff 0xffff 0xffff 0xffff 0xffff 0xffff 0xffff 0xffff ]

PROG 1611415839.56 Contacted 1 (1 neighbors). 656732 queued, 0 in current request
receive fwd status 2
receive eos Message <CxEosReport> 
  [owner=0x1]
  [status=0x2]

PROG 1611415840.72  Node 1 transfer continues
REF 1611415820.01 17 10 3341763560 1 []
Status Message <CxStatus> 
  [distance=0x1]
  [dataPending=0x1]
  [bw=0x2]
  [wakeupRC=0xa]
  [wakeupTS=0xc72f43e8]
  [pushCookie=0x1ab36]
  [writeCookie=0x7172a]
  [missingLength=0x0]
  [subnetChannel=0x0]
  [sampleInterval=0x96000]
  [role=0x0]
  [barcode=0x11 0x0 0x0 0x0 0x0 0x0 0x0 0x4 ]
  [neighbors=0xffff 0xffff 0xffff 0xffff 0xffff 0xffff 0xffff 0xffff 0xffff 0xffff 0xffff 0xffff 0xffff 0xffff 0xffff 0xffff ]

PROG 1611415841.15 Contacted 11 (0 neighbors). 355316 queued, 0 in current request
2 elapsed, commit
receive fwd status 2
receive fwd status 2
receive eos Message <CxEosReport> 
  [owner=0x11]
  [status=0x2]

PROG 1611415842.25  Node 11 transfer continues
REF 1611415820.01 1 35 3336609071 1 [17]
Status Message <CxStatus> 
  [distance=0x1]
  [dataPending=0x1]
  [bw=0x2]
  [wakeupRC=0x23]
  [wakeupTS=0xc6e09d2f]
  [pushCookie=0x1a3d8]
  [writeCookie=0xba6b6]
  [missingLength=0x0]
  [subnetChannel=0x0]
  [sampleInterval=0x96000]
  [role=0x0]
  [barcode=0x1 0x0 0x0 0x0 0x0 0x0 0x0 0x4 ]
  [neighbors=0x11 0xffff 0xffff 0xffff 0xffff 0xffff 0xffff 0xffff 0xffff 0xffff 0xffff 0xffff 0xffff 0xffff 0xffff 0xffff ]

PROG 1611415842.73 Contacted 1 (1 neighbors). 656094 queued, 0 in current request
receive fwd status 2
receive eos Message <CxEosReport> 
  [owner=0x1]
  [status=0x2]

PROG 1611415843.87  Node 1 transfer continues
REF 1611415820.01 17 10 3341763560 1 []
Status Message <CxStatus> 
  [distance=0x1]
  [dataPending=0x1]
  [bw=0x2]
  [wakeupRC=0xa]
  [wakeupTS=0xc72f43e8]
  [pushCookie=0x1ad54]
  [writeCookie=0x7172a]
  [missingLength=0x0]
  [subnetChannel=0x0]
  [sampleInterval=0x96000]
  [role=0x0]
  [barcode=0x11 0x0 0x0 0x0 0x0 0x0 0x0 0x4 ]
  [neighbors=0xffff 0xffff 0xffff 0xffff 0xffff 0xffff 0xffff 0xffff 0xffff 0xffff 0xffff 0xffff 0xffff 0xffff 0xffff 0xffff ]

PROG 1611415844.24 Contacted 11 (0 neighbors). 354774 queued, 0 in current request
receive fwd status 2
2 elapsed, commit
receive fwd status 2
receive eos Message <CxEosReport> 
  [owner=0x11]
  [status=0x2]

REF 1611415820.01 1 35 3336609071 1 [17]
Status Message <CxStatus> 
  [distance=0x1]
  [dataPending=0x1]
  [bw=0x2]
  [wakeupRC=0x23]
  [wakeupTS=0xc6e09d2f]
  [pushCookie=0x1a624]
  [writeCookie=0xba6b6]
  [missingLength=0x0]
  [subnetChannel=0x0]
  [sampleInterval=0x96000]
  [role=0x0]
  [barcode=0x1 0x0 0x0 0x0 0x0 0x0 0x0 0x4 ]
  [neighbors=0x11 0xffff 0xffff 0xffff 0xffff 0xffff 0xffff 0xffff 0xffff 0xffff 0xffff 0xffff 0xffff 0xffff 0xffff 0xffff ]

PROG 1611415848.66  Node 11 transfer continues
PROG 1611415848.66 Contacted 1 (1 neighbors). 655506 queued, 0 in current request
receive fwd status 2
receive eos Message <CxEosReport> 
  [owner=0x1]
  [status=0x2]

receive fwd status 2
REF 1611415820.01PROG 1611415848.67  Node 1 transfer continues
 17 10 3341763560 1 []
Status Message <CxStatus> 
  [distance=0x1]
  [dataPending=0x1]
  [bw=0x2]
  [wakeupRC=0xa]
  [wakeupTS=0xc72f43e8]
  [pushCookie=0x1af6e]
  [writeCookie=0x7172a]
  [missingLength=0x0]
  [subnetChannel=0x0]
  [sampleInterval=0x96000]
  [role=0x0]
  [barcode=0x11 0x0 0x0 0x0 0x0 0x0 0x0 0x4 ]
  [neighbors=0xffff 0xffff 0xffff 0xffff 0xffff 0xffff 0xffff 0xffff 0xffff 0xffff 0xffff 0xffff 0xffff 0xffff 0xffff 0xffff ]

PROG 1611415848.67 Contacted 11 (0 neighbors). 354236 queued, 0 in current request
receive fwd status 2
receive eos Message <CxEosReport> 
  [owner=0x11]
  [status=0x2]

PROG 1611415848.67  Node 11 transfer continues
2 elapsed, commit
REF 1611415820.01 1 35 3336609071 1 [17]
Status Message <CxStatus> 
  [distance=0x1]
  [dataPending=0x1]
  [bw=0x2]
  [wakeupRC=0x23]
  [wakeupTS=0xc6e09d2f]
  [pushCookie=0x1a7e4]
  [writeCookie=0xba6b6]
  [missingLength=0x0]
  [subnetChannel=0x0]
  [sampleInterval=0x96000]
  [role=0x0]
  [barcode=0x1 0x0 0x0 0x0 0x0 0x0 0x0 0x4 ]
  [neighbors=0x11 0xffff 0xffff 0xffff 0xffff 0xffff 0xffff 0xffff 0xffff 0xffff 0xffff 0xffff 0xffff 0xffff 0xffff 0xffff ]

PROG 1611415848.92 Contacted 1 (1 neighbors). 655058 queued, 0 in current request
receive fwd status 2
receive eos Message <CxEosReport> 
  [owner=0x1]
  [status=0x2]

PROG 1611415850.14  Node 1 transfer continues
receive fwd status 2
REF 1611415820.01 17 10 3341763560 1 []
Status Message <CxStatus> 
  [distance=0x1]
  [dataPending=0x1]
  [bw=0x2]
  [wakeupRC=0xa]
  [wakeupTS=0xc72f43e8]
  [pushCookie=0x1b226]
  [writeCookie=0x7172a]
  [missingLength=0x0]
  [subnetChannel=0x0]
  [sampleInterval=0x96000]
  [role=0x0]
  [barcode=0x11 0x0 0x0 0x0 0x0 0x0 0x0 0x4 ]
  [neighbors=0xffff 0xffff 0xffff 0xffff 0xffff 0xffff 0xffff 0xffff 0xffff 0xffff 0xffff 0xffff 0xffff 0xffff 0xffff 0xffff ]

PROG 1611415850.50 Contacted 11 (0 neighbors). 353540 queued, 0 in current request
receive fwd status 2
receive eos Message <CxEosReport> 
  [owner=0x11]
  [status=0x2]

PROG 1611415851.67  Node 11 transfer continues
REF 1611415820.01 1 35 3336609071 1 [17]
Status Message <CxStatus> 
  [distance=0x1]
  [dataPending=0x1]
  [bw=0x2]
  [wakeupRC=0x23]
  [wakeupTS=0xc6e09d2f]
  [pushCookie=0x1a9b4]
  [writeCookie=0xba6b6]
  [missingLength=0x0]
  [subnetChannel=0x0]
  [sampleInterval=0x96000]
  [role=0x0]
  [barcode=0x1 0x0 0x0 0x0 0x0 0x0 0x0 0x4 ]
  [neighbors=0x11 0xffff 0xffff 0xffff 0xffff 0xffff 0xffff 0xffff 0xffff 0xffff 0xffff 0xffff 0xffff 0xffff 0xffff 0xffff ]

PROG 1611415852.04 Contacted 1 (1 neighbors). 654594 queued, 0 in current request
2 elapsed, commit
receive fwd status 2
receive eos Message <CxEosReport> 
  [owner=0x1]
  [status=0x2]

receive fwd status 2
PROG 1611415853.21  Node 1 transfer continues
REF 1611415820.01 17 10 3341763560 1 []
Status Message <CxStatus> 
  [distance=0x1]
  [dataPending=0x1]
  [bw=0x2]
  [wakeupRC=0xa]
  [wakeupTS=0xc72f43e8]
  [pushCookie=0x1b4c8]
  [writeCookie=0x7172a]
  [missingLength=0x0]
  [subnetChannel=0x0]
  [sampleInterval=0x96000]
  [role=0x0]
  [barcode=0x11 0x0 0x0 0x0 0x0 0x0 0x0 0x4 ]
  [neighbors=0xffff 0xffff 0xffff 0xffff 0xffff 0xffff 0xffff 0xffff 0xffff 0xffff 0xffff 0xffff 0xffff 0xffff 0xffff 0xffff ]

PROG 1611415853.64 Contacted 11 (0 neighbors). 352866 queued, 0 in current request
receive fwd status 2
receive eos Message <CxEosReport> 
  [owner=0x11]
  [status=0x2]

PROG 1611415854.79  Node 11 transfer continues
REF 1611415820.01 1 35 3336609071 1 [17]
Status Message <CxStatus> 
  [distance=0x1]
  [dataPending=0x1]
  [bw=0x2]
  [wakeupRC=0x23]
  [wakeupTS=0xc6e09d2f]
  [pushCookie=0x1ab84]
  [writeCookie=0xba6b6]
  [missingLength=0x0]
  [subnetChannel=0x0]
  [sampleInterval=0x96000]
  [role=0x0]
  [barcode=0x1 0x0 0x0 0x0 0x0 0x0 0x0 0x4 ]
  [neighbors=0x11 0xffff 0xffff 0xffff 0xffff 0xffff 0xffff 0xffff 0xffff 0xffff 0xffff 0xffff 0xffff 0xffff 0xffff 0xffff ]

PROG 1611415855.22 Contacted 1 (1 neighbors). 654130 queued, 0 in current request
receive fwd status 2
2 elapsed, commit
receive fwd status 2
receive eos Message <CxEosReport> 
  [owner=0x1]
  [status=0x2]

PROG 1611415856.32  Node 1 transfer continues
REF 1611415820.01 17 10 3341763560 1 []
Status Message <CxStatus> 
  [distance=0x1]
  [dataPending=0x1]
  [bw=0x2]
  [wakeupRC=0xa]
  [wakeupTS=0xc72f43e8]
  [pushCookie=0x1b6e6]
  [writeCookie=0x7172a]
  [missingLength=0x0]
  [subnetChannel=0x0]
  [sampleInterval=0x96000]
  [role=0x0]
  [barcode=0x11 0x0 0x0 0x0 0x0 0x0 0x0 0x4 ]
  [neighbors=0xffff 0xffff 0xffff 0xffff 0xffff 0xffff 0xffff 0xffff 0xffff 0xffff 0xffff 0xffff 0xffff 0xffff 0xffff 0xffff ]

PROG 1611415856.70 Contacted 11 (0 neighbors). 352324 queued, 0 in current request
receive fwd status 2
receive eos Message <CxEosReport> 
  [owner=0x11]
  [status=0x2]

PROG 1611415857.95  Node 11 transfer continues
receive fwd status 2
REF 1611415820.01 1 35 3336609071 1 [17]
Status Message <CxStatus> 
  [distance=0x1]
  [dataPending=0x1]
  [bw=0x2]
  [wakeupRC=0x23]
  [wakeupTS=0xc6e09d2f]
  [pushCookie=0x1ad54]
  [writeCookie=0xba6b6]
  [missingLength=0x0]
  [subnetChannel=0x0]
  [sampleInterval=0x96000]
  [role=0x0]
  [barcode=0x1 0x0 0x0 0x0 0x0 0x0 0x0 0x4 ]
  [neighbors=0x11 0xffff 0xffff 0xffff 0xffff 0xffff 0xffff 0xffff 0xffff 0xffff 0xffff 0xffff 0xffff 0xffff 0xffff 0xffff ]

PROG 1611415858.28 Contacted 1 (1 neighbors). 653666 queued, 0 in current request
2 elapsed, commit
receive fwd status 2
receive eos Message <CxEosReport> 
  [owner=0x1]
  [status=0x2]

PROG 1611415859.49  Node 1 transfer continues
REF 1611415820.01 17 10 3341763560 1 []
Status Message <CxStatus> 
  [distance=0x1]
  [dataPending=0x1]
  [bw=0x2]
  [wakeupRC=0xa]
  [wakeupTS=0xc72f43e8]
  [pushCookie=0x1b906]
  [writeCookie=0x7172a]
  [missingLength=0x0]
  [subnetChannel=0x0]
  [sampleInterval=0x96000]
  [role=0x0]
  [barcode=0x11 0x0 0x0 0x0 0x0 0x0 0x0 0x4 ]
  [neighbors=0xffff 0xffff 0xffff 0xffff 0xffff 0xffff 0xffff 0xffff 0xffff 0xffff 0xffff 0xffff 0xffff 0xffff 0xffff 0xffff ]

PROG 1611415859.87 Contacted 11 (0 neighbors). 351780 queued, 0 in current request
receive fwd status 2
receive eos Message <CxEosReport> 
  [owner=0x11]
  [status=0x2]

PROG 1611415861.04  Node 11 transfer continues
receive fwd status 2
REF 1611415820.01 1 35 3336609071 1 [17]
Status Message <CxStatus> 
  [distance=0x1]
  [dataPending=0x1]
  [bw=0x2]
  [wakeupRC=0x23]
  [wakeupTS=0xc6e09d2f]
  [pushCookie=0x1af24]
  [writeCookie=0xba6b6]
  [missingLength=0x0]
  [subnetChannel=0x0]
  [sampleInterval=0x96000]
  [role=0x0]
  [barcode=0x1 0x0 0x0 0x0 0x0 0x0 0x0 0x4 ]
  [neighbors=0x11 0xffff 0xffff 0xffff 0xffff 0xffff 0xffff 0xffff 0xffff 0xffff 0xffff 0xffff 0xffff 0xffff 0xffff 0xffff ]

PROG 1611415861.45 Contacted 1 (1 neighbors). 653202 queued, 0 in current request
2 elapsed, commit
receive fwd status 2
receive eos Message <CxEosReport> 
  [owner=0x1]
  [status=0x2]

PROG 1611415862.59  Node 1 transfer continues
REF 1611415820.01 17 10 3341763560 1 []
Status Message <CxStatus> 
  [distance=0x1]
  [dataPending=0x1]
  [bw=0x2]
  [wakeupRC=0xa]
  [wakeupTS=0xc72f43e8]
  [pushCookie=0x1bb24]
  [writeCookie=0x7172a]
  [missingLength=0x0]
  [subnetChannel=0x0]
  [sampleInterval=0x96000]
  [role=0x0]
  [barcode=0x11 0x0 0x0 0x0 0x0 0x0 0x0 0x4 ]
  [neighbors=0xffff 0xffff 0xffff 0xffff 0xffff 0xffff 0xffff 0xffff 0xffff 0xffff 0xffff 0xffff 0xffff 0xffff 0xffff 0xffff ]

PROG 1611415863.02 Contacted 11 (0 neighbors). 351238 queued, 0 in current request
receive fwd status 2
receive eos Message <CxEosReport> 
  [owner=0x11]
  [status=0x2]

PROG 1611415864.18  Node 11 transfer continues
receive fwd status 2
REF 1611415820.01 1 35 3336609071 1 [17]
Status Message <CxStatus> 
  [distance=0x1]
  [dataPending=0x1]
  [bw=0x2]
  [wakeupRC=0x23]
  [wakeupTS=0xc6e09d2f]
  [pushCookie=0x1b16a]
  [writeCookie=0xba6b6]
  [missingLength=0x0]
  [subnetChannel=0x0]
  [sampleInterval=0x96000]
  [role=0x0]
  [barcode=0x1 0x0 0x0 0x0 0x0 0x0 0x0 0x4 ]
  [neighbors=0x11 0xffff 0xffff 0xffff 0xffff 0xffff 0xffff 0xffff 0xffff 0xffff 0xffff 0xffff 0xffff 0xffff 0xffff 0xffff ]

PROG 1611415864.60 Contacted 1 (1 neighbors). 652620 queued, 0 in current request
2 elapsed, commit
receive fwd status 2
receive eos Message <CxEosReport> 
  [owner=0x1]
  [status=0x2]

PROG 1611415865.72  Node 1 transfer continues
REF 1611415820.01 17 10 3341763560 1 []
Status Message <CxStatus> 
  [distance=0x1]
  [dataPending=0x1]
  [bw=0x2]
  [wakeupRC=0xa]
  [wakeupTS=0xc72f43e8]
  [pushCookie=0x1bd3e]
  [writeCookie=0x7172a]
  [missingLength=0x0]
  [subnetChannel=0x0]
  [sampleInterval=0x96000]
  [role=0x0]
  [barcode=0x11 0x0 0x0 0x0 0x0 0x0 0x0 0x4 ]
  [neighbors=0xffff 0xffff 0xffff 0xffff 0xffff 0xffff 0xffff 0xffff 0xffff 0xffff 0xffff 0xffff 0xffff 0xffff 0xffff 0xffff ]

PROG 1611415866.09 Contacted 11 (0 neighbors). 350700 queued, 0 in current request
receive fwd status 2
receive fwd status 2
receive eos Message <CxEosReport> 
  [owner=0x11]
  [status=0x2]

PROG 1611415867.24  Node 11 transfer continues
REF 1611415820.01 1 35 3336609071 1 [17]
Status Message <CxStatus> 
  [distance=0x1]
  [dataPending=0x1]
  [bw=0x2]
  [wakeupRC=0x23]
  [wakeupTS=0xc6e09d2f]
  [pushCookie=0x1b3f0]
  [writeCookie=0xba6b6]
  [missingLength=0x0]
  [subnetChannel=0x0]
  [sampleInterval=0x96000]
  [role=0x0]
  [barcode=0x1 0x0 0x0 0x0 0x0 0x0 0x0 0x4 ]
  [neighbors=0x11 0xffff 0xffff 0xffff 0xffff 0xffff 0xffff 0xffff 0xffff 0xffff 0xffff 0xffff 0xffff 0xffff 0xffff 0xffff ]

PROG 1611415867.72 Contacted 1 (1 neighbors). 651974 queued, 0 in current request
2 elapsed, commit
receive fwd status 2
receive eos Message <CxEosReport> 
  [owner=0x1]
  [status=0x2]

PROG 1611415868.86  Node 1 transfer continues
REF 1611415820.01 17 10 3341763560 1 []
Status Message <CxStatus> 
  [distance=0x1]
  [dataPending=0x1]
  [bw=0x2]
  [wakeupRC=0xa]
  [wakeupTS=0xc72f43e8]
  [pushCookie=0x1bf5c]
  [writeCookie=0x7172a]
  [missingLength=0x0]
  [subnetChannel=0x0]
  [sampleInterval=0x96000]
  [role=0x0]
  [barcode=0x11 0x0 0x0 0x0 0x0 0x0 0x0 0x4 ]
  [neighbors=0xffff 0xffff 0xffff 0xffff 0xffff 0xffff 0xffff 0xffff 0xffff 0xffff 0xffff 0xffff 0xffff 0xffff 0xffff 0xffff ]

PROG 1611415869.24 Contacted 11 (0 neighbors). 350158 queued, 0 in current request
receive fwd status 2
receive fwd status 2
receive eos Message <CxEosReport> 
  [owner=0x11]
  [status=0x2]

PROG 1611415870.41  Node 11 transfer continues
REF 1611415820.01 1 35 3336609071 1 [17]
Status Message <CxStatus> 
  [distance=0x1]
  [dataPending=0x1]
  [bw=0x2]
  [wakeupRC=0x23]
  [wakeupTS=0xc6e09d2f]
  [pushCookie=0x1b62c]
  [writeCookie=0xba6b6]
  [missingLength=0x0]
  [subnetChannel=0x0]
  [sampleInterval=0x96000]
  [role=0x0]
  [barcode=0x1 0x0 0x0 0x0 0x0 0x0 0x0 0x4 ]
  [neighbors=0x11 0xffff 0xffff 0xffff 0xffff 0xffff 0xffff 0xffff 0xffff 0xffff 0xffff 0xffff 0xffff 0xffff 0xffff 0xffff ]

PROG 1611415870.78 Contacted 1 (1 neighbors). 651402 queued, 0 in current request
2 elapsed, commit
receive fwd status 2
receive eos Message <CxEosReport> 
  [owner=0x1]
  [status=0x2]

PROG 1611415871.94  Node 1 transfer continues
receive fwd status 2
REF 1611415820.01 17 10 3341763560 1 []
Status Message <CxStatus> 
  [distance=0x1]
  [dataPending=0x1]
  [bw=0x2]
  [wakeupRC=0xa]
  [wakeupTS=0xc72f43e8]
  [pushCookie=0x1c216]
  [writeCookie=0x7172a]
  [missingLength=0x0]
  [subnetChannel=0x0]
  [sampleInterval=0x96000]
  [role=0x0]
  [barcode=0x11 0x0 0x0 0x0 0x0 0x0 0x0 0x4 ]
  [neighbors=0xffff 0xffff 0xffff 0xffff 0xffff 0xffff 0xffff 0xffff 0xffff 0xffff 0xffff 0xffff 0xffff 0xffff 0xffff 0xffff ]

PROG 1611415872.33 Contacted 11 (0 neighbors). 349460 queued, 0 in current request
receive fwd status 2
receive eos Message <CxEosReport> 
  [owner=0x11]
  [status=0x2]

PROG 1611415873.54  Node 11 transfer continues
REF 1611415820.01 1 35 3336609071 1 [17]
Status Message <CxStatus> 
  [distance=0x1]
  [dataPending=0x1]
  [bw=0x2]
  [wakeupRC=0x23]
  [wakeupTS=0xc6e09d2f]
  [pushCookie=0x1b7fc]
  [writeCookie=0xba6b6]
  [missingLength=0x0]
  [subnetChannel=0x0]
  [sampleInterval=0x96000]
  [role=0x0]
  [barcode=0x1 0x0 0x0 0x0 0x0 0x0 0x0 0x4 ]
  [neighbors=0x11 0xffff 0xffff 0xffff 0xffff 0xffff 0xffff 0xffff 0xffff 0xffff 0xffff 0xffff 0xffff 0xffff 0xffff 0xffff ]

PROG 1611415873.92 Contacted 1 (1 neighbors). 650938 queued, 0 in current request
2 elapsed, commit
receive fwd status 2
receive eos Message <CxEosReport> 
  [owner=0x1]
  [status=0x2]

PROG 1611415875.09  Node 1 transfer continues
receive fwd status 2
REF 1611415820.01 17 10 3341763560 1 []
Status Message <CxStatus> 
  [distance=0x1]
  [dataPending=0x1]
  [bw=0x2]
  [wakeupRC=0xa]
  [wakeupTS=0xc72f43e8]
  [pushCookie=0x1c4fe]
  [writeCookie=0x7172a]
  [missingLength=0x0]
  [subnetChannel=0x0]
  [sampleInterval=0x96000]
  [role=0x0]
  [barcode=0x11 0x0 0x0 0x0 0x0 0x0 0x0 0x4 ]
  [neighbors=0xffff 0xffff 0xffff 0xffff 0xffff 0xffff 0xffff 0xffff 0xffff 0xffff 0xffff 0xffff 0xffff 0xffff 0xffff 0xffff ]

PROG 1611415875.49 Contacted 11 (0 neighbors). 348716 queued, 0 in current request
receive fwd status 2
receive eos Message <CxEosReport> 
  [owner=0x11]
  [status=0x2]

PROG 1611415876.68  Node 11 transfer continues
REF 1611415820.01 1 35 3336609071 1 [17]
Status Message <CxStatus> 
  [distance=0x1]
  [dataPending=0x1]
  [bw=0x2]
  [wakeupRC=0x23]
  [wakeupTS=0xc6e09d2f]
  [pushCookie=0x1b9cc]
  [writeCookie=0xba6b6]
  [missingLength=0x0]
  [subnetChannel=0x0]
  [sampleInterval=0x96000]
  [role=0x0]
  [barcode=0x1 0x0 0x0 0x0 0x0 0x0 0x0 0x4 ]
  [neighbors=0x11 0xffff 0xffff 0xffff 0xffff 0xffff 0xffff 0xffff 0xffff 0xffff 0xffff 0xffff 0xffff 0xffff 0xffff 0xffff ]

PROG 1611415877.06 Contacted 1 (1 neighbors). 650474 queued, 0 in current request
2 elapsed, commit
receive fwd status 2
receive eos Message <CxEosReport> 
  [owner=0x1]
  [status=0x2]

receive fwd status 2
PROG 1611415878.23  Node 1 transfer continues
REF 1611415820.01 17 10 3341763560 1 []
Status Message <CxStatus> 
  [distance=0x1]
  [dataPending=0x1]
  [bw=0x2]
  [wakeupRC=0xa]
  [wakeupTS=0xc72f43e8]
  [pushCookie=0x1c71c]
  [writeCookie=0x7172a]
  [missingLength=0x0]
  [subnetChannel=0x0]
  [sampleInterval=0x96000]
  [role=0x0]
  [barcode=0x11 0x0 0x0 0x0 0x0 0x0 0x0 0x4 ]
  [neighbors=0xffff 0xffff 0xffff 0xffff 0xffff 0xffff 0xffff 0xffff 0xffff 0xffff 0xffff 0xffff 0xffff 0xffff 0xffff 0xffff ]

PROG 1611415878.61 Contacted 11 (0 neighbors). 348174 queued, 0 in current request
receive fwd status 2
receive eos Message <CxEosReport> 
  [owner=0x11]
  [status=0x2]

PROG 1611415879.82  Node 11 transfer continues
REF 1611415820.01 1 35 3336609071 1 [17]
Status Message <CxStatus> 
  [distance=0x1]
  [dataPending=0x1]
  [bw=0x2]
  [wakeupRC=0x23]
  [wakeupTS=0xc6e09d2f]
  [pushCookie=0x1bb9c]
  [writeCookie=0xba6b6]
  [missingLength=0x0]
  [subnetChannel=0x0]
  [sampleInterval=0x96000]
  [role=0x0]
  [barcode=0x1 0x0 0x0 0x0 0x0 0x0 0x0 0x4 ]
  [neighbors=0x11 0xffff 0xffff 0xffff 0xffff 0xffff 0xffff 0xffff 0xffff 0xffff 0xffff 0xffff 0xffff 0xffff 0xffff 0xffff ]

PROG 1611415880.19 Contacted 1 (1 neighbors). 650010 queued, 0 in current request
receive fwd status 2
2 elapsed, commit
receive fwd status 2
receive eos Message <CxEosReport> 
  [owner=0x1]
  [status=0x2]

PROG 1611415881.34  Node 1 transfer continues
REF 1611415820.01 17 10 3341763560 1 []
Status Message <CxStatus> 
  [distance=0x1]
  [dataPending=0x1]
  [bw=0x2]
  [wakeupRC=0xa]
  [wakeupTS=0xc72f43e8]
  [pushCookie=0x1c936]
  [writeCookie=0x7172a]
  [missingLength=0x0]
  [subnetChannel=0x0]
  [sampleInterval=0x96000]
  [role=0x0]
  [barcode=0x11 0x0 0x0 0x0 0x0 0x0 0x0 0x4 ]
  [neighbors=0xffff 0xffff 0xffff 0xffff 0xffff 0xffff 0xffff 0xffff 0xffff 0xffff 0xffff 0xffff 0xffff 0xffff 0xffff 0xffff ]

PROG 1611415881.77 Contacted 11 (0 neighbors). 347636 queued, 0 in current request
receive fwd status 2
receive eos Message <CxEosReport> 
  [owner=0x11]
  [status=0x2]

PROG 1611415882.94  Node 11 transfer continues
receive fwd status 2
REF 1611415820.01 1 35 3336609071 1 [17]
Status Message <CxStatus> 
  [distance=0x1]
  [dataPending=0x1]
  [bw=0x2]
  [wakeupRC=0x23]
  [wakeupTS=0xc6e09d2f]
  [pushCookie=0x1bd6c]
  [writeCookie=0xba6b6]
  [missingLength=0x0]
  [subnetChannel=0x0]
  [sampleInterval=0x96000]
  [role=0x0]
  [barcode=0x1 0x0 0x0 0x0 0x0 0x0 0x0 0x4 ]
  [neighbors=0x11 0xffff 0xffff 0xffff 0xffff 0xffff 0xffff 0xffff 0xffff 0xffff 0xffff 0xffff 0xffff 0xffff 0xffff 0xffff ]

PROG 1611415883.30 Contacted 1 (1 neighbors). 649546 queued, 0 in current request
2 elapsed, commit
receive fwd status 2
receive eos Message <CxEosReport> 
  [owner=0x1]
  [status=0x2]

PROG 1611415884.48  Node 1 transfer continues
REF 1611415820.01 17 10 3341763560 1 []
Status Message <CxStatus> 
  [distance=0x1]
  [dataPending=0x1]
  [bw=0x2]
  [wakeupRC=0xa]
  [wakeupTS=0xc72f43e8]
  [pushCookie=0x1cb54]
  [writeCookie=0x7172a]
  [missingLength=0x0]
  [subnetChannel=0x0]
  [sampleInterval=0x96000]
  [role=0x0]
  [barcode=0x11 0x0 0x0 0x0 0x0 0x0 0x0 0x4 ]
  [neighbors=0xffff 0xffff 0xffff 0xffff 0xffff 0xffff 0xffff 0xffff 0xffff 0xffff 0xffff 0xffff 0xffff 0xffff 0xffff 0xffff ]

PROG 1611415884.90 Contacted 11 (0 neighbors). 347094 queued, 0 in current request
receive fwd status 2
receive eos Message <CxEosReport> 
  [owner=0x11]
  [status=0x2]

PROG 1611415886.03  Node 11 transfer continues
receive fwd status 2
REF 1611415820.01 1 35 3336609071 1 [17]
Status Message <CxStatus> 
  [distance=0x1]
  [dataPending=0x1]
  [bw=0x2]
  [wakeupRC=0x23]
  [wakeupTS=0xc6e09d2f]
  [pushCookie=0x1bf3c]
  [writeCookie=0xba6b6]
  [missingLength=0x0]
  [subnetChannel=0x0]
  [sampleInterval=0x96000]
  [role=0x0]
  [barcode=0x1 0x0 0x0 0x0 0x0 0x0 0x0 0x4 ]
  [neighbors=0x11 0xffff 0xffff 0xffff 0xffff 0xffff 0xffff 0xffff 0xffff 0xffff 0xffff 0xffff 0xffff 0xffff 0xffff 0xffff ]

2 elapsed, commit
PROG 1611415886.48 Contacted 1 (1 neighbors). 649082 queued, 0 in current request
receive fwd status 2
receive eos Message <CxEosReport> 
  [owner=0x1]
  [status=0x2]

PROG 1611415887.56  Node 1 transfer continues
REF 1611415820.01 17 10 3341763560 1 []
Status Message <CxStatus> 
  [distance=0x1]
  [dataPending=0x1]
  [bw=0x2]
  [wakeupRC=0xa]
  [wakeupTS=0xc72f43e8]
  [pushCookie=0x1cd74]
  [writeCookie=0x7172a]
  [missingLength=0x0]
  [subnetChannel=0x0]
  [sampleInterval=0x96000]
  [role=0x0]
  [barcode=0x11 0x0 0x0 0x0 0x0 0x0 0x0 0x4 ]
  [neighbors=0xffff 0xffff 0xffff 0xffff 0xffff 0xffff 0xffff 0xffff 0xffff 0xffff 0xffff 0xffff 0xffff 0xffff 0xffff 0xffff ]

PROG 1611415887.99 Contacted 11 (0 neighbors). 346550 queued, 0 in current request
receive fwd status 2
receive eos Message <CxEosReport> 
  [owner=0x11]
  [status=0x2]

receive fwd status 2
PROG 1611415889.21  Node 11 transfer continues
REF 1611415820.01 1 35 3336609071 1 [17]
Status Message <CxStatus> 
  [distance=0x1]
  [dataPending=0x1]
  [bw=0x2]
  [wakeupRC=0x23]
  [wakeupTS=0xc6e09d2f]
  [pushCookie=0x1c18e]
  [writeCookie=0xba6b6]
  [missingLength=0x0]
  [subnetChannel=0x0]
  [sampleInterval=0x96000]
  [role=0x0]
  [barcode=0x1 0x0 0x0 0x0 0x0 0x0 0x0 0x4 ]
  [neighbors=0x11 0xffff 0xffff 0xffff 0xffff 0xffff 0xffff 0xffff 0xffff 0xffff 0xffff 0xffff 0xffff 0xffff 0xffff 0xffff ]

PROG 1611415889.58 Contacted 1 (1 neighbors). 648488 queued, 0 in current request
2 elapsed, commit
receive fwd status 2
receive eos Message <CxEosReport> 
  [owner=0x1]
  [status=0x2]

PROG 1611415890.69  Node 1 transfer continues
REF 1611415820.01 17 10 3341763560 1 []
Status Message <CxStatus> 
  [distance=0x1]
  [dataPending=0x1]
  [bw=0x2]
  [wakeupRC=0xa]
  [wakeupTS=0xc72f43e8]
  [pushCookie=0x1cf92]
  [writeCookie=0x7172a]
  [missingLength=0x0]
  [subnetChannel=0x0]
  [sampleInterval=0x96000]
  [role=0x0]
  [barcode=0x11 0x0 0x0 0x0 0x0 0x0 0x0 0x4 ]
  [neighbors=0xffff 0xffff 0xffff 0xffff 0xffff 0xffff 0xffff 0xffff 0xffff 0xffff 0xffff 0xffff 0xffff 0xffff 0xffff 0xffff ]

PROG 1611415891.12 Contacted 11 (0 neighbors). 346008 queued, 0 in current request
receive fwd status 2
receive fwd status 2
receive eos Message <CxEosReport> 
  [owner=0x11]
  [status=0x2]

PROG 1611415892.27  Node 11 transfer continues
REF 1611415820.01 1 35 3336609071 1 [17]
Status Message <CxStatus> 
  [distance=0x1]
  [dataPending=0x1]
  [bw=0x2]
  [wakeupRC=0x23]
  [wakeupTS=0xc6e09d2f]
  [pushCookie=0x1c40c]
  [writeCookie=0xba6b6]
  [missingLength=0x0]
  [subnetChannel=0x0]
  [sampleInterval=0x96000]
  [role=0x0]
  [barcode=0x1 0x0 0x0 0x0 0x0 0x0 0x0 0x4 ]
  [neighbors=0x11 0xffff 0xffff 0xffff 0xffff 0xffff 0xffff 0xffff 0xffff 0xffff 0xffff 0xffff 0xffff 0xffff 0xffff 0xffff ]

PROG 1611415892.70 Contacted 1 (1 neighbors). 647850 queued, 0 in current request
2 elapsed, commit
receive fwd status 2
receive eos Message <CxEosReport> 
  [owner=0x1]
  [status=0x2]

PROG 1611415893.83  Node 1 transfer continues
REF 1611415820.01 17 10 3341763560 1 []
Status Message <CxStatus> 
  [distance=0x1]
  [dataPending=0x1]
  [bw=0x2]
  [wakeupRC=0xa]
  [wakeupTS=0xc72f43e8]
  [pushCookie=0x1d246]
  [writeCookie=0x7172a]
  [missingLength=0x0]
  [subnetChannel=0x0]
  [sampleInterval=0x96000]
  [role=0x0]
  [barcode=0x11 0x0 0x0 0x0 0x0 0x0 0x0 0x4 ]
  [neighbors=0xffff 0xffff 0xffff 0xffff 0xffff 0xffff 0xffff 0xffff 0xffff 0xffff 0xffff 0xffff 0xffff 0xffff 0xffff 0xffff ]

PROG 1611415894.27 Contacted 11 (0 neighbors). 345316 queued, 0 in current request
receive fwd status 2
receive fwd status 2
receive eos Message <CxEosReport> 
  [owner=0x11]
  [status=0x2]

PROG 1611415895.43  Node 11 transfer continues
REF 1611415820.01 1 35 3336609071 1 [17]
Status Message <CxStatus> 
  [distance=0x1]
  [dataPending=0x1]
  [bw=0x2]
  [wakeupRC=0x23]
  [wakeupTS=0xc6e09d2f]
  [pushCookie=0x1c648]
  [writeCookie=0xba6b6]
  [missingLength=0x0]
  [subnetChannel=0x0]
  [sampleInterval=0x96000]
  [role=0x0]
  [barcode=0x1 0x0 0x0 0x0 0x0 0x0 0x0 0x4 ]
  [neighbors=0x11 0xffff 0xffff 0xffff 0xffff 0xffff 0xffff 0xffff 0xffff 0xffff 0xffff 0xffff 0xffff 0xffff 0xffff 0xffff ]

PROG 1611415895.81 Contacted 1 (1 neighbors). 647278 queued, 0 in current request
2 elapsed, commit
receive fwd status 2
receive eos Message <CxEosReport> 
  [owner=0x1]
  [status=0x2]

PROG 1611415896.98  Node 1 transfer continues
receive fwd status 2
REF 1611415820.01 17 10 3341763560 1 []
Status Message <CxStatus> 
  [distance=0x1]
  [dataPending=0x1]
  [bw=0x2]
  [wakeupRC=0xa]
  [wakeupTS=0xc72f43e8]
  [pushCookie=0x1d4ee]
  [writeCookie=0x7172a]
  [missingLength=0x0]
  [subnetChannel=0x0]
  [sampleInterval=0x96000]
  [role=0x0]
  [barcode=0x11 0x0 0x0 0x0 0x0 0x0 0x0 0x4 ]
  [neighbors=0xffff 0xffff 0xffff 0xffff 0xffff 0xffff 0xffff 0xffff 0xffff 0xffff 0xffff 0xffff 0xffff 0xffff 0xffff 0xffff ]

PROG 1611415897.35 Contacted 11 (0 neighbors). 344636 queued, 0 in current request
receive fwd status 2
receive eos Message <CxEosReport> 
  [owner=0x11]
  [status=0x2]

PROG 1611415898.53  Node 11 transfer continues
REF 1611415820.01 1 35 3336609071 1 [17]
Status Message <CxStatus> 
  [distance=0x1]
  [dataPending=0x1]
  [bw=0x2]
  [wakeupRC=0x23]
  [wakeupTS=0xc6e09d2f]
  [pushCookie=0x1c818]
  [writeCookie=0xba6b6]
  [missingLength=0x0]
  [subnetChannel=0x0]
  [sampleInterval=0x96000]
  [role=0x0]
  [barcode=0x1 0x0 0x0 0x0 0x0 0x0 0x0 0x4 ]
  [neighbors=0x11 0xffff 0xffff 0xffff 0xffff 0xffff 0xffff 0xffff 0xffff 0xffff 0xffff 0xffff 0xffff 0xffff 0xffff 0xffff ]

2 elapsed, commit
PROG 1611415898.96 Contacted 1 (1 neighbors). 646814 queued, 0 in current request
receive fwd status 2
receive eos Message <CxEosReport> 
  [owner=0x1]
  [status=0x2]

PROG 1611415900.14  Node 1 transfer continues
receive fwd status 2
REF 1611415820.01 17 10 3341763560 1 []
Status Message <CxStatus> 
  [distance=0x1]
  [dataPending=0x1]
  [bw=0x2]
  [wakeupRC=0xa]
  [wakeupTS=0xc72f43e8]
  [pushCookie=0x1d708]
  [writeCookie=0x7172a]
  [missingLength=0x0]
  [subnetChannel=0x0]
  [sampleInterval=0x96000]
  [role=0x0]
  [barcode=0x11 0x0 0x0 0x0 0x0 0x0 0x0 0x4 ]
  [neighbors=0xffff 0xffff 0xffff 0xffff 0xffff 0xffff 0xffff 0xffff 0xffff 0xffff 0xffff 0xffff 0xffff 0xffff 0xffff 0xffff ]

PROG 1611415900.51 Contacted 11 (0 neighbors). 344098 queued, 0 in current request
receive fwd status 2
receive eos Message <CxEosReport> 
  [owner=0x11]
  [status=0x2]

PROG 1611415901.63  Node 11 transfer continues
REF 1611415820.01 1 35 3336609071 1 [17]
Status Message <CxStatus> 
  [distance=0x1]
  [dataPending=0x1]
  [bw=0x2]
  [wakeupRC=0x23]
  [wakeupTS=0xc6e09d2f]
  [pushCookie=0x1c9e8]
  [writeCookie=0xba6b6]
  [missingLength=0x0]
  [subnetChannel=0x0]
  [sampleInterval=0x96000]
  [role=0x0]
  [barcode=0x1 0x0 0x0 0x0 0x0 0x0 0x0 0x4 ]
  [neighbors=0x11 0xffff 0xffff 0xffff 0xffff 0xffff 0xffff 0xffff 0xffff 0xffff 0xffff 0xffff 0xffff 0xffff 0xffff 0xffff ]

PROG 1611415902.11 Contacted 1 (1 neighbors). 646350 queued, 0 in current request
2 elapsed, commit
receive fwd status 2
receive eos Message <CxEosReport> 
  [owner=0x1]
  [status=0x2]

receive fwd status 2
PROG 1611415903.21  Node 1 transfer continues
REF 1611415820.01 17 10 3341763560 1 []
Status Message <CxStatus> 
  [distance=0x1]
  [dataPending=0x1]
  [bw=0x2]
  [wakeupRC=0xa]
  [wakeupTS=0xc72f43e8]
  [pushCookie=0x1d926]
  [writeCookie=0x7172a]
  [missingLength=0x0]
  [subnetChannel=0x0]
  [sampleInterval=0x96000]
  [role=0x0]
  [barcode=0x11 0x0 0x0 0x0 0x0 0x0 0x0 0x4 ]
  [neighbors=0xffff 0xffff 0xffff 0xffff 0xffff 0xffff 0xffff 0xffff 0xffff 0xffff 0xffff 0xffff 0xffff 0xffff 0xffff 0xffff ]

PROG 1611415903.67 Contacted 11 (0 neighbors). 343556 queued, 0 in current request
receive fwd status 2
receive eos Message <CxEosReport> 
  [owner=0x11]
  [status=0x2]

PROG 1611415904.78  Node 11 transfer continues
REF 1611415820.01 1 35 3336609071 1 [17]
Status Message <CxStatus> 
  [distance=0x1]
  [dataPending=0x1]
  [bw=0x2]
  [wakeupRC=0x23]
  [wakeupTS=0xc6e09d2f]
  [pushCookie=0x1cbb8]
  [writeCookie=0xba6b6]
  [missingLength=0x0]
  [subnetChannel=0x0]
  [sampleInterval=0x96000]
  [role=0x0]
  [barcode=0x1 0x0 0x0 0x0 0x0 0x0 0x0 0x4 ]
  [neighbors=0x11 0xffff 0xffff 0xffff 0xffff 0xffff 0xffff 0xffff 0xffff 0xffff 0xffff 0xffff 0xffff 0xffff 0xffff 0xffff ]

PROG 1611415905.20 Contacted 1 (1 neighbors). 645886 queued, 0 in current request
receive fwd status 2
2 elapsed, commit
receive fwd status 2
receive eos Message <CxEosReport> 
  [owner=0x1]
  [status=0x2]

PROG 1611415906.33  Node 1 transfer continues
REF 1611415820.01 17 10 3341763560 1 []
Status Message <CxStatus> 
  [distance=0x1]
  [dataPending=0x1]
  [bw=0x2]
  [wakeupRC=0xa]
  [wakeupTS=0xc72f43e8]
  [pushCookie=0x1db46]
  [writeCookie=0x7172a]
  [missingLength=0x0]
  [subnetChannel=0x0]
  [sampleInterval=0x96000]
  [role=0x0]
  [barcode=0x11 0x0 0x0 0x0 0x0 0x0 0x0 0x4 ]
  [neighbors=0xffff 0xffff 0xffff 0xffff 0xffff 0xffff 0xffff 0xffff 0xffff 0xffff 0xffff 0xffff 0xffff 0xffff 0xffff 0xffff ]

PROG 1611415906.72 Contacted 11 (0 neighbors). 343012 queued, 0 in current request
receive fwd status 2
receive eos Message <CxEosReport> 
  [owner=0x11]
  [status=0x2]

PROG 1611415907.96  Node 11 transfer continues
receive fwd status 2
REF 1611415820.01 1 35 3336609071 1 [17]
Status Message <CxStatus> 
  [distance=0x1]
  [dataPending=0x1]
  [bw=0x2]
  [wakeupRC=0x23]
  [wakeupTS=0xc6e09d2f]
  [pushCookie=0x1cd88]
  [writeCookie=0xba6b6]
  [missingLength=0x0]
  [subnetChannel=0x0]
  [sampleInterval=0x96000]
  [role=0x0]
  [barcode=0x1 0x0 0x0 0x0 0x0 0x0 0x0 0x4 ]
  [neighbors=0x11 0xffff 0xffff 0xffff 0xffff 0xffff 0xffff 0xffff 0xffff 0xffff 0xffff 0xffff 0xffff 0xffff 0xffff 0xffff ]

PROG 1611415908.31 Contacted 1 (1 neighbors). 645422 queued, 0 in current request
2 elapsed, commit
receive fwd status 2
receive eos Message <CxEosReport> 
  [owner=0x1]
  [status=0x2]

PROG 1611415909.47  Node 1 transfer continues
REF 1611415820.01 17 10 3341763560 1 []
Status Message <CxStatus> 
  [distance=0x1]
  [dataPending=0x1]
  [bw=0x2]
  [wakeupRC=0xa]
  [wakeupTS=0xc72f43e8]
  [pushCookie=0x1dd64]
  [writeCookie=0x7172a]
  [missingLength=0x0]
  [subnetChannel=0x0]
  [sampleInterval=0x96000]
  [role=0x0]
  [barcode=0x11 0x0 0x0 0x0 0x0 0x0 0x0 0x4 ]
  [neighbors=0xffff 0xffff 0xffff 0xffff 0xffff 0xffff 0xffff 0xffff 0xffff 0xffff 0xffff 0xffff 0xffff 0xffff 0xffff 0xffff ]

PROG 1611415909.89 Contacted 11 (0 neighbors). 342470 queued, 0 in current request
receive fwd status 2
receive eos Message <CxEosReport> 
  [owner=0x11]
  [status=0x2]

PROG 1611415911.00  Node 11 transfer continues
receive fwd status 2
REF 1611415820.01 1 35 3336609071 1 [17]
Status Message <CxStatus> 
  [distance=0x1]
  [dataPending=0x1]
  [bw=0x2]
  [wakeupRC=0x23]
  [wakeupTS=0xc6e09d2f]
  [pushCookie=0x1cf58]
  [writeCookie=0xba6b6]
  [missingLength=0x0]
  [subnetChannel=0x0]
  [sampleInterval=0x96000]
  [role=0x0]
  [barcode=0x1 0x0 0x0 0x0 0x0 0x0 0x0 0x4 ]
  [neighbors=0x11 0xffff 0xffff 0xffff 0xffff 0xffff 0xffff 0xffff 0xffff 0xffff 0xffff 0xffff 0xffff 0xffff 0xffff 0xffff ]

PROG 1611415911.41 Contacted 1 (1 neighbors). 644958 queued, 0 in current request
2 elapsed, commit
receive fwd status 2
receive eos Message <CxEosReport> 
  [owner=0x1]
  [status=0x2]

PROG 1611415912.63  Node 1 transfer continues
REF 1611415820.01 17 10 3341763560 1 []
Status Message <CxStatus> 
  [distance=0x1]
  [dataPending=0x1]
  [bw=0x2]
  [wakeupRC=0xa]
  [wakeupTS=0xc72f43e8]
  [pushCookie=0x1df7e]
  [writeCookie=0x7172a]
  [missingLength=0x0]
  [subnetChannel=0x0]
  [sampleInterval=0x96000]
  [role=0x0]
  [barcode=0x11 0x0 0x0 0x0 0x0 0x0 0x0 0x4 ]
  [neighbors=0xffff 0xffff 0xffff 0xffff 0xffff 0xffff 0xffff 0xffff 0xffff 0xffff 0xffff 0xffff 0xffff 0xffff 0xffff 0xffff ]

PROG 1611415913.01 Contacted 11 (0 neighbors). 341932 queued, 0 in current request
receive fwd status 2
receive eos Message <CxEosReport> 
  [owner=0x11]
  [status=0x2]

PROG 1611415914.12  Node 11 transfer continues
receive fwd status 2
REF 1611415820.01 1 35 3336609071 1 [17]
Status Message <CxStatus> 
  [distance=0x1]
  [dataPending=0x1]
  [bw=0x2]
  [wakeupRC=0x23]
  [wakeupTS=0xc6e09d2f]
  [pushCookie=0x1d1b2]
  [writeCookie=0xba6b6]
  [missingLength=0x0]
  [subnetChannel=0x0]
  [sampleInterval=0x96000]
  [role=0x0]
  [barcode=0x1 0x0 0x0 0x0 0x0 0x0 0x0 0x4 ]
  [neighbors=0x11 0xffff 0xffff 0xffff 0xffff 0xffff 0xffff 0xffff 0xffff 0xffff 0xffff 0xffff 0xffff 0xffff 0xffff 0xffff ]

PROG 1611415914.53 Contacted 1 (1 neighbors). 644356 queued, 0 in current request
2 elapsed, commit
receive fwd status 2
receive eos Message <CxEosReport> 
  [owner=0x1]
  [status=0x2]

PROG 1611415915.74  Node 1 transfer continues
REF 1611415820.01 17 10 3341763560 1 []
Status Message <CxStatus> 
  [distance=0x1]
  [dataPending=0x1]
  [bw=0x2]
  [wakeupRC=0xa]
  [wakeupTS=0xc72f43e8]
  [pushCookie=0x1e234]
  [writeCookie=0x7172a]
  [missingLength=0x0]
  [subnetChannel=0x0]
  [sampleInterval=0x96000]
  [role=0x0]
  [barcode=0x11 0x0 0x0 0x0 0x0 0x0 0x0 0x4 ]
  [neighbors=0xffff 0xffff 0xffff 0xffff 0xffff 0xffff 0xffff 0xffff 0xffff 0xffff 0xffff 0xffff 0xffff 0xffff 0xffff 0xffff ]

PROG 1611415916.12 Contacted 11 (0 neighbors). 341238 queued, 0 in current request
receive fwd status 2
receive fwd status 2
receive eos Message <CxEosReport> 
  [owner=0x11]
  [status=0x2]

PROG 1611415917.26  Node 11 transfer continues
REF 1611415820.01 1 35 3336609071 1 [17]
Status Message <CxStatus> 
  [distance=0x1]
  [dataPending=0x1]
  [bw=0x2]
  [wakeupRC=0x23]
  [wakeupTS=0xc6e09d2f]
  [pushCookie=0x1d428]
  [writeCookie=0xba6b6]
  [missingLength=0x0]
  [subnetChannel=0x0]
  [sampleInterval=0x96000]
  [role=0x0]
  [barcode=0x1 0x0 0x0 0x0 0x0 0x0 0x0 0x4 ]
  [neighbors=0x11 0xffff 0xffff 0xffff 0xffff 0xffff 0xffff 0xffff 0xffff 0xffff 0xffff 0xffff 0xffff 0xffff 0xffff 0xffff ]

PROG 1611415917.69 Contacted 1 (1 neighbors). 643726 queued, 0 in current request
2 elapsed, commit
receive fwd status 2
receive eos Message <CxEosReport> 
  [owner=0x1]
  [status=0x2]

PROG 1611415918.85  Node 1 transfer continues
REF 1611415820.01 17 10 3341763560 1 []
Status Message <CxStatus> 
  [distance=0x1]
  [dataPending=0x1]
  [bw=0x2]
  [wakeupRC=0xa]
  [wakeupTS=0xc72f43e8]
  [pushCookie=0x1e4d6]
  [writeCookie=0x7172a]
  [missingLength=0x0]
  [subnetChannel=0x0]
  [sampleInterval=0x96000]
  [role=0x0]
  [barcode=0x11 0x0 0x0 0x0 0x0 0x0 0x0 0x4 ]
  [neighbors=0xffff 0xffff 0xffff 0xffff 0xffff 0xffff 0xffff 0xffff 0xffff 0xffff 0xffff 0xffff 0xffff 0xffff 0xffff 0xffff ]

PROG 1611415919.22 Contacted 11 (0 neighbors). 340564 queued, 0 in current request
receive fwd status 2
receive fwd status 2
receive eos Message <CxEosReport> 
  [owner=0x11]
  [status=0x2]

PROG 1611415920.43  Node 11 transfer continues
REF 1611415820.01 1 35 3336609071 1 [17]
Status Message <CxStatus> 
  [distance=0x1]
  [dataPending=0x1]
  [bw=0x2]
  [wakeupRC=0x23]
  [wakeupTS=0xc6e09d2f]
  [pushCookie=0x1d674]
  [writeCookie=0xba6b6]
  [missingLength=0x0]
  [subnetChannel=0x0]
  [sampleInterval=0x96000]
  [role=0x0]
  [barcode=0x1 0x0 0x0 0x0 0x0 0x0 0x0 0x4 ]
  [neighbors=0x11 0xffff 0xffff 0xffff 0xffff 0xffff 0xffff 0xffff 0xffff 0xffff 0xffff 0xffff 0xffff 0xffff 0xffff 0xffff ]

PROG 1611415920.81 Contacted 1 (1 neighbors). 643138 queued, 0 in current request
2 elapsed, commit
receive fwd status 2
receive eos Message <CxEosReport> 
  [owner=0x1]
  [status=0x2]

PROG 1611415921.99  Node 1 transfer continues
receive fwd status 2
REF 1611415820.01 17 10 3341763560 1 []
Status Message <CxStatus> 
  [distance=0x1]
  [dataPending=0x1]
  [bw=0x2]
  [wakeupRC=0xa]
  [wakeupTS=0xc72f43e8]
  [pushCookie=0x1e6f4]
  [writeCookie=0x7172a]
  [missingLength=0x0]
  [subnetChannel=0x0]
  [sampleInterval=0x96000]
  [role=0x0]
  [barcode=0x11 0x0 0x0 0x0 0x0 0x0 0x0 0x4 ]
  [neighbors=0xffff 0xffff 0xffff 0xffff 0xffff 0xffff 0xffff 0xffff 0xffff 0xffff 0xffff 0xffff 0xffff 0xffff 0xffff 0xffff ]

PROG 1611415922.37 Contacted 11 (0 neighbors). 340022 queued, 0 in current request
receive fwd status 2
receive eos Message <CxEosReport> 
  [owner=0x11]
  [status=0x2]

PROG 1611415923.51  Node 11 transfer continues
REF 1611415820.01 1 35 3336609071 1 [17]
Status Message <CxStatus> 
  [distance=0x1]
  [dataPending=0x1]
  [bw=0x2]
  [wakeupRC=0x23]
  [wakeupTS=0xc6e09d2f]
  [pushCookie=0x1d844]
  [writeCookie=0xba6b6]
  [missingLength=0x0]
  [subnetChannel=0x0]
  [sampleInterval=0x96000]
  [role=0x0]
  [barcode=0x1 0x0 0x0 0x0 0x0 0x0 0x0 0x4 ]
  [neighbors=0x11 0xffff 0xffff 0xffff 0xffff 0xffff 0xffff 0xffff 0xffff 0xffff 0xffff 0xffff 0xffff 0xffff 0xffff 0xffff ]

2 elapsed, commit
PROG 1611415923.94 Contacted 1 (1 neighbors). 642674 queued, 0 in current request
receive fwd status 2
receive eos Message <CxEosReport> 
  [owner=0x1]
  [status=0x2]

PROG 1611415925.10  Node 1 transfer continues
receive fwd status 2
REF 1611415820.01 17 10 3341763560 1 []
Status Message <CxStatus> 
  [distance=0x1]
  [dataPending=0x1]
  [bw=0x2]
  [wakeupRC=0xa]
  [wakeupTS=0xc72f43e8]
  [pushCookie=0x1e914]
  [writeCookie=0x7172a]
  [missingLength=0x0]
  [subnetChannel=0x0]
  [sampleInterval=0x96000]
  [role=0x0]
  [barcode=0x11 0x0 0x0 0x0 0x0 0x0 0x0 0x4 ]
  [neighbors=0xffff 0xffff 0xffff 0xffff 0xffff 0xffff 0xffff 0xffff 0xffff 0xffff 0xffff 0xffff 0xffff 0xffff 0xffff 0xffff ]

PROG 1611415925.51 Contacted 11 (0 neighbors). 339478 queued, 0 in current request
receive fwd status 2
receive eos Message <CxEosReport> 
  [owner=0x11]
  [status=0x2]

PROG 1611415926.68  Node 11 transfer continues
REF 1611415820.01 1 35 3336609071 1 [17]
Status Message <CxStatus> 
  [distance=0x1]
  [dataPending=0x1]
  [bw=0x2]
  [wakeupRC=0x23]
  [wakeupTS=0xc6e09d2f]
  [pushCookie=0x1da14]
  [writeCookie=0xba6b6]
  [missingLength=0x0]
  [subnetChannel=0x0]
  [sampleInterval=0x96000]
  [role=0x0]
  [barcode=0x1 0x0 0x0 0x0 0x0 0x0 0x0 0x4 ]
  [neighbors=0x11 0xffff 0xffff 0xffff 0xffff 0xffff 0xffff 0xffff 0xffff 0xffff 0xffff 0xffff 0xffff 0xffff 0xffff 0xffff ]

PROG 1611415927.05 Contacted 1 (1 neighbors). 642210 queued, 0 in current request
2 elapsed, commit
receive fwd status 2
receive eos Message <CxEosReport> 
  [owner=0x1]
  [status=0x2]

receive fwd status 2
PROG 1611415928.22  Node 1 transfer continues
REF 1611415820.01 17 10 3341763560 1 []
Status Message <CxStatus> 
  [distance=0x1]
  [dataPending=0x1]
  [bw=0x2]
  [wakeupRC=0xa]
  [wakeupTS=0xc72f43e8]
  [pushCookie=0x1eb32]
  [writeCookie=0x7172a]
  [missingLength=0x0]
  [subnetChannel=0x0]
  [sampleInterval=0x96000]
  [role=0x0]
  [barcode=0x11 0x0 0x0 0x0 0x0 0x0 0x0 0x4 ]
  [neighbors=0xffff 0xffff 0xffff 0xffff 0xffff 0xffff 0xffff 0xffff 0xffff 0xffff 0xffff 0xffff 0xffff 0xffff 0xffff 0xffff ]

PROG 1611415928.60 Contacted 11 (0 neighbors). 338936 queued, 0 in current request
receive fwd status 2
receive eos Message <CxEosReport> 
  [owner=0x11]
  [status=0x2]

PROG 1611415929.78  Node 11 transfer continues
REF 1611415820.01 1 35 3336609071 1 [17]
Status Message <CxStatus> 
  [distance=0x1]
  [dataPending=0x1]
  [bw=0x2]
  [wakeupRC=0x23]
  [wakeupTS=0xc6e09d2f]
  [pushCookie=0x1dbe4]
  [writeCookie=0xba6b6]
  [missingLength=0x0]
  [subnetChannel=0x0]
  [sampleInterval=0x96000]
  [role=0x0]
  [barcode=0x1 0x0 0x0 0x0 0x0 0x0 0x0 0x4 ]
  [neighbors=0x11 0xffff 0xffff 0xffff 0xffff 0xffff 0xffff 0xffff 0xffff 0xffff 0xffff 0xffff 0xffff 0xffff 0xffff 0xffff ]

PROG 1611415930.16 Contacted 1 (1 neighbors). 641746 queued, 0 in current request
2 elapsed, commit
receive fwd status 2
receive fwd status 2
receive eos Message <CxEosReport> 
  [owner=0x1]
  [status=0x2]

PROG 1611415931.32  Node 1 transfer continues
REF 1611415820.01 17 10 3341763560 1 []
Status Message <CxStatus> 
  [distance=0x1]
  [dataPending=0x1]
  [bw=0x2]
  [wakeupRC=0xa]
  [wakeupTS=0xc72f43e8]
  [pushCookie=0x1ed4c]
  [writeCookie=0x7172a]
  [missingLength=0x0]
  [subnetChannel=0x0]
  [sampleInterval=0x96000]
  [role=0x0]
  [barcode=0x11 0x0 0x0 0x0 0x0 0x0 0x0 0x4 ]
  [neighbors=0xffff 0xffff 0xffff 0xffff 0xffff 0xffff 0xffff 0xffff 0xffff 0xffff 0xffff 0xffff 0xffff 0xffff 0xffff 0xffff ]

PROG 1611415931.70 Contacted 11 (0 neighbors). 338398 queued, 0 in current request
receive fwd status 2
receive eos Message <CxEosReport> 
  [owner=0x11]
  [status=0x2]

PROG 1611415932.95  Node 11 transfer continues
receive fwd status 2
REF 1611415820.01 1 35 3336609071 1 [17]
Status Message <CxStatus> 
  [distance=0x1]
  [dataPending=0x1]
  [bw=0x2]
  [wakeupRC=0x23]
  [wakeupTS=0xc6e09d2f]
  [pushCookie=0x1ddbc]
  [writeCookie=0xba6b6]
  [missingLength=0x0]
  [subnetChannel=0x0]
  [sampleInterval=0x96000]
  [role=0x0]
  [barcode=0x1 0x0 0x0 0x0 0x0 0x0 0x0 0x4 ]
  [neighbors=0x11 0xffff 0xffff 0xffff 0xffff 0xffff 0xffff 0xffff 0xffff 0xffff 0xffff 0xffff 0xffff 0xffff 0xffff 0xffff ]

PROG 1611415933.33 Contacted 1 (1 neighbors). 641274 queued, 0 in current request
2 elapsed, commit
receive fwd status 2
receive eos Message <CxEosReport> 
  [owner=0x1]
  [status=0x2]

PROG 1611415934.50  Node 1 transfer continues
REF 1611415820.01 17 10 3341763560 1 []
Status Message <CxStatus> 
  [distance=0x1]
  [dataPending=0x1]
  [bw=0x2]
  [wakeupRC=0xa]
  [wakeupTS=0xc72f43e8]
  [pushCookie=0x1ef6a]
  [writeCookie=0x7172a]
  [missingLength=0x0]
  [subnetChannel=0x0]
  [sampleInterval=0x96000]
  [role=0x0]
  [barcode=0x11 0x0 0x0 0x0 0x0 0x0 0x0 0x4 ]
  [neighbors=0xffff 0xffff 0xffff 0xffff 0xffff 0xffff 0xffff 0xffff 0xffff 0xffff 0xffff 0xffff 0xffff 0xffff 0xffff 0xffff ]

PROG 1611415934.88 Contacted 11 (0 neighbors). 337856 queued, 0 in current request
receive fwd status 2
receive eos Message <CxEosReport> 
  [owner=0x11]
  [status=0x2]

PROG 1611415936.05  Node 11 transfer continues
receive fwd status 2
REF 1611415820.01 1 35 3336609071 1 [17]
Status Message <CxStatus> 
  [distance=0x1]
  [dataPending=0x1]
  [bw=0x2]
  [wakeupRC=0x23]
  [wakeupTS=0xc6e09d2f]
  [pushCookie=0x1df8c]
  [writeCookie=0xba6b6]
  [missingLength=0x0]
  [subnetChannel=0x0]
  [sampleInterval=0x96000]
  [role=0x0]
  [barcode=0x1 0x0 0x0 0x0 0x0 0x0 0x0 0x4 ]
  [neighbors=0x11 0xffff 0xffff 0xffff 0xffff 0xffff 0xffff 0xffff 0xffff 0xffff 0xffff 0xffff 0xffff 0xffff 0xffff 0xffff ]

PROG 1611415936.45 Contacted 1 (1 neighbors). 640810 queued, 0 in current request
2 elapsed, commit
receive fwd status 2
receive eos Message <CxEosReport> 
  [owner=0x1]
  [status=0x2]

PROG 1611415937.62  Node 1 transfer continues
REF 1611415820.01 17 10 3341763560 1 []
Status Message <CxStatus> 
  [distance=0x1]
  [dataPending=0x1]
  [bw=0x2]
  [wakeupRC=0xa]
  [wakeupTS=0xc72f43e8]
  [pushCookie=0x1f224]
  [writeCookie=0x7172a]
  [missingLength=0x0]
  [subnetChannel=0x0]
  [sampleInterval=0x96000]
  [role=0x0]
  [barcode=0x11 0x0 0x0 0x0 0x0 0x0 0x0 0x4 ]
  [neighbors=0xffff 0xffff 0xffff 0xffff 0xffff 0xffff 0xffff 0xffff 0xffff 0xffff 0xffff 0xffff 0xffff 0xffff 0xffff 0xffff ]

PROG 1611415938.00 Contacted 11 (0 neighbors). 337158 queued, 0 in current request
receive fwd status 2
receive eos Message <CxEosReport> 
  [owner=0x11]
  [status=0x2]

PROG 1611415939.18  Node 11 transfer continues
receive fwd status 2
REF 1611415820.01 1 35 3336609071 1 [17]
Status Message <CxStatus> 
  [distance=0x1]
  [dataPending=0x1]
  [bw=0x2]
  [wakeupRC=0x23]
  [wakeupTS=0xc6e09d2f]
  [pushCookie=0x1e1d6]
  [writeCookie=0xba6b6]
  [missingLength=0x0]
  [subnetChannel=0x0]
  [sampleInterval=0x96000]
  [role=0x0]
  [barcode=0x1 0x0 0x0 0x0 0x0 0x0 0x0 0x4 ]
  [neighbors=0x11 0xffff 0xffff 0xffff 0xffff 0xffff 0xffff 0xffff 0xffff 0xffff 0xffff 0xffff 0xffff 0xffff 0xffff 0xffff ]

PROG 1611415939.54 Contacted 1 (1 neighbors). 640224 queued, 0 in current request
2 elapsed, commit
receive fwd status 2
receive eos Message <CxEosReport> 
  [owner=0x1]
  [status=0x2]

PROG 1611415940.71  Node 1 transfer continues
REF 1611415820.01 17 10 3341763560 1 []
Status Message <CxStatus> 
  [distance=0x1]
  [dataPending=0x1]
  [bw=0x2]
  [wakeupRC=0xa]
  [wakeupTS=0xc72f43e8]
  [pushCookie=0x1f4c6]
  [writeCookie=0x7172a]
  [missingLength=0x0]
  [subnetChannel=0x0]
  [sampleInterval=0x96000]
  [role=0x0]
  [barcode=0x11 0x0 0x0 0x0 0x0 0x0 0x0 0x4 ]
  [neighbors=0xffff 0xffff 0xffff 0xffff 0xffff 0xffff 0xffff 0xffff 0xffff 0xffff 0xffff 0xffff 0xffff 0xffff 0xffff 0xffff ]

PROG 1611415941.14 Contacted 11 (0 neighbors). 336484 queued, 0 in current request
receive fwd status 2
receive fwd status 2
receive eos Message <CxEosReport> 
  [owner=0x11]
  [status=0x2]

PROG 1611415942.27  Node 11 transfer continues
REF 1611415820.01 1 35 3336609071 1 [17]
Status Message <CxStatus> 
  [distance=0x1]
  [dataPending=0x1]
  [bw=0x2]
  [wakeupRC=0x23]
  [wakeupTS=0xc6e09d2f]
  [pushCookie=0x1e45c]
  [writeCookie=0xba6b6]
  [missingLength=0x0]
  [subnetChannel=0x0]
  [sampleInterval=0x96000]
  [role=0x0]
  [barcode=0x1 0x0 0x0 0x0 0x0 0x0 0x0 0x4 ]
  [neighbors=0x11 0xffff 0xffff 0xffff 0xffff 0xffff 0xffff 0xffff 0xffff 0xffff 0xffff 0xffff 0xffff 0xffff 0xffff 0xffff ]

PROG 1611415942.69 Contacted 1 (1 neighbors). 639578 queued, 0 in current request
2 elapsed, commit
receive fwd status 2
receive eos Message <CxEosReport> 
  [owner=0x1]
  [status=0x2]

PROG 1611415943.98  Node 1 transfer continues
REF 1611415820.01 17 10 3341763560 1 []
Status Message <CxStatus> 
  [distance=0x1]
  [dataPending=0x1]
  [bw=0x2]
  [wakeupRC=0xa]
  [wakeupTS=0xc72f43e8]
  [pushCookie=0x1f6e6]
  [writeCookie=0x7172a]
  [missingLength=0x0]
  [subnetChannel=0x0]
  [sampleInterval=0x96000]
  [role=0x0]
  [barcode=0x11 0x0 0x0 0x0 0x0 0x0 0x0 0x4 ]
  [neighbors=0xffff 0xffff 0xffff 0xffff 0xffff 0xffff 0xffff 0xffff 0xffff 0xffff 0xffff 0xffff 0xffff 0xffff 0xffff 0xffff ]

PROG 1611415944.24 Contacted 11 (0 neighbors). 335940 queued, 0 in current request
receive fwd status 2
receive fwd status 2
receive eos Message <CxEosReport> 
  [owner=0x11]
  [status=0x2]

PROG 1611415945.43  Node 11 transfer continues
REF 1611415820.01 1 35 3336609071 1 [17]
Status Message <CxStatus> 
  [distance=0x1]
  [dataPending=0x1]
  [bw=0x2]
  [wakeupRC=0x23]
  [wakeupTS=0xc6e09d2f]
  [pushCookie=0x1e6a0]
  [writeCookie=0xba6b6]
  [missingLength=0x0]
  [subnetChannel=0x0]
  [sampleInterval=0x96000]
  [role=0x0]
  [barcode=0x1 0x0 0x0 0x0 0x0 0x0 0x0 0x4 ]
  [neighbors=0x11 0xffff 0xffff 0xffff 0xffff 0xffff 0xffff 0xffff 0xffff 0xffff 0xffff 0xffff 0xffff 0xffff 0xffff 0xffff ]

PROG 1611415945.79 Contacted 1 (1 neighbors). 638998 queued, 0 in current request
2 elapsed, commit
receive fwd status 2
receive eos Message <CxEosReport> 
  [owner=0x1]
  [status=0x2]

PROG 1611415946.97  Node 1 transfer continues
receive fwd status 2
REF 1611415820.01 17 10 3341763560 1 []
Status Message <CxStatus> 
  [distance=0x1]
  [dataPending=0x1]
  [bw=0x2]
  [wakeupRC=0xa]
  [wakeupTS=0xc72f43e8]
  [pushCookie=0x1f904]
  [writeCookie=0x7172a]
  [missingLength=0x0]
  [subnetChannel=0x0]
  [sampleInterval=0x96000]
  [role=0x0]
  [barcode=0x11 0x0 0x0 0x0 0x0 0x0 0x0 0x4 ]
  [neighbors=0xffff 0xffff 0xffff 0xffff 0xffff 0xffff 0xffff 0xffff 0xffff 0xffff 0xffff 0xffff 0xffff 0xffff 0xffff 0xffff ]

PROG 1611415947.37 Contacted 11 (0 neighbors). 335398 queued, 0 in current request
receive fwd status 2
receive eos Message <CxEosReport> 
  [owner=0x11]
  [status=0x2]

PROG 1611415948.52  Node 11 transfer continues
REF 1611415820.01 1 35 3336609071 1 [17]
Status Message <CxStatus> 
  [distance=0x1]
  [dataPending=0x1]
  [bw=0x2]
  [wakeupRC=0x23]
  [wakeupTS=0xc6e09d2f]
  [pushCookie=0x1e870]
  [writeCookie=0xba6b6]
  [missingLength=0x0]
  [subnetChannel=0x0]
  [sampleInterval=0x96000]
  [role=0x0]
  [barcode=0x1 0x0 0x0 0x0 0x0 0x0 0x0 0x4 ]
  [neighbors=0x11 0xffff 0xffff 0xffff 0xffff 0xffff 0xffff 0xffff 0xffff 0xffff 0xffff 0xffff 0xffff 0xffff 0xffff 0xffff ]

2 elapsed, commit
PROG 1611415949.04 Contacted 1 (1 neighbors). 638534 queued, 0 in current request
receive fwd status 2
receive eos Message <CxEosReport> 
  [owner=0x1]
  [status=0x2]

PROG 1611415950.15  Node 1 transfer continues
receive fwd status 2
delete insert object, signal stop
