database0.sqlite passed integrity check
network_membership OK
active_period OK
toast_sample OK
packet OK
log_record OK
node_status OK
cookie_table OK
toast_connection OK
bacon_sample OK
toast_disconnection OK
sensor_connection OK
phoenix_reference OK
sensor_sample OK
bacon_settings OK
base_reference OK
last_bs OK
last_ap OK
last_connection OK
last_status OK
last_disconnection OK
DBQ database0.sqlite
DBQ database0.sqlite
selection:  []
(17, 614400, 0, 0)
(8, 614400, 95, 0)
(6, 30720, 0, 2)
(18, 614400, 95, 0)
(2, 614400, 0, 0)
(1, 614400, 0, 0)
Channel maps {0: {0: ['0x0400000000000011', '0x0400000000000002', '0x0400000000000001'], 2: ['0x0400000000000006']}, 95: {0: ['0x0400000000000008', '0x0400000000000012']}}
0x0400000000000008 0 0x0500000000000008
0x0400000000000012 0 0x0600000000000012
Note: mouse wheel not implemented on Mac OS
PROG 1611414380.25 Patch Download Started
patch download 95
serial@/dev/tty.Bluetooth-Incoming-Port:115200
DatabaseMissing() downloadThread
PROG 1611414383.51 Could not connect to base station.
      Make sure you've selected the right device and make sure
      it has been set up as a base station.
     PROG 1611414383.52 Download finished: 0/0 identified nodes contacted
Exception in thread downloadThread:
Traceback (most recent call last):
  File "/opt/anaconda3/envs/TinyOS/lib/python2.7/threading.py", line 801, in __bootstrap_inner
    self.run()
  File "/opt/anaconda3/envs/TinyOS/lib/python2.7/threading.py", line 754, in run
    self.__target(*self.__args, **self.__kwargs)
  File "/Users/jianingfang/Desktop/tinyos-main-1/apps/breakfast/tools/Life/tools/dashboard/ControlFrame.py", line 474, in patchDownloadRunner
    requestMissing=True)
  File "/Users/jianingfang/Desktop/tinyos-main-1/apps/breakfast/tools/Life/tools/cx/CXController.py", line 123, in download
    d = Dispatcher(packetSource, db, configMap=configMap, configFile=configFile)
  File "/Users/jianingfang/Desktop/tinyos-main-1/apps/breakfast/tools/Life/tools/cx/CXController.py", line 96, in __init__
    raise Exception("Connected mote did not respond to ID request (has it been set up as a BaseStation?")
Exception: Connected mote did not respond to ID request (has it been set up as a BaseStation?

selection:  []
(17, 614400, 0, 0)
(8, 614400, 95, 0)
(6, 30720, 0, 2)
(18, 614400, 95, 0)
(2, 614400, 0, 0)
(1, 614400, 0, 0)
Channel maps {0: {0: ['0x0400000000000011', '0x0400000000000002', '0x0400000000000001'], 2: ['0x0400000000000006']}, 95: {0: ['0x0400000000000008', '0x0400000000000012']}}
0x0400000000000008 0 0x0500000000000008
0x0400000000000012 0 0x0600000000000012
PROG 1611414389.79 Patch Download Started
patch download 95
serial@/dev/tty.usbserial-AE01BDNV:115200
DatabaseMissing() downloadThread
receive fwd status 2
receive eos Message <CxEosReport> 
  [owner=0x2]
  [status=0x2]

ns 0: pi 1024 if 1 md 10 -> 327680
ns 1: pi 1024 if 1 md 5 -> 163840
ns 2: pi 1024 if 1 md 5 -> 163840
Setting MDR to  1000
receive fwd status 2
Wakeup start 1611414392.16
PROG 1611414392.18  Node 2 transfer continues
ACK 0
receive fwd status 2
receive fwd status 2
receive fwd status 2
receive fwd status 2
receive fwd status 2
receive fwd status 2
REF 1611414392.17 6 36 1956 0 [18, 8]
Status Message <CxStatus> 
  [distance=0x0]
  [dataPending=0x0]
  [bw=0x2]
  [wakeupRC=0x24]
  [wakeupTS=0x7a4]
  [pushCookie=0x0]
  [writeCookie=0x0]
  [missingLength=0x0]
  [subnetChannel=0x5f]
  [sampleInterval=0x7800]
  [role=0x2]
  [barcode=0x6 0x0 0x0 0x0 0x0 0x0 0x0 0x4 ]
  [neighbors=0x12 0x8 0xffff 0xffff 0xffff 0xffff 0xffff 0xffff 0xffff 0xffff 0xffff 0xffff 0xffff 0xffff 0xffff 0xffff ]

PROG 1611414397.55 Contacted 6 (2 neighbors). 0 queued, 0 in current request
2 elapsed, commit
receive fwd status 2
receive eos Message <CxEosReport> 
  [owner=0x6]
  [status=0x1]

PROG 1611414398.82  Node 6 transfer completed
Skip BS pseudo cookie
REF 1611414392.17 18 4 1288495 1 [8]
Status Message <CxStatus> 
  [distance=0x1]
  [dataPending=0x1]
  [bw=0x2]
  [wakeupRC=0x4]
  [wakeupTS=0x13a92f]
  [pushCookie=0xeebe2]
  [writeCookie=0xeec00]
  [missingLength=0x0]
  [subnetChannel=0x5f]
  [sampleInterval=0x96000]
  [role=0x0]
  [barcode=0x12 0x0 0x0 0x0 0x0 0x0 0x0 0x4 ]
  [neighbors=0x8 0xffff 0xffff 0xffff 0xffff 0xffff 0xffff 0xffff 0xffff 0xffff 0xffff 0xffff 0xffff 0xffff 0xffff 0xffff ]

PROG 1611414399.14 Contacted 12 (1 neighbors). 30 queued, 0 in current request
RPR rx from 18 len 20 nc 977906 records 1
Database.insertRecord() 18 977890 977906 15 16 [4, 0, 84, 195, 18, 0, 18, 0, 0, 0, 0, 0, 0, 6]
RPR rx from 18 len 18 nc 977920 records 1
Database.insertRecord() 18 977906 977920 13 20 [4, 0, 79, 176, 19, 0, 13, 11, 160, 6, 206, 5]
Decoded Bacon Sample [0x4, 0x0, 0x4f, 0xb0, 0x13, 0x0, 0xd, 0xb, 0xa0, 0x6, 0xce, 0x5] to [0x12, 0xeebf2, 0x4, 0x13b04f, 0xb0d, 0x6a0, 0x5ce]
receive fwd status 2
receive eos Message <CxEosReport> 
  [owner=0x12]
  [status=0x1]

receive fwd status 2
PROG 1611414400.39  Node 12 transfer completed
REC 18 no gap
REF 1611414392.17 8 8 1288169 1 []
Status Message <CxStatus> 
  [distance=0x1]
  [dataPending=0x1]
  [bw=0x2]
  [wakeupRC=0x8]
  [wakeupTS=0x13a7e9]
  [pushCookie=0xd449e]
  [writeCookie=0xd44c8]
  [missingLength=0x0]
  [subnetChannel=0x5f]
  [sampleInterval=0x96000]
  [role=0x0]
  [barcode=0x8 0x0 0x0 0x0 0x0 0x0 0x0 0x4 ]
  [neighbors=0xffff 0xffff 0xffff 0xffff 0xffff 0xffff 0xffff 0xffff 0xffff 0xffff 0xffff 0xffff 0xffff 0xffff 0xffff 0xffff ]

PROG 1611414400.66 Contacted 8 (0 neighbors). 42 queued, 0 in current request
2 elapsed, commit
RPR rx from 8 len 32 nc 869562 records 1
Database.insertRecord() 8 869534 869562 27 18 [8, 0, 97, 197, 18, 0, 8, 0, 0, 0, 0, 0, 0, 5, 97, 1, 95, 1, 62, 1, 68, 1, 81, 1, 38, 9]
RPR rx from 8 len 18 nc 869576 records 1
Database.insertRecord() 8 869562 869576 13 20 [8, 0, 77, 176, 19, 0, 209, 10, 101, 6, 86, 5]
Decoded Bacon Sample [0x8, 0x0, 0x4d, 0xb0, 0x13, 0x0, 0xd1, 0xa, 0x65, 0x6, 0x56, 0x5] to [0x8, 0xd44ba, 0x8, 0x13b04d, 0xad1, 0x665, 0x556]
receive fwd status 2
receive eos Message <CxEosReport> 
  [owner=0x8]
  [status=0x1]

PROG 1611414401.95  Node 8 transfer completed
REC 8 no gap
REF 1611414392.17 6 36 1956 0 [18, 8]
Status Message <CxStatus> 
  [distance=0x0]
  [dataPending=0x0]
  [bw=0x2]
  [wakeupRC=0x24]
  [wakeupTS=0x7a4]
  [pushCookie=0x0]
  [writeCookie=0x0]
  [missingLength=0x0]
  [subnetChannel=0x5f]
  [sampleInterval=0x7800]
  [role=0x2]
  [barcode=0x6 0x0 0x0 0x0 0x0 0x0 0x0 0x4 ]
  [neighbors=0x12 0x8 0xffff 0xffff 0xffff 0xffff 0xffff 0xffff 0xffff 0xffff 0xffff 0xffff 0xffff 0xffff 0xffff 0xffff ]

PROG 1611414402.21 Contacted 6 (2 neighbors). 0 queued, 0 in current request
receive fwd status 2
receive fwd status 2
receive eos Message <CxEosReport> 
  [owner=0x6]
  [status=0x1]

PROG 1611414403.51  Node 6 transfer completed
Skip BS pseudo cookie
REF 1611414392.17 6 36 1956 0 [18, 8]
Status Message <CxStatus> 
  [distance=0x0]
  [dataPending=0x0]
  [bw=0x2]
  [wakeupRC=0x24]
  [wakeupTS=0x7a4]
  [pushCookie=0x0]
  [writeCookie=0x0]
  [missingLength=0x0]
  [subnetChannel=0x5f]
  [sampleInterval=0x7800]
  [role=0x2]
  [barcode=0x6 0x0 0x0 0x0 0x0 0x0 0x0 0x4 ]
  [neighbors=0x12 0x8 0xffff 0xffff 0xffff 0xffff 0xffff 0xffff 0xffff 0xffff 0xffff 0xffff 0xffff 0xffff 0xffff 0xffff ]

PROG 1611414403.78 Contacted 6 (2 neighbors). 0 queued, 0 in current request
2 elapsed, commit
receive fwd status 2
receive eos Message <CxEosReport> 
  [owner=0x6]
  [status=0x1]

PROG 1611414405.08  Node 6 transfer completed
Skip BS pseudo cookie
REF 1611414392.17 6 36 1956 0 [18, 8]
Status Message <CxStatus> 
  [distance=0x0]
  [dataPending=0x0]
  [bw=0x2]
  [wakeupRC=0x24]
  [wakeupTS=0x7a4]
  [pushCookie=0x0]
  [writeCookie=0x0]
  [missingLength=0x0]
  [subnetChannel=0x5f]
  [sampleInterval=0x7800]
  [role=0x2]
  [barcode=0x6 0x0 0x0 0x0 0x0 0x0 0x0 0x4 ]
  [neighbors=0x12 0x8 0xffff 0xffff 0xffff 0xffff 0xffff 0xffff 0xffff 0xffff 0xffff 0xffff 0xffff 0xffff 0xffff 0xffff ]

PROG 1611414405.35 Contacted 6 (2 neighbors). 0 queued, 0 in current request
receive fwd status 2
receive fwd status 2
RPR rx from 6 len 91 nc 957 records 1
Database.insertRecord() 6 870 957 86 25 [0, 6, 1, 95, 0, 36, 0, 0, 7, 164, 0, 62 elapsed, commit, 
0, 18, 0, 8, 255, 255, 255, 255, 255, 255, 255, 255, 255, 255, 255, 255, 255, 255, 255, 255, 255, 255, 255, 255, 255, 255, 255, 255, 255, 255, 255, 255, 255, 255, 255, 255, 255, 255, 255, 255, 255, 255, 255, 255, 255, 255, 255, 255, 0, 1, 1, 255, 255, 255, 255, 255, 255, 255, 255, 255, 255, 255, 255, 255, 255, 255, 255, 255, 255, 255, 255, 255, 255]
FINISHED
receive eos Message <CxEosReport> 
  [owner=0x6]
  [status=0x1]

PROG 1611414406.77  Node 6 transfer completed
Skip BS pseudo cookie
Cleaning up
clearing
receive fwd status 2
Clearing RX Queue
QUEUE CLEARED
cleared
finished
waiting for db stop
synchronous stop
explicit close
explicit closedb stopped
done for real

PROG 1611414408.62 Finished.
PROG 1611414408.62 Download finished: 3/3 identified nodes contacted
selection:  []
(17, 614400, 0, 0)
(8, 614400, 95, 0)
(6, 30720, 95, 2)
(1, 614400, 0, 0)
(2, 614400, 0, 0)
(18, 614400, 95, 0)
Channel maps {0: {0: ['0x0400000000000011', '0x0400000000000001', '0x0400000000000002']}, 95: {0: ['0x0400000000000008', '0x0400000000000012'], 2: ['0x0400000000000006']}}
0x0400000000000008 0 0x0500000000000008
explicit close
delete insert object, signal stop
PROG 1611414508.64 Patch Download Started
patch download 95
serial@/dev/tty.usbserial-AE01BDNV:115200
DatabaseMissing() downloadThread
receive fwd status 2
ns 0: pi 1024 if 1 md 10 -> 327680
ns 1: pi 1024 if 1 md 5 -> 163840
ns 2: pi 1024 if 1 md 5 -> 163840
Setting MDR to  1000
receive fwd status 2
Wakeup start 1611414511.04
ACK 0
receive fwd status 2
receive fwd status 2
receive fwd status 2
receive fwd status 2
receive fwd status 2
receive fwd status 2
REF 1611414511.05 6 37 1957 0 [8, 18]
Status Message <CxStatus> 
  [distance=0x0]
  [dataPending=0x0]
  [bw=0x2]
  [wakeupRC=0x25]
  [wakeupTS=0x7a5]
  [pushCookie=0x0]
  [writeCookie=0x0]
  [missingLength=0x0]
  [subnetChannel=0x5f]
  [sampleInterval=0x7800]
  [role=0x2]
  [barcode=0x6 0x0 0x0 0x0 0x0 0x0 0x0 0x4 ]
  [neighbors=0x8 0x12 0xffff 0xffff 0xffff 0xffff 0xffff 0xffff 0xffff 0xffff 0xffff 0xffff 0xffff 0xffff 0xffff 0xffff ]

PROG 1611414516.44 Contacted 6 (2 neighbors). 0 queued, 0 in current request
2 elapsed, commit
receive fwd status 2
receive eos Message <CxEosReport> 
  [owner=0x6]
  [status=0x1]

PROG 1611414517.69  Node 6 transfer completed
Skip BS pseudo cookie
REF 1611414511.05 8 8 1411037 0 [18]
Status Message <CxStatus> 
  [distance=0x1]
  [dataPending=0x0]
  [bw=0x2]
  [wakeupRC=0x8]
  [wakeupTS=0x1587dd]
  [pushCookie=0xd44c8]
  [writeCookie=0xd44c8]
  [missingLength=0x0]
  [subnetChannel=0x5f]
  [sampleInterval=0x96000]
  [role=0x0]
  [barcode=0x8 0x0 0x0 0x0 0x0 0x0 0x0 0x4 ]
  [neighbors=0x12 0xffff 0xffff 0xffff 0xffff 0xffff 0xffff 0xffff 0xffff 0xffff 0xffff 0xffff 0xffff 0xffff 0xffff 0xffff ]

PROG 1611414517.97 Contacted 8 (1 neighbors). 0 queued, 0 in current request
receive fwd status 2
receive eos Message <CxEosReport> 
  [owner=0x8]
  [status=0x1]

receive fwd status 2
PROG 1611414519.25  Node 8 transfer completed
REC 8 no gap
REF 1611414511.05 18 4 1411483 0 []
Status Message <CxStatus> 
  [distance=0x1]
  [dataPending=0x0]
  [bw=0x2]
  [wakeupRC=0x4]
  [wakeupTS=0x15899b]
  [pushCookie=0xeec00]
  [writeCookie=0xeec00]
  [missingLength=0x0]
  [subnetChannel=0x5f]
  [sampleInterval=0x96000]
  [role=0x0]
  [barcode=0x12 0x0 0x0 0x0 0x0 0x0 0x0 0x4 ]
  [neighbors=0xffff 0xffff 0xffff 0xffff 0xffff 0xffff 0xffff 0xffff 0xffff 0xffff 0xffff 0xffff 0xffff 0xffff 0xffff 0xffff ]

PROG 1611414519.52 Contacted 12 (0 neighbors). 0 queued, 0 in current request
2 elapsed, commit
receive fwd status 2
receive eos Message <CxEosReport> 
  [owner=0x12]
  [status=0x1]

PROG 1611414520.84  Node 12 transfer completed
REC 18 no gap
REF 1611414511.05 6 37 1957 0 [8, 18]
Status Message <CxStatus> 
  [distance=0x0]
  [dataPending=0x0]
  [bw=0x2]
  [wakeupRC=0x25]
  [wakeupTS=0x7a5]
  [pushCookie=0x0]
  [writeCookie=0x0]
  [missingLength=0x0]
  [subnetChannel=0x5f]
  [sampleInterval=0x7800]
  [role=0x2]
  [barcode=0x6 0x0 0x0 0x0 0x0 0x0 0x0 0x4 ]
  [neighbors=0x8 0x12 0xffff 0xffff 0xffff 0xffff 0xffff 0xffff 0xffff 0xffff 0xffff 0xffff 0xffff 0xffff 0xffff 0xffff ]

PROG 1611414521.13 Contacted 6 (2 neighbors). 0 queued, 0 in current request
receive fwd status 2
receive fwd status 2
RPR rx from 6 len 91 nc 1044 records 1
Database.insertRecord() 6 957 1044 86 25 [0, 6, 1, 95, 0, 37, 0, 0, 7, 165, 0, 6, 0, 8, 0, 18, 255, 255, 255, 255, 255, 255, 255, 255, 255, 255, 255, 255, 255, 255, 255, 255, 255, 255, 255, 255, 255, 255, 255, 255, 255, 255, 255, 255, 255, 255, 255, 255, 255, 255, 255, 255, 255, 255, 255, 255, 255, 255, 255, 255, 0, 1, 1, 255, 255, 255, 255, 255, 255, 255, 255, 255, 255, 255, 255, 255, 255, 255, 255, 255, 255, 255, 255, 255, 255]
2 elapsed, commit
FINISHED
receive eos Message <CxEosReport> 
  [owner=0x6]
  [status=0x1]

PROG 1611414522.48  Node 6 transfer completed
Skip BS pseudo cookie
Cleaning up
clearing
receive fwd status 2
Clearing RX Queue
QUEUE CLEARED
cleared
finished
waiting for db stop
synchronous stop
explicit close
explicit closedb stopped

done for real
PROG 1611414524.34 Finished.
PROG 1611414524.34 Download finished: 3/3 identified nodes contacted
selection:  []
(17, 614400, 0, 0)
(8, 614400, 95, 0)
(6, 30720, 95, 2)
(1, 614400, 0, 0)
(2, 614400, 0, 0)
(18, 614400, 95, 0)
Channel maps {0: {0: ['0x0400000000000011', '0x0400000000000001', '0x0400000000000002']}, 95: {0: ['0x0400000000000008', '0x0400000000000012'], 2: ['0x0400000000000006']}}
delete insert object, signal stop
0x0400000000000008 0 0x0500000000000008
PROG 1611414564.19 Patch Download Started
patch download 0
serial@/dev/tty.usbserial-AE01BDNV:115200
DatabaseMissing() downloadThread
receive fwd status 2
ns 0: pi 1024 if 1 md 10 -> 327680
ns 1: pi 1024 if 1 md 5 -> 163840
ns 2: pi 1024 if 1 md 5 -> 163840
Setting MDR to  1000
receive fwd status 2
Wakeup start 1611414566.53
ACK 0
receive fwd status 2
receive fwd status 2
receive fwd status 2
receive fwd status 2
receive fwd status 2
receive fwd status 2
REF 1611414566.54 6 38 1977 0 [17, 1, 2]
Status Message <CxStatus> 
  [distance=0x0]
  [dataPending=0x0]
  [bw=0x2]
  [wakeupRC=0x26]
  [wakeupTS=0x7b9]
  [pushCookie=0x0]
  [writeCookie=0x0]
  [missingLength=0x0]
  [subnetChannel=0x0]
  [sampleInterval=0x7800]
  [role=0x2]
  [barcode=0x6 0x0 0x0 0x0 0x0 0x0 0x0 0x4 ]
  [neighbors=0x11 0x1 0x2 0xffff 0xffff 0xffff 0xffff 0xffff 0xffff 0xffff 0xffff 0xffff 0xffff 0xffff 0xffff 0xffff ]

PROG 1611414571.91 Contacted 6 (3 neighbors). 0 queued, 0 in current request
2 elapsed, commit
receive fwd status 2
receive eos Message <CxEosReport> 
  [owner=0x6]
  [status=0x1]

PROG 1611414573.18  Node 6 transfer completed
Skip BS pseudo cookie
REF 1611414566.54 17 10 3340474084 1 [1, 2]
Status Message <CxStatus> 
  [distance=0x1]
  [dataPending=0x1]
  [bw=0x2]
  [wakeupRC=0xa]
  [wakeupTS=0xc71b96e4]
  [pushCookie=0xf6e6]
  [writeCookie=0x71700]
  [missingLength=0x0]
  [subnetChannel=0x0]
  [sampleInterval=0x96000]
  [role=0x0]
  [barcode=0x11 0x0 0x0 0x0 0x0 0x0 0x0 0x4 ]
  [neighbors=0x1 0x2 0xffff 0xffff 0xffff 0xffff 0xffff 0xffff 0xffff 0xffff 0xffff 0xffff 0xffff 0xffff 0xffff 0xffff ]

PROG 1611414573.61 Contacted 11 (2 neighbors). 401434 queued, 0 in current request
receive fwd status 2
receive fwd status 2
receive eos Message <CxEosReport> 
  [owner=0x11]
  [status=0x2]

PROG 1611414574.73  Node 11 transfer continues
REF 1611414566.54 1 35 3335325151 1 [2]
Status Message <CxStatus> 
  [distance=0x1]
  [dataPending=0x1]
  [bw=0x2]
  [wakeupRC=0x23]
  [wakeupTS=0xc6cd05df]
  [pushCookie=0x1029a]
  [writeCookie=0xba65e]
  [missingLength=0x0]
  [subnetChannel=0x0]
  [sampleInterval=0x96000]
  [role=0x0]
  [barcode=0x1 0x0 0x0 0x0 0x0 0x0 0x0 0x4 ]
  [neighbors=0x2 0xffff 0xffff 0xffff 0xffff 0xffff 0xffff 0xffff 0xffff 0xffff 0xffff 0xffff 0xffff 0xffff 0xffff 0xffff ]

PROG 1611414575.16 Contacted 1 (1 neighbors). 697284 queued, 0 in current request
2 elapsed, commit
receive fwd status 2
receive eos Message <CxEosReport> 
  [owner=0x1]
  [status=0x2]

PROG 1611414576.30  Node 1 transfer continues
REF 1611414566.54 2 1666 3333695789 1 []
Status Message <CxStatus> 
  [distance=0x1]
  [dataPending=0x1]
  [bw=0x2]
  [wakeupRC=0x682]
  [wakeupTS=0xc6b4292d]
  [pushCookie=0x21bda]
  [writeCookie=0x65560]
  [missingLength=0x0]
  [subnetChannel=0x0]
  [sampleInterval=0x96000]
  [role=0x0]
  [barcode=0x2 0x0 0x0 0x0 0x0 0x0 0x0 0x4 ]
  [neighbors=0xffff 0xffff 0xffff 0xffff 0xffff 0xffff 0xffff 0xffff 0xffff 0xffff 0xffff 0xffff 0xffff 0xffff 0xffff 0xffff ]

PROG 1611414576.68 Contacted 2 (0 neighbors). 276870 queued, 0 in current request
receive fwd status 2
RPR rx from 2 len 72 nc 138258 records 4
Database.insertRecord() 2 138202 138216 13 20 [130, 6, 76, 16, 17, 102, 186, 11, 155, 5, 105, 5]
Decoded Bacon Sample [0x82, 0x6, 0x4c, 0x10, 0x11, 0x66, 0xba, 0xb, 0x9b, 0x5, 0x69, 0x5] to [0x2, 0x21bda, 0x682, 0x6611104c, 0xbba, 0x59b, 0x569]
Database.insertRecord() 2 138216 138230 13 20 [130, 6, 76, 112, 26, 102, 186, 11, 100, 5, 107, 5]
Decoded Bacon Sample [0x82, 0x6, 0x4c, 0x70, 0x1a, 0x66, 0xba, 0xb, 0x64, 0x5, 0x6b, 0x5] to [0x2, 0x21be8, 0x682, 0x661a704c, 0xbba, 0x564, 0x56b]
Database.insertRecord() 2 138230 138244 13 20 [130, 6, 76, 208, 35, 102, 187, 11, 89, 5, 110, 5]
Decoded Bacon Sample [0x82, 0x6, 0x4c, 0xd0, 0x23, 0x66, 0xbb, 0xb, 0x59, 0x5, 0x6e, 0x5] to [0x2, 0x21bf6, 0x682, 0x6623d04c, 0xbbb, 0x559, 0x56e]
Database.insertRecord() 2 138244 138258 13 20 [130, 6, 76, 48, 45, 102, 183, 11, 144, 5, 110, 5]
Decoded Bacon Sample [0x82, 0x6, 0x4c, 0x30, 0x2d, 0x66, 0xb7, 0xb, 0x90, 0x5, 0x6e, 0x5] to [0x2, 0x21c04, 0x682, 0x662d304c, 0xbb7, 0x590, 0x56e]
RPR rx from 2 len 74 nc 138316 records 4
Database.insertRecord() 2 138258 138274 15 22 [17, 0, 130, 6, 10, 0, 96, 229, 45, 102, 134, 185, 80, 102]
Decoded Phoenix Ref [0x11, 0x0, 0x82, 0x6, 0xa, 0x0, 0x60, 0xe5, 0x2d, 0x66, 0x86, 0xb9, 0x50, 0x66] to [0x2, 0x21c12, 0x11, 0x682, 0xa, 0x662de560, 0x6650b986]
Database.insertRecord() 2 138274 138288 13 20 [130, 6, 76, 144, 54, 102, 185, 11, 128, 5, 109, 5]
Decoded Bacon Sample [0x82, 0x6, 0x4c, 0x90, 0x36, 0x66, 0xb9, 0xb, 0x80, 0x5, 0x6d, 0x5] to [0x2, 0x21c22, 0x682, 0x6636904c, 0xbb9, 0x580, 0x56d]
Database.insertRecord() 2 138288 138302 13 20 [130, 6, 76, 240, 63, 102, 185, 11, 137, 5, 103, 5]
Decoded Bacon Sample [0x82, 0x6, 0x4c, 0xf0, 0x3f, 0x66, 0xb9, 0xb, 0x89, 0x5, 0x67, 0x5] to [0x2, 0x21c30, 0x682, 0x663ff04c, 0xbb9, 0x589, 0x567]
Database.insertRecord() 2 138302 138316 13 20 [130, 6, 76, 80, 73, 102, 189, 11, 101, 1, 105, 5]
Decoded Bacon Sample [0x82, 0x6, 0x4c, 0x50, 0x49, 0x66, 0xbd, 0xb, 0x65, 0x1, 0x69, 0x5] to [0x2, 0x21c3e, 0x682, 0x6649504c, 0xbbd, 0x165, 0x569]
RPR rx from 2 len 74 nc 138374 records 4
Database.insertRecord() 2 138316 138330 13 20 [130, 6, 76, 176, 82, 102, 188, 11, 101, 1, 106, 5]
Decoded Bacon Sample [0x82, 0x6, 0x4c, 0xb0, 0x52, 0x66, 0xbc, 0xb, 0x65, 0x1, 0x6a, 0x5] to [0x2, 0x21c4c, 0x682, 0x6652b04c, 0xbbc, 0x165, 0x56a]
Database.insertRecord() 2 138330 138344 13 20 [130, 6, 76, 16, 92, 102, 184, 11, 100, 1, 103, 5]
Decoded Bacon Sample [0x82, 0x6, 0x4c, 0x10, 0x5c, 0x66, 0xb8, 0xb, 0x64, 0x1, 0x67, 0x5] to [0x2, 0x21c5a, 0x682, 0x665c104c, 0xbb8, 0x164, 0x567]
Database.insertRecord() 2 138344 138358 13 20 [130, 6, 76, 112, 101, 102, 188, 11, 100, 1, 102, 5]
Decoded Bacon Sample [0x82, 0x6, 0x4c, 0x70, 0x65, 0x66, 0xbc, 0xb, 0x64, 0x1, 0x66, 0x5] to [0x2, 0x21c68, 0x682, 0x6665704c, 0xbbc, 0x164, 0x566]
Database.insertRecord() 2 138358 138374 15 22 [8, 0, 130, 6, 7, 0, 52, 38, 102, 102, 106, 145, 37, 102]
Decoded Phoenix Ref [0x8, 0x0, 0x82, 0x6, 0x7, 0x0, 0x34, 0x26, 0x66, 0x66, 0x6a, 0x91, 0x25, 0x66] to [0x2, 0x21c76, 0x8, 0x682, 0x7, 0x66662634, 0x6625916a]
RPR rx from 2 len 72 nc 138430 records 4
Database.insertRecord() 2 138374 138388 13 20 [130, 6, 76, 208, 110, 102, 187, 11, 101, 1, 97, 5]
Decoded Bacon Sample [0x82, 0x6, 0x4c, 0xd0, 0x6e, 0x66, 0xbb, 0xb, 0x65, 0x1, 0x61, 0x5] to [0x2, 0x21c86, 0x682, 0x666ed04c, 0xbbb, 0x165, 0x561]
Database.insertRecord() 2 138388 138402 13 20 [130, 6, 76, 48, 120, 102, 188, 11, 100, 1, 102, 5]
Decoded Bacon Sample [0x82, 0x6, 0x4c, 0x30, 0x78, 0x66, 0xbc, 0xb, 0x64, 0x1, 0x66, 0x5] to [0x2, 0x21c94, 0x682, 0x6678304c, 0xbbc, 0x164, 0x566]
Database.insertRecord() 2 138402 138416 13 20 [130, 6, 76, 144, 129, 102, 186, 11, 100, 1, 98, 5]
Decoded Bacon Sample [0x82, 0x6, 0x4c, 0x90, 0x81, 0x66, 0xba, 0xb, 0x64, 0x1, 0x62, 0x5] to [0x2, 0x21ca2, 0x682, 0x6681904c, 0xbba, 0x164, 0x562]
Database.insertRecord() 2 138416 138430 13 20 [130, 6, 76, 240, 138, 102, 185, 11, 100, 1, 83, 5]
Decoded Bacon Sample [0x82, 0x6, 0x4c, 0xf0, 0x8a, 0x66, 0xb9, 0xb, 0x64, 0x1, 0x53, 0x5] to [0x2, 0x21cb0, 0x682, 0x668af04c, 0xbb9, 0x164, 0x553]2 elapsed, commit

RPR rx from 2 len 74 nc 138488 records 4
Database.insertRecord() 2 138430 138444 13 20 [130, 6, 76, 80, 148, 102, 184, 11, 100, 1, 98, 5]
Decoded Bacon Sample [0x82, 0x6, 0x4c, 0x50, 0x94, 0x66, 0xb8, 0xb, 0x64, 0x1, 0x62, 0x5] to [0x2, 0x21cbe, 0x682, 0x6694504c, 0xbb8, 0x164, 0x562]
Database.insertRecord() 2 138444 138458 13 20 [130, 6, 76, 176, 157, 102, 187, 11, 100, 1, 97, 5]
Decoded Bacon Sample [0x82, 0x6, 0x4c, 0xb0, 0x9d, 0x66, 0xbb, 0xb, 0x64, 0x1, 0x61, 0x5] to [0x2, 0x21ccc, 0x682, 0x669db04c, 0xbbb, 0x164, 0x561]
Database.insertRecord() 2 138458 138474 15 22 [1, 0, 130, 6, 35, 0, 222, 104, 158, 102, 103, 50, 167, 102]
Decoded Phoenix Ref [0x1, 0x0, 0x82, 0x6, 0x23, 0x0, 0xde, 0x68, 0x9e, 0x66, 0x67, 0x32, 0xa7, 0x66] to [0x2, 0x21cda, 0x1, 0x682, 0x23, 0x669e68de, 0x66a73267]
Database.insertRecord() 2 138474 138488 13 20 [130, 6, 76, 16, 167, 102, 189, 11, 100, 1, 104, 5]
Decoded Bacon Sample [0x82, 0x6, 0x4c, 0x10, 0xa7, 0x66, 0xbd, 0xb, 0x64, 0x1, 0x68, 0x5] to [0x2, 0x21cea, 0x682, 0x66a7104c, 0xbbd, 0x164, 0x568]
RPR rx from 2 len 72 nc 138544 records 4
Database.insertRecord() 2 138488 138502 13 20 [130, 6, 76, 112, 176, 102, 185, 11, 101, 1, 103, 5]
Decoded Bacon Sample [0x82, 0x6, 0x4c, 0x70, 0xb0, 0x66, 0xb9, 0xb, 0x65, 0x1, 0x67, 0x5] to [0x2, 0x21cf8, 0x682, 0x66b0704c, 0xbb9, 0x165, 0x567]
Database.insertRecord() 2 138502 138516 13 20 [130, 6, 76, 208, 185, 102, 185, 11, 101, 1, 96, 5]
Decoded Bacon Sample [0x82, 0x6, 0x4c, 0xd0, 0xb9, 0x66, 0xb9, 0xb, 0x65, 0x1, 0x60, 0x5] to [0x2, 0x21d06, 0x682, 0x66b9d04c, 0xbb9, 0x165, 0x560]
Database.insertRecord() 2 138516 138530 13 20 [130, 6, 76, 48, 195, 102, 187, 11, 101, 1, 97, 5]
Decoded Bacon Sample [0x82, 0x6, 0x4c, 0x30, 0xc3, 0x66, 0xbb, 0xb, 0x65, 0x1, 0x61, 0x5] to [0x2, 0x21d14, 0x682, 0x66c3304c, 0xbbb, 0x165, 0x561]
Database.insertRecord() 2 138530 138544 13 20 [130, 6, 76, 144, 204, 102, 185, 11, 100, 1, 100, 5]
Decoded Bacon Sample [0x82, 0x6, 0x4c, 0x90, 0xcc, 0x66, 0xb9, 0xb, 0x64, 0x1, 0x64, 0x5] to [0x2, 0x21d22, 0x682, 0x66cc904c, 0xbb9, 0x164, 0x564]
RPR rx from 2 len 74 nc 138602 records 4
Database.insertRecord() 2 138544 138558 13 20 [130, 6, 76, 240, 213, 102, 185, 11, 101, 1, 92, 5]
Decoded Bacon Sample [0x82, 0x6, 0x4c, 0xf0, 0xd5, 0x66, 0xb9, 0xb, 0x65, 0x1, 0x5c, 0x5] to [0x2, 0x21d30, 0x682, 0x66d5f04c, 0xbb9, 0x165, 0x55c]
Database.insertRecord() 2 138558 138574 15 22 [1, 0, 130, 6, 35, 0, 109, 169, 214, 102, 137, 109, 223, 102]
Decoded Phoenix Ref [0x1, 0x0, 0x82, 0x6, 0x23, 0x0, 0x6d, 0xa9, 0xd6, 0x66, 0x89, 0x6d, 0xdf, 0x66] to [0x2, 0x21d3e, 0x1, 0x682, 0x23, 0x66d6a96d, 0x66df6d89]
Database.insertRecord() 2 138574 138588 13 20 [130, 6, 76, 80, 223, 102, 184, 11, 100, 1, 91, 5]
Decoded Bacon Sample [0x82, 0x6, 0x4c, 0x50, 0xdf, 0x66, 0xb8, 0xb, 0x64, 0x1, 0x5b, 0x5] to [0x2, 0x21d4e, 0x682, 0x66df504c, 0xbb8, 0x164, 0x55b]
Database.insertRecord() 2 138588 138602 13 20 [130, 6, 76, 176, 232, 102, 186, 11, 101, 1, 97, 5]
Decoded Bacon Sample [0x82, 0x6, 0x4c, 0xb0, 0xe8, 0x66, 0xba, 0xb, 0x65, 0x1, 0x61, 0x5] to [0x2, 0x21d5c, 0x682, 0x66e8b04c, 0xbba, 0x165, 0x561]
RPR rx from 2 len 72 nc 138658 records 4
Database.insertRecord() 2 138602 138616 13 20 [130, 6, 76, 16, 242, 102, 186, 11, 100, 1, 94, 5]
Decoded Bacon Sample [0x82, 0x6, 0x4c, 0x10, 0xf2, 0x66, 0xba, 0xb, 0x64, 0x1, 0x5e, 0x5] to [0x2, 0x21d6a, 0x682, 0x66f2104c, 0xbba, 0x164, 0x55e]
Database.insertRecord() 2 138616 138630 13 20 [130, 6, 76, 112, 251, 102, 186, 11, 101, 1, 94, 5]
Decoded Bacon Sample [0x82, 0x6, 0x4c, 0x70, 0xfb, 0x66, 0xba, 0xb, 0x65, 0x1, 0x5e, 0x5] to [0x2, 0x21d78, 0x682, 0x66fb704c, 0xbba, 0x165, 0x55e]
Database.insertRecord() 2 138630 138644 13 20 [130, 6, 76, 208, 4, 103, 188, 11, 100, 1, 99, 5]
Decoded Bacon Sample [0x82, 0x6, 0x4c, 0xd0, 0x4, 0x67, 0xbc, 0xb, 0x64, 0x1, 0x63, 0x5] to [0x2, 0x21d86, 0x682, 0x6704d04c, 0xbbc, 0x164, 0x563]
Database.insertRecord() 2 138644 138658 13 20 [130, 6, 76, 48, 14, 103, 185, 11, 101, 1, 101, 5]
Decoded Bacon Sample [0x82, 0x6, 0x4c, 0x30, 0xe, 0x67, 0xb9, 0xb, 0x65, 0x1, 0x65, 0x5] to [0x2, 0x21d94, 0x682, 0x670e304c, 0xbb9, 0x165, 0x565]
receive fwd status 2
receive eos Message <CxEosReport> 
  [owner=0x2]
  [status=0x2]

PROG 1611414577.85  Node 2 transfer continues
REF 1611414566.54 17 10 3340474084 1 [1, 2]
Status Message <CxStatus> 
  [distance=0x1]
  [dataPending=0x1]
  [bw=0x2]
  [wakeupRC=0xa]
  [wakeupTS=0xc71b96e4]
  [pushCookie=0xf904]
  [writeCookie=0x71700]
  [missingLength=0x0]
  [subnetChannel=0x0]
  [sampleInterval=0x96000]
  [role=0x0]
  [barcode=0x11 0x0 0x0 0x0 0x0 0x0 0x0 0x4 ]
  [neighbors=0x1 0x2 0xffff 0xffff 0xffff 0xffff 0xffff 0xffff 0xffff 0xffff 0xffff 0xffff 0xffff 0xffff 0xffff 0xffff ]

PROG 1611414578.29 Contacted 11 (2 neighbors). 400892 queued, 0 in current request
receive fwd status 2
receive eos Message <CxEosReport> 
  [owner=0x11]
  [status=0x2]

PROG 1611414579.44  Node 11 transfer continues
receive fwd status 2
REF 1611414566.54 1 35 3335325151 1 [2]
Status Message <CxStatus> 
  [distance=0x1]
  [dataPending=0x1]
  [bw=0x2]
  [wakeupRC=0x23]
  [wakeupTS=0xc6cd05df]
  [pushCookie=0x10518]
  [writeCookie=0xba65e]
  [missingLength=0x0]
  [subnetChannel=0x0]
  [sampleInterval=0x96000]
  [role=0x0]
  [barcode=0x1 0x0 0x0 0x0 0x0 0x0 0x0 0x4 ]
  [neighbors=0x2 0xffff 0xffff 0xffff 0xffff 0xffff 0xffff 0xffff 0xffff 0xffff 0xffff 0xffff 0xffff 0xffff 0xffff 0xffff ]

PROG 1611414579.83 Contacted 1 (1 neighbors). 696646 queued, 0 in current request
2 elapsed, commit
receive fwd status 2
receive eos Message <CxEosReport> 
  [owner=0x1]
  [status=0x2]

Cleaning up
clearing
REF 1611414566.54 2 1666 3333695789 1 []
Status Message <CxStatus> 
  [distance=0x1]
  [dataPending=0x1]
  [bw=0x2]
  [wakeupRC=0x682]
  [wakeupTS=0xc6b4292d]
  [pushCookie=0x21da2]
  [writeCookie=0x65560]
  [missingLength=0x0]
  [subnetChannel=0x0]
  [sampleInterval=0x96000]
  [role=0x0]
  [barcode=0x2 0x0 0x0 0x0 0x0 0x0 0x0 0x4 ]
  [neighbors=0xffff 0xffff 0xffff 0xffff 0xffff 0xffff 0xffff 0xffff 0xffff 0xffff 0xffff 0xffff 0xffff 0xffff 0xffff 0xffff ]

PROG 1611414581.45 Contacted 2 (0 neighbors). 276414 queued, 0 in current request
RPR rx from 2 len 74 nc 138716 records 4
Database.insertRecord() 2 138658 138674 15 22 [8, 0, 130, 6, 7, 0, 127, 233, 14, 103, 143, 84, 206, 102]
Decoded Phoenix Ref [0x8, 0x0, 0x82, 0x6, 0x7, 0x0, 0x7f, 0xe9, 0xe, 0x67, 0x8f, 0x54, 0xce, 0x66] to [0x2, 0x21da2, 0x8, 0x682, 0x7, 0x670ee97f, 0x66ce548f]
Database.insertRecord() 2 138674 138688 13 20 [130, 6, 76, 144, 23, 103, 185, 11, 100, 1, 92, 5]
Decoded Bacon Sample [0x82, 0x6, 0x4c, 0x90, 0x17, 0x67, 0xb9, 0xb, 0x64, 0x1, 0x5c, 0x5] to [0x2, 0x21db2, 0x682, 0x6717904c, 0xbb9, 0x164, 0x55c]
Database.insertRecord() 2 138688 138702 13 20 [130, 6, 76, 240, 32, 103, 186, 11, 100, 1, 98, 5]
Decoded Bacon Sample [0x82, 0x6, 0x4c, 0xf0, 0x20, 0x67, 0xba, 0xb, 0x64, 0x1, 0x62, 0x5] to [0x2, 0x21dc0, 0x682, 0x6720f04c, 0xbba, 0x164, 0x562]
Database.insertRecord() 2 138702 138716 13 20 [130, 6, 76, 80, 42, 103, 183, 11, 101, 1, 92, 5]
Decoded Bacon Sample [0x82, 0x6, 0x4c, 0x50, 0x2a, 0x67, 0xb7, 0xb, 0x65, 0x1, 0x5c, 0x5] to [0x2, 0x21dce, 0x682, 0x672a504c, 0xbb7, 0x165, 0x55c]
RPR rx from 2 len 74 nc 138774 records 4
Database.insertRecord() 2 138716 138730 13 20 [130, 6, 76, 176, 51, 103, 185, 11, 100, 1, 96, 5]
Decoded Bacon Sample [0x82, 0x6, 0x4c, 0xb0, 0x33, 0x67, 0xb9, 0xb, 0x64, 0x1, 0x60, 0x5] to [0x2, 0x21ddc, 0x682, 0x6733b04c, 0xbb9, 0x164, 0x560]
Database.insertRecord() 2 138730 138744 13 20 [130, 6, 76, 16, 61, 103, 185, 11, 101, 1, 96, 5]
Decoded Bacon Sample [0x82, 0x6, 0x4c, 0x10, 0x3d, 0x67, 0xb9, 0xb, 0x65, 0x1, 0x60, 0x5] to [0x2, 0x21dea, 0x682, 0x673d104c, 0xbb9, 0x165, 0x560]
Database.insertRecord() 2 138744 138758 13 20 [130, 6, 76, 112, 70, 103, 180, 11, 101, 1, 96, 5]
Decoded Bacon Sample [0x82, 0x6, 0x4c, 0x70, 0x46, 0x67, 0xb4, 0xb, 0x65, 0x1, 0x60, 0x5] to [0x2, 0x21df8, 0x682, 0x6746704c, 0xbb4, 0x165, 0x560]
Database.insertRecord() 2 138758 138774 15 22 [18, 0, 130, 6, 2, 0, 14, 43, 71, 103, 116, 122, 60, 103]
Decoded Phoenix Ref [0x12, 0x0, 0x82, 0x6, 0x2, 0x0, 0xe, 0x2b, 0x47, 0x67, 0x74, 0x7a, 0x3c, 0x67] to [0x2, 0x21e06, 0x12, 0x682, 0x2, 0x67472b0e, 0x673c7a74]
RPR rx from 2 len 72 nc 138830 records 4
Database.insertRecord() 2 138774 138788 13 20 [130, 6, 76, 208, 79, 103, 187, 11, 101, 1, 95, 5]
Decoded Bacon Sample [0x82, 0x6, 0x4c, 0xd0, 0x4f, 0x67, 0xbb, 0xb, 0x65, 0x1, 0x5f, 0x5] to [0x2, 0x21e16, 0x682, 0x674fd04c, 0xbbb, 0x165, 0x55f]
Database.insertRecord() 2 138788 138802 13 20 [130, 6, 76, 48, 89, 103, 188, 11, 100, 1, 96, 5]
Decoded Bacon Sample [0x82, 0x6, 0x4c, 0x30, 0x59, 0x67, 0xbc, 0xb, 0x64, 0x1, 0x60, 0x5] to [0x2, 0x21e24, 0x682, 0x6759304c, 0xbbc, 0x164, 0x560]
Database.insertRecord() 2 138802 138816 13 20 [130, 6, 76, 144, 98, 103, 186, 11, 100, 1, 97, 5]
Decoded Bacon Sample [0x82, 0x6, 0x4c, 0x90, 0x62, 0x67, 0xba, 0xb, 0x64, 0x1, 0x61, 0x5] to [0x2, 0x21e32, 0x682, 0x6762904c, 0xbba, 0x164, 0x561]
Database.insertRecord() 2 138816 138830 13 20 [130, 6, 76, 240, 107, 103, 215, 10, 239, 1, 93, 5]
Decoded Bacon Sample [0x82, 0x6, 0x4c, 0xf0, 0x6b, 0x67, 0xd7, 0xa, 0xef, 0x1, 0x5d, 0x5] to [0x2, 0x21e40, 0x682, 0x676bf04c, 0xad7, 0x1ef, 0x55d]
receive fwd status 2
RPR rx from 2 len 74 nc 138888 records 4
Database.insertRecord() 2 138830 138844 132 elapsed, commit 20
 [130, 6, 76, 80, 117, 103, 186, 11, 32, 3, 96, 5]
Decoded Bacon Sample [0x82, 0x6, 0x4c, 0x50, 0x75, 0x67, 0xba, 0xb, 0x20, 0x3, 0x60, 0x5] to [0x2, 0x21e4e, 0x682, 0x6775504c, 0xbba, 0x320, 0x560]
Database.insertRecord() 2 138844 138858 13 20 [130, 6, 76, 176, 126, 103, 186, 11, 148, 3, 98, 5]
Decoded Bacon Sample [0x82, 0x6, 0x4c, 0xb0, 0x7e, 0x67, 0xba, 0xb, 0x94, 0x3, 0x62, 0x5] to [0x2, 0x21e5c, 0x682, 0x677eb04c, 0xbba, 0x394, 0x562]
Database.insertRecord() 2 138858 138874 15 22 [17, 0, 130, 6, 10, 0, 1, 108, 127, 103, 245, 63, 162, 103]
Decoded Phoenix Ref [0x11, 0x0, 0x82, 0x6, 0xa, 0x0, 0x1, 0x6c, 0x7f, 0x67, 0xf5, 0x3f, 0xa2, 0x67] to [0x2, 0x21e6a, 0x11, 0x682, 0xa, 0x677f6c01, 0x67a23ff5]
Database.insertRecord() 2 138874 138888 13 20 [130, 6, 76, 16, 136, 103, 210, 10, 54, 6, 94, 5]
Decoded Bacon Sample [0x82, 0x6, 0x4c, 0x10, 0x88, 0x67, 0xd2, 0xa, 0x36, 0x6, 0x5e, 0x5] to [0x2, 0x21e7a, 0x682, 0x6788104c, 0xad2, 0x636, 0x55e]
RPR rx from 2 len 72 nc 138944 records 4
Database.insertRecord() 2 138888 138902 13 20 [130, 6, 76, 112, 145, 103, 185, 11, 63, 7, 96, 5]
Decoded Bacon Sample [0x82, 0x6, 0x4c, 0x70, 0x91, 0x67, 0xb9, 0xb, 0x3f, 0x7, 0x60, 0x5] to [0x2, 0x21e88, 0x682, 0x6791704c, 0xbb9, 0x73f, 0x560]
Database.insertRecord() 2 138902 138916 13 20 [130, 6, 76, 208, 154, 103, 185, 11, 64, 7, 98, 5]
Decoded Bacon Sample [0x82, 0x6, 0x4c, 0xd0, 0x9a, 0x67, 0xb9, 0xb, 0x40, 0x7, 0x62, 0x5] to [0x2, 0x21e96, 0x682, 0x679ad04c, 0xbb9, 0x740, 0x562]
Database.insertRecord() 2 138916 138930 13 20 [130, 6, 76, 48, 164, 103, 184, 11, 52, 7, 110, 5]
Decoded Bacon Sample [0x82, 0x6, 0x4c, 0x30, 0xa4, 0x67, 0xb8, 0xb, 0x34, 0x7, 0x6e, 0x5] to [0x2, 0x21ea4, 0x682, 0x67a4304c, 0xbb8, 0x734, 0x56e]
Database.insertRecord() 2 138930 138944 13 20 [130, 6, 76, 144, 173, 103, 187, 11, 179, 7, 108, 5]
Decoded Bacon Sample [0x82, 0x6, 0x4c, 0x90, 0xad, 0x67, 0xbb, 0xb, 0xb3, 0x7, 0x6c, 0x5] to [0x2, 0x21eb2, 0x682, 0x67ad904c, 0xbbb, 0x7b3, 0x56c]
Clearing RX QueueRPR rx from 2 len 74 nc 139002 records 4

Database.insertRecord()QUEUE CLEARED
cleared
 2 138944 138958 13 20 [130, 6, 76, 240, 182, 103, 188, 11, 175, 7, 116, 5]
Decoded Bacon Sample [0x82, 0x6, 0x4c, 0xf0, 0xb6, 0x67, 0xbc, 0xb, 0xaf, 0x7, 0x74, 0x5] to [0x2, 0x21ec0, 0x682, 0x67b6f04c, 0xbbc, 0x7af, 0x574]
Database.insertRecord() 2 138958 138974 15 22 [8, 0, 130, 6, 7, 0, 12, 173, 183, 103, 247, 23, 119, 103]
Decoded Phoenix Ref [0x8, 0x0, 0x82, 0x6, 0x7, 0x0, 0xc, 0xad, 0xb7, 0x67, 0xf7, 0x17, 0x77, 0x67] to [0x2, 0x21ece, 0x8, 0x682, 0x7, 0x67b7ad0c, 0x677717f7]
Database.insertRecord() 2 138974 138988 13 20 [130, 6, 76, 80, 192, 103, 186, 11, 173, 7, 113, 5]
Decoded Bacon Sample [0x82, 0x6, 0x4c, 0x50, 0xc0, 0x67, 0xba, 0xb, 0xad, 0x7, 0x71, 0x5] to [0x2, 0x21ede, 0x682, 0x67c0504c, 0xbba, 0x7ad, 0x571]
Database.insertRecord() 2 138988 139002 13 20 [130, 6, 76, 176, 201, 103, 191, 11, 162, 7, 121, 5]
Decoded Bacon Sample [0x82, 0x6, 0x4c, 0xb0, 0xc9, 0x67, 0xbf, 0xb, 0xa2, 0x7, 0x79, 0x5] to [0x2, 0x21eec, 0x682, 0x67c9b04c, 0xbbf, 0x7a2, 0x579]
delete insert object, signal stop
