database0.sqlite passed integrity check
network_membership OK
active_period OK
toast_sample OK
packet OK
log_record OK
node_status OK
cookie_table OK
toast_connection OK
bacon_sample OK
toast_disconnection OK
sensor_connection OK
phoenix_reference OK
sensor_sample OK
bacon_settings OK
base_reference OK
last_bs OK
last_ap OK
last_connection OK
last_status OK
last_disconnection OK
DBQ database0.sqlite
DBQ database0.sqlite
selection:  []
(272, 614400, 0, 0)
(274, 61440, 0, 0)
(275, 614400, 0, 0)
(276, 614400, 0, 0)
(278, 614400, 0, 0)
(282, 614400, 0, 0)
(281, 614400, 0, 0)
(271, 614400, 0, 0)
(284, 614400, 0, 0)
(285, 614400, 0, 0)
(1, 614400, 0, 0)
(0, 30720, 0, 2)
Channel maps {0: {0: ['0x0400000000000110', '0x0400000000000112', '0x0400000000000113', '0x0400000000000114', '0x0400000000000116', '0x040000000000011a', '0x0400000000000119', '0x040000000000010f', '0x040000000000011c', '0x040000000000011d', '0xffffffffffffffff'], 2: ['0x0400000000000000']}}
0x0400000000000112 0 0x0600000000000067
0x0400000000000113 0 0x060000000000006a
0x0400000000000116 0 0x0600000000000068
0x040000000000011a 0 0x0600000000000069
Note: mouse wheel not implemented on Mac OS
PROG 1611355733.60 Processing data to CSV files. This may take many minutes.
Dumping from database0.sqlite to data
Generating timestamp information
PROG 1611355733.61 Rebuilding timestamp tables
PROG 1611355733.62 Computing fits
single point fit for [(1961, 1600541672.1229377)] assume skewless binary ms
single point fit for [(1964, 1600541700.2986941)] assume skewless binary ms
single point fit for [(1962, 1600541728.9438472)] assume skewless binary ms
single point fit for [(1955, 1600543101.440418)] assume skewless binary ms
single point fit for [(1964, 1601226088.374716)] assume skewless binary ms
single point fit for [(1961, 1601226141.6896791)] assume skewless binary ms
single point fit for [(1960, 1601227988.3607764)] assume skewless binary ms
single point fit for [(1963, 1601228015.5411124)] assume skewless binary ms
single point fit for [(1953, 1601228437.869942)] assume skewless binary ms
single point fit for [(1954, 1601228486.367665)] assume skewless binary ms
single point fit for [(1959, 1601228504.150697)] assume skewless binary ms
single point fit for [(1962, 1601229547.526968)] assume skewless binary ms
single point fit for [(1949, 1601229802.3020616)] assume skewless binary ms
single point fit for [(1962, 1601229847.3885934)] assume skewless binary ms
single point fit for [(1959, 1601229865.3976965)] assume skewless binary ms
single point fit for [(1959, 1601230266.704021)] assume skewless binary ms
single point fit for [(1981, 1601230286.2856646)] assume skewless binary ms
single point fit for [(1957, 1601230304.9475842)] assume skewless binary ms
single point fit for [(1953, 1601230338.1053476)] assume skewless binary ms
single point fit for [(1955, 1601230413.848073)] assume skewless binary ms
single point fit for [(1953, 1601230442.6197271)] assume skewless binary ms
single point fit for [(1978, 1601230482.575349)] assume skewless binary ms
single point fit for [(1960, 1601230523.1006355)] assume skewless binary ms
single point fit for [(1957, 1601745159.736099)] assume skewless binary ms
single point fit for [(1959, 1601745213.557414)] assume skewless binary ms
single point fit for [(1954, 1601746192.4642692)] assume skewless binary ms
single point fit for [(1961, 1601746287.2652276)] assume skewless binary ms
single point fit for [(1961, 1601746569.4644232)] assume skewless binary ms
single point fit for [(1958, 1601746727.825632)] assume skewless binary ms
single point fit for [(1959, 1601746745.8282962)] assume skewless binary ms
single point fit for [(1964, 1601746769.3254435)] assume skewless binary ms
single point fit for [(1961, 1601748509.9317524)] assume skewless binary ms
single point fit for [(1964, 1601748612.220983)] assume skewless binary ms
single point fit for [(1958, 1603475373.2966294)] assume skewless binary ms
single point fit for [(1950, 1603475463.9033525)] assume skewless binary ms
single point fit for [(1960, 1603475595.609319)] assume skewless binary ms
single point fit for [(1959, 1603475932.343453)] assume skewless binary ms
single point fit for [(1956, 1603477836.941434)] assume skewless binary ms
single point fit for [(1960, 1604520878.3404474)] assume skewless binary ms
single point fit for [(1961, 1604520907.778377)] assume skewless binary ms
single point fit for [(1958, 1604520956.703768)] assume skewless binary ms
single point fit for [(1963, 1604522077.8026147)] assume skewless binary ms
single point fit for [(1966, 1604522122.8025742)] assume skewless binary ms
single point fit for [(1962, 1604522153.0232096)] assume skewless binary ms
single point fit for [(1964, 1604523141.7770472)] assume skewless binary ms
single point fit for [(1955, 1604523568.934527)] assume skewless binary ms
single point fit for [(1960, 1604523639.4853234)] assume skewless binary ms
PROG 1611355733.66 Computing approximate fits
PROG 1611355733.69 Fitting node 1 rc 0 (4 nodes left)
No approximate fit for 1 0
PROG 1611355733.88 Fitting node 10e rc 1 (4 nodes left)
No approximate fit for 270 1
PROG 1611355734.05 Fitting node 112 rc 1 (4 nodes left)
No approximate fit for 274 1
PROG 1611355734.23 Fitting node 11e rc 0 (4 nodes left)
No approximate fit for 286 0
PROG 1611355734.45 Fitting node 10e rc 2 (3 nodes left)
No approximate fit for 270 2
PROG 1611355734.66 Fitting node 112 rc 4 (3 nodes left)
No approximate fit for 274 4
PROG 1611355734.84 Fitting node 11e rc 11 (3 nodes left)
No approximate fit for 286 11
PROG 1611355735.05 Fitting node 10e rc 3 (3 nodes left)
No approximate fit for 270 3
PROG 1611355735.18 Fitting node 112 rc 5 (3 nodes left)
No approximate fit for 274 5
PROG 1611355735.32 Fitting node 11e rc 14 (3 nodes left)
No approximate fit for 286 14
PROG 1611355735.49 Fitting node 112 rc 7 (2 nodes left)
No approximate fit for 274 7
PROG 1611355735.62 Fitting node 11e rc 15 (2 nodes left)
No approximate fit for 286 15
PROG 1611355735.78 Fitting node 112 rc 8 (1 nodes left)
No approximate fit for 274 8
PROG 1611355735.98 Fitting node 112 rc 10 (1 nodes left)
No approximate fit for 274 10
PROG 1611355736.20 Fitting node 112 rc 11 (1 nodes left)
No approximate fit for 274 11
PROG 1611355736.41 Fitting node 112 rc 13 (1 nodes left)
No approximate fit for 274 13
PROG 1611355736.57 Fitting node 112 rc 15 (1 nodes left)
No approximate fit for 274 15
PROG 1611355736.76 Fitting node 112 rc 16 (1 nodes left)
No approximate fit for 274 16
PROG 1611355736.93 Fitting node 112 rc 19 (1 nodes left)
No approximate fit for 274 19
PROG 1611355737.09 Fitting node 112 rc 21 (1 nodes left)
No approximate fit for 274 21
PROG 1611355737.25 Fitting node 112 rc 23 (1 nodes left)
No approximate fit for 274 23
PROG 1611355737.41 Fitting node 112 rc 25 (1 nodes left)
No approximate fit for 274 25
PROG 1611355737.57 Fitting node 112 rc 26 (1 nodes left)
No approximate fit for 274 26
PROG 1611355737.74 Fitting node 112 rc 28 (1 nodes left)
No approximate fit for 274 28
PROG 1611355737.94 Fitting node 112 rc 32 (1 nodes left)
No approximate fit for 274 32
PROG 1611355738.13 Fitting node 112 rc 33 (1 nodes left)
No approximate fit for 274 33
formatting data
PROG 1611355738.32 Formatting data step 0/24
PROG 1611355738.32 Formatting data step 1/24
PROG 1611355738.51 Formatting data step 2/24
PROG 1611355738.52 Formatting data step 3/24
PROG 1611355738.75 Formatting data step 4/24
PROG 1611355738.76 Formatting data step 5/24
PROG 1611355739.07 Formatting data step 6/24
PROG 1611355739.08 Formatting data step 7/24
PROG 1611355739.16 Formatting data step 8/24
PROG 1611355739.42 Formatting data step 9/24
PROG 1611355744.28 Formatting data step 10/24
PROG 1611355744.29 Formatting data step 11/24
PROG 1611355744.39 Formatting data step 12/24
PROG 1611355744.39 Formatting data step 13/24
PROG 1611355744.49 Formatting data step 14/24
PROG 1611355744.52 Formatting data step 15/24
PROG 1611355744.62 Formatting data step 16/24
PROG 1611355744.68 Formatting data step 17/24
PROG 1611355744.82 Formatting data step 18/24
PROG 1611355745.00 Formatting data step 19/24
PROG 1611355745.88 Formatting data step 20/24
PROG 1611355745.89 Formatting data step 21/24
PROG 1611355745.89 Formatting data step 22/24
PROG 1611355745.89 Formatting data step 23/24
dumping to .csv files
PROG 1611355745.90 Dumping internal sensors
PROG 1611355746.94 Dumping sensor data for type 20
PROG 1611355748.12 Dumping sensor data for type 32
PROG 1611355748.65 Dumping sensor data for type 33
PROG 1611355749.21 Dumping sensor data for type 0
PROG 1611355749.23 Dumping sensor data for type 19
PROG 1611355749.46 Dumping sensor listing
PROG 1611355749.47 CSV files ready (under 'data' directory)
PROG 1611355749.58 Node 0x0 last sample NA s ago last contact 6832110 s ago battery NA v
PROG 1611355749.58 Node 0x1 last sample NA s ago last contact 6834792 s ago battery NA v
PROG 1611355749.58 Node 0x040000000000010f last sample 8373011.29 s ago last contact 6832607 s ago battery 3.67 v
PROG 1611355749.58 Node 0x0400000000000110 last sample 7036288.26 s ago last contact 6832110 s ago battery 3.70 v
PROG 1611355749.58 Node 0x0400000000000112 last sample 10127641.08 s ago last contact 10127734 s ago battery 3.51 v
PROG 1611355749.59 Node 0x0400000000000113 last sample 8265997.72 s ago last contact 6832607 s ago battery 3.71 v
PROG 1611355749.59 Node 0x0400000000000114 last sample 7995061.99 s ago last contact 6834792 s ago battery 3.67 v
PROG 1611355749.59 Node 0x0400000000000116 last sample 10128088.93 s ago last contact 10127734 s ago battery 3.61 v
PROG 1611355749.59 Node 0x0400000000000119 last sample 6831109.96 s ago last contact 6832110 s ago battery 3.63 v
PROG 1611355749.59 Node 0x040000000000011a last sample 8105292.06 s ago last contact 6832607 s ago battery 3.70 v
PROG 1611355749.59 Node 0x040000000000011c last sample 8264664.22 s ago last contact 6832607 s ago battery 3.72 v
PROG 1611355749.59 Node 0x040000000000011d last sample 6834714.10 s ago last contact 6834792 s ago battery 3.56 v
